clusters:
cluster 0 (1): [ [3:68.00..69.00] ]
cluster 1 (1): [ [8:10.00..11.00] ]
cluster 2 (1): [ [14:56.00..57.00] ]
cluster 3 (13): [ [0:46.00..57.00 1:78.00..89.00 2:84.00..95.00 3:58.00..68.00 4:70.00..81.00 5:38.00..49.00 7:19.00..30.00 9:52.00..63.00 10:16.00..27.00 12:51.00..62.00 14:3.00..14.00 15:37.00..48.00 16:64.00..75.00] ]
cluster 4 (13): [ [0:88.00..99.00 1:2.00..13.00 2:71.00..82.00 4:37.00..48.00 5:21.00..32.00 6:33.00..44.00 8:54.00..65.00 9:73.00..84.00 11:37.00..48.00 13:1.00..12.00 15:63.00..74.00 18:49.00..60.00 19:48.00..59.00] ]
cluster 5 (13): [ [1:44.00..55.00 2:49.00..60.00 3:82.00..92.00 4:51.00..62.00 7:55.00..66.00 8:11.00..21.00 9:9.00..20.00 10:33.00..44.00 11:83.00..94.00 14:46.00..56.00 16:40.00..51.00 17:75.00..86.00 19:32.00..42.00] ]
reading points: 41.424164 s
building histogram: 0.345695 s
building windows: 0.000204 s
building bitmaps: 0.398452 s
finding and deduplicating CDUs: 0.460417 s
finding dense CDUs: 2.199393 s
finding unjoined DUs: 0.094821 s
building graph: 0.000070 s
building clusters: 0.292035 s
writing data: 1.140423 s
total time: 46.355674 s
I/O time: 42.564586 s
compute time: 3.791087 s
