clusters:
cluster 0 (1): [ [4:89.00..90.00] ]
cluster 1 (1): [ [5:74.00..75.00] ]
cluster 2 (1): [ [13:87.00..88.00] ]
cluster 3 (7): [ [2:61.00..72.00 3:17.00..28.00 4:79.00..89.00 7:7.00..18.00 9:27.00..38.00 14:67.00..78.00 16:64.00..75.00] ]
cluster 4 (7): [ [4:60.00..71.00 5:64.00..74.00 9:69.00..80.00 10:87.00..98.00 11:41.00..52.00 15:43.00..54.00 18:77.00..88.00] ]
cluster 5 (7): [ [4:44.00..54.00 9:89.00..100.00 10:28.00..38.00 13:88.00..98.00 14:51.00..62.00 15:5.00..15.00 16:12.00..23.00] ]
reading points: 36.444636 s
building histogram: 0.726819 s
building windows: 0.000209 s
building bitmaps: 0.320760 s
finding and deduplicating CDUs: 0.001802 s
finding dense CDUs: 0.444947 s
finding unjoined DUs: 0.000618 s
building graph: 0.000108 s
building clusters: 0.238263 s
writing data: 1.239313 s
total time: 39.417473 s
I/O time: 37.683949 s
compute time: 1.733525 s
