clusters:
cluster 0 (1): [ [5:65.00..66.00] ]
cluster 1 (1): [ [9:99.00..100.00] ]
cluster 2 (1): [ [10:55.00..56.00] ]
cluster 3 (7): [ [1:70.00..81.00 2:51.00..62.00 9:19.00..30.00 10:45.00..55.00 11:85.00..96.00 12:31.00..42.00 17:61.00..72.00] ]
cluster 4 (7): [ [4:78.00..89.00 5:66.00..76.00 6:19.00..30.00 8:64.00..75.00 12:49.00..60.00 14:8.00..19.00 16:51.00..62.00] ]
cluster 5 (7): [ [5:2.00..13.00 8:47.00..57.00 9:89.00..99.00 10:67.00..77.00 13:75.00..86.00 17:6.00..16.00 18:71.00..82.00] ]
reading points: 39.629994 s
building histogram: 0.325001 s
building windows: 0.000201 s
building bitmaps: 0.087115 s
finding and deduplicating CDUs: 0.001950 s
finding dense CDUs: 0.020305 s
finding unjoined DUs: 0.000646 s
building graph: 0.000097 s
building clusters: 0.257504 s
writing data: 1.083358 s
total time: 41.406170 s
I/O time: 40.713351 s
compute time: 0.692818 s
