clusters:
cluster 0 (1): [ [0:32.00..33.00] ]
cluster 1 (1): [ [1:35.00..36.00] ]
cluster 2 (1): [ [11:48.00..49.00] ]
cluster 3 (1): [ [19:70.00..71.00] ]
cluster 4 (10): [ [0:33.00..43.00 1:77.00..88.00 3:8.00..19.00 4:51.00..61.00 5:45.00..56.00 8:51.00..62.00 12:29.00..40.00 13:54.00..65.00 15:44.00..55.00 17:55.00..66.00] ]
cluster 5 (10): [ [0:11.00..21.00 1:25.00..35.00 3:53.00..64.00 4:5.00..16.00 6:82.00..92.00 11:49.00..59.00 13:74.00..85.00 15:75.00..86.00 17:1.00..12.00 19:60.00..70.00] ]
cluster 6 (10): [ [2:60.00..71.00 6:43.00..54.00 7:82.00..93.00 8:1.00..12.00 10:26.00..37.00 11:17.00..28.00 13:34.00..45.00 14:14.00..25.00 15:26.00..37.00 19:85.00..96.00] ]
reading points: 39.480771 s
building histogram: 0.326249 s
building windows: 0.000186 s
building bitmaps: 0.122201 s
finding and deduplicating CDUs: 0.028924 s
finding dense CDUs: 0.171117 s
finding unjoined DUs: 0.007676 s
building graph: 0.000087 s
building clusters: 0.256675 s
writing data: 1.073716 s
total time: 41.467602 s
I/O time: 40.554488 s
compute time: 0.913115 s
