clusters:
cluster 0 (1): [ [4:72.00..73.00] ]
cluster 1 (1): [ [6:21.00..22.00] ]
cluster 2 (1): [ [6:74.00..75.00] ]
cluster 3 (12): [ [0:63.00..74.00 1:44.00..55.00 6:37.00..48.00 8:39.00..49.00 11:68.00..79.00 12:41.00..52.00 13:28.00..39.00 14:41.00..52.00 15:30.00..41.00 16:37.00..48.00 18:33.00..44.00 19:47.00..58.00] ]
cluster 4 (12): [ [0:9.00..20.00 2:34.00..45.00 3:62.00..73.00 4:73.00..83.00 5:54.00..65.00 6:75.00..85.00 7:5.00..16.00 12:65.00..76.00 14:23.00..34.00 15:4.00..15.00 17:79.00..90.00 18:0.00..10.00] ]
cluster 5 (12): [ [1:20.00..30.00 2:12.00..23.00 5:22.00..33.00 6:11.00..21.00 7:38.00..49.00 9:89.00..100.00 11:14.00..24.00 14:87.00..98.00 15:85.00..96.00 16:63.00..74.00 17:10.00..21.00 18:13.00..24.00] ]
reading points: 39.510903 s
building histogram: 0.332802 s
building windows: 0.000182 s
building bitmaps: 0.140600 s
finding and deduplicating CDUs: 0.172704 s
finding dense CDUs: 1.049193 s
finding unjoined DUs: 0.040235 s
building graph: 0.000101 s
building clusters: 0.252298 s
writing data: 1.028289 s
total time: 42.527306 s
I/O time: 40.539192 s
compute time: 1.988114 s
