clusters:
cluster 0 (1): [ [0:30.00..31.00] ]
cluster 1 (1): [ [5:64.00..65.00] ]
cluster 2 (1): [ [18:69.00..70.00] ]
cluster 3 (15): [ [0:73.00..84.00 1:16.00..27.00 2:12.00..23.00 4:82.00..92.00 6:33.00..44.00 7:22.00..33.00 8:75.00..86.00 9:5.00..16.00 10:29.00..40.00 11:7.00..17.00 12:32.00..43.00 13:77.00..88.00 14:6.00..17.00 16:71.00..82.00 18:6.00..17.00] ]
cluster 4 (15): [ [0:89.00..100.00 1:35.00..46.00 3:63.00..74.00 4:24.00..35.00 5:22.00..33.00 7:75.00..86.00 10:16.00..27.00 11:62.00..73.00 12:10.00..20.00 13:56.00..67.00 15:37.00..48.00 16:87.00..97.00 17:43.00..54.00 18:59.00..69.00 19:41.00..52.00] ]
cluster 5 (15): [ [0:20.00..30.00 2:38.00..49.00 3:15.00..26.00 4:48.00..59.00 5:54.00..64.00 6:11.00..22.00 7:47.00..58.00 8:40.00..51.00 9:77.00..88.00 10:79.00..90.00 11:38.00..49.00 13:38.00..49.00 16:28.00..39.00 17:65.00..76.00 18:73.00..84.00] ]
reading points: 39.831272 s
building histogram: 0.330074 s
building windows: 0.000195 s
building bitmaps: 0.174643 s
finding and deduplicating CDUs: 2.540107 s
finding dense CDUs: 7.036672 s
finding unjoined DUs: 0.513264 s
building graph: 0.000093 s
building clusters: 0.266049 s
writing data: 1.044506 s
total time: 51.736875 s
I/O time: 40.875778 s
compute time: 10.861097 s
