clusters:
cluster 0 (1): [ [0:43.00..44.00] ]
cluster 1 (1): [ [6:72.00..73.00] ]
cluster 2 (1): [ [10:54.00..55.00] ]
cluster 3 (1): [ [19:35.00..36.00] ]
cluster 4 (13): [ [0:20.00..31.00 1:13.00..24.00 2:45.00..56.00 3:64.00..75.00 8:40.00..51.00 9:77.00..88.00 10:2.00..13.00 11:59.00..70.00 13:87.00..98.00 14:17.00..28.00 15:54.00..65.00 18:32.00..43.00 19:25.00..35.00] ]
cluster 5 (13): [ [0:77.00..87.00 1:64.00..75.00 4:15.00..26.00 5:64.00..75.00 7:67.00..78.00 9:62.00..73.00 10:85.00..96.00 14:39.00..50.00 15:4.00..15.00 16:89.00..100.00 17:25.00..36.00 18:46.00..56.00 19:66.00..77.00] ]
cluster 6 (13): [ [0:44.00..54.00 3:87.00..97.00 4:50.00..61.00 6:73.00..83.00 8:13.00..24.00 9:45.00..56.00 10:44.00..54.00 12:79.00..90.00 15:84.00..95.00 16:13.00..24.00 17:89.00..100.00 18:18.00..29.00 19:9.00..20.00] ]
reading points: 35.433836 s
building histogram: 0.330766 s
building windows: 0.000174 s
building bitmaps: 0.154572 s
finding and deduplicating CDUs: 0.426282 s
finding dense CDUs: 2.240593 s
finding unjoined DUs: 0.092719 s
building graph: 0.000085 s
building clusters: 0.267225 s
writing data: 1.054607 s
total time: 40.000858 s
I/O time: 36.488443 s
compute time: 3.512416 s
