clusters:
cluster 0 (1): [ [9:96.00..97.00] ]
cluster 1 (1): [ [11:80.00..81.00] ]
cluster 2 (1): [ [11:85.00..86.00] ]
cluster 3 (1): [ [19:35.00..36.00] ]
cluster 4 (14): [ [0:45.00..56.00 1:86.00..97.00 2:31.00..42.00 3:76.00..87.00 6:52.00..63.00 7:39.00..49.00 8:57.00..68.00 9:72.00..83.00 10:29.00..39.00 11:86.00..96.00 12:48.00..59.00 13:32.00..43.00 14:65.00..76.00 17:65.00..76.00] ]
cluster 5 (14): [ [0:74.00..85.00 2:17.00..28.00 3:2.00..13.00 4:0.00..11.00 6:66.00..77.00 7:62.00..73.00 8:20.00..30.00 10:47.00..57.00 11:70.00..80.00 12:19.00..29.00 13:48.00..59.00 16:40.00..51.00 18:76.00..87.00 19:4.00..15.00] ]
cluster 6 (14): [ [0:24.00..35.00 3:46.00..57.00 4:69.00..80.00 5:79.00..90.00 6:6.00..17.00 9:86.00..96.00 10:15.00..26.00 11:15.00..26.00 12:77.00..88.00 13:2.00..12.00 15:66.00..77.00 16:57.00..68.00 17:15.00..26.00 19:36.00..46.00] ]
reading points: 35.749414 s
building histogram: 0.332916 s
building windows: 0.000200 s
building bitmaps: 0.168043 s
finding and deduplicating CDUs: 1.060096 s
finding dense CDUs: 4.750558 s
finding unjoined DUs: 0.218146 s
building graph: 0.000079 s
building clusters: 0.268836 s
writing data: 1.050080 s
total time: 43.598367 s
I/O time: 36.799494 s
compute time: 6.798874 s
