clusters:
cluster 0 (1): [ [2:0.00..1.00] ]
cluster 1 (1): [ [11:88.00..89.00] ]
cluster 2 (1): [ [19:11.00..12.00] ]
cluster 3 (3): [ [0:12.00..23.00 11:58.00..69.00 14:77.00..87.00] ]
cluster 4 (3): [ [2:1.00..11.00 7:71.00..82.00 14:55.00..66.00] ]
cluster 5 (3): [ [8:44.00..55.00 11:89.00..99.00 19:1.00..11.00] ]
reading points: 40.638329 s
building histogram: 0.341980 s
building windows: 0.000248 s
building bitmaps: 0.113919 s
finding and deduplicating CDUs: 0.000076 s
finding dense CDUs: 0.008256 s
finding unjoined DUs: 0.000017 s
building graph: 0.000051 s
building clusters: 0.272488 s
writing data: 1.145320 s
total time: 42.520682 s
I/O time: 41.783649 s
compute time: 0.737034 s
