clusters:
cluster 0 (1): [ [4:89.00..90.00] ]
cluster 1 (1): [ [5:74.00..75.00] ]
cluster 2 (1): [ [13:87.00..88.00] ]
cluster 3 (7): [ [2:61.00..72.00 3:17.00..28.00 4:79.00..89.00 7:7.00..18.00 9:27.00..38.00 14:67.00..78.00 16:64.00..75.00] ]
cluster 4 (7): [ [4:60.00..71.00 5:64.00..74.00 9:69.00..80.00 10:87.00..98.00 11:41.00..52.00 15:43.00..54.00 18:77.00..88.00] ]
cluster 5 (7): [ [4:44.00..54.00 9:89.00..100.00 10:28.00..38.00 13:88.00..98.00 14:51.00..62.00 15:5.00..15.00 16:12.00..23.00] ]
reading points: 36.251029 s
building histogram: 3.121995 s
building windows: 0.000208 s
building bitmaps: 1.538359 s
finding and deduplicating CDUs: 0.001550 s
finding dense CDUs: 2.311568 s
finding unjoined DUs: 0.000531 s
building graph: 0.000109 s
building clusters: 0.218409 s
writing data: 1.250517 s
total time: 44.694275 s
I/O time: 37.501546 s
compute time: 7.192729 s
