clusters:
cluster 0 (1): [ [1:55.00..56.00] ]
cluster 1 (1): [ [4:39.00..40.00] ]
cluster 2 (1): [ [18:58.00..59.00] ]
cluster 3 (16): [ [0:12.00..22.00 2:68.00..79.00 3:52.00..63.00 5:7.00..18.00 6:61.00..72.00 7:71.00..82.00 8:19.00..30.00 10:64.00..75.00 11:7.00..18.00 13:19.00..30.00 14:88.00..99.00 15:25.00..36.00 16:65.00..76.00 17:32.00..43.00 18:78.00..89.00 19:65.00..76.00] ]
cluster 4 (16): [ [0:25.00..36.00 3:10.00..21.00 4:12.00..23.00 5:23.00..34.00 6:89.00..100.00 7:38.00..48.00 8:0.00..11.00 9:31.00..42.00 10:14.00..25.00 11:68.00..79.00 12:41.00..52.00 13:49.00..60.00 14:69.00..80.00 17:74.00..85.00 18:18.00..29.00 19:81.00..92.00] ]
cluster 5 (16): [ [1:45.00..55.00 2:28.00..38.00 3:85.00..95.00 4:40.00..50.00 5:37.00..48.00 6:1.00..12.00 7:1.00..12.00 9:47.00..58.00 10:1.00..12.00 11:22.00..33.00 12:26.00..37.00 13:76.00..86.00 14:6.00..17.00 16:88.00..99.00 18:59.00..69.00 19:11.00..22.00] ]
reading points: 40.011055 s
building histogram: 0.329740 s
building windows: 0.000184 s
building bitmaps: 0.183770 s
finding and deduplicating CDUs: 6.027939 s
finding dense CDUs: 14.844306 s
finding unjoined DUs: 1.180497 s
building graph: 0.000122 s
building clusters: 0.272263 s
writing data: 1.048699 s
total time: 63.898576 s
I/O time: 41.059754 s
compute time: 22.838822 s
