clusters:
cluster 0 (1): [ [3:95.00..96.00] ]
cluster 1 (1): [ [8:45.00..46.00] ]
cluster 2 (1): [ [11:67.00..68.00] ]
cluster 3 (11): [ [0:43.00..54.00 2:6.00..17.00 3:31.00..42.00 4:62.00..73.00 5:80.00..91.00 7:75.00..86.00 8:11.00..22.00 13:21.00..32.00 14:42.00..53.00 15:56.00..67.00 17:47.00..58.00] ]
cluster 4 (11): [ [0:73.00..84.00 2:70.00..81.00 3:85.00..95.00 6:89.00..99.00 7:1.00..12.00 8:35.00..45.00 10:50.00..61.00 11:68.00..78.00 13:72.00..83.00 15:74.00..85.00 17:68.00..79.00] ]
cluster 5 (11): [ [3:62.00..73.00 4:2.00..13.00 6:61.00..72.00 7:55.00..66.00 8:49.00..60.00 10:32.00..43.00 11:50.00..61.00 12:23.00..34.00 15:0.00..11.00 16:63.00..74.00 17:26.00..36.00] ]
reading points: 36.780932 s
building histogram: 0.312502 s
building windows: 0.000218 s
building bitmaps: 0.233484 s
finding and deduplicating CDUs: 0.073338 s
finding dense CDUs: 2.915160 s
finding unjoined DUs: 0.017387 s
building graph: 0.000095 s
building clusters: 0.229403 s
writing data: 1.130630 s
total time: 41.693150 s
I/O time: 37.911562 s
compute time: 3.781587 s
