clusters:
cluster 0 (1): [ [10:49.00..50.00] ]
cluster 1 (1): [ [17:24.00..25.00] ]
cluster 2 (1): [ [18:23.00..24.00] ]
cluster 3 (3): [ [0:19.00..30.00 10:39.00..49.00 18:13.00..23.00] ]
cluster 4 (3): [ [1:87.00..98.00 11:3.00..14.00 18:88.00..99.00] ]
cluster 5 (3): [ [11:26.00..36.00 17:25.00..35.00 19:11.00..22.00] ]
reading points: 39.384100 s
building histogram: 0.325466 s
building windows: 0.000213 s
building bitmaps: 0.043636 s
finding and deduplicating CDUs: 0.000093 s
finding dense CDUs: 0.002553 s
finding unjoined DUs: 0.000020 s
building graph: 0.000063 s
building clusters: 0.242661 s
writing data: 1.187912 s
total time: 41.186717 s
I/O time: 40.572013 s
compute time: 0.614704 s
