clusters:
cluster 0 (1): [ [2:38.00..39.00] ]
cluster 1 (1): [ [2:82.00..83.00] ]
cluster 2 (1): [ [14:81.00..82.00] ]
cluster 3 (12): [ [0:6.00..17.00 1:49.00..60.00 2:28.00..38.00 4:54.00..65.00 5:37.00..48.00 7:11.00..22.00 9:18.00..29.00 11:48.00..59.00 12:7.00..18.00 14:46.00..56.00 15:2.00..13.00 16:74.00..85.00] ]
cluster 4 (12): [ [0:73.00..84.00 1:29.00..40.00 4:12.00..23.00 5:21.00..32.00 6:21.00..32.00 7:77.00..88.00 8:73.00..84.00 13:54.00..64.00 14:11.00..22.00 15:86.00..97.00 16:27.00..38.00 18:43.00..54.00] ]
cluster 5 (12): [ [0:41.00..51.00 2:83.00..93.00 6:1.00..12.00 7:30.00..41.00 8:12.00..23.00 9:79.00..90.00 10:19.00..30.00 12:70.00..80.00 14:82.00..92.00 16:49.00..60.00 18:80.00..91.00 19:78.00..89.00] ]
reading points: 40.552151 s
building histogram: 0.344861 s
building windows: 0.000211 s
building bitmaps: 0.370065 s
finding and deduplicating CDUs: 0.179212 s
finding dense CDUs: 1.049213 s
finding unjoined DUs: 0.039446 s
building graph: 0.000066 s
building clusters: 0.286443 s
writing data: 1.122248 s
total time: 43.943916 s
I/O time: 41.674399 s
compute time: 2.269517 s
