clusters:
cluster 0 (1): [ [4:70.00..71.00] ]
cluster 1 (1): [ [4:94.00..95.00] ]
cluster 2 (1): [ [9:16.00..17.00] ]
cluster 3 (1): [ [14:21.00..22.00] ]
cluster 4 (11): [ [0:60.00..71.00 1:64.00..75.00 3:55.00..66.00 4:71.00..81.00 6:26.00..37.00 7:41.00..52.00 8:25.00..35.00 9:6.00..16.00 10:21.00..32.00 11:13.00..24.00 18:1.00..12.00] ]
cluster 5 (11): [ [0:7.00..18.00 1:40.00..51.00 4:5.00..16.00 5:86.00..97.00 7:87.00..98.00 9:51.00..62.00 10:76.00..86.00 11:34.00..45.00 13:46.00..57.00 15:34.00..45.00 17:27.00..38.00] ]
cluster 6 (11): [ [1:84.00..95.00 3:41.00..52.00 4:84.00..94.00 6:61.00..72.00 7:60.00..71.00 10:56.00..67.00 13:69.00..80.00 14:11.00..21.00 16:62.00..73.00 18:66.00..76.00 19:8.00..19.00] ]
reading points: 39.679191 s
building histogram: 0.329111 s
building windows: 0.000199 s
building bitmaps: 0.134625 s
finding and deduplicating CDUs: 0.079268 s
finding dense CDUs: 0.355647 s
finding unjoined DUs: 0.019538 s
building graph: 0.000106 s
building clusters: 0.278125 s
writing data: 1.068083 s
total time: 41.943894 s
I/O time: 40.747274 s
compute time: 1.196620 s
