clusters:
cluster 0 (1): [ [0:55.00..56.00] ]
cluster 1 (1): [ [2:72.00..73.00] ]
cluster 2 (1): [ [16:35.00..36.00] ]
cluster 3 (1): [ [16:55.00..56.00] ]
cluster 4 (1): [ [18:56.00..57.00] ]
cluster 5 (14): [ [0:8.00..19.00 1:34.00..44.00 2:73.00..83.00 3:59.00..70.00 5:16.00..27.00 6:86.00..97.00 8:7.00..18.00 10:57.00..68.00 11:41.00..52.00 13:87.00..98.00 15:36.00..47.00 16:56.00..66.00 18:57.00..67.00 19:4.00..15.00] ]
cluster 6 (14): [ [0:45.00..55.00 1:85.00..96.00 3:75.00..86.00 5:56.00..67.00 7:76.00..87.00 10:32.00..43.00 11:55.00..66.00 13:52.00..62.00 14:64.00..75.00 15:0.00..11.00 16:25.00..35.00 17:33.00..44.00 18:6.00..17.00 19:38.00..48.00] ]
cluster 7 (14): [ [0:30.00..41.00 3:0.00..11.00 4:81.00..92.00 5:34.00..45.00 6:49.00..60.00 7:32.00..43.00 11:15.00..26.00 12:89.00..100.00 13:36.00..47.00 14:86.00..97.00 15:17.00..28.00 17:2.00..13.00 18:41.00..52.00 19:18.00..29.00] ]
reading points: 36.296515 s
building histogram: 0.750921 s
building windows: 0.000210 s
building bitmaps: 0.644049 s
finding and deduplicating CDUs: 1.083871 s
finding dense CDUs: 49.694955 s
finding unjoined DUs: 0.214561 s
building graph: 0.000114 s
building clusters: 0.260101 s
writing data: 1.146654 s
total time: 90.091950 s
I/O time: 37.443168 s
compute time: 52.648782 s
