workdir: /homeb/zam/adinetz/mafia/exp/experiment-08
running on 1 cpus ...
clusters:
cluster 0 (1): [ [0:25.00..26.00] ]
cluster 1 (1): [ [7:53.00..54.00] ]
cluster 2 (1): [ [9:35.00..36.00] ]
cluster 3 (10): [ [0:15.00..25.00 1:57.00..67.00 2:50.00..61.00 3:0.00..11.00 4:57.00..68.00 5:46.00..57.00 6:22.00..33.00 7:54.00..64.00 8:70.00..81.00 9:25.00..35.00] ]
reading points: 19.132233 s
building histogram: 0.296602 s
building windows: 0.000108 s
building bitmaps: 0.074803 s
finding and deduplicating CDUs: 0.007555 s
finding dense CDUs: 0.539935 s
finding unjoined DUs: 0.000787 s
building graph: 0.000071 s
building clusters: 0.139157 s
writing data: 1.128935 s
total time: 21.320187 s
I/O time: 20.261168 s
compute time: 1.059019 s
