workdir: /homeb/zam/adinetz/mafia/exp/experiment-08
running on 1 cpus ...
clusters:
cluster 0 (1): [ [0:25.00..26.00] ]
cluster 1 (1): [ [7:53.00..54.00] ]
cluster 2 (1): [ [9:35.00..36.00] ]
cluster 3 (10): [ [0:15.00..25.00 1:57.00..67.00 2:50.00..61.00 3:0.00..11.00 4:57.00..68.00 5:46.00..57.00 6:22.00..33.00 7:54.00..64.00 8:70.00..81.00 9:25.00..35.00] ]
reading points: 18.824645 s
building histogram: 0.302392 s
building windows: 0.000121 s
building bitmaps: 0.077697 s
finding and deduplicating CDUs: 0.008355 s
finding dense CDUs: 0.741544 s
finding unjoined DUs: 0.000907 s
building graph: 0.000071 s
building clusters: 0.150865 s
writing data: 1.236319 s
total time: 21.342914 s
I/O time: 20.060963 s
compute time: 1.281951 s
