		     Call graph (explanation follows)


granularity: each sample hit covers 4 byte(s) for 0.48% of 2.10 seconds

index % time    self  children    called     name
                0.00    1.42       1/1           std::vector<std::vector<int, std::allocator<int> >, std::allocator<std::vector<int, std::allocator<int> > > > mafia_solve<double>(double const*, int, int, Options const&) [2]
[1]     67.6    0.00    1.42       1         MafiaSolver<double>::find_clusters() [1]
                1.05    0.00       1/1           MafiaSolver<double>::build_histos() [3]
                0.03    0.16       1/1           MafiaSolver<double>::build_clusters() [5]
                0.14    0.00       1/1           MafiaSolver<double>::build_bitmaps() [7]
                0.00    0.02       5/5           MafiaSolver<double>::find_cdus() [9]
                0.00    0.00       1/1           MafiaSolver<double>::build_windows() [10]
                0.00    0.00       4/4           MafiaSolver<double>::find_unjoined_dus() [11]
                0.00    0.00       1/1           MafiaSolver<double>::build_du_clusters() [12]
                0.00    0.00       5/5           std::vector<ref<Cdu>, std::allocator<ref<Cdu> > >::operator=(std::vector<ref<Cdu>, std::allocator<ref<Cdu> > > const&) [39]
                0.00    0.00       5/5           MafiaSolver<double>::find_dense_cdus() [38]
                0.00    0.00       4/4           MafiaSolver<double>::dedup_cdus() [41]
                0.00    0.00       1/1           MafiaSolver<double>::build_du_graph() [43]
-----------------------------------------------
                                                 <spontaneous>
[2]     67.6    0.00    1.42                 std::vector<std::vector<int, std::allocator<int> >, std::allocator<std::vector<int, std::allocator<int> > > > mafia_solve<double>(double const*, int, int, Options const&) [2]
                0.00    1.42       1/1           MafiaSolver<double>::find_clusters() [1]
                0.00    0.00       1/1           MafiaSolver<double>::MafiaSolver(double const*, int, int, Options const&) [44]
                0.00    0.00       1/1           MafiaSolver<double>::~MafiaSolver() [45]
-----------------------------------------------
                1.05    0.00       1/1           MafiaSolver<double>::find_clusters() [1]
[3]     50.2    1.05    0.00       1         MafiaSolver<double>::build_histos() [3]
                0.00    0.00       5/45          void write_clusters<double>(char const*, double*, int, int, std::vector<std::vector<int, std::allocator<int> >, std::allocator<std::vector<int, std::allocator<int> > > > const&) [8]
-----------------------------------------------
                                                 <spontaneous>
[4]     32.4    0.68    0.00                 void read_points<double>(char const*, double**, int*, int*) [4]
                0.00    0.00      28/136         std::vector<dimpair_t, std::allocator<dimpair_t> >::_M_insert_aux(__gnu_cxx::__normal_iterator<dimpair_t*, std::vector<dimpair_t, std::allocator<dimpair_t> > >, dimpair_t const&) [22]
-----------------------------------------------
                0.03    0.16       1/1           MafiaSolver<double>::find_clusters() [1]
[5]      9.1    0.03    0.16       1         MafiaSolver<double>::build_clusters() [5]
                0.16    0.00 10000000/10000000     bool Cdu::contains_point<double>(double const*, int, int, int, std::vector<std::vector<Window, std::allocator<Window> >, std::allocator<std::vector<Window, std::allocator<Window> > > > const&) const [6]
                0.00    0.00       1/45          void write_clusters<double>(char const*, double*, int, int, std::vector<std::vector<int, std::allocator<int> >, std::allocator<std::vector<int, std::allocator<int> > > > const&) [8]
                0.00    0.00      25/25          std::vector<int, std::allocator<int> >::_M_insert_aux(__gnu_cxx::__normal_iterator<int*, std::vector<int, std::allocator<int> > >, int const&) [31]
-----------------------------------------------
                0.16    0.00 10000000/10000000     MafiaSolver<double>::build_clusters() [5]
[6]      7.6    0.16    0.00 10000000         bool Cdu::contains_point<double>(double const*, int, int, int, std::vector<std::vector<Window, std::allocator<Window> >, std::allocator<std::vector<Window, std::allocator<Window> > > > const&) const [6]
-----------------------------------------------
                0.14    0.00       1/1           MafiaSolver<double>::find_clusters() [1]
[7]      6.7    0.14    0.00       1         MafiaSolver<double>::build_bitmaps() [7]
                0.00    0.00      42/42          Window::is_dense() [29]
                0.00    0.00       4/4           bitmap::bitmap(unsigned long, bool) [42]
-----------------------------------------------
                                  11             void write_clusters<double>(char const*, double*, int, int, std::vector<std::vector<int, std::allocator<int> >, std::allocator<std::vector<int, std::allocator<int> > > > const&) [8]
                0.00    0.00       1/45          MafiaSolver<double>::build_clusters() [5]
                0.00    0.00       3/45          MafiaSolver<double>::find_unjoined_dus() [11]
                0.00    0.00       3/45          MafiaSolver<double>::build_du_clusters() [12]
                0.00    0.00       5/45          MafiaSolver<double>::build_histos() [3]
                0.00    0.00       5/45          MafiaSolver<double>::build_windows() [10]
                0.02    0.00      28/45          MafiaSolver<double>::find_cdus() [9]
[8]      1.9    0.04    0.00      45+11      void write_clusters<double>(char const*, double*, int, int, std::vector<std::vector<int, std::allocator<int> >, std::allocator<std::vector<int, std::allocator<int> > > > const&) [8]
                0.00    0.00      68/68          Cdu::operator<(Cdu const&) const [24]
                                  11             void write_clusters<double>(char const*, double*, int, int, std::vector<std::vector<int, std::allocator<int> >, std::allocator<std::vector<int, std::allocator<int> > > > const&) [8]
-----------------------------------------------
                0.00    0.02       5/5           MafiaSolver<double>::find_clusters() [1]
[9]      1.2    0.00    0.02       5         MafiaSolver<double>::find_cdus() [9]
                0.02    0.00      28/45          void write_clusters<double>(char const*, double*, int, int, std::vector<std::vector<int, std::allocator<int> >, std::allocator<std::vector<int, std::allocator<int> > > > const&) [8]
                0.00    0.00      51/66          Cdu::~Cdu() [25]
                0.00    0.00      42/136         std::vector<dimpair_t, std::allocator<dimpair_t> >::_M_insert_aux(__gnu_cxx::__normal_iterator<dimpair_t*, std::vector<dimpair_t, std::allocator<dimpair_t> > >, dimpair_t const&) [22]
                0.00    0.00      27/27          Cdu::can_merge_with(Cdu const&) [30]
                0.00    0.00      24/24          Cdu::merge_with(Cdu const&) [32]
                0.00    0.00       7/13          std::vector<ref<Cdu>, std::allocator<ref<Cdu> > >::_M_insert_aux(__gnu_cxx::__normal_iterator<ref<Cdu>*, std::vector<ref<Cdu>, std::allocator<ref<Cdu> > > >, ref<Cdu> const&) [36]
-----------------------------------------------
                0.00    0.00       1/1           MafiaSolver<double>::find_clusters() [1]
[10]     0.2    0.00    0.00       1         MafiaSolver<double>::build_windows() [10]
                0.00    0.00       5/45          void write_clusters<double>(char const*, double*, int, int, std::vector<std::vector<int, std::allocator<int> >, std::allocator<std::vector<int, std::allocator<int> > > > const&) [8]
                0.00    0.00     190/190         Window::can_merge_with(Window const&, double) const [20]
                0.00    0.00     182/182         Window::merge_with(Window const&) const [21]
                0.00    0.00      42/42          Window::compute_threshold(double, int, int) [28]
                0.00    0.00      18/96          std::vector<Window, std::allocator<Window> >::_M_insert_aux(__gnu_cxx::__normal_iterator<Window*, std::vector<Window, std::allocator<Window> > >, Window const&) [23]
                0.00    0.00      16/16          MafiaSolver<double>::build_uniform_windows(int, int, std::vector<Window, std::allocator<Window> >&) [35]
-----------------------------------------------
                0.00    0.00       4/4           MafiaSolver<double>::find_clusters() [1]
[11]     0.1    0.00    0.00       4         MafiaSolver<double>::find_unjoined_dus() [11]
                0.00    0.00       3/45          void write_clusters<double>(char const*, double*, int, int, std::vector<std::vector<int, std::allocator<int> >, std::allocator<std::vector<int, std::allocator<int> > > > const&) [8]
                0.00    0.00      21/21          Cdu::is_assimilated_into(Cdu const&) const [33]
                0.00    0.00       1/13          std::vector<ref<Cdu>, std::allocator<ref<Cdu> > >::_M_insert_aux(__gnu_cxx::__normal_iterator<ref<Cdu>*, std::vector<ref<Cdu>, std::allocator<ref<Cdu> > > >, ref<Cdu> const&) [36]
-----------------------------------------------
                0.00    0.00       1/1           MafiaSolver<double>::find_clusters() [1]
[12]     0.1    0.00    0.00       1         MafiaSolver<double>::build_du_clusters() [12]
                0.00    0.00       3/45          void write_clusters<double>(char const*, double*, int, int, std::vector<std::vector<int, std::allocator<int> >, std::allocator<std::vector<int, std::allocator<int> > > > const&) [8]
                0.00    0.00       1/13          std::vector<ref<Cdu>, std::allocator<ref<Cdu> > >::_M_insert_aux(__gnu_cxx::__normal_iterator<ref<Cdu>*, std::vector<ref<Cdu>, std::allocator<ref<Cdu> > > >, ref<Cdu> const&) [36]
-----------------------------------------------
                0.00    0.00     182/412         Window::merge_with(Window const&) const [21]
                0.00    0.00     230/412         Window::Window(int, int, int) [19]
[18]     0.0    0.00    0.00     412         bitmap::bitmap() [18]
-----------------------------------------------
                0.00    0.00     230/230         MafiaSolver<double>::build_uniform_windows(int, int, std::vector<Window, std::allocator<Window> >&) [35]
[19]     0.0    0.00    0.00     230         Window::Window(int, int, int) [19]
                0.00    0.00     230/412         bitmap::bitmap() [18]
-----------------------------------------------
                0.00    0.00     190/190         MafiaSolver<double>::build_windows() [10]
[20]     0.0    0.00    0.00     190         Window::can_merge_with(Window const&, double) const [20]
-----------------------------------------------
                0.00    0.00     182/182         MafiaSolver<double>::build_windows() [10]
