		     Call graph (explanation follows)


granularity: each sample hit covers 4 byte(s) for 0.59% of 1.70 seconds

index % time    self  children    called     name
                0.00    1.04       1/1           std::vector<std::vector<int, std::allocator<int> >, std::allocator<std::vector<int, std::allocator<int> > > > mafia_solve<double>(double const*, int, int, Options const&) [2]
[1]     61.2    0.00    1.04       1         MafiaSolver<double>::find_clusters() [1]
                0.66    0.00       1/1           MafiaSolver<double>::build_histos() [3]
                0.01    0.16       1/1           MafiaSolver<double>::build_clusters() [5]
                0.17    0.00       1/1           MafiaSolver<double>::build_bitmaps() [6]
                0.00    0.02       6/6           MafiaSolver<double>::find_cdus() [9]
                0.00    0.01       6/6           MafiaSolver<double>::find_dense_cdus() [12]
                0.00    0.00       1/1           MafiaSolver<double>::build_windows() [13]
                0.00    0.00       5/5           MafiaSolver<double>::find_unjoined_dus() [14]
                0.00    0.00       1/1           MafiaSolver<double>::build_du_clusters() [15]
                0.00    0.00       6/6           std::vector<ref<Cdu>, std::allocator<ref<Cdu> > >::operator=(std::vector<ref<Cdu>, std::allocator<ref<Cdu> > > const&) [39]
                0.00    0.00       5/5           MafiaSolver<double>::dedup_cdus() [41]
                0.00    0.00       1/1           MafiaSolver<double>::build_du_graph() [43]
-----------------------------------------------
                                                 <spontaneous>
[2]     61.2    0.00    1.04                 std::vector<std::vector<int, std::allocator<int> >, std::allocator<std::vector<int, std::allocator<int> > > > mafia_solve<double>(double const*, int, int, Options const&) [2]
                0.00    1.04       1/1           MafiaSolver<double>::find_clusters() [1]
                0.00    0.00       1/1           MafiaSolver<double>::MafiaSolver(double const*, int, int, Options const&) [44]
                0.00    0.00       1/1           MafiaSolver<double>::~MafiaSolver() [45]
-----------------------------------------------
                0.66    0.00       1/1           MafiaSolver<double>::find_clusters() [1]
[3]     38.9    0.66    0.00       1         MafiaSolver<double>::build_histos() [3]
                0.00    0.00       5/103         void write_clusters<double>(char const*, double*, int, int, std::vector<std::vector<int, std::allocator<int> >, std::allocator<std::vector<int, std::allocator<int> > > > const&) [8]
-----------------------------------------------
                                                 <spontaneous>
[4]     38.8    0.66    0.00                 void read_points<double>(char const*, double**, int*, int*) [4]
                0.00    0.00      28/308         std::vector<dimpair_t, std::allocator<dimpair_t> >::_M_insert_aux(__gnu_cxx::__normal_iterator<dimpair_t*, std::vector<dimpair_t, std::allocator<dimpair_t> > >, dimpair_t const&) [22]
-----------------------------------------------
                0.01    0.16       1/1           MafiaSolver<double>::find_clusters() [1]
[5]     10.0    0.01    0.16       1         MafiaSolver<double>::build_clusters() [5]
                0.16    0.00 10000000/10000000     bool Cdu::contains_point<double>(double const*, int, int, int, std::vector<std::vector<Window, std::allocator<Window> >, std::allocator<std::vector<Window, std::allocator<Window> > > > const&) const [7]
                0.00    0.00       1/103         void write_clusters<double>(char const*, double*, int, int, std::vector<std::vector<int, std::allocator<int> >, std::allocator<std::vector<int, std::allocator<int> > > > const&) [8]
                0.00    0.00      25/25          std::vector<int, std::allocator<int> >::_M_insert_aux(__gnu_cxx::__normal_iterator<int*, std::vector<int, std::allocator<int> > >, int const&) [36]
-----------------------------------------------
                0.17    0.00       1/1           MafiaSolver<double>::find_clusters() [1]
[6]     10.0    0.17    0.00       1         MafiaSolver<double>::build_bitmaps() [6]
                0.00    0.00      40/40          Window::is_dense() [34]
                0.00    0.00       5/5           bitmap::bitmap(unsigned long, bool) [42]
-----------------------------------------------
                0.16    0.00 10000000/10000000     MafiaSolver<double>::build_clusters() [5]
[7]      9.4    0.16    0.00 10000000         bool Cdu::contains_point<double>(double const*, int, int, int, std::vector<std::vector<Window, std::allocator<Window> >, std::allocator<std::vector<Window, std::allocator<Window> > > > const&) const [7]
-----------------------------------------------
                                  26             void write_clusters<double>(char const*, double*, int, int, std::vector<std::vector<int, std::allocator<int> >, std::allocator<std::vector<int, std::allocator<int> > > > const&) [8]
                0.00    0.00       1/103         MafiaSolver<double>::build_clusters() [5]
                0.00    0.00       3/103         MafiaSolver<double>::build_du_clusters() [15]
                0.00    0.00       4/103         MafiaSolver<double>::find_unjoined_dus() [14]
                0.00    0.00       5/103         MafiaSolver<double>::build_histos() [3]
                0.00    0.00       5/103         MafiaSolver<double>::build_windows() [13]
                0.02    0.00      85/103         MafiaSolver<double>::find_cdus() [9]
[8]      1.8    0.03    0.00     103+26      void write_clusters<double>(char const*, double*, int, int, std::vector<std::vector<int, std::allocator<int> >, std::allocator<std::vector<int, std::allocator<int> > > > const&) [8]
                0.00    0.00     299/299         Cdu::operator<(Cdu const&) const [23]
                                  26             void write_clusters<double>(char const*, double*, int, int, std::vector<std::vector<int, std::allocator<int> >, std::allocator<std::vector<int, std::allocator<int> > > > const&) [8]
-----------------------------------------------
                0.00    0.02       6/6           MafiaSolver<double>::find_clusters() [1]
[9]      1.5    0.00    0.02       6         MafiaSolver<double>::find_cdus() [9]
                0.02    0.00      85/103         void write_clusters<double>(char const*, double*, int, int, std::vector<std::vector<int, std::allocator<int> >, std::allocator<std::vector<int, std::allocator<int> > > > const&) [8]
                0.00    0.00     110/110         Cdu::can_merge_with(Cdu const&) [28]
                0.00    0.00      89/120         Cdu::~Cdu() [27]
                0.00    0.00      80/80          Cdu::merge_with(Cdu const&) [30]
                0.00    0.00      40/308         std::vector<dimpair_t, std::allocator<dimpair_t> >::_M_insert_aux(__gnu_cxx::__normal_iterator<dimpair_t*, std::vector<dimpair_t, std::allocator<dimpair_t> > >, dimpair_t const&) [22]
                0.00    0.00       7/14          std::vector<ref<Cdu>, std::allocator<ref<Cdu> > >::_M_insert_aux(__gnu_cxx::__normal_iterator<ref<Cdu>*, std::vector<ref<Cdu>, std::allocator<ref<Cdu> > > >, ref<Cdu> const&) [38]
-----------------------------------------------
                0.00    0.01      66/66          MafiaSolver<double>::find_dense_cdus() [12]
[10]     0.6    0.00    0.01      66         Cdu::count_points_bitmaps(int, std::vector<std::vector<Window, std::allocator<Window> >, std::allocator<std::vector<Window, std::allocator<Window> > > > const&) [10]
                0.01    0.00      49/49          bitmap::operator&=(bitmap const&) [11]
                0.00    0.00      26/26          bitmap::count() const [35]
-----------------------------------------------
                0.01    0.00      49/49          Cdu::count_points_bitmaps(int, std::vector<std::vector<Window, std::allocator<Window> >, std::allocator<std::vector<Window, std::allocator<Window> > > > const&) [10]
[11]     0.6    0.01    0.00      49         bitmap::operator&=(bitmap const&) [11]
-----------------------------------------------
                0.00    0.01       6/6           MafiaSolver<double>::find_clusters() [1]
[12]     0.6    0.00    0.01       6         MafiaSolver<double>::find_dense_cdus() [12]
                0.00    0.01      66/66          Cdu::count_points_bitmaps(int, std::vector<std::vector<Window, std::allocator<Window> >, std::allocator<std::vector<Window, std::allocator<Window> > > > const&) [10]
                0.00    0.00      66/66          Cdu::is_dense(std::vector<std::vector<Window, std::allocator<Window> >, std::allocator<std::vector<Window, std::allocator<Window> > > > const&) const [31]
                0.00    0.00       5/14          std::vector<ref<Cdu>, std::allocator<ref<Cdu> > >::_M_insert_aux(__gnu_cxx::__normal_iterator<ref<Cdu>*, std::vector<ref<Cdu>, std::allocator<ref<Cdu> > > >, ref<Cdu> const&) [38]
-----------------------------------------------
                0.00    0.00       1/1           MafiaSolver<double>::find_clusters() [1]
[13]     0.1    0.00    0.00       1         MafiaSolver<double>::build_windows() [13]
                0.00    0.00       5/103         void write_clusters<double>(char const*, double*, int, int, std::vector<std::vector<int, std::allocator<int> >, std::allocator<std::vector<int, std::allocator<int> > > > const&) [8]
                0.00    0.00     190/190         Window::can_merge_with(Window const&, double) const [25]
                0.00    0.00     180/180         Window::merge_with(Window const&) const [26]
                0.00    0.00      40/40          Window::compute_threshold(double, int, int) [33]
                0.00    0.00      20/95          std::vector<Window, std::allocator<Window> >::_M_insert_aux(__gnu_cxx::__normal_iterator<Window*, std::vector<Window, std::allocator<Window> > >, Window const&) [29]
                0.00    0.00      15/15          MafiaSolver<double>::build_uniform_windows(int, int, std::vector<Window, std::allocator<Window> >&) [37]
-----------------------------------------------
                0.00    0.00       5/5           MafiaSolver<double>::find_clusters() [1]
[14]     0.1    0.00    0.00       5         MafiaSolver<double>::find_unjoined_dus() [14]
                0.00    0.00       4/103         void write_clusters<double>(char const*, double*, int, int, std::vector<std::vector<int, std::allocator<int> >, std::allocator<std::vector<int, std::allocator<int> > > > const&) [8]
                0.00    0.00      64/64          Cdu::is_assimilated_into(Cdu const&) const [32]
                0.00    0.00       1/14          std::vector<ref<Cdu>, std::allocator<ref<Cdu> > >::_M_insert_aux(__gnu_cxx::__normal_iterator<ref<Cdu>*, std::vector<ref<Cdu>, std::allocator<ref<Cdu> > > >, ref<Cdu> const&) [38]
-----------------------------------------------
                0.00    0.00       1/1           MafiaSolver<double>::find_clusters() [1]
[15]     0.1    0.00    0.00       1         MafiaSolver<double>::build_du_clusters() [15]
                0.00    0.00       3/103         void write_clusters<double>(char const*, double*, int, int, std::vector<std::vector<int, std::allocator<int> >, std::allocator<std::vector<int, std::allocator<int> > > > const&) [8]
