		     Call graph (explanation follows)


granularity: each sample hit covers 4 byte(s) for 0.01% of 75.46 seconds

index % time    self  children    called     name
                0.00   74.82       1/1           std::vector<std::vector<int, std::allocator<int> >, std::allocator<std::vector<int, std::allocator<int> > > > mafia_solve<double>(double const*, int, int, Options const&) [2]
[1]     99.2    0.00   74.82       1         MafiaSolver<double>::find_clusters() [1]
                0.00   72.92      10/10          MafiaSolver<double>::find_dense_cdus() [4]
                0.03    0.94       1/1           MafiaSolver<double>::build_clusters() [6]
                0.89    0.00       1/1           MafiaSolver<double>::build_histos() [7]
                0.00    0.04      10/10          MafiaSolver<double>::find_cdus() [10]
                0.00    0.00       9/9           MafiaSolver<double>::find_unjoined_dus() [11]
                0.00    0.00       1/1           MafiaSolver<double>::build_windows() [12]
                0.00    0.00       1/1           MafiaSolver<double>::build_du_clusters() [13]
                0.00    0.00      10/10          std::vector<ref<Cdu>, std::allocator<ref<Cdu> > >::operator=(std::vector<ref<Cdu>, std::allocator<ref<Cdu> > > const&) [35]
                0.00    0.00       9/9           MafiaSolver<double>::dedup_cdus() [36]
                0.00    0.00       1/1           MafiaSolver<double>::build_du_graph() [37]
-----------------------------------------------
                                                 <spontaneous>
[2]     99.2    0.00   74.82                 std::vector<std::vector<int, std::allocator<int> >, std::allocator<std::vector<int, std::allocator<int> > > > mafia_solve<double>(double const*, int, int, Options const&) [2]
                0.00   74.82       1/1           MafiaSolver<double>::find_clusters() [1]
                0.00    0.00       1/1           MafiaSolver<double>::MafiaSolver(double const*, int, int, Options const&) [38]
                0.00    0.00       1/1           MafiaSolver<double>::~MafiaSolver() [39]
-----------------------------------------------
                4.94   67.98     534/534         MafiaSolver<double>::find_dense_cdus() [4]
[3]     96.6    4.94   67.98     534         int Cdu::count_points_direct<double>(double const*, int, int, std::vector<std::vector<Window, std::allocator<Window> >, std::allocator<std::vector<Window, std::allocator<Window> > > > const&) [3]
               67.98    0.00 725032704/735032704     bool Cdu::contains_point<double>(double const*, int, int, int, std::vector<std::vector<Window, std::allocator<Window> >, std::allocator<std::vector<Window, std::allocator<Window> > > > const&) const [5]
-----------------------------------------------
                0.00   72.92      10/10          MafiaSolver<double>::find_clusters() [1]
[4]     96.6    0.00   72.92      10         MafiaSolver<double>::find_dense_cdus() [4]
                4.94   67.98     534/534         int Cdu::count_points_direct<double>(double const*, int, int, std::vector<std::vector<Window, std::allocator<Window> >, std::allocator<std::vector<Window, std::allocator<Window> > > > const&) [3]
                0.00    0.00     534/534         Cdu::is_dense(std::vector<std::vector<Window, std::allocator<Window> >, std::allocator<std::vector<Window, std::allocator<Window> > > > const&) const [25]
                0.00    0.00       8/18          std::vector<ref<Cdu>, std::allocator<ref<Cdu> > >::_M_insert_aux(__gnu_cxx::__normal_iterator<ref<Cdu>*, std::vector<ref<Cdu>, std::allocator<ref<Cdu> > > >, ref<Cdu> const&) [33]
-----------------------------------------------
                0.94    0.00 10000000/735032704     MafiaSolver<double>::build_clusters() [6]
               67.98    0.00 725032704/735032704     int Cdu::count_points_direct<double>(double const*, int, int, std::vector<std::vector<Window, std::allocator<Window> >, std::allocator<std::vector<Window, std::allocator<Window> > > > const&) [3]
[5]     91.3   68.92    0.00 735032704         bool Cdu::contains_point<double>(double const*, int, int, int, std::vector<std::vector<Window, std::allocator<Window> >, std::allocator<std::vector<Window, std::allocator<Window> > > > const&) const [5]
-----------------------------------------------
                0.03    0.94       1/1           MafiaSolver<double>::find_clusters() [1]
[6]      1.3    0.03    0.94       1         MafiaSolver<double>::build_clusters() [6]
                0.94    0.00 10000000/735032704     bool Cdu::contains_point<double>(double const*, int, int, int, std::vector<std::vector<Window, std::allocator<Window> >, std::allocator<std::vector<Window, std::allocator<Window> > > > const&) const [5]
                0.00    0.00       1/4636        void write_clusters<double>(char const*, double*, int, int, std::vector<std::vector<int, std::allocator<int> >, std::allocator<std::vector<int, std::allocator<int> > > > const&) [9]
                0.00    0.00      25/25          std::vector<int, std::allocator<int> >::_M_insert_aux(__gnu_cxx::__normal_iterator<int*, std::vector<int, std::allocator<int> > >, int const&) [32]
-----------------------------------------------
                0.89    0.00       1/1           MafiaSolver<double>::find_clusters() [1]
[7]      1.2    0.89    0.00       1         MafiaSolver<double>::build_histos() [7]
                0.00    0.00       5/4636        void write_clusters<double>(char const*, double*, int, int, std::vector<std::vector<int, std::allocator<int> >, std::allocator<std::vector<int, std::allocator<int> > > > const&) [9]
-----------------------------------------------
                                                 <spontaneous>
[8]      0.8    0.64    0.00                 void read_points<double>(char const*, double**, int*, int*) [8]
                0.00    0.00      28/17448       std::vector<dimpair_t, std::allocator<dimpair_t> >::_M_insert_aux(__gnu_cxx::__normal_iterator<dimpair_t*, std::vector<dimpair_t, std::allocator<dimpair_t> > >, dimpair_t const&) [21]
-----------------------------------------------
                                 510             void write_clusters<double>(char const*, double*, int, int, std::vector<std::vector<int, std::allocator<int> >, std::allocator<std::vector<int, std::allocator<int> > > > const&) [9]
                0.00    0.00       1/4636        MafiaSolver<double>::build_clusters() [6]
                0.00    0.00       3/4636        MafiaSolver<double>::build_du_clusters() [13]
                0.00    0.00       5/4636        MafiaSolver<double>::find_unjoined_dus() [11]
                0.00    0.00       5/4636        MafiaSolver<double>::build_histos() [7]
                0.00    0.00       5/4636        MafiaSolver<double>::build_windows() [12]
                0.04    0.00    4617/4636        MafiaSolver<double>::find_cdus() [10]
[9]      0.1    0.04    0.00    4636+510     void write_clusters<double>(char const*, double*, int, int, std::vector<std::vector<int, std::allocator<int> >, std::allocator<std::vector<int, std::allocator<int> > > > const&) [9]
                0.00    0.00   39046/39046       Cdu::operator<(Cdu const&) const [19]
                                 510             void write_clusters<double>(char const*, double*, int, int, std::vector<std::vector<int, std::allocator<int> >, std::allocator<std::vector<int, std::allocator<int> > > > const&) [9]
-----------------------------------------------
                0.00    0.04      10/10          MafiaSolver<double>::find_clusters() [1]
[10]     0.1    0.00    0.04      10         MafiaSolver<double>::find_cdus() [10]
                0.04    0.00    4617/4636        void write_clusters<double>(char const*, double*, int, int, std::vector<std::vector<int, std::allocator<int> >, std::allocator<std::vector<int, std::allocator<int> > > > const&) [9]
                0.00    0.00   24054/24054       Cdu::can_merge_with(Cdu const&) [20]
                0.00    0.00    4608/4608        Cdu::merge_with(Cdu const&) [24]
                0.00    0.00    4129/4640        Cdu::~Cdu() [23]
                0.00    0.00      32/17448       std::vector<dimpair_t, std::allocator<dimpair_t> >::_M_insert_aux(__gnu_cxx::__normal_iterator<dimpair_t*, std::vector<dimpair_t, std::allocator<dimpair_t> > >, dimpair_t const&) [21]
                0.00    0.00       8/18          std::vector<ref<Cdu>, std::allocator<ref<Cdu> > >::_M_insert_aux(__gnu_cxx::__normal_iterator<ref<Cdu>*, std::vector<ref<Cdu>, std::allocator<ref<Cdu> > > >, ref<Cdu> const&) [33]
-----------------------------------------------
                0.00    0.00       9/9           MafiaSolver<double>::find_clusters() [1]
[11]     0.0    0.00    0.00       9         MafiaSolver<double>::find_unjoined_dus() [11]
                0.00    0.00       5/4636        void write_clusters<double>(char const*, double*, int, int, std::vector<std::vector<int, std::allocator<int> >, std::allocator<std::vector<int, std::allocator<int> > > > const&) [9]
                0.00    0.00    9043/9043        Cdu::is_assimilated_into(Cdu const&) const [22]
                0.00    0.00       1/18          std::vector<ref<Cdu>, std::allocator<ref<Cdu> > >::_M_insert_aux(__gnu_cxx::__normal_iterator<ref<Cdu>*, std::vector<ref<Cdu>, std::allocator<ref<Cdu> > > >, ref<Cdu> const&) [33]
-----------------------------------------------
                0.00    0.00       1/1           MafiaSolver<double>::find_clusters() [1]
[12]     0.0    0.00    0.00       1         MafiaSolver<double>::build_windows() [12]
                0.00    0.00       5/4636        void write_clusters<double>(char const*, double*, int, int, std::vector<std::vector<int, std::allocator<int> >, std::allocator<std::vector<int, std::allocator<int> > > > const&) [9]
                0.00    0.00     190/190         Window::can_merge_with(Window const&, double) const [28]
                0.00    0.00     172/172         Window::merge_with(Window const&) const [29]
                0.00    0.00      32/32          Window::compute_threshold(double, int, int) [31]
                0.00    0.00      28/91          std::vector<Window, std::allocator<Window> >::_M_insert_aux(__gnu_cxx::__normal_iterator<Window*, std::vector<Window, std::allocator<Window> > >, Window const&) [30]
                0.00    0.00      11/11          MafiaSolver<double>::build_uniform_windows(int, int, std::vector<Window, std::allocator<Window> >&) [34]
-----------------------------------------------
                0.00    0.00       1/1           MafiaSolver<double>::find_clusters() [1]
[13]     0.0    0.00    0.00       1         MafiaSolver<double>::build_du_clusters() [13]
                0.00    0.00       3/4636        void write_clusters<double>(char const*, double*, int, int, std::vector<std::vector<int, std::allocator<int> >, std::allocator<std::vector<int, std::allocator<int> > > > const&) [9]
                0.00    0.00       1/18          std::vector<ref<Cdu>, std::allocator<ref<Cdu> > >::_M_insert_aux(__gnu_cxx::__normal_iterator<ref<Cdu>*, std::vector<ref<Cdu>, std::allocator<ref<Cdu> > > >, ref<Cdu> const&) [33]
-----------------------------------------------
                0.00    0.00   39046/39046       void write_clusters<double>(char const*, double*, int, int, std::vector<std::vector<int, std::allocator<int> >, std::allocator<std::vector<int, std::allocator<int> > > > const&) [9]
[19]     0.0    0.00    0.00   39046         Cdu::operator<(Cdu const&) const [19]
-----------------------------------------------
                0.00    0.00   24054/24054       MafiaSolver<double>::find_cdus() [10]
[20]     0.0    0.00    0.00   24054         Cdu::can_merge_with(Cdu const&) [20]
-----------------------------------------------
                0.00    0.00      28/17448       void read_points<double>(char const*, double**, int*, int*) [8]
