		     Call graph (explanation follows)


granularity: each sample hit covers 4 byte(s) for 0.54% of 1.84 seconds

index % time    self  children    called     name
                0.00    1.19       1/1           std::vector<std::vector<int, std::allocator<int> >, std::allocator<std::vector<int, std::allocator<int> > > > mafia_solve<double>(double const*, int, int, Options const&) [2]
[1]     64.7    0.00    1.19       1         MafiaSolver<double>::find_clusters() [1]
                0.97    0.01       1/1           MafiaSolver<double>::build_histos() [3]
                0.02    0.09       1/1           MafiaSolver<double>::build_clusters() [6]
                0.00    0.09       3/3           MafiaSolver<double>::find_dense_cdus() [8]
                0.00    0.01       1/1           MafiaSolver<double>::build_windows() [10]
                0.00    0.00       3/3           MafiaSolver<double>::find_cdus() [11]
                0.00    0.00       1/1           MafiaSolver<double>::build_du_clusters() [12]
                0.00    0.00       2/2           MafiaSolver<double>::find_unjoined_dus() [13]
                0.00    0.00       3/3           std::vector<ref<Cdu>, std::allocator<ref<Cdu> > >::operator=(std::vector<ref<Cdu>, std::allocator<ref<Cdu> > > const&) [31]
                0.00    0.00       2/2           MafiaSolver<double>::dedup_cdus() [32]
                0.00    0.00       1/1           MafiaSolver<double>::build_du_graph() [34]
-----------------------------------------------
                                                 <spontaneous>
[2]     64.7    0.00    1.19                 std::vector<std::vector<int, std::allocator<int> >, std::allocator<std::vector<int, std::allocator<int> > > > mafia_solve<double>(double const*, int, int, Options const&) [2]
                0.00    1.19       1/1           MafiaSolver<double>::find_clusters() [1]
                0.00    0.00       1/1           MafiaSolver<double>::MafiaSolver(double const*, int, int, Options const&) [35]
                0.00    0.00       1/1           MafiaSolver<double>::~MafiaSolver() [36]
-----------------------------------------------
                0.97    0.01       1/1           MafiaSolver<double>::find_clusters() [1]
[3]     53.0    0.97    0.01       1         MafiaSolver<double>::build_histos() [3]
                0.01    0.00       5/19          void write_clusters<double>(char const*, double*, int, int, std::vector<std::vector<int, std::allocator<int> >, std::allocator<std::vector<int, std::allocator<int> > > > const&) [9]
-----------------------------------------------
                                                 <spontaneous>
[4]     35.3    0.65    0.00                 void read_points<double>(char const*, double**, int*, int*) [4]
                0.00    0.00      28/76          std::vector<dimpair_t, std::allocator<dimpair_t> >::_M_insert_aux(__gnu_cxx::__normal_iterator<dimpair_t*, std::vector<dimpair_t, std::allocator<dimpair_t> > >, dimpair_t const&) [24]
-----------------------------------------------
                0.09    0.00 10000000/20000000     int Cdu::count_points_direct<double>(double const*, int, int, std::vector<std::vector<Window, std::allocator<Window> >, std::allocator<std::vector<Window, std::allocator<Window> > > > const&) [7]
                0.09    0.00 10000000/20000000     MafiaSolver<double>::build_clusters() [6]
[5]      9.8    0.18    0.00 20000000         bool Cdu::contains_point<double>(double const*, int, int, int, std::vector<std::vector<Window, std::allocator<Window> >, std::allocator<std::vector<Window, std::allocator<Window> > > > const&) const [5]
-----------------------------------------------
                0.02    0.09       1/1           MafiaSolver<double>::find_clusters() [1]
[6]      6.0    0.02    0.09       1         MafiaSolver<double>::build_clusters() [6]
                0.09    0.00 10000000/20000000     bool Cdu::contains_point<double>(double const*, int, int, int, std::vector<std::vector<Window, std::allocator<Window> >, std::allocator<std::vector<Window, std::allocator<Window> > > > const&) const [5]
                0.00    0.00       1/19          void write_clusters<double>(char const*, double*, int, int, std::vector<std::vector<int, std::allocator<int> >, std::allocator<std::vector<int, std::allocator<int> > > > const&) [9]
                0.00    0.00      25/25          std::vector<int, std::allocator<int> >::_M_insert_aux(__gnu_cxx::__normal_iterator<int*, std::vector<int, std::allocator<int> > >, int const&) [28]
-----------------------------------------------
                0.00    0.09      47/47          MafiaSolver<double>::find_dense_cdus() [8]
[7]      4.9    0.00    0.09      47         int Cdu::count_points_direct<double>(double const*, int, int, std::vector<std::vector<Window, std::allocator<Window> >, std::allocator<std::vector<Window, std::allocator<Window> > > > const&) [7]
                0.09    0.00 10000000/20000000     bool Cdu::contains_point<double>(double const*, int, int, int, std::vector<std::vector<Window, std::allocator<Window> >, std::allocator<std::vector<Window, std::allocator<Window> > > > const&) const [5]
-----------------------------------------------
                0.00    0.09       3/3           MafiaSolver<double>::find_clusters() [1]
[8]      4.9    0.00    0.09       3         MafiaSolver<double>::find_dense_cdus() [8]
                0.00    0.09      47/47          int Cdu::count_points_direct<double>(double const*, int, int, std::vector<std::vector<Window, std::allocator<Window> >, std::allocator<std::vector<Window, std::allocator<Window> > > > const&) [7]
                0.00    0.00      47/47          Cdu::is_dense(std::vector<std::vector<Window, std::allocator<Window> >, std::allocator<std::vector<Window, std::allocator<Window> > > > const&) const [26]
                0.00    0.00       2/11          std::vector<ref<Cdu>, std::allocator<ref<Cdu> > >::_M_insert_aux(__gnu_cxx::__normal_iterator<ref<Cdu>*, std::vector<ref<Cdu>, std::allocator<ref<Cdu> > > >, ref<Cdu> const&) [30]
-----------------------------------------------
                                   1             void write_clusters<double>(char const*, double*, int, int, std::vector<std::vector<int, std::allocator<int> >, std::allocator<std::vector<int, std::allocator<int> > > > const&) [9]
                0.00    0.00       1/19          MafiaSolver<double>::build_clusters() [6]
                0.00    0.00       2/19          MafiaSolver<double>::find_unjoined_dus() [13]
                0.00    0.00       3/19          MafiaSolver<double>::find_cdus() [11]
                0.00    0.00       3/19          MafiaSolver<double>::build_du_clusters() [12]
                0.01    0.00       5/19          MafiaSolver<double>::build_histos() [3]
                0.01    0.00       5/19          MafiaSolver<double>::build_windows() [10]
[9]      1.1    0.02    0.00      19+1       void write_clusters<double>(char const*, double*, int, int, std::vector<std::vector<int, std::allocator<int> >, std::allocator<std::vector<int, std::allocator<int> > > > const&) [9]
                                   1             void write_clusters<double>(char const*, double*, int, int, std::vector<std::vector<int, std::allocator<int> >, std::allocator<std::vector<int, std::allocator<int> > > > const&) [9]
-----------------------------------------------
                0.00    0.01       1/1           MafiaSolver<double>::find_clusters() [1]
[10]     0.3    0.00    0.01       1         MafiaSolver<double>::build_windows() [10]
                0.01    0.00       5/19          void write_clusters<double>(char const*, double*, int, int, std::vector<std::vector<int, std::allocator<int> >, std::allocator<std::vector<int, std::allocator<int> > > > const&) [9]
                0.00    0.00     190/190         Window::can_merge_with(Window const&, double) const [21]
                0.00    0.00     186/186         Window::merge_with(Window const&) const [22]
                0.00    0.00      46/46          Window::compute_threshold(double, int, int) [27]
                0.00    0.00      18/18          MafiaSolver<double>::build_uniform_windows(int, int, std::vector<Window, std::allocator<Window> >&) [29]
                0.00    0.00      14/98          std::vector<Window, std::allocator<Window> >::_M_insert_aux(__gnu_cxx::__normal_iterator<Window*, std::vector<Window, std::allocator<Window> > >, Window const&) [23]
-----------------------------------------------
                0.00    0.00       3/3           MafiaSolver<double>::find_clusters() [1]
[11]     0.2    0.00    0.00       3         MafiaSolver<double>::find_cdus() [11]
                0.00    0.00       3/19          void write_clusters<double>(char const*, double*, int, int, std::vector<std::vector<int, std::allocator<int> >, std::allocator<std::vector<int, std::allocator<int> > > > const&) [9]
                0.00    0.00      46/76          std::vector<dimpair_t, std::allocator<dimpair_t> >::_M_insert_aux(__gnu_cxx::__normal_iterator<dimpair_t*, std::vector<dimpair_t, std::allocator<dimpair_t> > >, dimpair_t const&) [24]
                0.00    0.00      44/47          Cdu::~Cdu() [25]
                0.00    0.00       7/11          std::vector<ref<Cdu>, std::allocator<ref<Cdu> > >::_M_insert_aux(__gnu_cxx::__normal_iterator<ref<Cdu>*, std::vector<ref<Cdu>, std::allocator<ref<Cdu> > > >, ref<Cdu> const&) [30]
                0.00    0.00       1/1           Cdu::merge_with(Cdu const&) [37]
                0.00    0.00       1/1           Cdu::can_merge_with(Cdu const&) [38]
-----------------------------------------------
                0.00    0.00       1/1           MafiaSolver<double>::find_clusters() [1]
[12]     0.2    0.00    0.00       1         MafiaSolver<double>::build_du_clusters() [12]
                0.00    0.00       3/19          void write_clusters<double>(char const*, double*, int, int, std::vector<std::vector<int, std::allocator<int> >, std::allocator<std::vector<int, std::allocator<int> > > > const&) [9]
                0.00    0.00       1/11          std::vector<ref<Cdu>, std::allocator<ref<Cdu> > >::_M_insert_aux(__gnu_cxx::__normal_iterator<ref<Cdu>*, std::vector<ref<Cdu>, std::allocator<ref<Cdu> > > >, ref<Cdu> const&) [30]
-----------------------------------------------
                0.00    0.00       2/2           MafiaSolver<double>::find_clusters() [1]
[13]     0.1    0.00    0.00       2         MafiaSolver<double>::find_unjoined_dus() [13]
                0.00    0.00       2/19          void write_clusters<double>(char const*, double*, int, int, std::vector<std::vector<int, std::allocator<int> >, std::allocator<std::vector<int, std::allocator<int> > > > const&) [9]
                0.00    0.00       2/2           Cdu::is_assimilated_into(Cdu const&) const [33]
                0.00    0.00       1/11          std::vector<ref<Cdu>, std::allocator<ref<Cdu> > >::_M_insert_aux(__gnu_cxx::__normal_iterator<ref<Cdu>*, std::vector<ref<Cdu>, std::allocator<ref<Cdu> > > >, ref<Cdu> const&) [30]
-----------------------------------------------
                0.00    0.00     186/426         Window::merge_with(Window const&) const [22]
                0.00    0.00     240/426         Window::Window(int, int, int) [20]
[19]     0.0    0.00    0.00     426         bitmap::bitmap() [19]
-----------------------------------------------
                0.00    0.00     240/240         MafiaSolver<double>::build_uniform_windows(int, int, std::vector<Window, std::allocator<Window> >&) [29]
[20]     0.0    0.00    0.00     240         Window::Window(int, int, int) [20]
                0.00    0.00     240/426         bitmap::bitmap() [19]
-----------------------------------------------
