		     Call graph (explanation follows)


granularity: each sample hit covers 4 byte(s) for 0.40% of 2.50 seconds

index % time    self  children    called     name
                0.00    1.71       1/1           std::vector<std::vector<int, std::allocator<int> >, std::allocator<std::vector<int, std::allocator<int> > > > mafia_solve<double>(double const*, int, int, Options const&) [2]
[1]     68.4    0.00    1.71       1         MafiaSolver<double>::find_clusters() [1]
                0.74    0.00       1/1           MafiaSolver<double>::build_histos() [4]
                0.34    0.00       1/1           MafiaSolver<double>::build_bitmaps() [5]
                0.00    0.32      10/10          MafiaSolver<double>::find_dense_cdus() [7]
                0.02    0.29       1/1           MafiaSolver<double>::build_clusters() [8]
                0.00    0.00      10/10          std::vector<ref<Cdu>, std::allocator<ref<Cdu> > >::operator=(std::vector<ref<Cdu>, std::allocator<ref<Cdu> > > const&) [36]
                0.00    0.00      10/10          MafiaSolver<double>::find_cdus() [35]
                0.00    0.00       9/9           MafiaSolver<double>::dedup_cdus() [38]
                0.00    0.00       9/9           MafiaSolver<double>::find_unjoined_dus() [39]
                0.00    0.00       1/1           MafiaSolver<double>::build_windows() [41]
                0.00    0.00       1/1           MafiaSolver<double>::build_du_graph() [42]
                0.00    0.00       1/1           MafiaSolver<double>::build_du_clusters() [43]
-----------------------------------------------
                                                 <spontaneous>
[2]     68.4    0.00    1.71                 std::vector<std::vector<int, std::allocator<int> >, std::allocator<std::vector<int, std::allocator<int> > > > mafia_solve<double>(double const*, int, int, Options const&) [2]
                0.00    1.71       1/1           MafiaSolver<double>::find_clusters() [1]
                0.00    0.00       1/1           MafiaSolver<double>::MafiaSolver(double const*, int, int, Options const&) [44]
                0.00    0.00       1/1           MafiaSolver<double>::~MafiaSolver() [45]
-----------------------------------------------
                                                 <spontaneous>
[3]     31.6    0.79    0.00                 void read_points<double>(char const*, double**, int*, int*) [3]
                0.00    0.00      28/17448       std::vector<dimpair_t, std::allocator<dimpair_t> >::_M_insert_aux(__gnu_cxx::__normal_iterator<dimpair_t*, std::vector<dimpair_t, std::allocator<dimpair_t> > >, dimpair_t const&) [19]
-----------------------------------------------
                0.74    0.00       1/1           MafiaSolver<double>::find_clusters() [1]
[4]     29.6    0.74    0.00       1         MafiaSolver<double>::build_histos() [4]
                0.00    0.00       5/4636        void write_clusters<double>(char const*, double*, int, int, std::vector<std::vector<int, std::allocator<int> >, std::allocator<std::vector<int, std::allocator<int> > > > const&) [22]
-----------------------------------------------
                0.34    0.00       1/1           MafiaSolver<double>::find_clusters() [1]
[5]     13.6    0.34    0.00       1         MafiaSolver<double>::build_bitmaps() [5]
                0.00    0.00      32/32          Window::is_dense() [31]
                0.00    0.00       9/9           bitmap::bitmap(unsigned long, bool) [40]
-----------------------------------------------
                0.00    0.32     534/534         MafiaSolver<double>::find_dense_cdus() [7]
[6]     12.8    0.00    0.32     534         Cdu::count_points_bitmaps(int, std::vector<std::vector<Window, std::allocator<Window> >, std::allocator<std::vector<Window, std::allocator<Window> > > > const&) [6]
                0.22    0.00    1793/1793        bitmap::operator&=(bitmap const&) [10]
                0.10    0.00     502/502         bitmap::count() const [11]
-----------------------------------------------
                0.00    0.32      10/10          MafiaSolver<double>::find_clusters() [1]
[7]     12.8    0.00    0.32      10         MafiaSolver<double>::find_dense_cdus() [7]
                0.00    0.32     534/534         Cdu::count_points_bitmaps(int, std::vector<std::vector<Window, std::allocator<Window> >, std::allocator<std::vector<Window, std::allocator<Window> > > > const&) [6]
                0.00    0.00     534/534         Cdu::is_dense(std::vector<std::vector<Window, std::allocator<Window> >, std::allocator<std::vector<Window, std::allocator<Window> > > > const&) const [24]
                0.00    0.00       8/18          std::vector<ref<Cdu>, std::allocator<ref<Cdu> > >::_M_insert_aux(__gnu_cxx::__normal_iterator<ref<Cdu>*, std::vector<ref<Cdu>, std::allocator<ref<Cdu> > > >, ref<Cdu> const&) [33]
-----------------------------------------------
                0.02    0.29       1/1           MafiaSolver<double>::find_clusters() [1]
[8]     12.4    0.02    0.29       1         MafiaSolver<double>::build_clusters() [8]
                0.29    0.00 10000000/10000000     bool Cdu::contains_point<double>(double const*, int, int, int, std::vector<std::vector<Window, std::allocator<Window> >, std::allocator<std::vector<Window, std::allocator<Window> > > > const&) const [9]
                0.00    0.00      25/25          std::vector<int, std::allocator<int> >::_M_insert_aux(__gnu_cxx::__normal_iterator<int*, std::vector<int, std::allocator<int> > >, int const&) [32]
                0.00    0.00       1/4636        void write_clusters<double>(char const*, double*, int, int, std::vector<std::vector<int, std::allocator<int> >, std::allocator<std::vector<int, std::allocator<int> > > > const&) [22]
-----------------------------------------------
                0.29    0.00 10000000/10000000     MafiaSolver<double>::build_clusters() [8]
[9]     11.6    0.29    0.00 10000000         bool Cdu::contains_point<double>(double const*, int, int, int, std::vector<std::vector<Window, std::allocator<Window> >, std::allocator<std::vector<Window, std::allocator<Window> > > > const&) const [9]
-----------------------------------------------
                0.22    0.00    1793/1793        Cdu::count_points_bitmaps(int, std::vector<std::vector<Window, std::allocator<Window> >, std::allocator<std::vector<Window, std::allocator<Window> > > > const&) [6]
[10]     8.8    0.22    0.00    1793         bitmap::operator&=(bitmap const&) [10]
-----------------------------------------------
                0.10    0.00     502/502         Cdu::count_points_bitmaps(int, std::vector<std::vector<Window, std::allocator<Window> >, std::allocator<std::vector<Window, std::allocator<Window> > > > const&) [6]
[11]     4.0    0.10    0.00     502         bitmap::count() const [11]
-----------------------------------------------
                0.00    0.00   39046/39046       void write_clusters<double>(char const*, double*, int, int, std::vector<std::vector<int, std::allocator<int> >, std::allocator<std::vector<int, std::allocator<int> > > > const&) [22]
[17]     0.0    0.00    0.00   39046         Cdu::operator<(Cdu const&) const [17]
-----------------------------------------------
                0.00    0.00   24054/24054       MafiaSolver<double>::find_cdus() [35]
[18]     0.0    0.00    0.00   24054         Cdu::can_merge_with(Cdu const&) [18]
-----------------------------------------------
                0.00    0.00      28/17448       void read_points<double>(char const*, double**, int*, int*) [3]
                0.00    0.00      32/17448       MafiaSolver<double>::find_cdus() [35]
                0.00    0.00   17388/17448       Cdu::merge_with(Cdu const&) [23]
[19]     0.0    0.00    0.00   17448         std::vector<dimpair_t, std::allocator<dimpair_t> >::_M_insert_aux(__gnu_cxx::__normal_iterator<dimpair_t*, std::vector<dimpair_t, std::allocator<dimpair_t> > >, dimpair_t const&) [19]
-----------------------------------------------
                0.00    0.00    9043/9043        MafiaSolver<double>::find_unjoined_dus() [39]
[20]     0.0    0.00    0.00    9043         Cdu::is_assimilated_into(Cdu const&) const [20]
-----------------------------------------------
                0.00    0.00       1/4640        MafiaSolver<double>::~MafiaSolver() [45]
                0.00    0.00     510/4640        std::vector<ref<Cdu>, std::allocator<ref<Cdu> > >::operator=(std::vector<ref<Cdu>, std::allocator<ref<Cdu> > > const&) [36]
                0.00    0.00    4129/4640        MafiaSolver<double>::find_cdus() [35]
[21]     0.0    0.00    0.00    4640         Cdu::~Cdu() [21]
-----------------------------------------------
                                 510             void write_clusters<double>(char const*, double*, int, int, std::vector<std::vector<int, std::allocator<int> >, std::allocator<std::vector<int, std::allocator<int> > > > const&) [22]
                0.00    0.00       1/4636        MafiaSolver<double>::build_clusters() [8]
                0.00    0.00       3/4636        MafiaSolver<double>::build_du_clusters() [43]
                0.00    0.00       5/4636        MafiaSolver<double>::find_unjoined_dus() [39]
                0.00    0.00       5/4636        MafiaSolver<double>::build_histos() [4]
                0.00    0.00       5/4636        MafiaSolver<double>::build_windows() [41]
                0.00    0.00    4617/4636        MafiaSolver<double>::find_cdus() [35]
[22]     0.0    0.00    0.00    4636+510     void write_clusters<double>(char const*, double*, int, int, std::vector<std::vector<int, std::allocator<int> >, std::allocator<std::vector<int, std::allocator<int> > > > const&) [22]
                0.00    0.00   39046/39046       Cdu::operator<(Cdu const&) const [17]
                                 510             void write_clusters<double>(char const*, double*, int, int, std::vector<std::vector<int, std::allocator<int> >, std::allocator<std::vector<int, std::allocator<int> > > > const&) [22]
-----------------------------------------------
                0.00    0.00    4608/4608        MafiaSolver<double>::find_cdus() [35]
[23]     0.0    0.00    0.00    4608         Cdu::merge_with(Cdu const&) [23]
                0.00    0.00   17388/17448       std::vector<dimpair_t, std::allocator<dimpair_t> >::_M_insert_aux(__gnu_cxx::__normal_iterator<dimpair_t*, std::vector<dimpair_t, std::allocator<dimpair_t> > >, dimpair_t const&) [19]
-----------------------------------------------
                0.00    0.00     534/534         MafiaSolver<double>::find_dense_cdus() [7]
