		     Call graph (explanation follows)


granularity: each sample hit covers 4 byte(s) for 0.03% of 35.10 seconds

index % time    self  children    called     name
                0.00   34.45       1/1           std::vector<std::vector<int, std::allocator<int> >, std::allocator<std::vector<int, std::allocator<int> > > > mafia_solve<double>(double const*, int, int, Options const&) [2]
[1]     98.1    0.00   34.45       1         MafiaSolver<double>::find_clusters() [1]
                0.00   33.53       9/9           MafiaSolver<double>::find_dense_cdus() [4]
                0.77    0.00       1/1           MafiaSolver<double>::build_histos() [6]
                0.01    0.13       1/1           MafiaSolver<double>::build_clusters() [8]
                0.00    0.01       9/9           MafiaSolver<double>::find_cdus() [10]
                0.00    0.00       1/1           MafiaSolver<double>::build_windows() [11]
                0.00    0.00       8/8           MafiaSolver<double>::find_unjoined_dus() [12]
                0.00    0.00       1/1           MafiaSolver<double>::build_du_clusters() [13]
                0.00    0.00       9/9           std::vector<ref<Cdu>, std::allocator<ref<Cdu> > >::operator=(std::vector<ref<Cdu>, std::allocator<ref<Cdu> > > const&) [35]
                0.00    0.00       8/8           MafiaSolver<double>::dedup_cdus() [36]
                0.00    0.00       1/1           MafiaSolver<double>::build_du_graph() [37]
-----------------------------------------------
                                                 <spontaneous>
[2]     98.1    0.00   34.45                 std::vector<std::vector<int, std::allocator<int> >, std::allocator<std::vector<int, std::allocator<int> > > > mafia_solve<double>(double const*, int, int, Options const&) [2]
                0.00   34.45       1/1           MafiaSolver<double>::find_clusters() [1]
                0.00    0.00       1/1           MafiaSolver<double>::MafiaSolver(double const*, int, int, Options const&) [38]
                0.00    0.00       1/1           MafiaSolver<double>::~MafiaSolver() [39]
-----------------------------------------------
                2.37   31.16     281/281         MafiaSolver<double>::find_dense_cdus() [4]
[3]     95.5    2.37   31.16     281         int Cdu::count_points_direct<double>(double const*, int, int, std::vector<std::vector<Window, std::allocator<Window> >, std::allocator<std::vector<Window, std::allocator<Window> > > > const&) [3]
               31.16    0.00 2470000000/2480000000     bool Cdu::contains_point<double>(double const*, int, int, int, std::vector<std::vector<Window, std::allocator<Window> >, std::allocator<std::vector<Window, std::allocator<Window> > > > const&) const [5]
-----------------------------------------------
                0.00   33.53       9/9           MafiaSolver<double>::find_clusters() [1]
[4]     95.5    0.00   33.53       9         MafiaSolver<double>::find_dense_cdus() [4]
                2.37   31.16     281/281         int Cdu::count_points_direct<double>(double const*, int, int, std::vector<std::vector<Window, std::allocator<Window> >, std::allocator<std::vector<Window, std::allocator<Window> > > > const&) [3]
                0.00    0.00     281/281         Cdu::is_dense(std::vector<std::vector<Window, std::allocator<Window> >, std::allocator<std::vector<Window, std::allocator<Window> > > > const&) const [26]
                0.00    0.00       8/18          std::vector<ref<Cdu>, std::allocator<ref<Cdu> > >::_M_insert_aux(__gnu_cxx::__normal_iterator<ref<Cdu>*, std::vector<ref<Cdu>, std::allocator<ref<Cdu> > > >, ref<Cdu> const&) [33]
-----------------------------------------------
                0.13    0.00 10000000/2480000000     MafiaSolver<double>::build_clusters() [8]
               31.16    0.00 2470000000/2480000000     int Cdu::count_points_direct<double>(double const*, int, int, std::vector<std::vector<Window, std::allocator<Window> >, std::allocator<std::vector<Window, std::allocator<Window> > > > const&) [3]
[5]     89.1   31.29    0.00 2480000000         bool Cdu::contains_point<double>(double const*, int, int, int, std::vector<std::vector<Window, std::allocator<Window> >, std::allocator<std::vector<Window, std::allocator<Window> > > > const&) const [5]
-----------------------------------------------
                0.77    0.00       1/1           MafiaSolver<double>::find_clusters() [1]
[6]      2.2    0.77    0.00       1         MafiaSolver<double>::build_histos() [6]
                0.00    0.00       5/1818        void write_clusters<double>(char const*, double*, int, int, std::vector<std::vector<int, std::allocator<int> >, std::allocator<std::vector<int, std::allocator<int> > > > const&) [9]
-----------------------------------------------
                                                 <spontaneous>
[7]      1.9    0.65    0.00                 void read_points<double>(char const*, double**, int*, int*) [7]
                0.00    0.00      28/6586        std::vector<dimpair_t, std::allocator<dimpair_t> >::_M_insert_aux(__gnu_cxx::__normal_iterator<dimpair_t*, std::vector<dimpair_t, std::allocator<dimpair_t> > >, dimpair_t const&) [20]
-----------------------------------------------
                0.01    0.13       1/1           MafiaSolver<double>::find_clusters() [1]
[8]      0.4    0.01    0.13       1         MafiaSolver<double>::build_clusters() [8]
                0.13    0.00 10000000/2480000000     bool Cdu::contains_point<double>(double const*, int, int, int, std::vector<std::vector<Window, std::allocator<Window> >, std::allocator<std::vector<Window, std::allocator<Window> > > > const&) const [5]
                0.00    0.00       1/1818        void write_clusters<double>(char const*, double*, int, int, std::vector<std::vector<int, std::allocator<int> >, std::allocator<std::vector<int, std::allocator<int> > > > const&) [9]
                0.00    0.00      25/25          std::vector<int, std::allocator<int> >::_M_insert_aux(__gnu_cxx::__normal_iterator<int*, std::vector<int, std::allocator<int> > >, int const&) [32]
-----------------------------------------------
                                 250             void write_clusters<double>(char const*, double*, int, int, std::vector<std::vector<int, std::allocator<int> >, std::allocator<std::vector<int, std::allocator<int> > > > const&) [9]
                0.00    0.00       1/1818        MafiaSolver<double>::build_clusters() [8]
                0.00    0.00       3/1818        MafiaSolver<double>::build_du_clusters() [13]
                0.00    0.00       4/1818        MafiaSolver<double>::find_unjoined_dus() [12]
                0.00    0.00       5/1818        MafiaSolver<double>::build_histos() [6]
                0.00    0.00       5/1818        MafiaSolver<double>::build_windows() [11]
                0.01    0.00    1800/1818        MafiaSolver<double>::find_cdus() [10]
[9]      0.0    0.01    0.00    1818+250     void write_clusters<double>(char const*, double*, int, int, std::vector<std::vector<int, std::allocator<int> >, std::allocator<std::vector<int, std::allocator<int> > > > const&) [9]
                0.00    0.00   12755/12755       Cdu::operator<(Cdu const&) const [19]
                                 250             void write_clusters<double>(char const*, double*, int, int, std::vector<std::vector<int, std::allocator<int> >, std::allocator<std::vector<int, std::allocator<int> > > > const&) [9]
-----------------------------------------------
                0.00    0.01       9/9           MafiaSolver<double>::find_clusters() [1]
[10]     0.0    0.00    0.01       9         MafiaSolver<double>::find_cdus() [10]
                0.01    0.00    1800/1818        void write_clusters<double>(char const*, double*, int, int, std::vector<std::vector<int, std::allocator<int> >, std::allocator<std::vector<int, std::allocator<int> > > > const&) [9]
                0.00    0.00    6307/6307        Cdu::can_merge_with(Cdu const&) [21]
                0.00    0.00    1792/1792        Cdu::merge_with(Cdu const&) [24]
                0.00    0.00    1571/1826        Cdu::~Cdu() [23]
                0.00    0.00      34/6586        std::vector<dimpair_t, std::allocator<dimpair_t> >::_M_insert_aux(__gnu_cxx::__normal_iterator<dimpair_t*, std::vector<dimpair_t, std::allocator<dimpair_t> > >, dimpair_t const&) [20]
                0.00    0.00       8/18          std::vector<ref<Cdu>, std::allocator<ref<Cdu> > >::_M_insert_aux(__gnu_cxx::__normal_iterator<ref<Cdu>*, std::vector<ref<Cdu>, std::allocator<ref<Cdu> > > >, ref<Cdu> const&) [33]
-----------------------------------------------
                0.00    0.00       1/1           MafiaSolver<double>::find_clusters() [1]
[11]     0.0    0.00    0.00       1         MafiaSolver<double>::build_windows() [11]
                0.00    0.00       5/1818        void write_clusters<double>(char const*, double*, int, int, std::vector<std::vector<int, std::allocator<int> >, std::allocator<std::vector<int, std::allocator<int> > > > const&) [9]
                0.00    0.00     190/190         Window::can_merge_with(Window const&, double) const [28]
                0.00    0.00     174/174         Window::merge_with(Window const&) const [29]
                0.00    0.00      34/34          Window::compute_threshold(double, int, int) [31]
                0.00    0.00      26/92          std::vector<Window, std::allocator<Window> >::_M_insert_aux(__gnu_cxx::__normal_iterator<Window*, std::vector<Window, std::allocator<Window> > >, Window const&) [30]
                0.00    0.00      12/12          MafiaSolver<double>::build_uniform_windows(int, int, std::vector<Window, std::allocator<Window> >&) [34]
-----------------------------------------------
                0.00    0.00       8/8           MafiaSolver<double>::find_clusters() [1]
[12]     0.0    0.00    0.00       8         MafiaSolver<double>::find_unjoined_dus() [12]
                0.00    0.00       4/1818        void write_clusters<double>(char const*, double*, int, int, std::vector<std::vector<int, std::allocator<int> >, std::allocator<std::vector<int, std::allocator<int> > > > const&) [9]
                0.00    0.00    2480/2480        Cdu::is_assimilated_into(Cdu const&) const [22]
                0.00    0.00       1/18          std::vector<ref<Cdu>, std::allocator<ref<Cdu> > >::_M_insert_aux(__gnu_cxx::__normal_iterator<ref<Cdu>*, std::vector<ref<Cdu>, std::allocator<ref<Cdu> > > >, ref<Cdu> const&) [33]
-----------------------------------------------
                0.00    0.00       1/1           MafiaSolver<double>::find_clusters() [1]
[13]     0.0    0.00    0.00       1         MafiaSolver<double>::build_du_clusters() [13]
                0.00    0.00       3/1818        void write_clusters<double>(char const*, double*, int, int, std::vector<std::vector<int, std::allocator<int> >, std::allocator<std::vector<int, std::allocator<int> > > > const&) [9]
                0.00    0.00       1/18          std::vector<ref<Cdu>, std::allocator<ref<Cdu> > >::_M_insert_aux(__gnu_cxx::__normal_iterator<ref<Cdu>*, std::vector<ref<Cdu>, std::allocator<ref<Cdu> > > >, ref<Cdu> const&) [33]
-----------------------------------------------
                0.00    0.00   12755/12755       void write_clusters<double>(char const*, double*, int, int, std::vector<std::vector<int, std::allocator<int> >, std::allocator<std::vector<int, std::allocator<int> > > > const&) [9]
[19]     0.0    0.00    0.00   12755         Cdu::operator<(Cdu const&) const [19]
-----------------------------------------------
                0.00    0.00      28/6586        void read_points<double>(char const*, double**, int*, int*) [7]
                0.00    0.00      34/6586        MafiaSolver<double>::find_cdus() [10]
                0.00    0.00    6524/6586        Cdu::merge_with(Cdu const&) [24]
[20]     0.0    0.00    0.00    6586         std::vector<dimpair_t, std::allocator<dimpair_t> >::_M_insert_aux(__gnu_cxx::__normal_iterator<dimpair_t*, std::vector<dimpair_t, std::allocator<dimpair_t> > >, dimpair_t const&) [20]
