		     Call graph (explanation follows)


granularity: each sample hit covers 4 byte(s) for 0.47% of 2.12 seconds

index % time    self  children    called     name
                0.00    1.45       1/1           std::vector<std::vector<int, std::allocator<int> >, std::allocator<std::vector<int, std::allocator<int> > > > mafia_solve<double>(double const*, int, int, Options const&) [2]
[1]     68.4    0.00    1.45       1         MafiaSolver<double>::find_clusters() [1]
                0.71    0.00       1/1           MafiaSolver<double>::build_histos() [3]
                0.30    0.00       1/1           MafiaSolver<double>::build_bitmaps() [5]
                0.02    0.25       1/1           MafiaSolver<double>::build_clusters() [6]
                0.00    0.15       9/9           MafiaSolver<double>::find_dense_cdus() [9]
                0.00    0.02       9/9           MafiaSolver<double>::find_cdus() [13]
                0.00    0.00       1/1           MafiaSolver<double>::build_windows() [14]
                0.00    0.00       8/8           MafiaSolver<double>::find_unjoined_dus() [15]
                0.00    0.00       1/1           MafiaSolver<double>::build_du_clusters() [16]
                0.00    0.00       9/9           std::vector<ref<Cdu>, std::allocator<ref<Cdu> > >::operator=(std::vector<ref<Cdu>, std::allocator<ref<Cdu> > > const&) [39]
                0.00    0.00       8/8           MafiaSolver<double>::dedup_cdus() [41]
                0.00    0.00       1/1           MafiaSolver<double>::build_du_graph() [43]
-----------------------------------------------
                                                 <spontaneous>
[2]     68.4    0.00    1.45                 std::vector<std::vector<int, std::allocator<int> >, std::allocator<std::vector<int, std::allocator<int> > > > mafia_solve<double>(double const*, int, int, Options const&) [2]
                0.00    1.45       1/1           MafiaSolver<double>::find_clusters() [1]
                0.00    0.00       1/1           MafiaSolver<double>::MafiaSolver(double const*, int, int, Options const&) [44]
                0.00    0.00       1/1           MafiaSolver<double>::~MafiaSolver() [45]
-----------------------------------------------
                0.71    0.00       1/1           MafiaSolver<double>::find_clusters() [1]
[3]     33.5    0.71    0.00       1         MafiaSolver<double>::build_histos() [3]
                0.00    0.00       5/1818        void write_clusters<double>(char const*, double*, int, int, std::vector<std::vector<int, std::allocator<int> >, std::allocator<std::vector<int, std::allocator<int> > > > const&) [12]
-----------------------------------------------
                                                 <spontaneous>
[4]     31.6    0.67    0.00                 void read_points<double>(char const*, double**, int*, int*) [4]
                0.00    0.00      28/6586        std::vector<dimpair_t, std::allocator<dimpair_t> >::_M_insert_aux(__gnu_cxx::__normal_iterator<dimpair_t*, std::vector<dimpair_t, std::allocator<dimpair_t> > >, dimpair_t const&) [23]
-----------------------------------------------
                0.30    0.00       1/1           MafiaSolver<double>::find_clusters() [1]
[5]     14.2    0.30    0.00       1         MafiaSolver<double>::build_bitmaps() [5]
                0.00    0.00      34/34          Window::is_dense() [35]
                0.00    0.00       8/8           bitmap::bitmap(unsigned long, bool) [42]
-----------------------------------------------
                0.02    0.25       1/1           MafiaSolver<double>::find_clusters() [1]
[6]     12.7    0.02    0.25       1         MafiaSolver<double>::build_clusters() [6]
                0.25    0.00 10000000/10000000     bool Cdu::contains_point<double>(double const*, int, int, int, std::vector<std::vector<Window, std::allocator<Window> >, std::allocator<std::vector<Window, std::allocator<Window> > > > const&) const [7]
                0.00    0.00       1/1818        void write_clusters<double>(char const*, double*, int, int, std::vector<std::vector<int, std::allocator<int> >, std::allocator<std::vector<int, std::allocator<int> > > > const&) [12]
                0.00    0.00      25/25          std::vector<int, std::allocator<int> >::_M_insert_aux(__gnu_cxx::__normal_iterator<int*, std::vector<int, std::allocator<int> > >, int const&) [36]
-----------------------------------------------
                0.25    0.00 10000000/10000000     MafiaSolver<double>::build_clusters() [6]
[7]     11.8    0.25    0.00 10000000         bool Cdu::contains_point<double>(double const*, int, int, int, std::vector<std::vector<Window, std::allocator<Window> >, std::allocator<std::vector<Window, std::allocator<Window> > > > const&) const [7]
-----------------------------------------------
                0.00    0.15     281/281         MafiaSolver<double>::find_dense_cdus() [9]
[8]      7.1    0.00    0.15     281         Cdu::count_points_bitmaps(int, std::vector<std::vector<Window, std::allocator<Window> >, std::allocator<std::vector<Window, std::allocator<Window> > > > const&) [8]
                0.12    0.00     769/769         bitmap::operator&=(bitmap const&) [10]
                0.03    0.00     247/247         bitmap::count() const [11]
-----------------------------------------------
                0.00    0.15       9/9           MafiaSolver<double>::find_clusters() [1]
[9]      7.1    0.00    0.15       9         MafiaSolver<double>::find_dense_cdus() [9]
                0.00    0.15     281/281         Cdu::count_points_bitmaps(int, std::vector<std::vector<Window, std::allocator<Window> >, std::allocator<std::vector<Window, std::allocator<Window> > > > const&) [8]
                0.00    0.00     281/281         Cdu::is_dense(std::vector<std::vector<Window, std::allocator<Window> >, std::allocator<std::vector<Window, std::allocator<Window> > > > const&) const [29]
                0.00    0.00       8/18          std::vector<ref<Cdu>, std::allocator<ref<Cdu> > >::_M_insert_aux(__gnu_cxx::__normal_iterator<ref<Cdu>*, std::vector<ref<Cdu>, std::allocator<ref<Cdu> > > >, ref<Cdu> const&) [37]
-----------------------------------------------
                0.12    0.00     769/769         Cdu::count_points_bitmaps(int, std::vector<std::vector<Window, std::allocator<Window> >, std::allocator<std::vector<Window, std::allocator<Window> > > > const&) [8]
[10]     5.7    0.12    0.00     769         bitmap::operator&=(bitmap const&) [10]
-----------------------------------------------
                0.03    0.00     247/247         Cdu::count_points_bitmaps(int, std::vector<std::vector<Window, std::allocator<Window> >, std::allocator<std::vector<Window, std::allocator<Window> > > > const&) [8]
[11]     1.4    0.03    0.00     247         bitmap::count() const [11]
-----------------------------------------------
                                 250             void write_clusters<double>(char const*, double*, int, int, std::vector<std::vector<int, std::allocator<int> >, std::allocator<std::vector<int, std::allocator<int> > > > const&) [12]
                0.00    0.00       1/1818        MafiaSolver<double>::build_clusters() [6]
                0.00    0.00       3/1818        MafiaSolver<double>::build_du_clusters() [16]
                0.00    0.00       4/1818        MafiaSolver<double>::find_unjoined_dus() [15]
                0.00    0.00       5/1818        MafiaSolver<double>::build_histos() [3]
                0.00    0.00       5/1818        MafiaSolver<double>::build_windows() [14]
                0.02    0.00    1800/1818        MafiaSolver<double>::find_cdus() [13]
[12]     0.9    0.02    0.00    1818+250     void write_clusters<double>(char const*, double*, int, int, std::vector<std::vector<int, std::allocator<int> >, std::allocator<std::vector<int, std::allocator<int> > > > const&) [12]
                0.00    0.00   12755/12755       Cdu::operator<(Cdu const&) const [22]
                                 250             void write_clusters<double>(char const*, double*, int, int, std::vector<std::vector<int, std::allocator<int> >, std::allocator<std::vector<int, std::allocator<int> > > > const&) [12]
-----------------------------------------------
                0.00    0.02       9/9           MafiaSolver<double>::find_clusters() [1]
[13]     0.9    0.00    0.02       9         MafiaSolver<double>::find_cdus() [13]
                0.02    0.00    1800/1818        void write_clusters<double>(char const*, double*, int, int, std::vector<std::vector<int, std::allocator<int> >, std::allocator<std::vector<int, std::allocator<int> > > > const&) [12]
                0.00    0.00    6307/6307        Cdu::can_merge_with(Cdu const&) [24]
                0.00    0.00    1792/1792        Cdu::merge_with(Cdu const&) [27]
                0.00    0.00    1571/1826        Cdu::~Cdu() [26]
                0.00    0.00      34/6586        std::vector<dimpair_t, std::allocator<dimpair_t> >::_M_insert_aux(__gnu_cxx::__normal_iterator<dimpair_t*, std::vector<dimpair_t, std::allocator<dimpair_t> > >, dimpair_t const&) [23]
                0.00    0.00       8/18          std::vector<ref<Cdu>, std::allocator<ref<Cdu> > >::_M_insert_aux(__gnu_cxx::__normal_iterator<ref<Cdu>*, std::vector<ref<Cdu>, std::allocator<ref<Cdu> > > >, ref<Cdu> const&) [37]
-----------------------------------------------
                0.00    0.00       1/1           MafiaSolver<double>::find_clusters() [1]
[14]     0.0    0.00    0.00       1         MafiaSolver<double>::build_windows() [14]
                0.00    0.00       5/1818        void write_clusters<double>(char const*, double*, int, int, std::vector<std::vector<int, std::allocator<int> >, std::allocator<std::vector<int, std::allocator<int> > > > const&) [12]
                0.00    0.00     190/190         Window::can_merge_with(Window const&, double) const [31]
                0.00    0.00     174/174         Window::merge_with(Window const&) const [32]
                0.00    0.00      34/34          Window::compute_threshold(double, int, int) [34]
                0.00    0.00      26/92          std::vector<Window, std::allocator<Window> >::_M_insert_aux(__gnu_cxx::__normal_iterator<Window*, std::vector<Window, std::allocator<Window> > >, Window const&) [33]
                0.00    0.00      12/12          MafiaSolver<double>::build_uniform_windows(int, int, std::vector<Window, std::allocator<Window> >&) [38]
-----------------------------------------------
                0.00    0.00       8/8           MafiaSolver<double>::find_clusters() [1]
[15]     0.0    0.00    0.00       8         MafiaSolver<double>::find_unjoined_dus() [15]
                0.00    0.00       4/1818        void write_clusters<double>(char const*, double*, int, int, std::vector<std::vector<int, std::allocator<int> >, std::allocator<std::vector<int, std::allocator<int> > > > const&) [12]
                0.00    0.00    2480/2480        Cdu::is_assimilated_into(Cdu const&) const [25]
                0.00    0.00       1/18          std::vector<ref<Cdu>, std::allocator<ref<Cdu> > >::_M_insert_aux(__gnu_cxx::__normal_iterator<ref<Cdu>*, std::vector<ref<Cdu>, std::allocator<ref<Cdu> > > >, ref<Cdu> const&) [37]
-----------------------------------------------
