		     Call graph (explanation follows)


granularity: each sample hit covers 4 byte(s) for 0.50% of 2.02 seconds

index % time    self  children    called     name
                0.00    1.31       1/1           std::vector<std::vector<int, std::allocator<int> >, std::allocator<std::vector<int, std::allocator<int> > > > mafia_solve<double>(double const*, int, int, Options const&) [2]
[1]     64.9    0.00    1.31       1         MafiaSolver<double>::find_clusters() [1]
                0.74    0.00       1/1           MafiaSolver<double>::build_histos() [3]
                0.26    0.00       1/1           MafiaSolver<double>::build_bitmaps() [5]
                0.04    0.19       1/1           MafiaSolver<double>::build_clusters() [6]
                0.00    0.05       8/8           MafiaSolver<double>::find_cdus() [9]
                0.00    0.03       8/8           MafiaSolver<double>::find_dense_cdus() [11]
                0.00    0.00       1/1           MafiaSolver<double>::build_windows() [14]
                0.00    0.00       7/7           MafiaSolver<double>::find_unjoined_dus() [15]
                0.00    0.00       1/1           MafiaSolver<double>::build_du_clusters() [16]
                0.00    0.00       8/8           std::vector<ref<Cdu>, std::allocator<ref<Cdu> > >::operator=(std::vector<ref<Cdu>, std::allocator<ref<Cdu> > > const&) [39]
                0.00    0.00       7/7           MafiaSolver<double>::dedup_cdus() [41]
                0.00    0.00       1/1           MafiaSolver<double>::build_du_graph() [43]
-----------------------------------------------
                                                 <spontaneous>
[2]     64.9    0.00    1.31                 std::vector<std::vector<int, std::allocator<int> >, std::allocator<std::vector<int, std::allocator<int> > > > mafia_solve<double>(double const*, int, int, Options const&) [2]
                0.00    1.31       1/1           MafiaSolver<double>::find_clusters() [1]
                0.00    0.00       1/1           MafiaSolver<double>::MafiaSolver(double const*, int, int, Options const&) [44]
                0.00    0.00       1/1           MafiaSolver<double>::~MafiaSolver() [45]
-----------------------------------------------
                0.74    0.00       1/1           MafiaSolver<double>::find_clusters() [1]
[3]     36.7    0.74    0.00       1         MafiaSolver<double>::build_histos() [3]
                0.00    0.00       5/697         void write_clusters<double>(char const*, double*, int, int, std::vector<std::vector<int, std::allocator<int> >, std::allocator<std::vector<int, std::allocator<int> > > > const&) [8]
-----------------------------------------------
                                                 <spontaneous>
[4]     35.1    0.71    0.00                 void read_points<double>(char const*, double**, int*, int*) [4]
                0.00    0.00      28/2395        std::vector<dimpair_t, std::allocator<dimpair_t> >::_M_insert_aux(__gnu_cxx::__normal_iterator<dimpair_t*, std::vector<dimpair_t, std::allocator<dimpair_t> > >, dimpair_t const&) [23]
-----------------------------------------------
                0.26    0.00       1/1           MafiaSolver<double>::find_clusters() [1]
[5]     12.9    0.26    0.00       1         MafiaSolver<double>::build_bitmaps() [5]
                0.00    0.00      36/36          Window::is_dense() [35]
                0.00    0.00       7/7           bitmap::bitmap(unsigned long, bool) [42]
-----------------------------------------------
                0.04    0.19       1/1           MafiaSolver<double>::find_clusters() [1]
[6]     11.4    0.04    0.19       1         MafiaSolver<double>::build_clusters() [6]
                0.19    0.00 10000000/10000000     bool Cdu::contains_point<double>(double const*, int, int, int, std::vector<std::vector<Window, std::allocator<Window> >, std::allocator<std::vector<Window, std::allocator<Window> > > > const&) const [7]
                0.00    0.00       1/697         void write_clusters<double>(char const*, double*, int, int, std::vector<std::vector<int, std::allocator<int> >, std::allocator<std::vector<int, std::allocator<int> > > > const&) [8]
                0.00    0.00      25/25          std::vector<int, std::allocator<int> >::_M_insert_aux(__gnu_cxx::__normal_iterator<int*, std::vector<int, std::allocator<int> > >, int const&) [36]
-----------------------------------------------
                0.19    0.00 10000000/10000000     MafiaSolver<double>::build_clusters() [6]
[7]      9.4    0.19    0.00 10000000         bool Cdu::contains_point<double>(double const*, int, int, int, std::vector<std::vector<Window, std::allocator<Window> >, std::allocator<std::vector<Window, std::allocator<Window> > > > const&) const [7]
-----------------------------------------------
                                 120             void write_clusters<double>(char const*, double*, int, int, std::vector<std::vector<int, std::allocator<int> >, std::allocator<std::vector<int, std::allocator<int> > > > const&) [8]
                0.00    0.00       1/697         MafiaSolver<double>::build_clusters() [6]
                0.00    0.00       3/697         MafiaSolver<double>::build_du_clusters() [16]
                0.00    0.00       4/697         MafiaSolver<double>::find_unjoined_dus() [15]
                0.00    0.00       5/697         MafiaSolver<double>::build_histos() [3]
                0.00    0.00       5/697         MafiaSolver<double>::build_windows() [14]
                0.05    0.00     679/697         MafiaSolver<double>::find_cdus() [9]
[8]      2.5    0.05    0.00     697+120     void write_clusters<double>(char const*, double*, int, int, std::vector<std::vector<int, std::allocator<int> >, std::allocator<std::vector<int, std::allocator<int> > > > const&) [8]
                0.00    0.00    3954/3954        Cdu::operator<(Cdu const&) const [22]
                                 120             void write_clusters<double>(char const*, double*, int, int, std::vector<std::vector<int, std::allocator<int> >, std::allocator<std::vector<int, std::allocator<int> > > > const&) [8]
-----------------------------------------------
                0.00    0.05       8/8           MafiaSolver<double>::find_clusters() [1]
[9]      2.4    0.00    0.05       8         MafiaSolver<double>::find_cdus() [9]
                0.05    0.00     679/697         void write_clusters<double>(char const*, double*, int, int, std::vector<std::vector<int, std::allocator<int> >, std::allocator<std::vector<int, std::allocator<int> > > > const&) [8]
                0.00    0.00    1652/1652        Cdu::can_merge_with(Cdu const&) [24]
                0.00    0.00     672/672         Cdu::merge_with(Cdu const&) [27]
                0.00    0.00     581/708         Cdu::~Cdu() [25]
                0.00    0.00      36/2395        std::vector<dimpair_t, std::allocator<dimpair_t> >::_M_insert_aux(__gnu_cxx::__normal_iterator<dimpair_t*, std::vector<dimpair_t, std::allocator<dimpair_t> > >, dimpair_t const&) [23]
                0.00    0.00       7/16          std::vector<ref<Cdu>, std::allocator<ref<Cdu> > >::_M_insert_aux(__gnu_cxx::__normal_iterator<ref<Cdu>*, std::vector<ref<Cdu>, std::allocator<ref<Cdu> > > >, ref<Cdu> const&) [37]
-----------------------------------------------
                0.00    0.03     156/156         MafiaSolver<double>::find_dense_cdus() [11]
[10]     1.5    0.00    0.03     156         Cdu::count_points_bitmaps(int, std::vector<std::vector<Window, std::allocator<Window> >, std::allocator<std::vector<Window, std::allocator<Window> > > > const&) [10]
                0.02    0.00     321/321         bitmap::operator&=(bitmap const&) [12]
                0.01    0.00     120/120         bitmap::count() const [13]
-----------------------------------------------
                0.00    0.03       8/8           MafiaSolver<double>::find_clusters() [1]
[11]     1.5    0.00    0.03       8         MafiaSolver<double>::find_dense_cdus() [11]
                0.00    0.03     156/156         Cdu::count_points_bitmaps(int, std::vector<std::vector<Window, std::allocator<Window> >, std::allocator<std::vector<Window, std::allocator<Window> > > > const&) [10]
                0.00    0.00     156/156         Cdu::is_dense(std::vector<std::vector<Window, std::allocator<Window> >, std::allocator<std::vector<Window, std::allocator<Window> > > > const&) const [32]
                0.00    0.00       7/16          std::vector<ref<Cdu>, std::allocator<ref<Cdu> > >::_M_insert_aux(__gnu_cxx::__normal_iterator<ref<Cdu>*, std::vector<ref<Cdu>, std::allocator<ref<Cdu> > > >, ref<Cdu> const&) [37]
-----------------------------------------------
                0.02    0.00     321/321         Cdu::count_points_bitmaps(int, std::vector<std::vector<Window, std::allocator<Window> >, std::allocator<std::vector<Window, std::allocator<Window> > > > const&) [10]
[12]     1.0    0.02    0.00     321         bitmap::operator&=(bitmap const&) [12]
-----------------------------------------------
                0.01    0.00     120/120         Cdu::count_points_bitmaps(int, std::vector<std::vector<Window, std::allocator<Window> >, std::allocator<std::vector<Window, std::allocator<Window> > > > const&) [10]
[13]     0.5    0.01    0.00     120         bitmap::count() const [13]
-----------------------------------------------
                0.00    0.00       1/1           MafiaSolver<double>::find_clusters() [1]
[14]     0.0    0.00    0.00       1         MafiaSolver<double>::build_windows() [14]
                0.00    0.00       5/697         void write_clusters<double>(char const*, double*, int, int, std::vector<std::vector<int, std::allocator<int> >, std::allocator<std::vector<int, std::allocator<int> > > > const&) [8]
                0.00    0.00     190/190         Window::can_merge_with(Window const&, double) const [30]
                0.00    0.00     176/176         Window::merge_with(Window const&) const [31]
                0.00    0.00      36/36          Window::compute_threshold(double, int, int) [34]
                0.00    0.00      24/93          std::vector<Window, std::allocator<Window> >::_M_insert_aux(__gnu_cxx::__normal_iterator<Window*, std::vector<Window, std::allocator<Window> > >, Window const&) [33]
                0.00    0.00      13/13          MafiaSolver<double>::build_uniform_windows(int, int, std::vector<Window, std::allocator<Window> >&) [38]
-----------------------------------------------
                0.00    0.00       7/7           MafiaSolver<double>::find_clusters() [1]
[15]     0.0    0.00    0.00       7         MafiaSolver<double>::find_unjoined_dus() [15]
                0.00    0.00       4/697         void write_clusters<double>(char const*, double*, int, int, std::vector<std::vector<int, std::allocator<int> >, std::allocator<std::vector<int, std::allocator<int> > > > const&) [8]
                0.00    0.00     700/700         Cdu::is_assimilated_into(Cdu const&) const [26]
                0.00    0.00       1/16          std::vector<ref<Cdu>, std::allocator<ref<Cdu> > >::_M_insert_aux(__gnu_cxx::__normal_iterator<ref<Cdu>*, std::vector<ref<Cdu>, std::allocator<ref<Cdu> > > >, ref<Cdu> const&) [37]
-----------------------------------------------
