		     Call graph (explanation follows)


granularity: each sample hit covers 4 byte(s) for 0.45% of 2.21 seconds

index % time    self  children    called     name
                0.00    1.52       1/1           std::vector<std::vector<int, std::allocator<int> >, std::allocator<std::vector<int, std::allocator<int> > > > mafia_solve<double>(double const*, int, int, Options const&) [2]
[1]     68.8    0.00    1.52       1         MafiaSolver<double>::find_clusters() [1]
                1.08    0.00       1/1           MafiaSolver<double>::build_histos() [3]
                0.02    0.19       1/1           MafiaSolver<double>::build_clusters() [5]
                0.21    0.00       1/1           MafiaSolver<double>::build_bitmaps() [6]
                0.00    0.01       7/7           MafiaSolver<double>::find_dense_cdus() [11]
                0.00    0.01       7/7           MafiaSolver<double>::find_cdus() [12]
                0.00    0.00       1/1           MafiaSolver<double>::build_windows() [13]
                0.00    0.00       6/6           MafiaSolver<double>::find_unjoined_dus() [14]
                0.00    0.00       1/1           MafiaSolver<double>::build_du_clusters() [15]
                0.00    0.00       7/7           std::vector<ref<Cdu>, std::allocator<ref<Cdu> > >::operator=(std::vector<ref<Cdu>, std::allocator<ref<Cdu> > > const&) [39]
                0.00    0.00       6/6           MafiaSolver<double>::dedup_cdus() [41]
                0.00    0.00       1/1           MafiaSolver<double>::build_du_graph() [43]
-----------------------------------------------
                                                 <spontaneous>
[2]     68.8    0.00    1.52                 std::vector<std::vector<int, std::allocator<int> >, std::allocator<std::vector<int, std::allocator<int> > > > mafia_solve<double>(double const*, int, int, Options const&) [2]
                0.00    1.52       1/1           MafiaSolver<double>::find_clusters() [1]
                0.00    0.00       1/1           MafiaSolver<double>::MafiaSolver(double const*, int, int, Options const&) [44]
                0.00    0.00       1/1           MafiaSolver<double>::~MafiaSolver() [45]
-----------------------------------------------
                1.08    0.00       1/1           MafiaSolver<double>::find_clusters() [1]
[3]     48.9    1.08    0.00       1         MafiaSolver<double>::build_histos() [3]
                0.00    0.00       5/264         void write_clusters<double>(char const*, double*, int, int, std::vector<std::vector<int, std::allocator<int> >, std::allocator<std::vector<int, std::allocator<int> > > > const&) [8]
-----------------------------------------------
                                                 <spontaneous>
[4]     31.2    0.69    0.00                 void read_points<double>(char const*, double**, int*, int*) [4]
                0.00    0.00      28/846         std::vector<dimpair_t, std::allocator<dimpair_t> >::_M_insert_aux(__gnu_cxx::__normal_iterator<dimpair_t*, std::vector<dimpair_t, std::allocator<dimpair_t> > >, dimpair_t const&) [22]
-----------------------------------------------
                0.02    0.19       1/1           MafiaSolver<double>::find_clusters() [1]
[5]      9.5    0.02    0.19       1         MafiaSolver<double>::build_clusters() [5]
                0.19    0.00 10000000/10000000     bool Cdu::contains_point<double>(double const*, int, int, int, std::vector<std::vector<Window, std::allocator<Window> >, std::allocator<std::vector<Window, std::allocator<Window> > > > const&) const [7]
                0.00    0.00       1/264         void write_clusters<double>(char const*, double*, int, int, std::vector<std::vector<int, std::allocator<int> >, std::allocator<std::vector<int, std::allocator<int> > > > const&) [8]
                0.00    0.00      25/25          std::vector<int, std::allocator<int> >::_M_insert_aux(__gnu_cxx::__normal_iterator<int*, std::vector<int, std::allocator<int> > >, int const&) [36]
-----------------------------------------------
                0.21    0.00       1/1           MafiaSolver<double>::find_clusters() [1]
[6]      9.5    0.21    0.00       1         MafiaSolver<double>::build_bitmaps() [6]
                0.00    0.00      38/38          Window::is_dense() [35]
                0.00    0.00       6/6           bitmap::bitmap(unsigned long, bool) [42]
-----------------------------------------------
                0.19    0.00 10000000/10000000     MafiaSolver<double>::build_clusters() [5]
[7]      8.6    0.19    0.00 10000000         bool Cdu::contains_point<double>(double const*, int, int, int, std::vector<std::vector<Window, std::allocator<Window> >, std::allocator<std::vector<Window, std::allocator<Window> > > > const&) const [7]
-----------------------------------------------
                                  57             void write_clusters<double>(char const*, double*, int, int, std::vector<std::vector<int, std::allocator<int> >, std::allocator<std::vector<int, std::allocator<int> > > > const&) [8]
                0.00    0.00       1/264         MafiaSolver<double>::build_clusters() [5]
                0.00    0.00       3/264         MafiaSolver<double>::build_du_clusters() [15]
                0.00    0.00       4/264         MafiaSolver<double>::find_unjoined_dus() [14]
                0.00    0.00       5/264         MafiaSolver<double>::build_histos() [3]
                0.00    0.00       5/264         MafiaSolver<double>::build_windows() [13]
                0.01    0.00     246/264         MafiaSolver<double>::find_cdus() [12]
[8]      0.5    0.01    0.00     264+57      void write_clusters<double>(char const*, double*, int, int, std::vector<std::vector<int, std::allocator<int> >, std::allocator<std::vector<int, std::allocator<int> > > > const&) [8]
                0.00    0.00    1144/1144        Cdu::operator<(Cdu const&) const [21]
                                  57             void write_clusters<double>(char const*, double*, int, int, std::vector<std::vector<int, std::allocator<int> >, std::allocator<std::vector<int, std::allocator<int> > > > const&) [8]
-----------------------------------------------
                0.01    0.00     129/129         Cdu::count_points_bitmaps(int, std::vector<std::vector<Window, std::allocator<Window> >, std::allocator<std::vector<Window, std::allocator<Window> > > > const&) [10]
[9]      0.5    0.01    0.00     129         bitmap::operator&=(bitmap const&) [9]
-----------------------------------------------
                0.00    0.01      95/95          MafiaSolver<double>::find_dense_cdus() [11]
[10]     0.5    0.00    0.01      95         Cdu::count_points_bitmaps(int, std::vector<std::vector<Window, std::allocator<Window> >, std::allocator<std::vector<Window, std::allocator<Window> > > > const&) [10]
                0.01    0.00     129/129         bitmap::operator&=(bitmap const&) [9]
                0.00    0.00      57/57          bitmap::count() const [33]
-----------------------------------------------
                0.00    0.01       7/7           MafiaSolver<double>::find_clusters() [1]
[11]     0.5    0.00    0.01       7         MafiaSolver<double>::find_dense_cdus() [11]
                0.00    0.01      95/95          Cdu::count_points_bitmaps(int, std::vector<std::vector<Window, std::allocator<Window> >, std::allocator<std::vector<Window, std::allocator<Window> > > > const&) [10]
                0.00    0.00      95/95          Cdu::is_dense(std::vector<std::vector<Window, std::allocator<Window> >, std::allocator<std::vector<Window, std::allocator<Window> > > > const&) const [31]
                0.00    0.00       6/15          std::vector<ref<Cdu>, std::allocator<ref<Cdu> > >::_M_insert_aux(__gnu_cxx::__normal_iterator<ref<Cdu>*, std::vector<ref<Cdu>, std::allocator<ref<Cdu> > > >, ref<Cdu> const&) [37]
-----------------------------------------------
                0.00    0.01       7/7           MafiaSolver<double>::find_clusters() [1]
[12]     0.4    0.00    0.01       7         MafiaSolver<double>::find_cdus() [12]
                0.01    0.00     246/264         void write_clusters<double>(char const*, double*, int, int, std::vector<std::vector<int, std::allocator<int> >, std::allocator<std::vector<int, std::allocator<int> > > > const&) [8]
                0.00    0.00     430/430         Cdu::can_merge_with(Cdu const&) [23]
                0.00    0.00     240/240         Cdu::merge_with(Cdu const&) [26]
                0.00    0.00     215/278         Cdu::~Cdu() [25]
                0.00    0.00      38/846         std::vector<dimpair_t, std::allocator<dimpair_t> >::_M_insert_aux(__gnu_cxx::__normal_iterator<dimpair_t*, std::vector<dimpair_t, std::allocator<dimpair_t> > >, dimpair_t const&) [22]
                0.00    0.00       7/15          std::vector<ref<Cdu>, std::allocator<ref<Cdu> > >::_M_insert_aux(__gnu_cxx::__normal_iterator<ref<Cdu>*, std::vector<ref<Cdu>, std::allocator<ref<Cdu> > > >, ref<Cdu> const&) [37]
-----------------------------------------------
                0.00    0.00       1/1           MafiaSolver<double>::find_clusters() [1]
[13]     0.0    0.00    0.00       1         MafiaSolver<double>::build_windows() [13]
                0.00    0.00       5/264         void write_clusters<double>(char const*, double*, int, int, std::vector<std::vector<int, std::allocator<int> >, std::allocator<std::vector<int, std::allocator<int> > > > const&) [8]
                0.00    0.00     190/190         Window::can_merge_with(Window const&, double) const [29]
                0.00    0.00     178/178         Window::merge_with(Window const&) const [30]
                0.00    0.00      38/38          Window::compute_threshold(double, int, int) [34]
                0.00    0.00      22/94          std::vector<Window, std::allocator<Window> >::_M_insert_aux(__gnu_cxx::__normal_iterator<Window*, std::vector<Window, std::allocator<Window> > >, Window const&) [32]
                0.00    0.00      14/14          MafiaSolver<double>::build_uniform_windows(int, int, std::vector<Window, std::allocator<Window> >&) [38]
-----------------------------------------------
                0.00    0.00       6/6           MafiaSolver<double>::find_clusters() [1]
[14]     0.0    0.00    0.00       6         MafiaSolver<double>::find_unjoined_dus() [14]
                0.00    0.00       4/264         void write_clusters<double>(char const*, double*, int, int, std::vector<std::vector<int, std::allocator<int> >, std::allocator<std::vector<int, std::allocator<int> > > > const&) [8]
                0.00    0.00     206/206         Cdu::is_assimilated_into(Cdu const&) const [28]
                0.00    0.00       1/15          std::vector<ref<Cdu>, std::allocator<ref<Cdu> > >::_M_insert_aux(__gnu_cxx::__normal_iterator<ref<Cdu>*, std::vector<ref<Cdu>, std::allocator<ref<Cdu> > > >, ref<Cdu> const&) [37]
-----------------------------------------------
                0.00    0.00       1/1           MafiaSolver<double>::find_clusters() [1]
[15]     0.0    0.00    0.00       1         MafiaSolver<double>::build_du_clusters() [15]
                0.00    0.00       3/264         void write_clusters<double>(char const*, double*, int, int, std::vector<std::vector<int, std::allocator<int> >, std::allocator<std::vector<int, std::allocator<int> > > > const&) [8]
