		     Call graph (explanation follows)


granularity: each sample hit covers 4 byte(s) for 0.41% of 2.43 seconds

index % time    self  children    called     name
                0.00    1.84       1/1           std::vector<std::vector<int, std::allocator<int> >, std::allocator<std::vector<int, std::allocator<int> > > > mafia_solve<double>(double const*, int, int, Options const&) [2]
[1]     75.7    0.00    1.84       1         MafiaSolver<double>::find_clusters() [1]
                0.00    0.94       5/5           MafiaSolver<double>::find_dense_cdus() [4]
                0.78    0.00       1/1           MafiaSolver<double>::build_histos() [6]
                0.01    0.08       1/1           MafiaSolver<double>::build_clusters() [8]
                0.00    0.02       5/5           MafiaSolver<double>::find_cdus() [10]
                0.00    0.00       1/1           MafiaSolver<double>::build_windows() [11]
                0.00    0.00       4/4           MafiaSolver<double>::find_unjoined_dus() [12]
                0.00    0.00       1/1           MafiaSolver<double>::build_du_clusters() [13]
                0.00    0.00       5/5           std::vector<ref<Cdu>, std::allocator<ref<Cdu> > >::operator=(std::vector<ref<Cdu>, std::allocator<ref<Cdu> > > const&) [35]
                0.00    0.00       4/4           MafiaSolver<double>::dedup_cdus() [36]
                0.00    0.00       1/1           MafiaSolver<double>::build_du_graph() [37]
-----------------------------------------------
                                                 <spontaneous>
[2]     75.7    0.00    1.84                 std::vector<std::vector<int, std::allocator<int> >, std::allocator<std::vector<int, std::allocator<int> > > > mafia_solve<double>(double const*, int, int, Options const&) [2]
                0.00    1.84       1/1           MafiaSolver<double>::find_clusters() [1]
                0.00    0.00       1/1           MafiaSolver<double>::MafiaSolver(double const*, int, int, Options const&) [38]
                0.00    0.00       1/1           MafiaSolver<double>::~MafiaSolver() [39]
-----------------------------------------------
                0.12    0.82      53/53          MafiaSolver<double>::find_dense_cdus() [4]
[3]     38.9    0.12    0.82      53         int Cdu::count_points_direct<double>(double const*, int, int, std::vector<std::vector<Window, std::allocator<Window> >, std::allocator<std::vector<Window, std::allocator<Window> > > > const&) [3]
                0.82    0.00 110000000/120000000     bool Cdu::contains_point<double>(double const*, int, int, int, std::vector<std::vector<Window, std::allocator<Window> >, std::allocator<std::vector<Window, std::allocator<Window> > > > const&) const [5]
-----------------------------------------------
                0.00    0.94       5/5           MafiaSolver<double>::find_clusters() [1]
[4]     38.9    0.00    0.94       5         MafiaSolver<double>::find_dense_cdus() [4]
                0.12    0.82      53/53          int Cdu::count_points_direct<double>(double const*, int, int, std::vector<std::vector<Window, std::allocator<Window> >, std::allocator<std::vector<Window, std::allocator<Window> > > > const&) [3]
                0.00    0.00      53/53          Cdu::is_dense(std::vector<std::vector<Window, std::allocator<Window> >, std::allocator<std::vector<Window, std::allocator<Window> > > > const&) const [27]
                0.00    0.00       4/13          std::vector<ref<Cdu>, std::allocator<ref<Cdu> > >::_M_insert_aux(__gnu_cxx::__normal_iterator<ref<Cdu>*, std::vector<ref<Cdu>, std::allocator<ref<Cdu> > > >, ref<Cdu> const&) [34]
-----------------------------------------------
                0.07    0.00 10000000/120000000     MafiaSolver<double>::build_clusters() [8]
                0.82    0.00 110000000/120000000     int Cdu::count_points_direct<double>(double const*, int, int, std::vector<std::vector<Window, std::allocator<Window> >, std::allocator<std::vector<Window, std::allocator<Window> > > > const&) [3]
[5]     37.0    0.90    0.00 120000000         bool Cdu::contains_point<double>(double const*, int, int, int, std::vector<std::vector<Window, std::allocator<Window> >, std::allocator<std::vector<Window, std::allocator<Window> > > > const&) const [5]
-----------------------------------------------
                0.78    0.00       1/1           MafiaSolver<double>::find_clusters() [1]
[6]     32.2    0.78    0.00       1         MafiaSolver<double>::build_histos() [6]
                0.00    0.00       5/45          void write_clusters<double>(char const*, double*, int, int, std::vector<std::vector<int, std::allocator<int> >, std::allocator<std::vector<int, std::allocator<int> > > > const&) [9]
-----------------------------------------------
                                                 <spontaneous>
[7]     24.3    0.59    0.00                 void read_points<double>(char const*, double**, int*, int*) [7]
                0.00    0.00      28/136         std::vector<dimpair_t, std::allocator<dimpair_t> >::_M_insert_aux(__gnu_cxx::__normal_iterator<dimpair_t*, std::vector<dimpair_t, std::allocator<dimpair_t> > >, dimpair_t const&) [23]
-----------------------------------------------
                0.01    0.08       1/1           MafiaSolver<double>::find_clusters() [1]
[8]      3.5    0.01    0.08       1         MafiaSolver<double>::build_clusters() [8]
                0.07    0.00 10000000/120000000     bool Cdu::contains_point<double>(double const*, int, int, int, std::vector<std::vector<Window, std::allocator<Window> >, std::allocator<std::vector<Window, std::allocator<Window> > > > const&) const [5]
                0.00    0.00       1/45          void write_clusters<double>(char const*, double*, int, int, std::vector<std::vector<int, std::allocator<int> >, std::allocator<std::vector<int, std::allocator<int> > > > const&) [9]
                0.00    0.00      25/25          std::vector<int, std::allocator<int> >::_M_insert_aux(__gnu_cxx::__normal_iterator<int*, std::vector<int, std::allocator<int> > >, int const&) [30]
-----------------------------------------------
                                  11             void write_clusters<double>(char const*, double*, int, int, std::vector<std::vector<int, std::allocator<int> >, std::allocator<std::vector<int, std::allocator<int> > > > const&) [9]
                0.00    0.00       1/45          MafiaSolver<double>::build_clusters() [8]
                0.00    0.00       3/45          MafiaSolver<double>::find_unjoined_dus() [12]
                0.00    0.00       3/45          MafiaSolver<double>::build_du_clusters() [13]
                0.00    0.00       5/45          MafiaSolver<double>::build_histos() [6]
                0.00    0.00       5/45          MafiaSolver<double>::build_windows() [11]
                0.02    0.00      28/45          MafiaSolver<double>::find_cdus() [10]
[9]      1.2    0.03    0.00      45+11      void write_clusters<double>(char const*, double*, int, int, std::vector<std::vector<int, std::allocator<int> >, std::allocator<std::vector<int, std::allocator<int> > > > const&) [9]
                0.00    0.00      68/68          Cdu::operator<(Cdu const&) const [25]
                                  11             void write_clusters<double>(char const*, double*, int, int, std::vector<std::vector<int, std::allocator<int> >, std::allocator<std::vector<int, std::allocator<int> > > > const&) [9]
-----------------------------------------------
                0.00    0.02       5/5           MafiaSolver<double>::find_clusters() [1]
[10]     0.8    0.00    0.02       5         MafiaSolver<double>::find_cdus() [10]
                0.02    0.00      28/45          void write_clusters<double>(char const*, double*, int, int, std::vector<std::vector<int, std::allocator<int> >, std::allocator<std::vector<int, std::allocator<int> > > > const&) [9]
                0.00    0.00      51/66          Cdu::~Cdu() [26]
                0.00    0.00      42/136         std::vector<dimpair_t, std::allocator<dimpair_t> >::_M_insert_aux(__gnu_cxx::__normal_iterator<dimpair_t*, std::vector<dimpair_t, std::allocator<dimpair_t> > >, dimpair_t const&) [23]
                0.00    0.00      27/27          Cdu::can_merge_with(Cdu const&) [29]
                0.00    0.00      24/24          Cdu::merge_with(Cdu const&) [31]
                0.00    0.00       7/13          std::vector<ref<Cdu>, std::allocator<ref<Cdu> > >::_M_insert_aux(__gnu_cxx::__normal_iterator<ref<Cdu>*, std::vector<ref<Cdu>, std::allocator<ref<Cdu> > > >, ref<Cdu> const&) [34]
-----------------------------------------------
                0.00    0.00       1/1           MafiaSolver<double>::find_clusters() [1]
[11]     0.1    0.00    0.00       1         MafiaSolver<double>::build_windows() [11]
                0.00    0.00       5/45          void write_clusters<double>(char const*, double*, int, int, std::vector<std::vector<int, std::allocator<int> >, std::allocator<std::vector<int, std::allocator<int> > > > const&) [9]
                0.00    0.00     190/190         Window::can_merge_with(Window const&, double) const [21]
                0.00    0.00     182/182         Window::merge_with(Window const&) const [22]
                0.00    0.00      42/42          Window::compute_threshold(double, int, int) [28]
                0.00    0.00      18/96          std::vector<Window, std::allocator<Window> >::_M_insert_aux(__gnu_cxx::__normal_iterator<Window*, std::vector<Window, std::allocator<Window> > >, Window const&) [24]
                0.00    0.00      16/16          MafiaSolver<double>::build_uniform_windows(int, int, std::vector<Window, std::allocator<Window> >&) [33]
-----------------------------------------------
                0.00    0.00       4/4           MafiaSolver<double>::find_clusters() [1]
[12]     0.1    0.00    0.00       4         MafiaSolver<double>::find_unjoined_dus() [12]
                0.00    0.00       3/45          void write_clusters<double>(char const*, double*, int, int, std::vector<std::vector<int, std::allocator<int> >, std::allocator<std::vector<int, std::allocator<int> > > > const&) [9]
                0.00    0.00      21/21          Cdu::is_assimilated_into(Cdu const&) const [32]
                0.00    0.00       1/13          std::vector<ref<Cdu>, std::allocator<ref<Cdu> > >::_M_insert_aux(__gnu_cxx::__normal_iterator<ref<Cdu>*, std::vector<ref<Cdu>, std::allocator<ref<Cdu> > > >, ref<Cdu> const&) [34]
-----------------------------------------------
                0.00    0.00       1/1           MafiaSolver<double>::find_clusters() [1]
[13]     0.1    0.00    0.00       1         MafiaSolver<double>::build_du_clusters() [13]
                0.00    0.00       3/45          void write_clusters<double>(char const*, double*, int, int, std::vector<std::vector<int, std::allocator<int> >, std::allocator<std::vector<int, std::allocator<int> > > > const&) [9]
                0.00    0.00       1/13          std::vector<ref<Cdu>, std::allocator<ref<Cdu> > >::_M_insert_aux(__gnu_cxx::__normal_iterator<ref<Cdu>*, std::vector<ref<Cdu>, std::allocator<ref<Cdu> > > >, ref<Cdu> const&) [34]
-----------------------------------------------
                0.00    0.00     182/412         Window::merge_with(Window const&) const [22]
                0.00    0.00     230/412         Window::Window(int, int, int) [20]
[19]     0.0    0.00    0.00     412         bitmap::bitmap() [19]
-----------------------------------------------
                0.00    0.00     230/230         MafiaSolver<double>::build_uniform_windows(int, int, std::vector<Window, std::allocator<Window> >&) [33]
[20]     0.0    0.00    0.00     230         Window::Window(int, int, int) [20]
                0.00    0.00     230/412         bitmap::bitmap() [19]
