		     Call graph (explanation follows)


granularity: each sample hit covers 4 byte(s) for 0.65% of 1.55 seconds

index % time    self  children    called     name
                0.00    0.95       1/1           std::vector<std::vector<int, std::allocator<int> >, std::allocator<std::vector<int, std::allocator<int> > > > mafia_solve<double>(double const*, int, int, Options const&) [2]
[1]     61.3    0.00    0.95       1         MafiaSolver<double>::find_clusters() [1]
                0.70    0.00       1/1           MafiaSolver<double>::build_histos() [3]
                0.05    0.09       1/1           MafiaSolver<double>::build_clusters() [5]
                0.10    0.00       1/1           MafiaSolver<double>::build_bitmaps() [6]
                0.00    0.00       4/4           MafiaSolver<double>::find_cdus() [9]
                0.00    0.00       1/1           MafiaSolver<double>::build_windows() [10]
                0.00    0.00       3/3           MafiaSolver<double>::find_unjoined_dus() [11]
                0.00    0.00       1/1           MafiaSolver<double>::build_du_clusters() [12]
                0.00    0.00       4/4           std::vector<ref<Cdu>, std::allocator<ref<Cdu> > >::operator=(std::vector<ref<Cdu>, std::allocator<ref<Cdu> > > const&) [39]
                0.00    0.00       4/4           MafiaSolver<double>::find_dense_cdus() [37]
                0.00    0.00       3/3           MafiaSolver<double>::dedup_cdus() [41]
                0.00    0.00       1/1           MafiaSolver<double>::build_du_graph() [43]
-----------------------------------------------
                                                 <spontaneous>
[2]     61.3    0.00    0.95                 std::vector<std::vector<int, std::allocator<int> >, std::allocator<std::vector<int, std::allocator<int> > > > mafia_solve<double>(double const*, int, int, Options const&) [2]
                0.00    0.95       1/1           MafiaSolver<double>::find_clusters() [1]
                0.00    0.00       1/1           MafiaSolver<double>::MafiaSolver(double const*, int, int, Options const&) [44]
                0.00    0.00       1/1           MafiaSolver<double>::~MafiaSolver() [45]
-----------------------------------------------
                0.70    0.00       1/1           MafiaSolver<double>::find_clusters() [1]
[3]     45.3    0.70    0.00       1         MafiaSolver<double>::build_histos() [3]
                0.00    0.00       5/26          void write_clusters<double>(char const*, double*, int, int, std::vector<std::vector<int, std::allocator<int> >, std::allocator<std::vector<int, std::allocator<int> > > > const&) [8]
-----------------------------------------------
                                                 <spontaneous>
[4]     38.7    0.60    0.00                 void read_points<double>(char const*, double**, int*, int*) [4]
                0.00    0.00      28/87          std::vector<dimpair_t, std::allocator<dimpair_t> >::_M_insert_aux(__gnu_cxx::__normal_iterator<dimpair_t*, std::vector<dimpair_t, std::allocator<dimpair_t> > >, dimpair_t const&) [23]
-----------------------------------------------
                0.05    0.09       1/1           MafiaSolver<double>::find_clusters() [1]
[5]      9.1    0.05    0.09       1         MafiaSolver<double>::build_clusters() [5]
                0.09    0.00 10000000/10000000     bool Cdu::contains_point<double>(double const*, int, int, int, std::vector<std::vector<Window, std::allocator<Window> >, std::allocator<std::vector<Window, std::allocator<Window> > > > const&) const [7]
                0.00    0.00       1/26          void write_clusters<double>(char const*, double*, int, int, std::vector<std::vector<int, std::allocator<int> >, std::allocator<std::vector<int, std::allocator<int> > > > const&) [8]
                0.00    0.00      25/25          std::vector<int, std::allocator<int> >::_M_insert_aux(__gnu_cxx::__normal_iterator<int*, std::vector<int, std::allocator<int> > >, int const&) [29]
-----------------------------------------------
                0.10    0.00       1/1           MafiaSolver<double>::find_clusters() [1]
[6]      6.5    0.10    0.00       1         MafiaSolver<double>::build_bitmaps() [6]
                0.00    0.00      44/44          Window::is_dense() [28]
                0.00    0.00       3/3           bitmap::bitmap(unsigned long, bool) [42]
-----------------------------------------------
                0.09    0.00 10000000/10000000     MafiaSolver<double>::build_clusters() [5]
[7]      5.8    0.09    0.00 10000000         bool Cdu::contains_point<double>(double const*, int, int, int, std::vector<std::vector<Window, std::allocator<Window> >, std::allocator<std::vector<Window, std::allocator<Window> > > > const&) const [7]
-----------------------------------------------
                                   4             void write_clusters<double>(char const*, double*, int, int, std::vector<std::vector<int, std::allocator<int> >, std::allocator<std::vector<int, std::allocator<int> > > > const&) [8]
                0.00    0.00       1/26          MafiaSolver<double>::build_clusters() [5]
                0.00    0.00       3/26          MafiaSolver<double>::find_unjoined_dus() [11]
                0.00    0.00       3/26          MafiaSolver<double>::build_du_clusters() [12]
                0.00    0.00       5/26          MafiaSolver<double>::build_histos() [3]
                0.00    0.00       5/26          MafiaSolver<double>::build_windows() [10]
                0.00    0.00       9/26          MafiaSolver<double>::find_cdus() [9]
[8]      0.6    0.01    0.00      26+4       void write_clusters<double>(char const*, double*, int, int, std::vector<std::vector<int, std::allocator<int> >, std::allocator<std::vector<int, std::allocator<int> > > > const&) [8]
                0.00    0.00      11/11          Cdu::operator<(Cdu const&) const [32]
                                   4             void write_clusters<double>(char const*, double*, int, int, std::vector<std::vector<int, std::allocator<int> >, std::allocator<std::vector<int, std::allocator<int> > > > const&) [8]
-----------------------------------------------
                0.00    0.00       4/4           MafiaSolver<double>::find_clusters() [1]
[9]      0.2    0.00    0.00       4         MafiaSolver<double>::find_cdus() [9]
                0.00    0.00       9/26          void write_clusters<double>(char const*, double*, int, int, std::vector<std::vector<int, std::allocator<int> >, std::allocator<std::vector<int, std::allocator<int> > > > const&) [8]
                0.00    0.00      44/87          std::vector<dimpair_t, std::allocator<dimpair_t> >::_M_insert_aux(__gnu_cxx::__normal_iterator<dimpair_t*, std::vector<dimpair_t, std::allocator<dimpair_t> > >, dimpair_t const&) [23]
                0.00    0.00      43/50          Cdu::~Cdu() [24]
                0.00    0.00       7/12          std::vector<ref<Cdu>, std::allocator<ref<Cdu> > >::_M_insert_aux(__gnu_cxx::__normal_iterator<ref<Cdu>*, std::vector<ref<Cdu>, std::allocator<ref<Cdu> > > >, ref<Cdu> const&) [31]
                0.00    0.00       6/6           Cdu::merge_with(Cdu const&) [34]
                0.00    0.00       6/6           Cdu::can_merge_with(Cdu const&) [35]
-----------------------------------------------
                0.00    0.00       1/1           MafiaSolver<double>::find_clusters() [1]
[10]     0.1    0.00    0.00       1         MafiaSolver<double>::build_windows() [10]
                0.00    0.00       5/26          void write_clusters<double>(char const*, double*, int, int, std::vector<std::vector<int, std::allocator<int> >, std::allocator<std::vector<int, std::allocator<int> > > > const&) [8]
                0.00    0.00     190/190         Window::can_merge_with(Window const&, double) const [20]
                0.00    0.00     184/184         Window::merge_with(Window const&) const [21]
                0.00    0.00      44/44          Window::compute_threshold(double, int, int) [27]
                0.00    0.00      17/17          MafiaSolver<double>::build_uniform_windows(int, int, std::vector<Window, std::allocator<Window> >&) [30]
                0.00    0.00      16/97          std::vector<Window, std::allocator<Window> >::_M_insert_aux(__gnu_cxx::__normal_iterator<Window*, std::vector<Window, std::allocator<Window> > >, Window const&) [22]
-----------------------------------------------
                0.00    0.00       3/3           MafiaSolver<double>::find_clusters() [1]
[11]     0.1    0.00    0.00       3         MafiaSolver<double>::find_unjoined_dus() [11]
                0.00    0.00       3/26          void write_clusters<double>(char const*, double*, int, int, std::vector<std::vector<int, std::allocator<int> >, std::allocator<std::vector<int, std::allocator<int> > > > const&) [8]
                0.00    0.00       7/7           Cdu::is_assimilated_into(Cdu const&) const [33]
                0.00    0.00       1/12          std::vector<ref<Cdu>, std::allocator<ref<Cdu> > >::_M_insert_aux(__gnu_cxx::__normal_iterator<ref<Cdu>*, std::vector<ref<Cdu>, std::allocator<ref<Cdu> > > >, ref<Cdu> const&) [31]
-----------------------------------------------
                0.00    0.00       1/1           MafiaSolver<double>::find_clusters() [1]
[12]     0.1    0.00    0.00       1         MafiaSolver<double>::build_du_clusters() [12]
                0.00    0.00       3/26          void write_clusters<double>(char const*, double*, int, int, std::vector<std::vector<int, std::allocator<int> >, std::allocator<std::vector<int, std::allocator<int> > > > const&) [8]
                0.00    0.00       1/12          std::vector<ref<Cdu>, std::allocator<ref<Cdu> > >::_M_insert_aux(__gnu_cxx::__normal_iterator<ref<Cdu>*, std::vector<ref<Cdu>, std::allocator<ref<Cdu> > > >, ref<Cdu> const&) [31]
-----------------------------------------------
                0.00    0.00     184/419         Window::merge_with(Window const&) const [21]
                0.00    0.00     235/419         Window::Window(int, int, int) [19]
[18]     0.0    0.00    0.00     419         bitmap::bitmap() [18]
-----------------------------------------------
                0.00    0.00     235/235         MafiaSolver<double>::build_uniform_windows(int, int, std::vector<Window, std::allocator<Window> >&) [30]
[19]     0.0    0.00    0.00     235         Window::Window(int, int, int) [19]
                0.00    0.00     235/419         bitmap::bitmap() [18]
-----------------------------------------------
                0.00    0.00     190/190         MafiaSolver<double>::build_windows() [10]
[20]     0.0    0.00    0.00     190         Window::can_merge_with(Window const&, double) const [20]
-----------------------------------------------
                0.00    0.00     184/184         MafiaSolver<double>::build_windows() [10]
