		     Call graph (explanation follows)


granularity: each sample hit covers 4 byte(s) for 0.01% of 161.79 seconds

index % time    self  children    called     name
                0.00  161.78       1/1           std::vector<std::vector<int, std::allocator<int> >, std::allocator<std::vector<int, std::allocator<int> > > > mafia_solve<double>(double const*, int, int, Options const&) [2]
[1]    100.0    0.00  161.78       1         MafiaSolver<double>::find_clusters() [1]
               42.46   88.82      16/16          MafiaSolver<double>::dedup_cdus() [3]
                0.00   21.76      17/17          MafiaSolver<double>::find_dense_cdus() [5]
                0.46    5.93      17/17          MafiaSolver<double>::find_cdus() [8]
                0.14    2.18      16/16          MafiaSolver<double>::find_unjoined_dus() [10]
                0.02    0.00      17/33          std::vector<ref<Cdu>, std::allocator<ref<Cdu> > >::operator=(std::vector<ref<Cdu>, std::allocator<ref<Cdu> > > const&) [14]
                0.01    0.00       1/1           MafiaSolver<double>::build_histos() [17]
                0.00    0.00       1/1           MafiaSolver<double>::build_clusters() [18]
                0.00    0.00       1/1           MafiaSolver<double>::build_du_clusters() [19]
                0.00    0.00       1/1           MafiaSolver<double>::build_windows() [35]
                0.00    0.00       1/1           MafiaSolver<double>::build_du_graph() [36]
-----------------------------------------------
                                                 <spontaneous>
[2]    100.0    0.00  161.78                 std::vector<std::vector<int, std::allocator<int> >, std::allocator<std::vector<int, std::allocator<int> > > > mafia_solve<double>(double const*, int, int, Options const&) [2]
                0.00  161.78       1/1           MafiaSolver<double>::find_clusters() [1]
                0.00    0.00       1/1           MafiaSolver<double>::MafiaSolver(double const*, int, int, Options const&) [37]
                0.00    0.00       1/1           MafiaSolver<double>::~MafiaSolver() [38]
-----------------------------------------------
               42.46   88.82      16/16          MafiaSolver<double>::find_clusters() [1]
[3]     81.1   42.46   88.82      16         MafiaSolver<double>::dedup_cdus() [3]
               88.79    0.00 136343429/136343429     Cdu::operator==(Cdu const&) [4]
                0.02    0.00     169/206         std::vector<ref<Cdu>, std::allocator<ref<Cdu> > >::_M_insert_aux(__gnu_cxx::__normal_iterator<ref<Cdu>*, std::vector<ref<Cdu>, std::allocator<ref<Cdu> > > >, ref<Cdu> const&) [15]
                0.01    0.00      16/33          std::vector<ref<Cdu>, std::allocator<ref<Cdu> > >::operator=(std::vector<ref<Cdu>, std::allocator<ref<Cdu> > > const&) [14]
-----------------------------------------------
               88.79    0.00 136343429/136343429     MafiaSolver<double>::dedup_cdus() [3]
[4]     54.9   88.79    0.00 136343429         Cdu::operator==(Cdu const&) [4]
-----------------------------------------------
                0.00   21.76      17/17          MafiaSolver<double>::find_clusters() [1]
[5]     13.5    0.00   21.76      17         MafiaSolver<double>::find_dense_cdus() [5]
                1.00   20.76   65612/65612       int Cdu::count_points<double>(double const*, int, int, std::vector<std::vector<Window, std::allocator<Window> >, std::allocator<std::vector<Window, std::allocator<Window> > > > const&) [6]
                0.00    0.00      15/206         std::vector<ref<Cdu>, std::allocator<ref<Cdu> > >::_M_insert_aux(__gnu_cxx::__normal_iterator<ref<Cdu>*, std::vector<ref<Cdu>, std::allocator<ref<Cdu> > > >, ref<Cdu> const&) [15]
                0.00    0.00   65612/65612       Cdu::is_dense(std::vector<std::vector<Window, std::allocator<Window> >, std::allocator<std::vector<Window, std::allocator<Window> > > > const&) const [26]
-----------------------------------------------
                1.00   20.76   65612/65612       MafiaSolver<double>::find_dense_cdus() [5]
[6]     13.4    1.00   20.76   65612         int Cdu::count_points<double>(double const*, int, int, std::vector<std::vector<Window, std::allocator<Window> >, std::allocator<std::vector<Window, std::allocator<Window> > > > const&) [6]
               20.76    0.00 1310380000/1310400000     bool Cdu::contains_point<double>(double const*, std::vector<std::vector<Window, std::allocator<Window> >, std::allocator<std::vector<Window, std::allocator<Window> > > > const&) const [7]
-----------------------------------------------
                0.00    0.00   20000/1310400000     MafiaSolver<double>::build_clusters() [18]
               20.76    0.00 1310380000/1310400000     int Cdu::count_points<double>(double const*, int, int, std::vector<std::vector<Window, std::allocator<Window> >, std::allocator<std::vector<Window, std::allocator<Window> > > > const&) [6]
[7]     12.8   20.76    0.00 1310400000         bool Cdu::contains_point<double>(double const*, std::vector<std::vector<Window, std::allocator<Window> >, std::allocator<std::vector<Window, std::allocator<Window> > > > const&) const [7]
-----------------------------------------------
                0.46    5.93      17/17          MafiaSolver<double>::find_clusters() [1]
[8]      4.0    0.46    5.93      17         MafiaSolver<double>::find_cdus() [8]
