		     Call graph (explanation follows)


granularity: each sample hit covers 4 byte(s) for 0.79% of 1.26 seconds

index % time    self  children    called     name
                0.00    1.26       1/1           std::vector<std::vector<int, std::allocator<int> >, std::allocator<std::vector<int, std::allocator<int> > > > mafia_solve<double>(double const*, int, int, Options const&) [2]
[1]    100.0    0.00    1.26       1         MafiaSolver<double>::find_clusters() [1]
                0.00    1.15      13/13          MafiaSolver<double>::find_dense_cdus() [4]
                0.04    0.05      12/12          MafiaSolver<double>::dedup_cdus() [6]
                0.00    0.01      13/13          MafiaSolver<double>::find_cdus() [10]
                0.00    0.01      12/12          MafiaSolver<double>::find_unjoined_dus() [11]
                0.00    0.00       1/1           MafiaSolver<double>::build_clusters() [12]
                0.00    0.00      13/25          std::vector<ref<Cdu>, std::allocator<ref<Cdu> > >::operator=(std::vector<ref<Cdu>, std::allocator<ref<Cdu> > > const&) [30]
                0.00    0.00       1/1           MafiaSolver<double>::build_histos() [32]
                0.00    0.00       1/1           MafiaSolver<double>::build_windows() [33]
                0.00    0.00       1/1           MafiaSolver<double>::build_du_clusters() [35]
                0.00    0.00       1/1           MafiaSolver<double>::build_du_graph() [34]
-----------------------------------------------
                                                 <spontaneous>
[2]    100.0    0.00    1.26                 std::vector<std::vector<int, std::allocator<int> >, std::allocator<std::vector<int, std::allocator<int> > > > mafia_solve<double>(double const*, int, int, Options const&) [2]
                0.00    1.26       1/1           MafiaSolver<double>::find_clusters() [1]
                0.00    0.00       1/1           MafiaSolver<double>::MafiaSolver(double const*, int, int, Options const&) [36]
                0.00    0.00       1/1           MafiaSolver<double>::~MafiaSolver() [37]
-----------------------------------------------
                0.05    1.10    4174/4174        MafiaSolver<double>::find_dense_cdus() [4]
[3]     91.2    0.05    1.10    4174         int Cdu::count_points<double>(double const*, int, int, std::vector<std::vector<Window, std::allocator<Window> >, std::allocator<std::vector<Window, std::allocator<Window> > > > const&) [3]
                1.10    0.00 81660000/81680000     bool Cdu::contains_point<double>(double const*, std::vector<std::vector<Window, std::allocator<Window> >, std::allocator<std::vector<Window, std::allocator<Window> > > > const&) const [5]
-----------------------------------------------
                0.00    1.15      13/13          MafiaSolver<double>::find_clusters() [1]
[4]     91.2    0.00    1.15      13         MafiaSolver<double>::find_dense_cdus() [4]
                0.05    1.10    4174/4174        int Cdu::count_points<double>(double const*, int, int, std::vector<std::vector<Window, std::allocator<Window> >, std::allocator<std::vector<Window, std::allocator<Window> > > > const&) [3]
                0.00    0.00    4174/4174        Cdu::is_dense(std::vector<std::vector<Window, std::allocator<Window> >, std::allocator<std::vector<Window, std::allocator<Window> > > > const&) const [21]
                0.00    0.00      11/122         std::vector<ref<Cdu>, std::allocator<ref<Cdu> > >::_M_insert_aux(__gnu_cxx::__normal_iterator<ref<Cdu>*, std::vector<ref<Cdu>, std::allocator<ref<Cdu> > > >, ref<Cdu> const&) [26]
-----------------------------------------------
                0.00    0.00   20000/81680000     MafiaSolver<double>::build_clusters() [12]
                1.10    0.00 81660000/81680000     int Cdu::count_points<double>(double const*, int, int, std::vector<std::vector<Window, std::allocator<Window> >, std::allocator<std::vector<Window, std::allocator<Window> > > > const&) [3]
[5]     87.3    1.10    0.00 81680000         bool Cdu::contains_point<double>(double const*, std::vector<std::vector<Window, std::allocator<Window> >, std::allocator<std::vector<Window, std::allocator<Window> > > > const&) const [5]
-----------------------------------------------
                0.04    0.05      12/12          MafiaSolver<double>::find_clusters() [1]
[6]      7.1    0.04    0.05      12         MafiaSolver<double>::dedup_cdus() [6]
                0.05    0.00 21369027/21369027     Cdu::operator==(Cdu const&) [7]
                0.00    0.00      93/122         std::vector<ref<Cdu>, std::allocator<ref<Cdu> > >::_M_insert_aux(__gnu_cxx::__normal_iterator<ref<Cdu>*, std::vector<ref<Cdu>, std::allocator<ref<Cdu> > > >, ref<Cdu> const&) [26]
                0.00    0.00      12/25          std::vector<ref<Cdu>, std::allocator<ref<Cdu> > >::operator=(std::vector<ref<Cdu>, std::allocator<ref<Cdu> > > const&) [30]
-----------------------------------------------
                0.05    0.00 21369027/21369027     MafiaSolver<double>::dedup_cdus() [6]
[7]      4.0    0.05    0.00 21369027         Cdu::operator==(Cdu const&) [7]
-----------------------------------------------
                0.01    0.00 1350030/1350030     MafiaSolver<double>::find_cdus() [10]
[8]      0.8    0.01    0.00 1350030         Cdu::can_merge_with(Cdu const&) [8]
