		     Call graph (explanation follows)


granularity: each sample hit covers 4 byte(s) for 0.02% of 40.17 seconds

index % time    self  children    called     name
                0.00   40.17       1/1           std::vector<std::vector<int, std::allocator<int> >, std::allocator<std::vector<int, std::allocator<int> > > > mafia_solve<double>(double const*, int, int, Options const&) [2]
[1]    100.0    0.00   40.17       1         MafiaSolver<double>::find_clusters() [1]
               10.57   16.67      15/15          MafiaSolver<double>::dedup_cdus() [3]
                0.00   10.66      16/16          MafiaSolver<double>::find_dense_cdus() [5]
                0.06    1.69      16/16          MafiaSolver<double>::find_cdus() [8]
                0.03    0.48      15/15          MafiaSolver<double>::find_unjoined_dus() [10]
                0.01    0.00      16/31          std::vector<ref<Cdu>, std::allocator<ref<Cdu> > >::operator=(std::vector<ref<Cdu>, std::allocator<ref<Cdu> > > const&) [15]
                0.00    0.00       1/1           MafiaSolver<double>::build_clusters() [16]
                0.00    0.00       1/1           MafiaSolver<double>::build_du_clusters() [17]
                0.00    0.00       1/1           MafiaSolver<double>::build_histos() [34]
                0.00    0.00       1/1           MafiaSolver<double>::build_windows() [35]
                0.00    0.00       1/1           MafiaSolver<double>::build_du_graph() [36]
-----------------------------------------------
                                                 <spontaneous>
[2]    100.0    0.00   40.17                 std::vector<std::vector<int, std::allocator<int> >, std::allocator<std::vector<int, std::allocator<int> > > > mafia_solve<double>(double const*, int, int, Options const&) [2]
                0.00   40.17       1/1           MafiaSolver<double>::find_clusters() [1]
                0.00    0.00       1/1           MafiaSolver<double>::MafiaSolver(double const*, int, int, Options const&) [37]
                0.00    0.00       1/1           MafiaSolver<double>::~MafiaSolver() [38]
-----------------------------------------------
               10.57   16.67      15/15          MafiaSolver<double>::find_clusters() [1]
[3]     67.8   10.57   16.67      15         MafiaSolver<double>::dedup_cdus() [3]
               16.65    0.00 1966110728/1966110728     Cdu::operator==(Cdu const&) [4]
                0.02    0.00     148/183         std::vector<ref<Cdu>, std::allocator<ref<Cdu> > >::_M_insert_aux(__gnu_cxx::__normal_iterator<ref<Cdu>*, std::vector<ref<Cdu>, std::allocator<ref<Cdu> > > >, ref<Cdu> const&) [14]
                0.00    0.00      15/31          std::vector<ref<Cdu>, std::allocator<ref<Cdu> > >::operator=(std::vector<ref<Cdu>, std::allocator<ref<Cdu> > > const&) [15]
-----------------------------------------------
               16.65    0.00 1966110728/1966110728     MafiaSolver<double>::dedup_cdus() [3]
[4]     41.4   16.65    0.00 1966110728         Cdu::operator==(Cdu const&) [4]
-----------------------------------------------
                0.00   10.66      16/16          MafiaSolver<double>::find_clusters() [1]
[5]     26.5    0.00   10.66      16         MafiaSolver<double>::find_dense_cdus() [5]
                0.43   10.23   32843/32843       int Cdu::count_points<double>(double const*, int, int, std::vector<std::vector<Window, std::allocator<Window> >, std::allocator<std::vector<Window, std::allocator<Window> > > > const&) [6]
                0.00    0.00      14/183         std::vector<ref<Cdu>, std::allocator<ref<Cdu> > >::_M_insert_aux(__gnu_cxx::__normal_iterator<ref<Cdu>*, std::vector<ref<Cdu>, std::allocator<ref<Cdu> > > >, ref<Cdu> const&) [14]
                0.00    0.00   32843/32843       Cdu::is_dense(std::vector<std::vector<Window, std::allocator<Window> >, std::allocator<std::vector<Window, std::allocator<Window> > > > const&) const [25]
-----------------------------------------------
                0.43   10.23   32843/32843       MafiaSolver<double>::find_dense_cdus() [5]
[6]     26.5    0.43   10.23   32843         int Cdu::count_points<double>(double const*, int, int, std::vector<std::vector<Window, std::allocator<Window> >, std::allocator<std::vector<Window, std::allocator<Window> > > > const&) [6]
               10.23    0.00 655040000/655060000     bool Cdu::contains_point<double>(double const*, std::vector<std::vector<Window, std::allocator<Window> >, std::allocator<std::vector<Window, std::allocator<Window> > > > const&) const [7]
-----------------------------------------------
                0.00    0.00   20000/655060000     MafiaSolver<double>::build_clusters() [16]
               10.23    0.00 655040000/655060000     int Cdu::count_points<double>(double const*, int, int, std::vector<std::vector<Window, std::allocator<Window> >, std::allocator<std::vector<Window, std::allocator<Window> > > > const&) [6]
[7]     25.5   10.23    0.00 655060000         bool Cdu::contains_point<double>(double const*, std::vector<std::vector<Window, std::allocator<Window> >, std::allocator<std::vector<Window, std::allocator<Window> > > > const&) const [7]
-----------------------------------------------
                0.06    1.69      16/16          MafiaSolver<double>::find_clusters() [1]
[8]      4.4    0.06    1.69      16         MafiaSolver<double>::find_cdus() [8]
