		     Call graph (explanation follows)


granularity: each sample hit covers 4 byte(s) for 0.33% of 3.04 seconds

index % time    self  children    called     name
                0.00    3.03       1/1           std::vector<std::vector<int, std::allocator<int> >, std::allocator<std::vector<int, std::allocator<int> > > > mafia_solve<double>(double const*, int, int, Options const&) [2]
[1]     99.7    0.00    3.03       1         MafiaSolver<double>::find_clusters() [1]
                0.00    2.34      14/14          MafiaSolver<double>::find_dense_cdus() [4]
                0.28    0.30      13/13          MafiaSolver<double>::dedup_cdus() [6]
                0.00    0.08      14/14          MafiaSolver<double>::find_cdus() [8]
                0.00    0.03      13/13          MafiaSolver<double>::find_unjoined_dus() [11]
                0.00    0.00       1/1           MafiaSolver<double>::build_clusters() [14]
                0.00    0.00      14/27          std::vector<ref<Cdu>, std::allocator<ref<Cdu> > >::operator=(std::vector<ref<Cdu>, std::allocator<ref<Cdu> > > const&) [31]
                0.00    0.00       1/1           MafiaSolver<double>::build_histos() [33]
                0.00    0.00       1/1           MafiaSolver<double>::build_windows() [34]
                0.00    0.00       1/1           MafiaSolver<double>::build_du_clusters() [36]
                0.00    0.00       1/1           MafiaSolver<double>::build_du_graph() [35]
-----------------------------------------------
                                                 <spontaneous>
[2]     99.7    0.00    3.03                 std::vector<std::vector<int, std::allocator<int> >, std::allocator<std::vector<int, std::allocator<int> > > > mafia_solve<double>(double const*, int, int, Options const&) [2]
                0.00    3.03       1/1           MafiaSolver<double>::find_clusters() [1]
                0.00    0.00       1/1           MafiaSolver<double>::MafiaSolver(double const*, int, int, Options const&) [37]
                0.00    0.00       1/1           MafiaSolver<double>::~MafiaSolver() [38]
-----------------------------------------------
                0.13    2.21    8269/8269        MafiaSolver<double>::find_dense_cdus() [4]
[3]     77.0    0.13    2.21    8269         int Cdu::count_points<double>(double const*, int, int, std::vector<std::vector<Window, std::allocator<Window> >, std::allocator<std::vector<Window, std::allocator<Window> > > > const&) [3]
                2.21    0.00 163560000/163580000     bool Cdu::contains_point<double>(double const*, std::vector<std::vector<Window, std::allocator<Window> >, std::allocator<std::vector<Window, std::allocator<Window> > > > const&) const [5]
-----------------------------------------------
                0.00    2.34      14/14          MafiaSolver<double>::find_clusters() [1]
[4]     77.0    0.00    2.34      14         MafiaSolver<double>::find_dense_cdus() [4]
                0.13    2.21    8269/8269        int Cdu::count_points<double>(double const*, int, int, std::vector<std::vector<Window, std::allocator<Window> >, std::allocator<std::vector<Window, std::allocator<Window> > > > const&) [3]
                0.00    0.00    8269/8269        Cdu::is_dense(std::vector<std::vector<Window, std::allocator<Window> >, std::allocator<std::vector<Window, std::allocator<Window> > > > const&) const [22]
                0.00    0.00      12/143         std::vector<ref<Cdu>, std::allocator<ref<Cdu> > >::_M_insert_aux(__gnu_cxx::__normal_iterator<ref<Cdu>*, std::vector<ref<Cdu>, std::allocator<ref<Cdu> > > >, ref<Cdu> const&) [27]
-----------------------------------------------
                0.00    0.00   20000/163580000     MafiaSolver<double>::build_clusters() [14]
                2.21    0.00 163560000/163580000     int Cdu::count_points<double>(double const*, int, int, std::vector<std::vector<Window, std::allocator<Window> >, std::allocator<std::vector<Window, std::allocator<Window> > > > const&) [3]
[5]     72.7    2.21    0.00 163580000         bool Cdu::contains_point<double>(double const*, std::vector<std::vector<Window, std::allocator<Window> >, std::allocator<std::vector<Window, std::allocator<Window> > > > const&) const [5]
-----------------------------------------------
                0.28    0.30      13/13          MafiaSolver<double>::find_clusters() [1]
[6]     19.1    0.28    0.30      13         MafiaSolver<double>::dedup_cdus() [6]
                0.30    0.00 97421310/97421310     Cdu::operator==(Cdu const&) [7]
                0.00    0.00     112/143         std::vector<ref<Cdu>, std::allocator<ref<Cdu> > >::_M_insert_aux(__gnu_cxx::__normal_iterator<ref<Cdu>*, std::vector<ref<Cdu>, std::allocator<ref<Cdu> > > >, ref<Cdu> const&) [27]
                0.00    0.00      13/27          std::vector<ref<Cdu>, std::allocator<ref<Cdu> > >::operator=(std::vector<ref<Cdu>, std::allocator<ref<Cdu> > > const&) [31]
-----------------------------------------------
                0.30    0.00 97421310/97421310     MafiaSolver<double>::dedup_cdus() [6]
[7]      9.9    0.30    0.00 97421310         Cdu::operator==(Cdu const&) [7]
-----------------------------------------------
                0.00    0.08      14/14          MafiaSolver<double>::find_clusters() [1]
[8]      2.6    0.00    0.08      14         MafiaSolver<double>::find_cdus() [8]
