		     Call graph (explanation follows)


granularity: each sample hit covers 4 byte(s) for 1.89% of 0.53 seconds

index % time    self  children    called     name
                0.00    0.53       1/1           std::vector<std::vector<int, std::allocator<int> >, std::allocator<std::vector<int, std::allocator<int> > > > mafia_solve<double>(double const*, int, int, Options const&) [2]
[1]    100.0    0.00    0.53       1         MafiaSolver<double>::find_clusters() [1]
                0.00    0.49      12/12          MafiaSolver<double>::find_dense_cdus() [4]
                0.00    0.02      12/12          MafiaSolver<double>::find_cdus() [7]
                0.00    0.02      11/11          MafiaSolver<double>::dedup_cdus() [8]
                0.00    0.00       1/1           MafiaSolver<double>::build_clusters() [11]
                0.00    0.00      12/23          std::vector<ref<Cdu>, std::allocator<ref<Cdu> > >::operator=(std::vector<ref<Cdu>, std::allocator<ref<Cdu> > > const&) [29]
                0.00    0.00      11/11          MafiaSolver<double>::find_unjoined_dus() [31]
                0.00    0.00       1/1           MafiaSolver<double>::build_histos() [32]
                0.00    0.00       1/1           MafiaSolver<double>::build_windows() [33]
                0.00    0.00       1/1           MafiaSolver<double>::build_du_clusters() [35]
                0.00    0.00       1/1           MafiaSolver<double>::build_du_graph() [34]
-----------------------------------------------
                                                 <spontaneous>
[2]    100.0    0.00    0.53                 std::vector<std::vector<int, std::allocator<int> >, std::allocator<std::vector<int, std::allocator<int> > > > mafia_solve<double>(double const*, int, int, Options const&) [2]
                0.00    0.53       1/1           MafiaSolver<double>::find_clusters() [1]
                0.00    0.00       1/1           MafiaSolver<double>::MafiaSolver(double const*, int, int, Options const&) [36]
                0.00    0.00       1/1           MafiaSolver<double>::~MafiaSolver() [37]
-----------------------------------------------
                0.01    0.48    2127/2127        MafiaSolver<double>::find_dense_cdus() [4]
[3]     92.4    0.01    0.48    2127         int Cdu::count_points<double>(double const*, int, int, std::vector<std::vector<Window, std::allocator<Window> >, std::allocator<std::vector<Window, std::allocator<Window> > > > const&) [3]
                0.48    0.00 40720000/40740000     bool Cdu::contains_point<double>(double const*, std::vector<std::vector<Window, std::allocator<Window> >, std::allocator<std::vector<Window, std::allocator<Window> > > > const&) const [5]
-----------------------------------------------
                0.00    0.49      12/12          MafiaSolver<double>::find_clusters() [1]
[4]     92.4    0.00    0.49      12         MafiaSolver<double>::find_dense_cdus() [4]
                0.01    0.48    2127/2127        int Cdu::count_points<double>(double const*, int, int, std::vector<std::vector<Window, std::allocator<Window> >, std::allocator<std::vector<Window, std::allocator<Window> > > > const&) [3]
                0.00    0.00    2127/2127        Cdu::is_dense(std::vector<std::vector<Window, std::allocator<Window> >, std::allocator<std::vector<Window, std::allocator<Window> > > > const&) const [20]
                0.00    0.00      10/104         std::vector<ref<Cdu>, std::allocator<ref<Cdu> > >::_M_insert_aux(__gnu_cxx::__normal_iterator<ref<Cdu>*, std::vector<ref<Cdu>, std::allocator<ref<Cdu> > > >, ref<Cdu> const&) [26]
-----------------------------------------------
                0.00    0.00   20000/40740000     MafiaSolver<double>::build_clusters() [11]
                0.48    0.00 40720000/40740000     int Cdu::count_points<double>(double const*, int, int, std::vector<std::vector<Window, std::allocator<Window> >, std::allocator<std::vector<Window, std::allocator<Window> > > > const&) [3]
[5]     90.6    0.48    0.00 40740000         bool Cdu::contains_point<double>(double const*, std::vector<std::vector<Window, std::allocator<Window> >, std::allocator<std::vector<Window, std::allocator<Window> > > > const&) const [5]
-----------------------------------------------
                0.02    0.00 4630944/4630944     MafiaSolver<double>::dedup_cdus() [8]
[6]      3.8    0.02    0.00 4630944         Cdu::operator==(Cdu const&) [6]
-----------------------------------------------
                0.00    0.02      12/12          MafiaSolver<double>::find_clusters() [1]
[7]      3.8    0.00    0.02      12         MafiaSolver<double>::find_cdus() [7]
                0.01    0.00  351692/351692      Cdu::can_merge_with(Cdu const&) [9]
                0.01    0.00   28160/28160       Cdu::merge_with(Cdu const&) [10]
                0.00    0.00      91/112         void write_clusters<double>(char const*, double*, int, int, std::vector<std::vector<int, std::allocator<int> >, std::allocator<std::vector<int, std::allocator<int> > > > const&) [25]
                0.00    0.00      80/28251       Cdu::~Cdu() [19]
                0.00    0.00      14/104         std::vector<ref<Cdu>, std::allocator<ref<Cdu> > >::_M_insert_aux(__gnu_cxx::__normal_iterator<ref<Cdu>*, std::vector<ref<Cdu>, std::allocator<ref<Cdu> > > >, ref<Cdu> const&) [26]
-----------------------------------------------
