workdir: /homeb/zam/adinetz/mafia/exp/experiment-10
make: Entering directory `/homeb/zam/adinetz/mafia/cppmafia'
make: Nothing to be done for `build'.
make: Leaving directory `/homeb/zam/adinetz/mafia/cppmafia'
make: Entering directory `/homeb/zam/adinetz/mafia/utils/clugen'
make: Nothing to be done for `build'.
make: Leaving directory `/homeb/zam/adinetz/mafia/utils/clugen'
1 clusters, 10% points noise
cluster 0: box (0.900) [0:66.51..76.51 1:52.22..62.22]
1 clusters, 10% points noise
cluster 0: box (0.900) [0:50.75..60.75 1:61.73..71.73 2:24.46..34.46]
1 clusters, 10% points noise
cluster 0: box (0.900) [0:79.90..89.90 1:26.03..36.03 2:36.85..46.85 3:71.03..81.03]
1 clusters, 10% points noise
cluster 0: box (0.900) [0:19.61..29.61 1:80.80..90.80 2:4.82..14.82 3:59.59..69.59 4:5.93..15.93]
1 clusters, 10% points noise
cluster 0: box (0.900) [0:49.00..59.00 1:45.42..55.42 2:17.52..27.52 3:2.74..12.74 4:45.85..55.85 5:78.47..88.47]
1 clusters, 10% points noise
cluster 0: box (0.900) [0:33.19..43.19 1:9.69..19.69 2:75.01..85.01 3:80.68..90.68 4:40.35..50.35 5:8.30..18.30 6:35.66..45.66]
1 clusters, 10% points noise
cluster 0: box (0.900) [0:62.57..72.57 1:19.08..29.08 2:87.44..97.44 3:23.83..33.83 4:35.01..45.01 5:28.05..38.05 6:43.78..53.78 7:64.64..74.64]
1 clusters, 10% points noise
cluster 0: box (0.900) [0:1.69..11.69 1:73.41..83.41 2:55.10..65.10 3:56.69..66.69 4:29.56..39.56 5:48.09..58.09 6:51.59..61.59 7:74.36..84.36 8:15.23..25.23]
1 clusters, 10% points noise
cluster 0: box (0.900) [0:68.19..78.19 1:65.12..75.12 2:51.54..61.54 3:83.84..93.84 4:89.17..99.17 5:10.57..20.57 6:41.21..51.21 7:66.82..76.82 8:83.10..93.10 9:40.44..50.44]
1 clusters, 10% points noise
cluster 0: box (0.900) [0:52.57..62.57 1:74.60..84.60 2:64.16..74.16 3:27.01..37.01 4:38.93..48.93 5:30.55..40.55 6:49.35..59.35 7:76.83..86.83 8:53.34..63.34 9:87.20..97.20 10:49.87..59.87]
1 clusters, 10% points noise
cluster 0: box (0.900) [0:81.98..91.98 1:83.96..93.96 2:76.58..86.58 3:60.19..70.19 4:33.56..43.56 5:5.29..15.29 6:57.51..67.51 7:86.71..96.71 8:23.27..33.27 9:43.95..53.95 10:78.91..88.91 11:36.88..46.88]
1 clusters, 10% points noise
cluster 0: box (0.900) [0:66.75..76.75 1:49.13..59.13 2:89.83..99.83 3:3.81..13.81 4:74.12..84.12 5:71.06..81.06 6:66.20..76.20 7:7.64..17.64 8:39.47..49.47 9:1.35..11.35 10:19.16..29.16 11:20.29..30.29 12:0.10..10.10]
1 clusters, 10% points noise
cluster 0: box (0.900) [0:5.69..15.69 1:58.05..68.05 2:56.91..66.91 3:81.44..91.44 4:23.21..33.21 5:45.38..55.38 6:28.72..38.72 7:61.86..71.86 8:8.91..18.91 9:2.35..12.35 10:47.39..57.39 11:46.56..56.56 12:53.58..63.58 13:23.53..33.53]
1 clusters, 10% points noise
cluster 0: box (0.900) [0:80.54..90.54 1:23.13..33.13 2:25.23..35.23 3:25.16..35.16 4:18.66..28.66 5:66.21..76.21 6:82.54..92.54 7:27.67..37.67 8:25.17..35.17 9:49.93..59.93 10:32.50..42.50 11:75.01..85.01 12:18.97..28.97 13:68.16..78.16 14:73.58..83.58]
1 clusters, 10% points noise
cluster 0: box (0.900) [0:64.51..74.51 1:77.00..87.00 2:82.30..92.30 3:12.84..22.84 4:12.70..22.70 5:85.52..95.52 6:45.12..55.12 7:36.83..46.83 8:39.58..49.58 9:51.01..61.01 10:60.67..70.67 11:11.23..21.23 12:27.53..37.53 13:20.52..30.52 14:65.09..75.09 15:51.68..61.68]
1 clusters, 10% points noise
cluster 0: box (0.900) [0:3.89..13.89 1:41.68..51.68 2:50.03..60.03 3:45.99..55.99 4:7.69..17.69 5:60.64..70.64 6:53.24..63.24 7:2.09..12.09 8:10.01..20.01 9:7.73..17.73 10:45.12..55.12 11:38.72..48.72 12:81.87..91.87 13:64.36..74.36 14:58.15..68.15 15:39.40..49.40 16:23.23..33.23]
