		     Call graph (explanation follows)


granularity: each sample hit covers 4 byte(s) for 9.09% of 0.11 seconds

index % time    self  children    called     name
                0.00    0.09       1/1           std::vector<std::vector<int, std::allocator<int> >, std::allocator<std::vector<int, std::allocator<int> > > > mafia_solve<double>(double const*, int, int, Options const&) [2]
[1]     81.8    0.00    0.09       1         MafiaSolver<double>::find_clusters() [1]
                0.00    0.09      14/14          MafiaSolver<double>::find_cdus() [3]
                0.00    0.00       1/1           MafiaSolver<double>::build_histos() [10]
                0.00    0.00       1/1           MafiaSolver<double>::build_windows() [11]
                0.00    0.00      13/13          MafiaSolver<double>::find_unjoined_dus() [12]
                0.00    0.00       1/1           MafiaSolver<double>::build_du_clusters() [13]
                0.00    0.00       1/1           MafiaSolver<double>::build_clusters() [14]
                0.00    0.00      14/14          std::vector<ref<Cdu>, std::allocator<ref<Cdu> > >::operator=(std::vector<ref<Cdu>, std::allocator<ref<Cdu> > > const&) [38]
                0.00    0.00      14/14          MafiaSolver<double>::find_dense_cdus() [37]
                0.00    0.00      13/13          MafiaSolver<double>::dedup_cdus() [40]
                0.00    0.00       1/1           MafiaSolver<double>::build_du_graph() [43]
                0.00    0.00       1/1           MafiaSolver<double>::build_bitmaps() [42]
-----------------------------------------------
                                                 <spontaneous>
[2]     81.8    0.00    0.09                 std::vector<std::vector<int, std::allocator<int> >, std::allocator<std::vector<int, std::allocator<int> > > > mafia_solve<double>(double const*, int, int, Options const&) [2]
                0.00    0.09       1/1           MafiaSolver<double>::find_clusters() [1]
                0.00    0.00       1/1           MafiaSolver<double>::MafiaSolver(double const*, int, int, Options const&) [44]
                0.00    0.00       1/1           MafiaSolver<double>::~MafiaSolver() [45]
-----------------------------------------------
                0.00    0.09      14/14          MafiaSolver<double>::find_clusters() [1]
[3]     81.8    0.00    0.09      14         MafiaSolver<double>::find_cdus() [3]
                0.04    0.00 5196204/5196204     Cdu::can_merge_with(Cdu const&) [4]
                0.00    0.03  159757/159778      void write_clusters<double>(char const*, double*, int, int, std::vector<std::vector<int, std::allocator<int> >, std::allocator<std::vector<int, std::allocator<int> > > > const&) [6]
                0.01    0.01  159744/159744      Cdu::merge_with(Cdu const&) [8]
                0.00    0.00     100/677628      std::vector<dimpair_t, std::allocator<dimpair_t> >::_M_insert_aux(__gnu_cxx::__normal_iterator<dimpair_t*, std::vector<dimpair_t, std::allocator<dimpair_t> > >, dimpair_t const&) [9]
                0.00    0.00  151653/159844      Cdu::~Cdu() [21]
                0.00    0.00      12/26          std::vector<ref<Cdu>, std::allocator<ref<Cdu> > >::_M_insert_aux(__gnu_cxx::__normal_iterator<ref<Cdu>*, std::vector<ref<Cdu>, std::allocator<ref<Cdu> > > >, ref<Cdu> const&) [35]
-----------------------------------------------
                0.04    0.00 5196204/5196204     MafiaSolver<double>::find_cdus() [3]
[4]     36.4    0.04    0.00 5196204         Cdu::can_merge_with(Cdu const&) [4]
-----------------------------------------------
                0.03    0.00 2330606/2330606     void write_clusters<double>(char const*, double*, int, int, std::vector<std::vector<int, std::allocator<int> >, std::allocator<std::vector<int, std::allocator<int> > > > const&) [6]
[5]     27.3    0.03    0.00 2330606         Cdu::operator<(Cdu const&) const [5]
-----------------------------------------------
                                8588             void write_clusters<double>(char const*, double*, int, int, std::vector<std::vector<int, std::allocator<int> >, std::allocator<std::vector<int, std::allocator<int> > > > const&) [6]
                0.00    0.00       1/159778      MafiaSolver<double>::build_clusters() [14]
                0.00    0.00       3/159778      MafiaSolver<double>::build_du_clusters() [13]
                0.00    0.00       5/159778      MafiaSolver<double>::find_unjoined_dus() [12]
                0.00    0.00       6/159778      MafiaSolver<double>::build_histos() [10]
                0.00    0.00       6/159778      MafiaSolver<double>::build_windows() [11]
                0.00    0.03  159757/159778      MafiaSolver<double>::find_cdus() [3]
[6]     27.3    0.00    0.03  159778+8588    void write_clusters<double>(char const*, double*, int, int, std::vector<std::vector<int, std::allocator<int> >, std::allocator<std::vector<int, std::allocator<int> > > > const&) [6]
                0.03    0.00 2330606/2330606     Cdu::operator<(Cdu const&) const [5]
