		     Call graph (explanation follows)


granularity: each sample hit covers 4 byte(s) for 0.05% of 21.65 seconds

index % time    self  children    called     name
                                                 <spontaneous>
[1]    100.0    0.00   21.65                 std::vector<std::vector<int, std::allocator<int> >, std::allocator<std::vector<int, std::allocator<int> > > > mafia_solve<double>(double const*, int, int, Options const&) [1]
                0.00   21.65       1/1           MafiaSolver<double>::find_clusters() [2]
                0.00    0.00       1/1           MafiaSolver<double>::~MafiaSolver() [22]
                0.00    0.00       1/1           MafiaSolver<double>::MafiaSolver(double const*, int, int, Options const&) [45]
-----------------------------------------------
                0.00   21.65       1/1           std::vector<std::vector<int, std::allocator<int> >, std::allocator<std::vector<int, std::allocator<int> > > > mafia_solve<double>(double const*, int, int, Options const&) [1]
[2]    100.0    0.00   21.65       1         MafiaSolver<double>::find_clusters() [2]
                1.12   15.35      18/18          MafiaSolver<double>::find_cdus() [3]
                0.56    4.45      17/17          MafiaSolver<double>::find_unjoined_dus() [5]
                0.00    0.16      18/18          MafiaSolver<double>::find_dense_cdus() [11]
                0.01    0.00       1/1           MafiaSolver<double>::build_histos() [16]
                0.00    0.00      18/18          std::vector<ref<Cdu>, std::allocator<ref<Cdu> > >::operator=(std::vector<ref<Cdu>, std::allocator<ref<Cdu> > > const&) [17]
                0.00    0.00       1/1           MafiaSolver<double>::build_windows() [18]
                0.00    0.00       1/1           MafiaSolver<double>::build_du_clusters() [19]
                0.00    0.00       1/1           MafiaSolver<double>::build_clusters() [20]
                0.00    0.00      17/17          MafiaSolver<double>::dedup_cdus() [40]
                0.00    0.00       1/1           MafiaSolver<double>::build_du_graph() [44]
                0.00    0.00       1/1           MafiaSolver<double>::build_bitmaps() [43]
-----------------------------------------------
                1.12   15.35      18/18          MafiaSolver<double>::find_clusters() [2]
[3]     76.1    1.12   15.35      18         MafiaSolver<double>::find_cdus() [3]
               13.93    0.00 1166737574/1166737574     Cdu::can_merge_with(Cdu const&) [4]
                0.15    0.91 4456465/4456487     void write_clusters<double>(char const*, double*, int, int, std::vector<std::vector<int, std::allocator<int> >, std::allocator<std::vector<int, std::allocator<int> > > > const&) [7]
                0.25    0.09 4456448/4456448     Cdu::merge_with(Cdu const&) [9]
                0.02    0.00 4325467/4456538     Cdu::~Cdu() [15]
                0.00    0.00      90/20912830     std::vector<dimpair_t, std::allocator<dimpair_t> >::_M_insert_aux(__gnu_cxx::__normal_iterator<dimpair_t*, std::vector<dimpair_t, std::allocator<dimpair_t> > >, dimpair_t const&) [13]
                0.00    0.00      16/34          std::vector<ref<Cdu>, std::allocator<ref<Cdu> > >::_M_insert_aux(__gnu_cxx::__normal_iterator<ref<Cdu>*, std::vector<ref<Cdu>, std::allocator<ref<Cdu> > > >, ref<Cdu> const&) [37]
-----------------------------------------------
               13.93    0.00 1166737574/1166737574     MafiaSolver<double>::find_cdus() [3]
[4]     64.3   13.93    0.00 1166737574         Cdu::can_merge_with(Cdu const&) [4]
-----------------------------------------------
                0.56    4.45      17/17          MafiaSolver<double>::find_clusters() [2]
[5]     23.1    0.56    4.45      17         MafiaSolver<double>::find_unjoined_dus() [5]
                4.45    0.00 405253360/405253360     Cdu::is_assimilated_into(Cdu const&) const [6]
                0.00    0.00       6/4456487     void write_clusters<double>(char const*, double*, int, int, std::vector<std::vector<int, std::allocator<int> >, std::allocator<std::vector<int, std::allocator<int> > > > const&) [7]
                0.00    0.00       1/34          std::vector<ref<Cdu>, std::allocator<ref<Cdu> > >::_M_insert_aux(__gnu_cxx::__normal_iterator<ref<Cdu>*, std::vector<ref<Cdu>, std::allocator<ref<Cdu> > > >, ref<Cdu> const&) [37]
-----------------------------------------------
                4.45    0.00 405253360/405253360     MafiaSolver<double>::find_unjoined_dus() [5]
[6]     20.6    4.45    0.00 405253360         Cdu::is_assimilated_into(Cdu const&) const [6]
-----------------------------------------------
                              147610             void write_clusters<double>(char const*, double*, int, int, std::vector<std::vector<int, std::allocator<int> >, std::allocator<std::vector<int, std::allocator<int> > > > const&) [7]
                0.00    0.00       1/4456487     MafiaSolver<double>::build_clusters() [20]
                0.00    0.00       3/4456487     MafiaSolver<double>::build_du_clusters() [19]
