		     Call graph (explanation follows)


granularity: each sample hit covers 4 byte(s) for 0.19% of 5.34 seconds

index % time    self  children    called     name
                0.00    5.32       1/1           std::vector<std::vector<int, std::allocator<int> >, std::allocator<std::vector<int, std::allocator<int> > > > mafia_solve<double>(double const*, int, int, Options const&) [2]
[1]     99.6    0.00    5.32       1         MafiaSolver<double>::find_clusters() [1]
                0.37    3.63      17/17          MafiaSolver<double>::find_cdus() [3]
                0.17    1.08      16/16          MafiaSolver<double>::find_unjoined_dus() [5]
                0.00    0.07      17/17          MafiaSolver<double>::find_dense_cdus() [11]
                0.00    0.00       1/1           MafiaSolver<double>::build_histos() [16]
                0.00    0.00       1/1           MafiaSolver<double>::build_windows() [17]
                0.00    0.00       1/1           MafiaSolver<double>::build_du_clusters() [18]
                0.00    0.00       1/1           MafiaSolver<double>::build_clusters() [19]
                0.00    0.00      17/17          std::vector<ref<Cdu>, std::allocator<ref<Cdu> > >::operator=(std::vector<ref<Cdu>, std::allocator<ref<Cdu> > > const&) [37]
                0.00    0.00      16/16          MafiaSolver<double>::dedup_cdus() [39]
                0.00    0.00       1/1           MafiaSolver<double>::build_du_graph() [43]
                0.00    0.00       1/1           MafiaSolver<double>::build_bitmaps() [42]
-----------------------------------------------
                                                 <spontaneous>
[2]     99.6    0.00    5.32                 std::vector<std::vector<int, std::allocator<int> >, std::allocator<std::vector<int, std::allocator<int> > > > mafia_solve<double>(double const*, int, int, Options const&) [2]
                0.00    5.32       1/1           MafiaSolver<double>::find_clusters() [1]
                0.00    0.00       1/1           MafiaSolver<double>::MafiaSolver(double const*, int, int, Options const&) [44]
                0.00    0.00       1/1           MafiaSolver<double>::~MafiaSolver() [45]
-----------------------------------------------
                0.37    3.63      17/17          MafiaSolver<double>::find_clusters() [1]
[3]     74.9    0.37    3.63      17         MafiaSolver<double>::find_cdus() [3]
                3.11    0.00 300507427/300507427     Cdu::can_merge_with(Cdu const&) [4]
                0.08    0.29 1966096/1966117     void write_clusters<double>(char const*, double*, int, int, std::vector<std::vector<int, std::allocator<int> >, std::allocator<std::vector<int, std::allocator<int> > > > const&) [7]
                0.10    0.05 1966080/1966080     Cdu::merge_with(Cdu const&) [9]
                0.00    0.00      91/9040551     std::vector<dimpair_t, std::allocator<dimpair_t> >::_M_insert_aux(__gnu_cxx::__normal_iterator<dimpair_t*, std::vector<dimpair_t, std::allocator<dimpair_t> > >, dimpair_t const&) [12]
                0.00    0.00 1900636/1966171     Cdu::~Cdu() [25]
                0.00    0.00      15/32          std::vector<ref<Cdu>, std::allocator<ref<Cdu> > >::_M_insert_aux(__gnu_cxx::__normal_iterator<ref<Cdu>*, std::vector<ref<Cdu>, std::allocator<ref<Cdu> > > >, ref<Cdu> const&) [35]
-----------------------------------------------
                3.11    0.00 300507427/300507427     MafiaSolver<double>::find_cdus() [3]
[4]     58.2    3.11    0.00 300507427         Cdu::can_merge_with(Cdu const&) [4]
-----------------------------------------------
                0.17    1.08      16/16          MafiaSolver<double>::find_clusters() [1]
[5]     23.4    0.17    1.08      16         MafiaSolver<double>::find_unjoined_dus() [5]
                1.08    0.00 104680397/104680397     Cdu::is_assimilated_into(Cdu const&) const [6]
                0.00    0.00       5/1966117     void write_clusters<double>(char const*, double*, int, int, std::vector<std::vector<int, std::allocator<int> >, std::allocator<std::vector<int, std::allocator<int> > > > const&) [7]
                0.00    0.00       1/32          std::vector<ref<Cdu>, std::allocator<ref<Cdu> > >::_M_insert_aux(__gnu_cxx::__normal_iterator<ref<Cdu>*, std::vector<ref<Cdu>, std::allocator<ref<Cdu> > > >, ref<Cdu> const&) [35]
-----------------------------------------------
                1.08    0.00 104680397/104680397     MafiaSolver<double>::find_unjoined_dus() [5]
[6]     20.2    1.08    0.00 104680397         Cdu::is_assimilated_into(Cdu const&) const [6]
-----------------------------------------------
                               72566             void write_clusters<double>(char const*, double*, int, int, std::vector<std::vector<int, std::allocator<int> >, std::allocator<std::vector<int, std::allocator<int> > > > const&) [7]
                0.00    0.00       1/1966117     MafiaSolver<double>::build_clusters() [19]
                0.00    0.00       3/1966117     MafiaSolver<double>::build_du_clusters() [18]
