		     Call graph (explanation follows)


granularity: each sample hit covers 4 byte(s) for 2.38% of 0.42 seconds

index % time    self  children    called     name
                0.00    0.42       1/1           std::vector<std::vector<int, std::allocator<int> >, std::allocator<std::vector<int, std::allocator<int> > > > mafia_solve<double>(double const*, int, int, Options const&) [2]
[1]    100.0    0.00    0.42       1         MafiaSolver<double>::find_clusters() [1]
                0.03    0.33      15/15          MafiaSolver<double>::find_cdus() [3]
                0.00    0.06      14/14          MafiaSolver<double>::find_unjoined_dus() [5]
                0.00    0.00       1/1           MafiaSolver<double>::build_histos() [11]
                0.00    0.00       1/1           MafiaSolver<double>::build_windows() [12]
                0.00    0.00       1/1           MafiaSolver<double>::build_du_clusters() [13]
                0.00    0.00       1/1           MafiaSolver<double>::build_clusters() [14]
                0.00    0.00      15/15          std::vector<ref<Cdu>, std::allocator<ref<Cdu> > >::operator=(std::vector<ref<Cdu>, std::allocator<ref<Cdu> > > const&) [38]
                0.00    0.00      15/15          MafiaSolver<double>::find_dense_cdus() [37]
                0.00    0.00      14/14          MafiaSolver<double>::dedup_cdus() [40]
                0.00    0.00       1/1           MafiaSolver<double>::build_du_graph() [43]
                0.00    0.00       1/1           MafiaSolver<double>::build_bitmaps() [42]
-----------------------------------------------
                                                 <spontaneous>
[2]    100.0    0.00    0.42                 std::vector<std::vector<int, std::allocator<int> >, std::allocator<std::vector<int, std::allocator<int> > > > mafia_solve<double>(double const*, int, int, Options const&) [2]
                0.00    0.42       1/1           MafiaSolver<double>::find_clusters() [1]
                0.00    0.00       1/1           MafiaSolver<double>::MafiaSolver(double const*, int, int, Options const&) [44]
                0.00    0.00       1/1           MafiaSolver<double>::~MafiaSolver() [45]
-----------------------------------------------
                0.03    0.33      15/15          MafiaSolver<double>::find_clusters() [1]
[3]     85.7    0.03    0.33      15         MafiaSolver<double>::find_cdus() [3]
                0.26    0.00 20050108/20050108     Cdu::can_merge_with(Cdu const&) [4]
                0.01    0.04  372750/372771      void write_clusters<double>(char const*, double*, int, int, std::vector<std::vector<int, std::allocator<int> >, std::allocator<std::vector<int, std::allocator<int> > > > const&) [7]
                0.01    0.01  372736/372736      Cdu::merge_with(Cdu const&) [9]
                0.00    0.00      91/1628101     std::vector<dimpair_t, std::allocator<dimpair_t> >::_M_insert_aux(__gnu_cxx::__normal_iterator<dimpair_t*, std::vector<dimpair_t, std::allocator<dimpair_t> > >, dimpair_t const&) [10]
                0.00    0.00  356444/372827      Cdu::~Cdu() [21]
                0.00    0.00      13/28          std::vector<ref<Cdu>, std::allocator<ref<Cdu> > >::_M_insert_aux(__gnu_cxx::__normal_iterator<ref<Cdu>*, std::vector<ref<Cdu>, std::allocator<ref<Cdu> > > >, ref<Cdu> const&) [34]
-----------------------------------------------
                0.26    0.00 20050108/20050108     MafiaSolver<double>::find_cdus() [3]
[4]     61.9    0.26    0.00 20050108         Cdu::can_merge_with(Cdu const&) [4]
-----------------------------------------------
                0.00    0.06      14/14          MafiaSolver<double>::find_clusters() [1]
[5]     14.3    0.00    0.06      14         MafiaSolver<double>::find_unjoined_dus() [5]
                0.06    0.00 7038761/7038761     Cdu::is_assimilated_into(Cdu const&) const [6]
                0.00    0.00       5/372771      void write_clusters<double>(char const*, double*, int, int, std::vector<std::vector<int, std::allocator<int> >, std::allocator<std::vector<int, std::allocator<int> > > > const&) [7]
                0.00    0.00       1/28          std::vector<ref<Cdu>, std::allocator<ref<Cdu> > >::_M_insert_aux(__gnu_cxx::__normal_iterator<ref<Cdu>*, std::vector<ref<Cdu>, std::allocator<ref<Cdu> > > >, ref<Cdu> const&) [34]
-----------------------------------------------
                0.06    0.00 7038761/7038761     MafiaSolver<double>::find_unjoined_dus() [5]
[6]     14.3    0.06    0.00 7038761         Cdu::is_assimilated_into(Cdu const&) const [6]
-----------------------------------------------
                               17510             void write_clusters<double>(char const*, double*, int, int, std::vector<std::vector<int, std::allocator<int> >, std::allocator<std::vector<int, std::allocator<int> > > > const&) [7]
                0.00    0.00       1/372771      MafiaSolver<double>::build_clusters() [14]
                0.00    0.00       3/372771      MafiaSolver<double>::build_du_clusters() [13]
