		     Call graph (explanation follows)


granularity: each sample hit covers 4 byte(s) for 16.67% of 0.06 seconds

index % time    self  children    called     name
                0.00    0.05       1/1           std::vector<std::vector<int, std::allocator<int> >, std::allocator<std::vector<int, std::allocator<int> > > > mafia_solve<double>(double const*, int, int, Options const&) [2]
[1]     83.3    0.00    0.05       1         MafiaSolver<double>::find_clusters() [1]
                0.00    0.03      12/12          MafiaSolver<double>::find_unjoined_dus() [4]
                0.01    0.01      13/13          MafiaSolver<double>::find_cdus() [5]
                0.00    0.00      13/13          std::vector<ref<Cdu>, std::allocator<ref<Cdu> > >::operator=(std::vector<ref<Cdu>, std::allocator<ref<Cdu> > > const&) [34]
                0.00    0.00      13/13          MafiaSolver<double>::find_dense_cdus() [33]
                0.00    0.00      12/12          MafiaSolver<double>::dedup_cdus() [36]
                0.00    0.00       1/1           MafiaSolver<double>::build_histos() [38]
                0.00    0.00       1/1           MafiaSolver<double>::build_windows() [40]
                0.00    0.00       1/1           MafiaSolver<double>::build_du_graph() [42]
                0.00    0.00       1/1           MafiaSolver<double>::build_clusters() [41]
                0.00    0.00       1/1           MafiaSolver<double>::build_du_clusters() [43]
                0.00    0.00       1/1           MafiaSolver<double>::build_bitmaps() [39]
-----------------------------------------------
                                                 <spontaneous>
[2]     83.3    0.00    0.05                 std::vector<std::vector<int, std::allocator<int> >, std::allocator<std::vector<int, std::allocator<int> > > > mafia_solve<double>(double const*, int, int, Options const&) [2]
                0.00    0.05       1/1           MafiaSolver<double>::find_clusters() [1]
                0.00    0.00       1/1           MafiaSolver<double>::MafiaSolver(double const*, int, int, Options const&) [44]
                0.00    0.00       1/1           MafiaSolver<double>::~MafiaSolver() [45]
-----------------------------------------------
                0.03    0.00  480239/480239      MafiaSolver<double>::find_unjoined_dus() [4]
[3]     50.0    0.03    0.00  480239         Cdu::is_assimilated_into(Cdu const&) const [3]
-----------------------------------------------
                0.00    0.03      12/12          MafiaSolver<double>::find_clusters() [1]
[4]     50.0    0.00    0.03      12         MafiaSolver<double>::find_unjoined_dus() [4]
                0.03    0.00  480239/480239      Cdu::is_assimilated_into(Cdu const&) const [3]
                0.00    0.00       5/67617       void write_clusters<double>(char const*, double*, int, int, std::vector<std::vector<int, std::allocator<int> >, std::allocator<std::vector<int, std::allocator<int> > > > const&) [16]
                0.00    0.00       1/24          std::vector<ref<Cdu>, std::allocator<ref<Cdu> > >::_M_insert_aux(__gnu_cxx::__normal_iterator<ref<Cdu>*, std::vector<ref<Cdu>, std::allocator<ref<Cdu> > > >, ref<Cdu> const&) [31]
-----------------------------------------------
                0.01    0.01      13/13          MafiaSolver<double>::find_clusters() [1]
[5]     33.3    0.01    0.01      13         MafiaSolver<double>::find_cdus() [5]
                0.01    0.00 1350030/1350030     Cdu::can_merge_with(Cdu const&) [6]
                0.00    0.00   67596/67617       void write_clusters<double>(char const*, double*, int, int, std::vector<std::vector<int, std::allocator<int> >, std::allocator<std::vector<int, std::allocator<int> > > > const&) [16]
                0.00    0.00   67584/67584       Cdu::merge_with(Cdu const&) [17]
                0.00    0.00   63588/67683       Cdu::~Cdu() [15]
                0.00    0.00      99/278309      std::vector<dimpair_t, std::allocator<dimpair_t> >::_M_insert_aux(__gnu_cxx::__normal_iterator<dimpair_t*, std::vector<dimpair_t, std::allocator<dimpair_t> > >, dimpair_t const&) [14]
                0.00    0.00      11/24          std::vector<ref<Cdu>, std::allocator<ref<Cdu> > >::_M_insert_aux(__gnu_cxx::__normal_iterator<ref<Cdu>*, std::vector<ref<Cdu>, std::allocator<ref<Cdu> > > >, ref<Cdu> const&) [31]
-----------------------------------------------
                0.01    0.00 1350030/1350030     MafiaSolver<double>::find_cdus() [5]
[6]     16.7    0.01    0.00 1350030         Cdu::can_merge_with(Cdu const&) [6]
-----------------------------------------------
                                                 <spontaneous>
[7]     16.7    0.01    0.00                 void read_points<double>(char const*, double**, int*, int*) [7]
                0.00    0.00      20/278309      std::vector<dimpair_t, std::allocator<dimpair_t> >::_M_insert_aux(__gnu_cxx::__normal_iterator<dimpair_t*, std::vector<dimpair_t, std::allocator<dimpair_t> > >, dimpair_t const&) [14]
