		     Call graph (explanation follows)


granularity: each sample hit covers 4 byte(s) no time propagated

index % time    self  children    called     name
                0.00    0.00   39046/39046       void write_clusters<double>(char const*, double*, int, int, std::vector<std::vector<int, std::allocator<int> >, std::allocator<std::vector<int, std::allocator<int> > > > const&) [12]
[6]      0.0    0.00    0.00   39046         Cdu::operator<(Cdu const&) const [6]
-----------------------------------------------
                0.00    0.00   24054/24054       MafiaSolver<double>::find_cdus() [29]
[7]      0.0    0.00    0.00   24054         Cdu::can_merge_with(Cdu const&) [7]
-----------------------------------------------
                0.00    0.00   20000/20000       MafiaSolver<double>::build_clusters() [39]
[8]      0.0    0.00    0.00   20000         bool Cdu::contains_point<double>(double const*, std::vector<std::vector<Window, std::allocator<Window> >, std::allocator<std::vector<Window, std::allocator<Window> > > > const&) const [8]
-----------------------------------------------
                0.00    0.00      20/17508       void read_points<double>(char const*, double**, int*, int*) [46]
                0.00    0.00     100/17508       MafiaSolver<double>::find_cdus() [29]
                0.00    0.00   17388/17508       Cdu::merge_with(Cdu const&) [13]
[9]      0.0    0.00    0.00   17508         std::vector<dimpair_t, std::allocator<dimpair_t> >::_M_insert_aux(__gnu_cxx::__normal_iterator<dimpair_t*, std::vector<dimpair_t, std::allocator<dimpair_t> > >, dimpair_t const&) [9]
-----------------------------------------------
                0.00    0.00    9043/9043        MafiaSolver<double>::find_unjoined_dus() [33]
[10]     0.0    0.00    0.00    9043         Cdu::is_assimilated_into(Cdu const&) const [10]
-----------------------------------------------
                0.00    0.00       1/4708        MafiaSolver<double>::~MafiaSolver() [43]
                0.00    0.00     510/4708        std::vector<ref<Cdu>, std::allocator<ref<Cdu> > >::operator=(std::vector<ref<Cdu>, std::allocator<ref<Cdu> > > const&) [30]
                0.00    0.00    4197/4708        MafiaSolver<double>::find_cdus() [29]
[11]     0.0    0.00    0.00    4708         Cdu::~Cdu() [11]
-----------------------------------------------
                                 510             void write_clusters<double>(char const*, double*, int, int, std::vector<std::vector<int, std::allocator<int> >, std::allocator<std::vector<int, std::allocator<int> > > > const&) [12]
                0.00    0.00       1/4638        MafiaSolver<double>::build_clusters() [39]
                0.00    0.00       3/4638        MafiaSolver<double>::build_du_clusters() [41]
                0.00    0.00       5/4638        MafiaSolver<double>::find_unjoined_dus() [33]
                0.00    0.00       6/4638        MafiaSolver<double>::build_histos() [35]
                0.00    0.00       6/4638        MafiaSolver<double>::build_windows() [37]
                0.00    0.00    4617/4638        MafiaSolver<double>::find_cdus() [29]
[12]     0.0    0.00    0.00    4638+510     void write_clusters<double>(char const*, double*, int, int, std::vector<std::vector<int, std::allocator<int> >, std::allocator<std::vector<int, std::allocator<int> > > > const&) [12]
                0.00    0.00   39046/39046       Cdu::operator<(Cdu const&) const [6]
                                 510             void write_clusters<double>(char const*, double*, int, int, std::vector<std::vector<int, std::allocator<int> >, std::allocator<std::vector<int, std::allocator<int> > > > const&) [12]
-----------------------------------------------
                0.00    0.00    4608/4608        MafiaSolver<double>::find_cdus() [29]
[13]     0.0    0.00    0.00    4608         Cdu::merge_with(Cdu const&) [13]
                0.00    0.00   17388/17508       std::vector<dimpair_t, std::allocator<dimpair_t> >::_M_insert_aux(__gnu_cxx::__normal_iterator<dimpair_t*, std::vector<dimpair_t, std::allocator<dimpair_t> > >, dimpair_t const&) [9]
-----------------------------------------------
                0.00    0.00    1793/1793        Cdu::count_points_bitmaps(int, std::vector<std::vector<Window, std::allocator<Window> >, std::allocator<std::vector<Window, std::allocator<Window> > > > const&) [16]
[14]     0.0    0.00    0.00    1793         bitmap::operator&=(bitmap const&) [14]
-----------------------------------------------
                0.00    0.00     344/799         Window::merge_with(Window const&) const [21]
                0.00    0.00     455/799         Window::Window(int, int, int) [19]
[15]     0.0    0.00    0.00     799         bitmap::bitmap() [15]
-----------------------------------------------
