		     Call graph (explanation follows)


granularity: each sample hit covers 4 byte(s) for 50.00% of 0.02 seconds

index % time    self  children    called     name
                0.00    0.02       1/1           std::vector<std::vector<int, std::allocator<int> >, std::allocator<std::vector<int, std::allocator<int> > > > mafia_solve<double>(double const*, int, int, Options const&) [2]
[1]    100.0    0.00    0.02       1         MafiaSolver<double>::find_clusters() [1]
                0.01    0.00       1/1           MafiaSolver<double>::build_bitmaps() [4]
                0.00    0.01      11/11          MafiaSolver<double>::find_cdus() [5]
                0.00    0.00      11/11          std::vector<ref<Cdu>, std::allocator<ref<Cdu> > >::operator=(std::vector<ref<Cdu>, std::allocator<ref<Cdu> > > const&) [34]
                0.00    0.00      11/11          MafiaSolver<double>::find_dense_cdus() [33]
                0.00    0.00      10/10          MafiaSolver<double>::dedup_cdus() [36]
                0.00    0.00      10/10          MafiaSolver<double>::find_unjoined_dus() [37]
                0.00    0.00       1/1           MafiaSolver<double>::build_histos() [39]
                0.00    0.00       1/1           MafiaSolver<double>::build_windows() [40]
                0.00    0.00       1/1           MafiaSolver<double>::build_du_graph() [42]
                0.00    0.00       1/1           MafiaSolver<double>::build_clusters() [41]
                0.00    0.00       1/1           MafiaSolver<double>::build_du_clusters() [43]
-----------------------------------------------
                                                 <spontaneous>
[2]    100.0    0.00    0.02                 std::vector<std::vector<int, std::allocator<int> >, std::allocator<std::vector<int, std::allocator<int> > > > mafia_solve<double>(double const*, int, int, Options const&) [2]
                0.00    0.02       1/1           MafiaSolver<double>::find_clusters() [1]
                0.00    0.00       1/1           MafiaSolver<double>::MafiaSolver(double const*, int, int, Options const&) [44]
                0.00    0.00       1/1           MafiaSolver<double>::~MafiaSolver() [45]
-----------------------------------------------
                0.00    0.00      20/44896       void read_points<double>(char const*, double**, int*, int*) [7]
                0.00    0.00     101/44896       MafiaSolver<double>::find_cdus() [5]
                0.01    0.00   44775/44896       Cdu::merge_with(Cdu const&) [6]
[3]     50.0    0.01    0.00   44896         std::vector<dimpair_t, std::allocator<dimpair_t> >::_M_insert_aux(__gnu_cxx::__normal_iterator<dimpair_t*, std::vector<dimpair_t, std::allocator<dimpair_t> > >, dimpair_t const&) [3]
-----------------------------------------------
                0.01    0.00       1/1           MafiaSolver<double>::find_clusters() [1]
[4]     50.0    0.01    0.00       1         MafiaSolver<double>::build_bitmaps() [4]
                0.00    0.00     101/101         Window::is_dense() [29]
                0.00    0.00      10/10          bitmap::bitmap(unsigned long, bool) [38]
-----------------------------------------------
                0.00    0.01      11/11          MafiaSolver<double>::find_clusters() [1]
[5]     50.0    0.00    0.01      11         MafiaSolver<double>::find_cdus() [5]
                0.00    0.01   11520/11520       Cdu::merge_with(Cdu const&) [6]
                0.00    0.00     101/44896       std::vector<dimpair_t, std::allocator<dimpair_t> >::_M_insert_aux(__gnu_cxx::__normal_iterator<dimpair_t*, std::vector<dimpair_t, std::allocator<dimpair_t> > >, dimpair_t const&) [3]
                0.00    0.00   91866/91866       Cdu::can_merge_with(Cdu const&) [14]
                0.00    0.00   11530/11551       void write_clusters<double>(char const*, double*, int, int, std::vector<std::vector<int, std::allocator<int> >, std::allocator<std::vector<int, std::allocator<int> > > > const&) [18]
                0.00    0.00   10598/11621       Cdu::~Cdu() [17]
                0.00    0.00       9/20          std::vector<ref<Cdu>, std::allocator<ref<Cdu> > >::_M_insert_aux(__gnu_cxx::__normal_iterator<ref<Cdu>*, std::vector<ref<Cdu>, std::allocator<ref<Cdu> > > >, ref<Cdu> const&) [31]
-----------------------------------------------
                0.00    0.01   11520/11520       MafiaSolver<double>::find_cdus() [5]
[6]     49.9    0.00    0.01   11520         Cdu::merge_with(Cdu const&) [6]
                0.01    0.00   44775/44896       std::vector<dimpair_t, std::allocator<dimpair_t> >::_M_insert_aux(__gnu_cxx::__normal_iterator<dimpair_t*, std::vector<dimpair_t, std::allocator<dimpair_t> > >, dimpair_t const&) [3]
-----------------------------------------------
                                                 <spontaneous>
