		     Call graph (explanation follows)


granularity: each sample hit covers 4 byte(s) for 50.00% of 0.02 seconds

index % time    self  children    called     name
                0.01    0.00   28160/28160       MafiaSolver<double>::find_cdus() [2]
[1]     50.0    0.01    0.00   28160         Cdu::merge_with(Cdu const&) [1]
                0.00    0.00  112585/112705      std::vector<dimpair_t, std::allocator<dimpair_t> >::_M_insert_aux(__gnu_cxx::__normal_iterator<dimpair_t*, std::vector<dimpair_t, std::allocator<dimpair_t> > >, dimpair_t const&) [14]
-----------------------------------------------
                0.00    0.01      12/12          MafiaSolver<double>::find_clusters() [3]
[2]     50.0    0.00    0.01      12         MafiaSolver<double>::find_cdus() [2]
                0.01    0.00   28160/28160       Cdu::merge_with(Cdu const&) [1]
                0.00    0.00  351692/351692      Cdu::can_merge_with(Cdu const&) [11]
                0.00    0.00   28171/28192       void write_clusters<double>(char const*, double*, int, int, std::vector<std::vector<int, std::allocator<int> >, std::allocator<std::vector<int, std::allocator<int> > > > const&) [16]
                0.00    0.00   26213/28260       Cdu::~Cdu() [15]
                0.00    0.00     100/112705      std::vector<dimpair_t, std::allocator<dimpair_t> >::_M_insert_aux(__gnu_cxx::__normal_iterator<dimpair_t*, std::vector<dimpair_t, std::allocator<dimpair_t> > >, dimpair_t const&) [14]
                0.00    0.00      10/22          std::vector<ref<Cdu>, std::allocator<ref<Cdu> > >::_M_insert_aux(__gnu_cxx::__normal_iterator<ref<Cdu>*, std::vector<ref<Cdu>, std::allocator<ref<Cdu> > > >, ref<Cdu> const&) [30]
-----------------------------------------------
                0.00    0.01       1/1           std::vector<std::vector<int, std::allocator<int> >, std::allocator<std::vector<int, std::allocator<int> > > > mafia_solve<double>(double const*, int, int, Options const&) [4]
[3]     50.0    0.00    0.01       1         MafiaSolver<double>::find_clusters() [3]
                0.00    0.01      12/12          MafiaSolver<double>::find_cdus() [2]
                0.00    0.00      12/12          std::vector<ref<Cdu>, std::allocator<ref<Cdu> > >::operator=(std::vector<ref<Cdu>, std::allocator<ref<Cdu> > > const&) [33]
                0.00    0.00      12/12          MafiaSolver<double>::find_dense_cdus() [32]
                0.00    0.00      11/11          MafiaSolver<double>::dedup_cdus() [35]
                0.00    0.00      11/11          MafiaSolver<double>::find_unjoined_dus() [36]
                0.00    0.00       1/1           MafiaSolver<double>::build_histos() [38]
                0.00    0.00       1/1           MafiaSolver<double>::build_windows() [40]
                0.00    0.00       1/1           MafiaSolver<double>::build_du_graph() [42]
                0.00    0.00       1/1           MafiaSolver<double>::build_clusters() [41]
                0.00    0.00       1/1           MafiaSolver<double>::build_du_clusters() [43]
                0.00    0.00       1/1           MafiaSolver<double>::build_bitmaps() [39]
-----------------------------------------------
                                                 <spontaneous>
[4]     50.0    0.00    0.01                 std::vector<std::vector<int, std::allocator<int> >, std::allocator<std::vector<int, std::allocator<int> > > > mafia_solve<double>(double const*, int, int, Options const&) [4]
                0.00    0.01       1/1           MafiaSolver<double>::find_clusters() [3]
                0.00    0.00       1/1           MafiaSolver<double>::MafiaSolver(double const*, int, int, Options const&) [44]
                0.00    0.00       1/1           MafiaSolver<double>::~MafiaSolver() [45]
-----------------------------------------------
                                                 <spontaneous>
[5]     50.0    0.01    0.00                 void read_points<double>(char const*, double**, int*, int*) [5]
                0.00    0.00      20/112705      std::vector<dimpair_t, std::allocator<dimpair_t> >::_M_insert_aux(__gnu_cxx::__normal_iterator<dimpair_t*, std::vector<dimpair_t, std::allocator<dimpair_t> > >, dimpair_t const&) [14]
-----------------------------------------------
                0.00    0.00  351692/351692      MafiaSolver<double>::find_cdus() [2]
[11]     0.0    0.00    0.00  351692         Cdu::can_merge_with(Cdu const&) [11]
-----------------------------------------------
                0.00    0.00  322130/322130      void write_clusters<double>(char const*, double*, int, int, std::vector<std::vector<int, std::allocator<int> >, std::allocator<std::vector<int, std::allocator<int> > > > const&) [16]
[12]     0.0    0.00    0.00  322130         Cdu::operator<(Cdu const&) const [12]
-----------------------------------------------
                0.00    0.00  126499/126499      MafiaSolver<double>::find_unjoined_dus() [36]
