		     Call graph (explanation follows)


granularity: each sample hit covers 4 byte(s) for 0.01% of 112.00 seconds

index % time    self  children    called     name
                0.00  112.00       1/1           std::vector<std::vector<int, std::allocator<int> >, std::allocator<std::vector<int, std::allocator<int> > > > mafia_solve<double>(double const*, int, int, Options const&) [2]
[1]    100.0    0.00  112.00       1         MafiaSolver<double>::find_clusters() [1]
                5.49   84.00      19/19          MafiaSolver<double>::find_cdus() [3]
                1.97   20.26      18/18          MafiaSolver<double>::find_unjoined_dus() [5]
                0.00    0.26      19/19          MafiaSolver<double>::find_dense_cdus() [11]
                0.01    0.00       1/1           MafiaSolver<double>::build_bitmaps() [16]
                0.00    0.00       1/1           MafiaSolver<double>::build_du_clusters() [17]
                0.00    0.00       1/1           MafiaSolver<double>::build_histos() [18]
                0.00    0.00       1/1           MafiaSolver<double>::build_windows() [19]
                0.00    0.00       1/1           MafiaSolver<double>::build_clusters() [20]
                0.00    0.00      19/19          std::vector<ref<Cdu>, std::allocator<ref<Cdu> > >::operator=(std::vector<ref<Cdu>, std::allocator<ref<Cdu> > > const&) [38]
                0.00    0.00      18/18          MafiaSolver<double>::dedup_cdus() [40]
                0.00    0.00       1/1           MafiaSolver<double>::build_du_graph() [43]
-----------------------------------------------
                                                 <spontaneous>
[2]    100.0    0.00  112.00                 std::vector<std::vector<int, std::allocator<int> >, std::allocator<std::vector<int, std::allocator<int> > > > mafia_solve<double>(double const*, int, int, Options const&) [2]
                0.00  112.00       1/1           MafiaSolver<double>::find_clusters() [1]
                0.00    0.00       1/1           MafiaSolver<double>::MafiaSolver(double const*, int, int, Options const&) [44]
                0.00    0.00       1/1           MafiaSolver<double>::~MafiaSolver() [45]
-----------------------------------------------
                5.49   84.00      19/19          MafiaSolver<double>::find_clusters() [1]
[3]     79.9    5.49   84.00      19         MafiaSolver<double>::find_cdus() [3]
               80.49    0.00 242469282/242469282     Cdu::can_merge_with(Cdu const&) [4]
                0.42    2.10 10027026/10027048     void write_clusters<double>(char const*, double*, int, int, std::vector<std::vector<int, std::allocator<int> >, std::allocator<std::vector<int, std::allocator<int> > > > const&) [7]
                0.56    0.43 10027008/10027008     Cdu::merge_with(Cdu const&) [9]
                0.00    0.00      17/36          std::vector<ref<Cdu>, std::allocator<ref<Cdu> > >::_M_insert_aux(__gnu_cxx::__normal_iterator<ref<Cdu>*, std::vector<ref<Cdu>, std::allocator<ref<Cdu> > > >, ref<Cdu> const&) [15]
                0.00    0.00     100/47838018     std::vector<dimpair_t, std::allocator<dimpair_t> >::_M_insert_aux(__gnu_cxx::__normal_iterator<dimpair_t*, std::vector<dimpair_t, std::allocator<dimpair_t> > >, dimpair_t const&) [10]
                0.00    0.00 9764965/10027108     Cdu::~Cdu() [27]
-----------------------------------------------
               80.49    0.00 242469282/242469282     MafiaSolver<double>::find_cdus() [3]
[4]     71.9   80.49    0.00 242469282         Cdu::can_merge_with(Cdu const&) [4]
-----------------------------------------------
                1.97   20.26      18/18          MafiaSolver<double>::find_clusters() [1]
[5]     19.8    1.97   20.26      18         MafiaSolver<double>::find_unjoined_dus() [5]
               20.26    0.00 1572122006/1572122006     Cdu::is_assimilated_into(Cdu const&) const [6]
                0.00    0.00       1/36          std::vector<ref<Cdu>, std::allocator<ref<Cdu> > >::_M_insert_aux(__gnu_cxx::__normal_iterator<ref<Cdu>*, std::vector<ref<Cdu>, std::allocator<ref<Cdu> > > >, ref<Cdu> const&) [15]
                0.00    0.00       6/10027048     void write_clusters<double>(char const*, double*, int, int, std::vector<std::vector<int, std::allocator<int> >, std::allocator<std::vector<int, std::allocator<int> > > > const&) [7]
-----------------------------------------------
               20.26    0.00 1572122006/1572122006     MafiaSolver<double>::find_unjoined_dus() [5]
[6]     18.1   20.26    0.00 1572122006         Cdu::is_assimilated_into(Cdu const&) const [6]
-----------------------------------------------
                              299564             void write_clusters<double>(char const*, double*, int, int, std::vector<std::vector<int, std::allocator<int> >, std::allocator<std::vector<int, std::allocator<int> > > > const&) [7]
                0.00    0.00       1/10027048     MafiaSolver<double>::build_clusters() [20]
                0.00    0.00       3/10027048     MafiaSolver<double>::build_du_clusters() [17]
