		     Call graph (explanation follows)


granularity: each sample hit covers 4 byte(s) for 0.48% of 2.08 seconds

index % time    self  children    called     name
                0.00    1.55       1/1           std::vector<std::vector<int, std::allocator<int> >, std::allocator<std::vector<int, std::allocator<int> > > > mafia_solve<double>(double const*, int, int, Options const&) [2]
[1]     74.5    0.00    1.55       1         MafiaSolver<double>::find_clusters() [1]
                1.16    0.00       1/1           MafiaSolver<double>::build_histos() [3]
                0.30    0.00       1/1           MafiaSolver<double>::build_bitmaps() [5]
                0.02    0.05       1/1           MafiaSolver<double>::build_clusters() [6]
                0.00    0.02       6/6           MafiaSolver<double>::find_cdus() [9]
                0.00    0.00       1/1           MafiaSolver<double>::build_windows() [10]
                0.00    0.00       5/5           MafiaSolver<double>::find_unjoined_dus() [11]
                0.00    0.00       1/1           MafiaSolver<double>::build_du_clusters() [12]
                0.00    0.00       6/6           std::vector<ref<Cdu>, std::allocator<ref<Cdu> > >::operator=(std::vector<ref<Cdu>, std::allocator<ref<Cdu> > > const&) [39]
                0.00    0.00       6/6           MafiaSolver<double>::find_dense_cdus() [38]
                0.00    0.00       5/5           MafiaSolver<double>::dedup_cdus() [41]
                0.00    0.00       1/1           MafiaSolver<double>::build_du_graph() [43]
-----------------------------------------------
                                                 <spontaneous>
[2]     74.5    0.00    1.55                 std::vector<std::vector<int, std::allocator<int> >, std::allocator<std::vector<int, std::allocator<int> > > > mafia_solve<double>(double const*, int, int, Options const&) [2]
                0.00    1.55       1/1           MafiaSolver<double>::find_clusters() [1]
                0.00    0.00       1/1           MafiaSolver<double>::MafiaSolver(double const*, int, int, Options const&) [44]
                0.00    0.00       1/1           MafiaSolver<double>::~MafiaSolver() [45]
-----------------------------------------------
                1.16    0.00       1/1           MafiaSolver<double>::find_clusters() [1]
[3]     55.8    1.16    0.00       1         MafiaSolver<double>::build_histos() [3]
                0.00    0.00       5/103         void write_clusters<double>(char const*, double*, int, int, std::vector<std::vector<int, std::allocator<int> >, std::allocator<std::vector<int, std::allocator<int> > > > const&) [8]
-----------------------------------------------
                                                 <spontaneous>
[4]     25.5    0.53    0.00                 void read_points<double>(char const*, double**, int*, int*) [4]
                0.00    0.00      28/308         std::vector<dimpair_t, std::allocator<dimpair_t> >::_M_insert_aux(__gnu_cxx::__normal_iterator<dimpair_t*, std::vector<dimpair_t, std::allocator<dimpair_t> > >, dimpair_t const&) [19]
-----------------------------------------------
                0.30    0.00       1/1           MafiaSolver<double>::find_clusters() [1]
[5]     14.4    0.30    0.00       1         MafiaSolver<double>::build_bitmaps() [5]
                0.00    0.00      40/40          Window::is_dense() [33]
                0.00    0.00       5/5           bitmap::bitmap(unsigned long, bool) [42]
-----------------------------------------------
                0.02    0.05       1/1           MafiaSolver<double>::find_clusters() [1]
[6]      3.4    0.02    0.05       1         MafiaSolver<double>::build_clusters() [6]
                0.05    0.00 10000000/10000000     bool Cdu::contains_point<double>(double const*, std::vector<std::vector<Window, std::allocator<Window> >, std::allocator<std::vector<Window, std::allocator<Window> > > > const&) const [7]
                0.00    0.00       1/103         void write_clusters<double>(char const*, double*, int, int, std::vector<std::vector<int, std::allocator<int> >, std::allocator<std::vector<int, std::allocator<int> > > > const&) [8]
                0.00    0.00      25/25          std::vector<int, std::allocator<int> >::_M_insert_aux(__gnu_cxx::__normal_iterator<int*, std::vector<int, std::allocator<int> > >, int const&) [35]
-----------------------------------------------
                0.05    0.00 10000000/10000000     MafiaSolver<double>::build_clusters() [6]
[7]      2.4    0.05    0.00 10000000         bool Cdu::contains_point<double>(double const*, std::vector<std::vector<Window, std::allocator<Window> >, std::allocator<std::vector<Window, std::allocator<Window> > > > const&) const [7]
-----------------------------------------------
                                  26             void write_clusters<double>(char const*, double*, int, int, std::vector<std::vector<int, std::allocator<int> >, std::allocator<std::vector<int, std::allocator<int> > > > const&) [8]
                0.00    0.00       1/103         MafiaSolver<double>::build_clusters() [6]
                0.00    0.00       3/103         MafiaSolver<double>::build_du_clusters() [12]
                0.00    0.00       4/103         MafiaSolver<double>::find_unjoined_dus() [11]
                0.00    0.00       5/103         MafiaSolver<double>::build_histos() [3]
                0.00    0.00       5/103         MafiaSolver<double>::build_windows() [10]
                0.02    0.00      85/103         MafiaSolver<double>::find_cdus() [9]
[8]      1.0    0.02    0.00     103+26      void write_clusters<double>(char const*, double*, int, int, std::vector<std::vector<int, std::allocator<int> >, std::allocator<std::vector<int, std::allocator<int> > > > const&) [8]
                0.00    0.00     299/299         Cdu::operator<(Cdu const&) const [20]
                                  26             void write_clusters<double>(char const*, double*, int, int, std::vector<std::vector<int, std::allocator<int> >, std::allocator<std::vector<int, std::allocator<int> > > > const&) [8]
-----------------------------------------------
                0.00    0.02       6/6           MafiaSolver<double>::find_clusters() [1]
[9]      0.8    0.00    0.02       6         MafiaSolver<double>::find_cdus() [9]
                0.02    0.00      85/103         void write_clusters<double>(char const*, double*, int, int, std::vector<std::vector<int, std::allocator<int> >, std::allocator<std::vector<int, std::allocator<int> > > > const&) [8]
                0.00    0.00     110/110         Cdu::can_merge_with(Cdu const&) [25]
                0.00    0.00      89/120         Cdu::~Cdu() [24]
                0.00    0.00      80/80          Cdu::merge_with(Cdu const&) [27]
                0.00    0.00      40/308         std::vector<dimpair_t, std::allocator<dimpair_t> >::_M_insert_aux(__gnu_cxx::__normal_iterator<dimpair_t*, std::vector<dimpair_t, std::allocator<dimpair_t> > >, dimpair_t const&) [19]
                0.00    0.00       7/14          std::vector<ref<Cdu>, std::allocator<ref<Cdu> > >::_M_insert_aux(__gnu_cxx::__normal_iterator<ref<Cdu>*, std::vector<ref<Cdu>, std::allocator<ref<Cdu> > > >, ref<Cdu> const&) [37]
-----------------------------------------------
                0.00    0.00       1/1           MafiaSolver<double>::find_clusters() [1]
[10]     0.0    0.00    0.00       1         MafiaSolver<double>::build_windows() [10]
                0.00    0.00       5/103         void write_clusters<double>(char const*, double*, int, int, std::vector<std::vector<int, std::allocator<int> >, std::allocator<std::vector<int, std::allocator<int> > > > const&) [8]
                0.00    0.00     190/190         Window::can_merge_with(Window const&, double) const [22]
                0.00    0.00     180/180         Window::merge_with(Window const&) const [23]
                0.00    0.00      40/40          Window::compute_threshold(double, int, int) [32]
                0.00    0.00      20/95          std::vector<Window, std::allocator<Window> >::_M_insert_aux(__gnu_cxx::__normal_iterator<Window*, std::vector<Window, std::allocator<Window> > >, Window const&) [26]
                0.00    0.00      15/15          MafiaSolver<double>::build_uniform_windows(int, int, std::vector<Window, std::allocator<Window> >&) [36]
-----------------------------------------------
                0.00    0.00       5/5           MafiaSolver<double>::find_clusters() [1]
[11]     0.0    0.00    0.00       5         MafiaSolver<double>::find_unjoined_dus() [11]
                0.00    0.00       4/103         void write_clusters<double>(char const*, double*, int, int, std::vector<std::vector<int, std::allocator<int> >, std::allocator<std::vector<int, std::allocator<int> > > > const&) [8]
                0.00    0.00      64/64          Cdu::is_assimilated_into(Cdu const&) const [30]
                0.00    0.00       1/14          std::vector<ref<Cdu>, std::allocator<ref<Cdu> > >::_M_insert_aux(__gnu_cxx::__normal_iterator<ref<Cdu>*, std::vector<ref<Cdu>, std::allocator<ref<Cdu> > > >, ref<Cdu> const&) [37]
-----------------------------------------------
                0.00    0.00       1/1           MafiaSolver<double>::find_clusters() [1]
[12]     0.0    0.00    0.00       1         MafiaSolver<double>::build_du_clusters() [12]
                0.00    0.00       3/103         void write_clusters<double>(char const*, double*, int, int, std::vector<std::vector<int, std::allocator<int> >, std::allocator<std::vector<int, std::allocator<int> > > > const&) [8]
                0.00    0.00       1/14          std::vector<ref<Cdu>, std::allocator<ref<Cdu> > >::_M_insert_aux(__gnu_cxx::__normal_iterator<ref<Cdu>*, std::vector<ref<Cdu>, std::allocator<ref<Cdu> > > >, ref<Cdu> const&) [37]
-----------------------------------------------
                0.00    0.00     180/405         Window::merge_with(Window const&) const [23]
                0.00    0.00     225/405         Window::Window(int, int, int) [21]
[18]     0.0    0.00    0.00     405         bitmap::bitmap() [18]
-----------------------------------------------
                0.00    0.00      28/308         void read_points<double>(char const*, double**, int*, int*) [4]
                0.00    0.00      40/308         MafiaSolver<double>::find_cdus() [9]
                0.00    0.00     240/308         Cdu::merge_with(Cdu const&) [27]
[19]     0.0    0.00    0.00     308         std::vector<dimpair_t, std::allocator<dimpair_t> >::_M_insert_aux(__gnu_cxx::__normal_iterator<dimpair_t*, std::vector<dimpair_t, std::allocator<dimpair_t> > >, dimpair_t const&) [19]
-----------------------------------------------
                0.00    0.00     299/299         void write_clusters<double>(char const*, double*, int, int, std::vector<std::vector<int, std::allocator<int> >, std::allocator<std::vector<int, std::allocator<int> > > > const&) [8]
[20]     0.0    0.00    0.00     299         Cdu::operator<(Cdu const&) const [20]
-----------------------------------------------
