		     Call graph (explanation follows)


granularity: each sample hit covers 4 byte(s) for 0.40% of 2.51 seconds

index % time    self  children    called     name
                0.00    1.90       1/1           std::vector<std::vector<int, std::allocator<int> >, std::allocator<std::vector<int, std::allocator<int> > > > mafia_solve<double>(double const*, int, int, Options const&) [2]
[1]     75.7    0.00    1.90       1         MafiaSolver<double>::find_clusters() [1]
                1.29    0.00       1/1           MafiaSolver<double>::build_histos() [3]
                0.42    0.00       1/1           MafiaSolver<double>::build_bitmaps() [5]
                0.01    0.16       1/1           MafiaSolver<double>::build_clusters() [6]
                0.00    0.02       8/8           MafiaSolver<double>::find_dense_cdus() [9]
                0.00    0.00       8/8           std::vector<ref<Cdu>, std::allocator<ref<Cdu> > >::operator=(std::vector<ref<Cdu>, std::allocator<ref<Cdu> > > const&) [36]
                0.00    0.00       8/8           MafiaSolver<double>::find_cdus() [35]
                0.00    0.00       7/7           MafiaSolver<double>::dedup_cdus() [38]
                0.00    0.00       7/7           MafiaSolver<double>::find_unjoined_dus() [39]
                0.00    0.00       1/1           MafiaSolver<double>::build_windows() [41]
                0.00    0.00       1/1           MafiaSolver<double>::build_du_graph() [42]
                0.00    0.00       1/1           MafiaSolver<double>::build_du_clusters() [43]
-----------------------------------------------
                                                 <spontaneous>
[2]     75.7    0.00    1.90                 std::vector<std::vector<int, std::allocator<int> >, std::allocator<std::vector<int, std::allocator<int> > > > mafia_solve<double>(double const*, int, int, Options const&) [2]
                0.00    1.90       1/1           MafiaSolver<double>::find_clusters() [1]
                0.00    0.00       1/1           MafiaSolver<double>::MafiaSolver(double const*, int, int, Options const&) [44]
                0.00    0.00       1/1           MafiaSolver<double>::~MafiaSolver() [45]
-----------------------------------------------
                1.29    0.00       1/1           MafiaSolver<double>::find_clusters() [1]
[3]     51.4    1.29    0.00       1         MafiaSolver<double>::build_histos() [3]
                0.00    0.00       5/697         void write_clusters<double>(char const*, double*, int, int, std::vector<std::vector<int, std::allocator<int> >, std::allocator<std::vector<int, std::allocator<int> > > > const&) [22]
-----------------------------------------------
                                                 <spontaneous>
[4]     24.3    0.61    0.00                 void read_points<double>(char const*, double**, int*, int*) [4]
                0.00    0.00      28/2395        std::vector<dimpair_t, std::allocator<dimpair_t> >::_M_insert_aux(__gnu_cxx::__normal_iterator<dimpair_t*, std::vector<dimpair_t, std::allocator<dimpair_t> > >, dimpair_t const&) [18]
-----------------------------------------------
                0.42    0.00       1/1           MafiaSolver<double>::find_clusters() [1]
[5]     16.7    0.42    0.00       1         MafiaSolver<double>::build_bitmaps() [5]
                0.00    0.00      36/36          Window::is_dense() [31]
                0.00    0.00       7/7           bitmap::bitmap(unsigned long, bool) [40]
-----------------------------------------------
                0.01    0.16       1/1           MafiaSolver<double>::find_clusters() [1]
[6]      6.8    0.01    0.16       1         MafiaSolver<double>::build_clusters() [6]
                0.16    0.00 10000000/10000000     bool Cdu::contains_point<double>(double const*, std::vector<std::vector<Window, std::allocator<Window> >, std::allocator<std::vector<Window, std::allocator<Window> > > > const&) const [7]
                0.00    0.00      25/25          std::vector<int, std::allocator<int> >::_M_insert_aux(__gnu_cxx::__normal_iterator<int*, std::vector<int, std::allocator<int> > >, int const&) [32]
                0.00    0.00       1/697         void write_clusters<double>(char const*, double*, int, int, std::vector<std::vector<int, std::allocator<int> >, std::allocator<std::vector<int, std::allocator<int> > > > const&) [22]
-----------------------------------------------
                0.16    0.00 10000000/10000000     MafiaSolver<double>::build_clusters() [6]
[7]      6.4    0.16    0.00 10000000         bool Cdu::contains_point<double>(double const*, std::vector<std::vector<Window, std::allocator<Window> >, std::allocator<std::vector<Window, std::allocator<Window> > > > const&) const [7]
-----------------------------------------------
                0.00    0.02     156/156         MafiaSolver<double>::find_dense_cdus() [9]
[8]      0.8    0.00    0.02     156         Cdu::count_points_bitmaps(int, std::vector<std::vector<Window, std::allocator<Window> >, std::allocator<std::vector<Window, std::allocator<Window> > > > const&) [8]
                0.01    0.00     321/321         bitmap::operator&=(bitmap const&) [10]
                0.01    0.00     120/120         bitmap::count() const [11]
-----------------------------------------------
                0.00    0.02       8/8           MafiaSolver<double>::find_clusters() [1]
[9]      0.8    0.00    0.02       8         MafiaSolver<double>::find_dense_cdus() [9]
                0.00    0.02     156/156         Cdu::count_points_bitmaps(int, std::vector<std::vector<Window, std::allocator<Window> >, std::allocator<std::vector<Window, std::allocator<Window> > > > const&) [8]
                0.00    0.00     156/156         Cdu::is_dense(std::vector<std::vector<Window, std::allocator<Window> >, std::allocator<std::vector<Window, std::allocator<Window> > > > const&) const [28]
                0.00    0.00       7/16          std::vector<ref<Cdu>, std::allocator<ref<Cdu> > >::_M_insert_aux(__gnu_cxx::__normal_iterator<ref<Cdu>*, std::vector<ref<Cdu>, std::allocator<ref<Cdu> > > >, ref<Cdu> const&) [33]
-----------------------------------------------
                0.01    0.00     321/321         Cdu::count_points_bitmaps(int, std::vector<std::vector<Window, std::allocator<Window> >, std::allocator<std::vector<Window, std::allocator<Window> > > > const&) [8]
[10]     0.4    0.01    0.00     321         bitmap::operator&=(bitmap const&) [10]
-----------------------------------------------
                0.01    0.00     120/120         Cdu::count_points_bitmaps(int, std::vector<std::vector<Window, std::allocator<Window> >, std::allocator<std::vector<Window, std::allocator<Window> > > > const&) [8]
[11]     0.4    0.01    0.00     120         bitmap::count() const [11]
-----------------------------------------------
                0.00    0.00    3954/3954        void write_clusters<double>(char const*, double*, int, int, std::vector<std::vector<int, std::allocator<int> >, std::allocator<std::vector<int, std::allocator<int> > > > const&) [22]
[17]     0.0    0.00    0.00    3954         Cdu::operator<(Cdu const&) const [17]
-----------------------------------------------
                0.00    0.00      28/2395        void read_points<double>(char const*, double**, int*, int*) [4]
                0.00    0.00      36/2395        MafiaSolver<double>::find_cdus() [35]
                0.00    0.00    2331/2395        Cdu::merge_with(Cdu const&) [23]
[18]     0.0    0.00    0.00    2395         std::vector<dimpair_t, std::allocator<dimpair_t> >::_M_insert_aux(__gnu_cxx::__normal_iterator<dimpair_t*, std::vector<dimpair_t, std::allocator<dimpair_t> > >, dimpair_t const&) [18]
-----------------------------------------------
                0.00    0.00    1652/1652        MafiaSolver<double>::find_cdus() [35]
[19]     0.0    0.00    0.00    1652         Cdu::can_merge_with(Cdu const&) [19]
-----------------------------------------------
                0.00    0.00       1/708         MafiaSolver<double>::~MafiaSolver() [45]
                0.00    0.00     126/708         std::vector<ref<Cdu>, std::allocator<ref<Cdu> > >::operator=(std::vector<ref<Cdu>, std::allocator<ref<Cdu> > > const&) [36]
                0.00    0.00     581/708         MafiaSolver<double>::find_cdus() [35]
[20]     0.0    0.00    0.00     708         Cdu::~Cdu() [20]
-----------------------------------------------
                0.00    0.00     700/700         MafiaSolver<double>::find_unjoined_dus() [39]
[21]     0.0    0.00    0.00     700         Cdu::is_assimilated_into(Cdu const&) const [21]
-----------------------------------------------
                                 120             void write_clusters<double>(char const*, double*, int, int, std::vector<std::vector<int, std::allocator<int> >, std::allocator<std::vector<int, std::allocator<int> > > > const&) [22]
                0.00    0.00       1/697         MafiaSolver<double>::build_clusters() [6]
                0.00    0.00       3/697         MafiaSolver<double>::build_du_clusters() [43]
                0.00    0.00       4/697         MafiaSolver<double>::find_unjoined_dus() [39]
                0.00    0.00       5/697         MafiaSolver<double>::build_histos() [3]
                0.00    0.00       5/697         MafiaSolver<double>::build_windows() [41]
                0.00    0.00     679/697         MafiaSolver<double>::find_cdus() [35]
[22]     0.0    0.00    0.00     697+120     void write_clusters<double>(char const*, double*, int, int, std::vector<std::vector<int, std::allocator<int> >, std::allocator<std::vector<int, std::allocator<int> > > > const&) [22]
                0.00    0.00    3954/3954        Cdu::operator<(Cdu const&) const [17]
                                 120             void write_clusters<double>(char const*, double*, int, int, std::vector<std::vector<int, std::allocator<int> >, std::allocator<std::vector<int, std::allocator<int> > > > const&) [22]
-----------------------------------------------
                0.00    0.00     672/672         MafiaSolver<double>::find_cdus() [35]
[23]     0.0    0.00    0.00     672         Cdu::merge_with(Cdu const&) [23]
                0.00    0.00    2331/2395        std::vector<dimpair_t, std::allocator<dimpair_t> >::_M_insert_aux(__gnu_cxx::__normal_iterator<dimpair_t*, std::vector<dimpair_t, std::allocator<dimpair_t> > >, dimpair_t const&) [18]
-----------------------------------------------
                0.00    0.00     176/391         Window::merge_with(Window const&) const [27]
