		     Call graph (explanation follows)


granularity: each sample hit covers 4 byte(s) for 0.41% of 2.44 seconds

index % time    self  children    called     name
                0.00    1.90       1/1           std::vector<std::vector<int, std::allocator<int> >, std::allocator<std::vector<int, std::allocator<int> > > > mafia_solve<double>(double const*, int, int, Options const&) [2]
[1]     77.9    0.00    1.90       1         MafiaSolver<double>::find_clusters() [1]
                1.36    0.01       1/1           MafiaSolver<double>::build_histos() [3]
                0.00    0.36       4/4           MafiaSolver<double>::find_dense_cdus() [7]
                0.05    0.09       1/1           MafiaSolver<double>::build_clusters() [8]
                0.00    0.01       4/4           MafiaSolver<double>::find_cdus() [10]
                0.00    0.01       1/1           MafiaSolver<double>::build_windows() [12]
                0.00    0.00       3/3           MafiaSolver<double>::find_unjoined_dus() [13]
                0.00    0.00       1/1           MafiaSolver<double>::build_du_clusters() [14]
                0.00    0.00       4/4           std::vector<ref<Cdu>, std::allocator<ref<Cdu> > >::operator=(std::vector<ref<Cdu>, std::allocator<ref<Cdu> > > const&) [35]
                0.00    0.00       3/3           MafiaSolver<double>::dedup_cdus() [36]
                0.00    0.00       1/1           MafiaSolver<double>::build_du_graph() [37]
-----------------------------------------------
                                                 <spontaneous>
[2]     77.9    0.00    1.90                 std::vector<std::vector<int, std::allocator<int> >, std::allocator<std::vector<int, std::allocator<int> > > > mafia_solve<double>(double const*, int, int, Options const&) [2]
                0.00    1.90       1/1           MafiaSolver<double>::find_clusters() [1]
                0.00    0.00       1/1           MafiaSolver<double>::MafiaSolver(double const*, int, int, Options const&) [38]
                0.00    0.00       1/1           MafiaSolver<double>::~MafiaSolver() [39]
-----------------------------------------------
                1.36    0.01       1/1           MafiaSolver<double>::find_clusters() [1]
[3]     56.1    1.36    0.01       1         MafiaSolver<double>::build_histos() [3]
                0.01    0.00       5/26          void write_clusters<double>(char const*, double*, int, int, std::vector<std::vector<int, std::allocator<int> >, std::allocator<std::vector<int, std::allocator<int> > > > const&) [9]
-----------------------------------------------
                                                 <spontaneous>
[4]     22.1    0.54    0.00                 void read_points<double>(char const*, double**, int*, int*) [4]
                0.00    0.00      28/87          std::vector<dimpair_t, std::allocator<dimpair_t> >::_M_insert_aux(__gnu_cxx::__normal_iterator<dimpair_t*, std::vector<dimpair_t, std::allocator<dimpair_t> > >, dimpair_t const&) [25]
-----------------------------------------------
                0.08    0.00 10000000/50000000     MafiaSolver<double>::build_clusters() [8]
                0.30    0.00 40000000/50000000     int Cdu::count_points_direct<double>(double const*, int, int, std::vector<std::vector<Window, std::allocator<Window> >, std::allocator<std::vector<Window, std::allocator<Window> > > > const&) [6]
[5]     15.6    0.38    0.00 50000000         bool Cdu::contains_point<double>(double const*, std::vector<std::vector<Window, std::allocator<Window> >, std::allocator<std::vector<Window, std::allocator<Window> > > > const&) const [5]
-----------------------------------------------
                0.06    0.30      48/48          MafiaSolver<double>::find_dense_cdus() [7]
[6]     14.9    0.06    0.30      48         int Cdu::count_points_direct<double>(double const*, int, int, std::vector<std::vector<Window, std::allocator<Window> >, std::allocator<std::vector<Window, std::allocator<Window> > > > const&) [6]
                0.30    0.00 40000000/50000000     bool Cdu::contains_point<double>(double const*, std::vector<std::vector<Window, std::allocator<Window> >, std::allocator<std::vector<Window, std::allocator<Window> > > > const&) const [5]
-----------------------------------------------
                0.00    0.36       4/4           MafiaSolver<double>::find_clusters() [1]
[7]     14.9    0.00    0.36       4         MafiaSolver<double>::find_dense_cdus() [7]
                0.06    0.30      48/48          int Cdu::count_points_direct<double>(double const*, int, int, std::vector<std::vector<Window, std::allocator<Window> >, std::allocator<std::vector<Window, std::allocator<Window> > > > const&) [6]
                0.00    0.00      48/48          Cdu::is_dense(std::vector<std::vector<Window, std::allocator<Window> >, std::allocator<std::vector<Window, std::allocator<Window> > > > const&) const [27]
                0.00    0.00       3/12          std::vector<ref<Cdu>, std::allocator<ref<Cdu> > >::_M_insert_aux(__gnu_cxx::__normal_iterator<ref<Cdu>*, std::vector<ref<Cdu>, std::allocator<ref<Cdu> > > >, ref<Cdu> const&) [30]
-----------------------------------------------
                0.05    0.09       1/1           MafiaSolver<double>::find_clusters() [1]
[8]      5.6    0.05    0.09       1         MafiaSolver<double>::build_clusters() [8]
                0.08    0.00 10000000/50000000     bool Cdu::contains_point<double>(double const*, std::vector<std::vector<Window, std::allocator<Window> >, std::allocator<std::vector<Window, std::allocator<Window> > > > const&) const [5]
                0.01    0.00      25/25          std::vector<int, std::allocator<int> >::_M_insert_aux(__gnu_cxx::__normal_iterator<int*, std::vector<int, std::allocator<int> > >, int const&) [11]
                0.00    0.00       1/26          void write_clusters<double>(char const*, double*, int, int, std::vector<std::vector<int, std::allocator<int> >, std::allocator<std::vector<int, std::allocator<int> > > > const&) [9]
-----------------------------------------------
                                   4             void write_clusters<double>(char const*, double*, int, int, std::vector<std::vector<int, std::allocator<int> >, std::allocator<std::vector<int, std::allocator<int> > > > const&) [9]
                0.00    0.00       1/26          MafiaSolver<double>::build_clusters() [8]
                0.00    0.00       3/26          MafiaSolver<double>::find_unjoined_dus() [13]
                0.00    0.00       3/26          MafiaSolver<double>::build_du_clusters() [14]
                0.01    0.00       5/26          MafiaSolver<double>::build_histos() [3]
                0.01    0.00       5/26          MafiaSolver<double>::build_windows() [12]
                0.01    0.00       9/26          MafiaSolver<double>::find_cdus() [10]
[9]      1.6    0.04    0.00      26+4       void write_clusters<double>(char const*, double*, int, int, std::vector<std::vector<int, std::allocator<int> >, std::allocator<std::vector<int, std::allocator<int> > > > const&) [9]
                0.00    0.00      11/11          Cdu::operator<(Cdu const&) const [31]
                                   4             void write_clusters<double>(char const*, double*, int, int, std::vector<std::vector<int, std::allocator<int> >, std::allocator<std::vector<int, std::allocator<int> > > > const&) [9]
-----------------------------------------------
                0.00    0.01       4/4           MafiaSolver<double>::find_clusters() [1]
[10]     0.6    0.00    0.01       4         MafiaSolver<double>::find_cdus() [10]
                0.01    0.00       9/26          void write_clusters<double>(char const*, double*, int, int, std::vector<std::vector<int, std::allocator<int> >, std::allocator<std::vector<int, std::allocator<int> > > > const&) [9]
                0.00    0.00      44/87          std::vector<dimpair_t, std::allocator<dimpair_t> >::_M_insert_aux(__gnu_cxx::__normal_iterator<dimpair_t*, std::vector<dimpair_t, std::allocator<dimpair_t> > >, dimpair_t const&) [25]
                0.00    0.00      43/50          Cdu::~Cdu() [26]
                0.00    0.00       7/12          std::vector<ref<Cdu>, std::allocator<ref<Cdu> > >::_M_insert_aux(__gnu_cxx::__normal_iterator<ref<Cdu>*, std::vector<ref<Cdu>, std::allocator<ref<Cdu> > > >, ref<Cdu> const&) [30]
                0.00    0.00       6/6           Cdu::merge_with(Cdu const&) [33]
                0.00    0.00       6/6           Cdu::can_merge_with(Cdu const&) [34]
-----------------------------------------------
                0.01    0.00      25/25          MafiaSolver<double>::build_clusters() [8]
[11]     0.4    0.01    0.00      25         std::vector<int, std::allocator<int> >::_M_insert_aux(__gnu_cxx::__normal_iterator<int*, std::vector<int, std::allocator<int> > >, int const&) [11]
-----------------------------------------------
                0.00    0.01       1/1           MafiaSolver<double>::find_clusters() [1]
[12]     0.3    0.00    0.01       1         MafiaSolver<double>::build_windows() [12]
                0.01    0.00       5/26          void write_clusters<double>(char const*, double*, int, int, std::vector<std::vector<int, std::allocator<int> >, std::allocator<std::vector<int, std::allocator<int> > > > const&) [9]
                0.00    0.00     190/190         Window::can_merge_with(Window const&, double) const [22]
                0.00    0.00     184/184         Window::merge_with(Window const&) const [23]
                0.00    0.00      44/44          Window::compute_threshold(double, int, int) [28]
                0.00    0.00      17/17          MafiaSolver<double>::build_uniform_windows(int, int, std::vector<Window, std::allocator<Window> >&) [29]
                0.00    0.00      16/97          std::vector<Window, std::allocator<Window> >::_M_insert_aux(__gnu_cxx::__normal_iterator<Window*, std::vector<Window, std::allocator<Window> > >, Window const&) [24]
-----------------------------------------------
                0.00    0.00       3/3           MafiaSolver<double>::find_clusters() [1]
[13]     0.2    0.00    0.00       3         MafiaSolver<double>::find_unjoined_dus() [13]
                0.00    0.00       3/26          void write_clusters<double>(char const*, double*, int, int, std::vector<std::vector<int, std::allocator<int> >, std::allocator<std::vector<int, std::allocator<int> > > > const&) [9]
                0.00    0.00       7/7           Cdu::is_assimilated_into(Cdu const&) const [32]
                0.00    0.00       1/12          std::vector<ref<Cdu>, std::allocator<ref<Cdu> > >::_M_insert_aux(__gnu_cxx::__normal_iterator<ref<Cdu>*, std::vector<ref<Cdu>, std::allocator<ref<Cdu> > > >, ref<Cdu> const&) [30]
-----------------------------------------------
                0.00    0.00       1/1           MafiaSolver<double>::find_clusters() [1]
[14]     0.2    0.00    0.00       1         MafiaSolver<double>::build_du_clusters() [14]
                0.00    0.00       3/26          void write_clusters<double>(char const*, double*, int, int, std::vector<std::vector<int, std::allocator<int> >, std::allocator<std::vector<int, std::allocator<int> > > > const&) [9]
                0.00    0.00       1/12          std::vector<ref<Cdu>, std::allocator<ref<Cdu> > >::_M_insert_aux(__gnu_cxx::__normal_iterator<ref<Cdu>*, std::vector<ref<Cdu>, std::allocator<ref<Cdu> > > >, ref<Cdu> const&) [30]
-----------------------------------------------
                0.00    0.00     184/419         Window::merge_with(Window const&) const [23]
                0.00    0.00     235/419         Window::Window(int, int, int) [21]
[20]     0.0    0.00    0.00     419         bitmap::bitmap() [20]
-----------------------------------------------
