		     Call graph (explanation follows)


granularity: each sample hit covers 4 byte(s) for 0.43% of 2.30 seconds

index % time    self  children    called     name
                0.00    1.77       1/1           std::vector<std::vector<int, std::allocator<int> >, std::allocator<std::vector<int, std::allocator<int> > > > mafia_solve<double>(double const*, int, int, Options const&) [2]
[1]     77.0    0.00    1.77       1         MafiaSolver<double>::find_clusters() [1]
                1.32    0.00       1/1           MafiaSolver<double>::build_histos() [3]
                0.24    0.00       1/1           MafiaSolver<double>::build_bitmaps() [5]
                0.01    0.16       1/1           MafiaSolver<double>::build_clusters() [6]
                0.00    0.02       5/5           MafiaSolver<double>::find_cdus() [9]
                0.00    0.01       5/5           MafiaSolver<double>::find_dense_cdus() [12]
                0.00    0.00       1/1           MafiaSolver<double>::build_windows() [13]
                0.00    0.00       4/4           MafiaSolver<double>::find_unjoined_dus() [14]
                0.00    0.00       1/1           MafiaSolver<double>::build_du_clusters() [15]
                0.00    0.00       5/5           std::vector<ref<Cdu>, std::allocator<ref<Cdu> > >::operator=(std::vector<ref<Cdu>, std::allocator<ref<Cdu> > > const&) [39]
                0.00    0.00       4/4           MafiaSolver<double>::dedup_cdus() [41]
                0.00    0.00       1/1           MafiaSolver<double>::build_du_graph() [43]
-----------------------------------------------
                                                 <spontaneous>
[2]     77.0    0.00    1.77                 std::vector<std::vector<int, std::allocator<int> >, std::allocator<std::vector<int, std::allocator<int> > > > mafia_solve<double>(double const*, int, int, Options const&) [2]
                0.00    1.77       1/1           MafiaSolver<double>::find_clusters() [1]
                0.00    0.00       1/1           MafiaSolver<double>::MafiaSolver(double const*, int, int, Options const&) [44]
                0.00    0.00       1/1           MafiaSolver<double>::~MafiaSolver() [45]
-----------------------------------------------
                1.32    0.00       1/1           MafiaSolver<double>::find_clusters() [1]
[3]     57.5    1.32    0.00       1         MafiaSolver<double>::build_histos() [3]
                0.00    0.00       5/45          void write_clusters<double>(char const*, double*, int, int, std::vector<std::vector<int, std::allocator<int> >, std::allocator<std::vector<int, std::allocator<int> > > > const&) [8]
-----------------------------------------------
                                                 <spontaneous>
[4]     23.0    0.53    0.00                 void read_points<double>(char const*, double**, int*, int*) [4]
                0.00    0.00      28/136         std::vector<dimpair_t, std::allocator<dimpair_t> >::_M_insert_aux(__gnu_cxx::__normal_iterator<dimpair_t*, std::vector<dimpair_t, std::allocator<dimpair_t> > >, dimpair_t const&) [25]
-----------------------------------------------
                0.24    0.00       1/1           MafiaSolver<double>::find_clusters() [1]
[5]     10.4    0.24    0.00       1         MafiaSolver<double>::build_bitmaps() [5]
                0.00    0.00      42/42          Window::is_dense() [31]
                0.00    0.00       4/4           bitmap::bitmap(unsigned long, bool) [42]
-----------------------------------------------
                0.01    0.16       1/1           MafiaSolver<double>::find_clusters() [1]
[6]      7.4    0.01    0.16       1         MafiaSolver<double>::build_clusters() [6]
                0.16    0.00 10000000/10000000     bool Cdu::contains_point<double>(double const*, std::vector<std::vector<Window, std::allocator<Window> >, std::allocator<std::vector<Window, std::allocator<Window> > > > const&) const [7]
                0.00    0.00       1/45          void write_clusters<double>(char const*, double*, int, int, std::vector<std::vector<int, std::allocator<int> >, std::allocator<std::vector<int, std::allocator<int> > > > const&) [8]
                0.00    0.00      25/25          std::vector<int, std::allocator<int> >::_M_insert_aux(__gnu_cxx::__normal_iterator<int*, std::vector<int, std::allocator<int> > >, int const&) [33]
-----------------------------------------------
                0.16    0.00 10000000/10000000     MafiaSolver<double>::build_clusters() [6]
[7]      7.0    0.16    0.00 10000000         bool Cdu::contains_point<double>(double const*, std::vector<std::vector<Window, std::allocator<Window> >, std::allocator<std::vector<Window, std::allocator<Window> > > > const&) const [7]
-----------------------------------------------
                                  11             void write_clusters<double>(char const*, double*, int, int, std::vector<std::vector<int, std::allocator<int> >, std::allocator<std::vector<int, std::allocator<int> > > > const&) [8]
                0.00    0.00       1/45          MafiaSolver<double>::build_clusters() [6]
                0.00    0.00       3/45          MafiaSolver<double>::find_unjoined_dus() [14]
                0.00    0.00       3/45          MafiaSolver<double>::build_du_clusters() [15]
                0.00    0.00       5/45          MafiaSolver<double>::build_histos() [3]
                0.00    0.00       5/45          MafiaSolver<double>::build_windows() [13]
                0.02    0.00      28/45          MafiaSolver<double>::find_cdus() [9]
[8]      1.3    0.03    0.00      45+11      void write_clusters<double>(char const*, double*, int, int, std::vector<std::vector<int, std::allocator<int> >, std::allocator<std::vector<int, std::allocator<int> > > > const&) [8]
                0.00    0.00      68/68          Cdu::operator<(Cdu const&) const [27]
                                  11             void write_clusters<double>(char const*, double*, int, int, std::vector<std::vector<int, std::allocator<int> >, std::allocator<std::vector<int, std::allocator<int> > > > const&) [8]
-----------------------------------------------
                0.00    0.02       5/5           MafiaSolver<double>::find_clusters() [1]
[9]      0.8    0.00    0.02       5         MafiaSolver<double>::find_cdus() [9]
                0.02    0.00      28/45          void write_clusters<double>(char const*, double*, int, int, std::vector<std::vector<int, std::allocator<int> >, std::allocator<std::vector<int, std::allocator<int> > > > const&) [8]
                0.00    0.00      51/66          Cdu::~Cdu() [28]
                0.00    0.00      42/136         std::vector<dimpair_t, std::allocator<dimpair_t> >::_M_insert_aux(__gnu_cxx::__normal_iterator<dimpair_t*, std::vector<dimpair_t, std::allocator<dimpair_t> > >, dimpair_t const&) [25]
                0.00    0.00      27/27          Cdu::can_merge_with(Cdu const&) [32]
                0.00    0.00      24/24          Cdu::merge_with(Cdu const&) [34]
                0.00    0.00       7/13          std::vector<ref<Cdu>, std::allocator<ref<Cdu> > >::_M_insert_aux(__gnu_cxx::__normal_iterator<ref<Cdu>*, std::vector<ref<Cdu>, std::allocator<ref<Cdu> > > >, ref<Cdu> const&) [37]
-----------------------------------------------
                0.00    0.01      53/53          MafiaSolver<double>::find_dense_cdus() [12]
[10]     0.4    0.00    0.01      53         Cdu::count_points_bitmaps(int, std::vector<std::vector<Window, std::allocator<Window> >, std::allocator<std::vector<Window, std::allocator<Window> > > > const&) [10]
                0.01    0.00      17/17          bitmap::operator&=(bitmap const&) [11]
                0.00    0.00      11/11          bitmap::count() const [38]
-----------------------------------------------
                0.01    0.00      17/17          Cdu::count_points_bitmaps(int, std::vector<std::vector<Window, std::allocator<Window> >, std::allocator<std::vector<Window, std::allocator<Window> > > > const&) [10]
[11]     0.4    0.01    0.00      17         bitmap::operator&=(bitmap const&) [11]
-----------------------------------------------
                0.00    0.01       5/5           MafiaSolver<double>::find_clusters() [1]
[12]     0.4    0.00    0.01       5         MafiaSolver<double>::find_dense_cdus() [12]
                0.00    0.01      53/53          Cdu::count_points_bitmaps(int, std::vector<std::vector<Window, std::allocator<Window> >, std::allocator<std::vector<Window, std::allocator<Window> > > > const&) [10]
                0.00    0.00      53/53          Cdu::is_dense(std::vector<std::vector<Window, std::allocator<Window> >, std::allocator<std::vector<Window, std::allocator<Window> > > > const&) const [29]
                0.00    0.00       4/13          std::vector<ref<Cdu>, std::allocator<ref<Cdu> > >::_M_insert_aux(__gnu_cxx::__normal_iterator<ref<Cdu>*, std::vector<ref<Cdu>, std::allocator<ref<Cdu> > > >, ref<Cdu> const&) [37]
-----------------------------------------------
                0.00    0.00       1/1           MafiaSolver<double>::find_clusters() [1]
[13]     0.1    0.00    0.00       1         MafiaSolver<double>::build_windows() [13]
                0.00    0.00       5/45          void write_clusters<double>(char const*, double*, int, int, std::vector<std::vector<int, std::allocator<int> >, std::allocator<std::vector<int, std::allocator<int> > > > const&) [8]
                0.00    0.00     190/190         Window::can_merge_with(Window const&, double) const [23]
                0.00    0.00     182/182         Window::merge_with(Window const&) const [24]
                0.00    0.00      42/42          Window::compute_threshold(double, int, int) [30]
                0.00    0.00      18/96          std::vector<Window, std::allocator<Window> >::_M_insert_aux(__gnu_cxx::__normal_iterator<Window*, std::vector<Window, std::allocator<Window> > >, Window const&) [26]
                0.00    0.00      16/16          MafiaSolver<double>::build_uniform_windows(int, int, std::vector<Window, std::allocator<Window> >&) [36]
-----------------------------------------------
                0.00    0.00       4/4           MafiaSolver<double>::find_clusters() [1]
[14]     0.1    0.00    0.00       4         MafiaSolver<double>::find_unjoined_dus() [14]
                0.00    0.00       3/45          void write_clusters<double>(char const*, double*, int, int, std::vector<std::vector<int, std::allocator<int> >, std::allocator<std::vector<int, std::allocator<int> > > > const&) [8]
                0.00    0.00      21/21          Cdu::is_assimilated_into(Cdu const&) const [35]
                0.00    0.00       1/13          std::vector<ref<Cdu>, std::allocator<ref<Cdu> > >::_M_insert_aux(__gnu_cxx::__normal_iterator<ref<Cdu>*, std::vector<ref<Cdu>, std::allocator<ref<Cdu> > > >, ref<Cdu> const&) [37]
-----------------------------------------------
                0.00    0.00       1/1           MafiaSolver<double>::find_clusters() [1]
[15]     0.1    0.00    0.00       1         MafiaSolver<double>::build_du_clusters() [15]
                0.00    0.00       3/45          void write_clusters<double>(char const*, double*, int, int, std::vector<std::vector<int, std::allocator<int> >, std::allocator<std::vector<int, std::allocator<int> > > > const&) [8]
