		     Call graph (explanation follows)


granularity: each sample hit covers 4 byte(s) for 0.12% of 8.00 seconds

index % time    self  children    called     name
                0.00    7.46       1/1           std::vector<std::vector<int, std::allocator<int> >, std::allocator<std::vector<int, std::allocator<int> > > > mafia_solve<double>(double const*, int, int, Options const&) [2]
[1]     93.2    0.00    7.46       1         MafiaSolver<double>::find_clusters() [1]
                0.00    6.04       7/7           MafiaSolver<double>::find_dense_cdus() [4]
                1.27    0.00       1/1           MafiaSolver<double>::build_histos() [6]
                0.01    0.10       1/1           MafiaSolver<double>::build_clusters() [8]
                0.00    0.04       7/7           MafiaSolver<double>::find_cdus() [9]
                0.00    0.00       1/1           MafiaSolver<double>::build_windows() [13]
                0.00    0.00       6/6           MafiaSolver<double>::find_unjoined_dus() [14]
                0.00    0.00       1/1           MafiaSolver<double>::build_du_clusters() [15]
                0.00    0.00       7/7           std::vector<ref<Cdu>, std::allocator<ref<Cdu> > >::operator=(std::vector<ref<Cdu>, std::allocator<ref<Cdu> > > const&) [35]
                0.00    0.00       6/6           MafiaSolver<double>::dedup_cdus() [36]
                0.00    0.00       1/1           MafiaSolver<double>::build_du_graph() [37]
-----------------------------------------------
                                                 <spontaneous>
[2]     93.2    0.00    7.46                 std::vector<std::vector<int, std::allocator<int> >, std::allocator<std::vector<int, std::allocator<int> > > > mafia_solve<double>(double const*, int, int, Options const&) [2]
                0.00    7.46       1/1           MafiaSolver<double>::find_clusters() [1]
                0.00    0.00       1/1           MafiaSolver<double>::MafiaSolver(double const*, int, int, Options const&) [38]
                0.00    0.00       1/1           MafiaSolver<double>::~MafiaSolver() [39]
-----------------------------------------------
                0.42    5.62      95/95          MafiaSolver<double>::find_dense_cdus() [4]
[3]     75.5    0.42    5.62      95         int Cdu::count_points_direct<double>(double const*, int, int, std::vector<std::vector<Window, std::allocator<Window> >, std::allocator<std::vector<Window, std::allocator<Window> > > > const&) [3]
                5.62    0.00 570000000/580000000     bool Cdu::contains_point<double>(double const*, std::vector<std::vector<Window, std::allocator<Window> >, std::allocator<std::vector<Window, std::allocator<Window> > > > const&) const [5]
-----------------------------------------------
                0.00    6.04       7/7           MafiaSolver<double>::find_clusters() [1]
[4]     75.5    0.00    6.04       7         MafiaSolver<double>::find_dense_cdus() [4]
                0.42    5.62      95/95          int Cdu::count_points_direct<double>(double const*, int, int, std::vector<std::vector<Window, std::allocator<Window> >, std::allocator<std::vector<Window, std::allocator<Window> > > > const&) [3]
                0.00    0.00      95/95          Cdu::is_dense(std::vector<std::vector<Window, std::allocator<Window> >, std::allocator<std::vector<Window, std::allocator<Window> > > > const&) const [29]
                0.00    0.00       6/15          std::vector<ref<Cdu>, std::allocator<ref<Cdu> > >::_M_insert_aux(__gnu_cxx::__normal_iterator<ref<Cdu>*, std::vector<ref<Cdu>, std::allocator<ref<Cdu> > > >, ref<Cdu> const&) [33]
-----------------------------------------------
                0.10    0.00 10000000/580000000     MafiaSolver<double>::build_clusters() [8]
                5.62    0.00 570000000/580000000     int Cdu::count_points_direct<double>(double const*, int, int, std::vector<std::vector<Window, std::allocator<Window> >, std::allocator<std::vector<Window, std::allocator<Window> > > > const&) [3]
[5]     71.5    5.72    0.00 580000000         bool Cdu::contains_point<double>(double const*, std::vector<std::vector<Window, std::allocator<Window> >, std::allocator<std::vector<Window, std::allocator<Window> > > > const&) const [5]
-----------------------------------------------
                1.27    0.00       1/1           MafiaSolver<double>::find_clusters() [1]
[6]     15.9    1.27    0.00       1         MafiaSolver<double>::build_histos() [6]
                0.00    0.00       5/264         void write_clusters<double>(char const*, double*, int, int, std::vector<std::vector<int, std::allocator<int> >, std::allocator<std::vector<int, std::allocator<int> > > > const&) [10]
-----------------------------------------------
                                                 <spontaneous>
[7]      6.8    0.54    0.00                 void read_points<double>(char const*, double**, int*, int*) [7]
                0.00    0.00      28/846         std::vector<dimpair_t, std::allocator<dimpair_t> >::_M_insert_aux(__gnu_cxx::__normal_iterator<dimpair_t*, std::vector<dimpair_t, std::allocator<dimpair_t> > >, dimpair_t const&) [11]
-----------------------------------------------
                0.01    0.10       1/1           MafiaSolver<double>::find_clusters() [1]
[8]      1.4    0.01    0.10       1         MafiaSolver<double>::build_clusters() [8]
                0.10    0.00 10000000/580000000     bool Cdu::contains_point<double>(double const*, std::vector<std::vector<Window, std::allocator<Window> >, std::allocator<std::vector<Window, std::allocator<Window> > > > const&) const [5]
                0.00    0.00       1/264         void write_clusters<double>(char const*, double*, int, int, std::vector<std::vector<int, std::allocator<int> >, std::allocator<std::vector<int, std::allocator<int> > > > const&) [10]
                0.00    0.00      25/25          std::vector<int, std::allocator<int> >::_M_insert_aux(__gnu_cxx::__normal_iterator<int*, std::vector<int, std::allocator<int> > >, int const&) [32]
-----------------------------------------------
                0.00    0.04       7/7           MafiaSolver<double>::find_clusters() [1]
[9]      0.5    0.00    0.04       7         MafiaSolver<double>::find_cdus() [9]
                0.03    0.00     246/264         void write_clusters<double>(char const*, double*, int, int, std::vector<std::vector<int, std::allocator<int> >, std::allocator<std::vector<int, std::allocator<int> > > > const&) [10]
                0.00    0.01     240/240         Cdu::merge_with(Cdu const&) [12]
                0.00    0.00      38/846         std::vector<dimpair_t, std::allocator<dimpair_t> >::_M_insert_aux(__gnu_cxx::__normal_iterator<dimpair_t*, std::vector<dimpair_t, std::allocator<dimpair_t> > >, dimpair_t const&) [11]
                0.00    0.00     430/430         Cdu::can_merge_with(Cdu const&) [22]
                0.00    0.00     215/278         Cdu::~Cdu() [24]
                0.00    0.00       7/15          std::vector<ref<Cdu>, std::allocator<ref<Cdu> > >::_M_insert_aux(__gnu_cxx::__normal_iterator<ref<Cdu>*, std::vector<ref<Cdu>, std::allocator<ref<Cdu> > > >, ref<Cdu> const&) [33]
-----------------------------------------------
                                  57             void write_clusters<double>(char const*, double*, int, int, std::vector<std::vector<int, std::allocator<int> >, std::allocator<std::vector<int, std::allocator<int> > > > const&) [10]
                0.00    0.00       1/264         MafiaSolver<double>::build_clusters() [8]
                0.00    0.00       3/264         MafiaSolver<double>::build_du_clusters() [15]
                0.00    0.00       4/264         MafiaSolver<double>::find_unjoined_dus() [14]
                0.00    0.00       5/264         MafiaSolver<double>::build_histos() [6]
                0.00    0.00       5/264         MafiaSolver<double>::build_windows() [13]
                0.03    0.00     246/264         MafiaSolver<double>::find_cdus() [9]
[10]     0.4    0.03    0.00     264+57      void write_clusters<double>(char const*, double*, int, int, std::vector<std::vector<int, std::allocator<int> >, std::allocator<std::vector<int, std::allocator<int> > > > const&) [10]
                0.00    0.00    1144/1144        Cdu::operator<(Cdu const&) const [21]
                                  57             void write_clusters<double>(char const*, double*, int, int, std::vector<std::vector<int, std::allocator<int> >, std::allocator<std::vector<int, std::allocator<int> > > > const&) [10]
-----------------------------------------------
                0.00    0.00      28/846         void read_points<double>(char const*, double**, int*, int*) [7]
                0.00    0.00      38/846         MafiaSolver<double>::find_cdus() [9]
                0.01    0.00     780/846         Cdu::merge_with(Cdu const&) [12]
[11]     0.1    0.01    0.00     846         std::vector<dimpair_t, std::allocator<dimpair_t> >::_M_insert_aux(__gnu_cxx::__normal_iterator<dimpair_t*, std::vector<dimpair_t, std::allocator<dimpair_t> > >, dimpair_t const&) [11]
-----------------------------------------------
                0.00    0.01     240/240         MafiaSolver<double>::find_cdus() [9]
[12]     0.1    0.00    0.01     240         Cdu::merge_with(Cdu const&) [12]
                0.01    0.00     780/846         std::vector<dimpair_t, std::allocator<dimpair_t> >::_M_insert_aux(__gnu_cxx::__normal_iterator<dimpair_t*, std::vector<dimpair_t, std::allocator<dimpair_t> > >, dimpair_t const&) [11]
-----------------------------------------------
                0.00    0.00       1/1           MafiaSolver<double>::find_clusters() [1]
[13]     0.0    0.00    0.00       1         MafiaSolver<double>::build_windows() [13]
                0.00    0.00       5/264         void write_clusters<double>(char const*, double*, int, int, std::vector<std::vector<int, std::allocator<int> >, std::allocator<std::vector<int, std::allocator<int> > > > const&) [10]
                0.00    0.00     190/190         Window::can_merge_with(Window const&, double) const [27]
                0.00    0.00     178/178         Window::merge_with(Window const&) const [28]
                0.00    0.00      38/38          Window::compute_threshold(double, int, int) [31]
                0.00    0.00      22/94          std::vector<Window, std::allocator<Window> >::_M_insert_aux(__gnu_cxx::__normal_iterator<Window*, std::vector<Window, std::allocator<Window> > >, Window const&) [30]
                0.00    0.00      14/14          MafiaSolver<double>::build_uniform_windows(int, int, std::vector<Window, std::allocator<Window> >&) [34]
-----------------------------------------------
                0.00    0.00       6/6           MafiaSolver<double>::find_clusters() [1]
[14]     0.0    0.00    0.00       6         MafiaSolver<double>::find_unjoined_dus() [14]
                0.00    0.00       4/264         void write_clusters<double>(char const*, double*, int, int, std::vector<std::vector<int, std::allocator<int> >, std::allocator<std::vector<int, std::allocator<int> > > > const&) [10]
                0.00    0.00     206/206         Cdu::is_assimilated_into(Cdu const&) const [26]
                0.00    0.00       1/15          std::vector<ref<Cdu>, std::allocator<ref<Cdu> > >::_M_insert_aux(__gnu_cxx::__normal_iterator<ref<Cdu>*, std::vector<ref<Cdu>, std::allocator<ref<Cdu> > > >, ref<Cdu> const&) [33]
-----------------------------------------------
                0.00    0.00       1/1           MafiaSolver<double>::find_clusters() [1]
[15]     0.0    0.00    0.00       1         MafiaSolver<double>::build_du_clusters() [15]
                0.00    0.00       3/264         void write_clusters<double>(char const*, double*, int, int, std::vector<std::vector<int, std::allocator<int> >, std::allocator<std::vector<int, std::allocator<int> > > > const&) [10]
