		     Call graph (explanation follows)


granularity: each sample hit covers 4 byte(s) for 0.06% of 15.66 seconds

index % time    self  children    called     name
                0.00   15.15       1/1           std::vector<std::vector<int, std::allocator<int> >, std::allocator<std::vector<int, std::allocator<int> > > > mafia_solve<double>(double const*, int, int, Options const&) [2]
[1]     96.7    0.00   15.15       1         MafiaSolver<double>::find_clusters() [1]
                0.00   13.74       8/8           MafiaSolver<double>::find_dense_cdus() [4]
                1.27    0.00       1/1           MafiaSolver<double>::build_histos() [6]
                0.02    0.11       1/1           MafiaSolver<double>::build_clusters() [8]
                0.00    0.01       8/8           MafiaSolver<double>::find_cdus() [10]
                0.00    0.00       1/1           MafiaSolver<double>::build_windows() [11]
                0.00    0.00       7/7           MafiaSolver<double>::find_unjoined_dus() [12]
                0.00    0.00       1/1           MafiaSolver<double>::build_du_clusters() [13]
                0.00    0.00       8/8           std::vector<ref<Cdu>, std::allocator<ref<Cdu> > >::operator=(std::vector<ref<Cdu>, std::allocator<ref<Cdu> > > const&) [35]
                0.00    0.00       7/7           MafiaSolver<double>::dedup_cdus() [36]
                0.00    0.00       1/1           MafiaSolver<double>::build_du_graph() [37]
-----------------------------------------------
                                                 <spontaneous>
[2]     96.7    0.00   15.15                 std::vector<std::vector<int, std::allocator<int> >, std::allocator<std::vector<int, std::allocator<int> > > > mafia_solve<double>(double const*, int, int, Options const&) [2]
                0.00   15.15       1/1           MafiaSolver<double>::find_clusters() [1]
                0.00    0.00       1/1           MafiaSolver<double>::MafiaSolver(double const*, int, int, Options const&) [38]
                0.00    0.00       1/1           MafiaSolver<double>::~MafiaSolver() [39]
-----------------------------------------------
                0.97   12.77     156/156         MafiaSolver<double>::find_dense_cdus() [4]
[3]     87.8    0.97   12.77     156         int Cdu::count_points_direct<double>(double const*, int, int, std::vector<std::vector<Window, std::allocator<Window> >, std::allocator<std::vector<Window, std::allocator<Window> > > > const&) [3]
               12.77    0.00 1200000000/1210000000     bool Cdu::contains_point<double>(double const*, std::vector<std::vector<Window, std::allocator<Window> >, std::allocator<std::vector<Window, std::allocator<Window> > > > const&) const [5]
-----------------------------------------------
                0.00   13.74       8/8           MafiaSolver<double>::find_clusters() [1]
[4]     87.8    0.00   13.74       8         MafiaSolver<double>::find_dense_cdus() [4]
                0.97   12.77     156/156         int Cdu::count_points_direct<double>(double const*, int, int, std::vector<std::vector<Window, std::allocator<Window> >, std::allocator<std::vector<Window, std::allocator<Window> > > > const&) [3]
                0.00    0.00     156/156         Cdu::is_dense(std::vector<std::vector<Window, std::allocator<Window> >, std::allocator<std::vector<Window, std::allocator<Window> > > > const&) const [29]
                0.00    0.00       7/16          std::vector<ref<Cdu>, std::allocator<ref<Cdu> > >::_M_insert_aux(__gnu_cxx::__normal_iterator<ref<Cdu>*, std::vector<ref<Cdu>, std::allocator<ref<Cdu> > > >, ref<Cdu> const&) [33]
-----------------------------------------------
                0.11    0.00 10000000/1210000000     MafiaSolver<double>::build_clusters() [8]
               12.77    0.00 1200000000/1210000000     int Cdu::count_points_direct<double>(double const*, int, int, std::vector<std::vector<Window, std::allocator<Window> >, std::allocator<std::vector<Window, std::allocator<Window> > > > const&) [3]
[5]     82.2   12.88    0.00 1210000000         bool Cdu::contains_point<double>(double const*, std::vector<std::vector<Window, std::allocator<Window> >, std::allocator<std::vector<Window, std::allocator<Window> > > > const&) const [5]
-----------------------------------------------
                1.27    0.00       1/1           MafiaSolver<double>::find_clusters() [1]
[6]      8.1    1.27    0.00       1         MafiaSolver<double>::build_histos() [6]
                0.00    0.00       5/697         void write_clusters<double>(char const*, double*, int, int, std::vector<std::vector<int, std::allocator<int> >, std::allocator<std::vector<int, std::allocator<int> > > > const&) [9]
-----------------------------------------------
                                                 <spontaneous>
[7]      3.3    0.51    0.00                 void read_points<double>(char const*, double**, int*, int*) [7]
                0.00    0.00      28/2395        std::vector<dimpair_t, std::allocator<dimpair_t> >::_M_insert_aux(__gnu_cxx::__normal_iterator<dimpair_t*, std::vector<dimpair_t, std::allocator<dimpair_t> > >, dimpair_t const&) [20]
-----------------------------------------------
                0.02    0.11       1/1           MafiaSolver<double>::find_clusters() [1]
[8]      0.8    0.02    0.11       1         MafiaSolver<double>::build_clusters() [8]
                0.11    0.00 10000000/1210000000     bool Cdu::contains_point<double>(double const*, std::vector<std::vector<Window, std::allocator<Window> >, std::allocator<std::vector<Window, std::allocator<Window> > > > const&) const [5]
                0.00    0.00       1/697         void write_clusters<double>(char const*, double*, int, int, std::vector<std::vector<int, std::allocator<int> >, std::allocator<std::vector<int, std::allocator<int> > > > const&) [9]
                0.00    0.00      25/25          std::vector<int, std::allocator<int> >::_M_insert_aux(__gnu_cxx::__normal_iterator<int*, std::vector<int, std::allocator<int> > >, int const&) [32]
-----------------------------------------------
                                 120             void write_clusters<double>(char const*, double*, int, int, std::vector<std::vector<int, std::allocator<int> >, std::allocator<std::vector<int, std::allocator<int> > > > const&) [9]
                0.00    0.00       1/697         MafiaSolver<double>::build_clusters() [8]
                0.00    0.00       3/697         MafiaSolver<double>::build_du_clusters() [13]
                0.00    0.00       4/697         MafiaSolver<double>::find_unjoined_dus() [12]
                0.00    0.00       5/697         MafiaSolver<double>::build_histos() [6]
                0.00    0.00       5/697         MafiaSolver<double>::build_windows() [11]
                0.01    0.00     679/697         MafiaSolver<double>::find_cdus() [10]
[9]      0.1    0.01    0.00     697+120     void write_clusters<double>(char const*, double*, int, int, std::vector<std::vector<int, std::allocator<int> >, std::allocator<std::vector<int, std::allocator<int> > > > const&) [9]
                0.00    0.00    3954/3954        Cdu::operator<(Cdu const&) const [19]
                                 120             void write_clusters<double>(char const*, double*, int, int, std::vector<std::vector<int, std::allocator<int> >, std::allocator<std::vector<int, std::allocator<int> > > > const&) [9]
-----------------------------------------------
                0.00    0.01       8/8           MafiaSolver<double>::find_clusters() [1]
[10]     0.1    0.00    0.01       8         MafiaSolver<double>::find_cdus() [10]
                0.01    0.00     679/697         void write_clusters<double>(char const*, double*, int, int, std::vector<std::vector<int, std::allocator<int> >, std::allocator<std::vector<int, std::allocator<int> > > > const&) [9]
                0.00    0.00    1652/1652        Cdu::can_merge_with(Cdu const&) [21]
                0.00    0.00     672/672         Cdu::merge_with(Cdu const&) [24]
                0.00    0.00     581/708         Cdu::~Cdu() [22]
                0.00    0.00      36/2395        std::vector<dimpair_t, std::allocator<dimpair_t> >::_M_insert_aux(__gnu_cxx::__normal_iterator<dimpair_t*, std::vector<dimpair_t, std::allocator<dimpair_t> > >, dimpair_t const&) [20]
                0.00    0.00       7/16          std::vector<ref<Cdu>, std::allocator<ref<Cdu> > >::_M_insert_aux(__gnu_cxx::__normal_iterator<ref<Cdu>*, std::vector<ref<Cdu>, std::allocator<ref<Cdu> > > >, ref<Cdu> const&) [33]
-----------------------------------------------
                0.00    0.00       1/1           MafiaSolver<double>::find_clusters() [1]
[11]     0.0    0.00    0.00       1         MafiaSolver<double>::build_windows() [11]
                0.00    0.00       5/697         void write_clusters<double>(char const*, double*, int, int, std::vector<std::vector<int, std::allocator<int> >, std::allocator<std::vector<int, std::allocator<int> > > > const&) [9]
                0.00    0.00     190/190         Window::can_merge_with(Window const&, double) const [27]
                0.00    0.00     176/176         Window::merge_with(Window const&) const [28]
                0.00    0.00      36/36          Window::compute_threshold(double, int, int) [31]
                0.00    0.00      24/93          std::vector<Window, std::allocator<Window> >::_M_insert_aux(__gnu_cxx::__normal_iterator<Window*, std::vector<Window, std::allocator<Window> > >, Window const&) [30]
                0.00    0.00      13/13          MafiaSolver<double>::build_uniform_windows(int, int, std::vector<Window, std::allocator<Window> >&) [34]
-----------------------------------------------
                0.00    0.00       7/7           MafiaSolver<double>::find_clusters() [1]
[12]     0.0    0.00    0.00       7         MafiaSolver<double>::find_unjoined_dus() [12]
                0.00    0.00       4/697         void write_clusters<double>(char const*, double*, int, int, std::vector<std::vector<int, std::allocator<int> >, std::allocator<std::vector<int, std::allocator<int> > > > const&) [9]
                0.00    0.00     700/700         Cdu::is_assimilated_into(Cdu const&) const [23]
                0.00    0.00       1/16          std::vector<ref<Cdu>, std::allocator<ref<Cdu> > >::_M_insert_aux(__gnu_cxx::__normal_iterator<ref<Cdu>*, std::vector<ref<Cdu>, std::allocator<ref<Cdu> > > >, ref<Cdu> const&) [33]
-----------------------------------------------
                0.00    0.00       1/1           MafiaSolver<double>::find_clusters() [1]
[13]     0.0    0.00    0.00       1         MafiaSolver<double>::build_du_clusters() [13]
                0.00    0.00       3/697         void write_clusters<double>(char const*, double*, int, int, std::vector<std::vector<int, std::allocator<int> >, std::allocator<std::vector<int, std::allocator<int> > > > const&) [9]
                0.00    0.00       1/16          std::vector<ref<Cdu>, std::allocator<ref<Cdu> > >::_M_insert_aux(__gnu_cxx::__normal_iterator<ref<Cdu>*, std::vector<ref<Cdu>, std::allocator<ref<Cdu> > > >, ref<Cdu> const&) [33]
-----------------------------------------------
                0.00    0.00    3954/3954        void write_clusters<double>(char const*, double*, int, int, std::vector<std::vector<int, std::allocator<int> >, std::allocator<std::vector<int, std::allocator<int> > > > const&) [9]
[19]     0.0    0.00    0.00    3954         Cdu::operator<(Cdu const&) const [19]
-----------------------------------------------
                0.00    0.00      28/2395        void read_points<double>(char const*, double**, int*, int*) [7]
                0.00    0.00      36/2395        MafiaSolver<double>::find_cdus() [10]
                0.00    0.00    2331/2395        Cdu::merge_with(Cdu const&) [24]
[20]     0.0    0.00    0.00    2395         std::vector<dimpair_t, std::allocator<dimpair_t> >::_M_insert_aux(__gnu_cxx::__normal_iterator<dimpair_t*, std::vector<dimpair_t, std::allocator<dimpair_t> > >, dimpair_t const&) [20]
