		     Call graph (explanation follows)


granularity: each sample hit covers 4 byte(s) for 0.40% of 2.53 seconds

index % time    self  children    called     name
                0.00    1.99       1/1           std::vector<std::vector<int, std::allocator<int> >, std::allocator<std::vector<int, std::allocator<int> > > > mafia_solve<double>(double const*, int, int, Options const&) [2]
[1]     78.7    0.00    1.99       1         MafiaSolver<double>::find_clusters() [1]
                1.31    0.00       1/1           MafiaSolver<double>::build_histos() [3]
                0.48    0.00       1/1           MafiaSolver<double>::build_bitmaps() [5]
                0.02    0.11       1/1           MafiaSolver<double>::build_clusters() [6]
                0.00    0.07       9/9           MafiaSolver<double>::find_dense_cdus() [9]
                0.00    0.00       9/9           std::vector<ref<Cdu>, std::allocator<ref<Cdu> > >::operator=(std::vector<ref<Cdu>, std::allocator<ref<Cdu> > > const&) [36]
                0.00    0.00       9/9           MafiaSolver<double>::find_cdus() [35]
                0.00    0.00       8/8           MafiaSolver<double>::dedup_cdus() [38]
                0.00    0.00       8/8           MafiaSolver<double>::find_unjoined_dus() [39]
                0.00    0.00       1/1           MafiaSolver<double>::build_windows() [41]
                0.00    0.00       1/1           MafiaSolver<double>::build_du_graph() [42]
                0.00    0.00       1/1           MafiaSolver<double>::build_du_clusters() [43]
-----------------------------------------------
                                                 <spontaneous>
[2]     78.7    0.00    1.99                 std::vector<std::vector<int, std::allocator<int> >, std::allocator<std::vector<int, std::allocator<int> > > > mafia_solve<double>(double const*, int, int, Options const&) [2]
                0.00    1.99       1/1           MafiaSolver<double>::find_clusters() [1]
                0.00    0.00       1/1           MafiaSolver<double>::MafiaSolver(double const*, int, int, Options const&) [44]
                0.00    0.00       1/1           MafiaSolver<double>::~MafiaSolver() [45]
-----------------------------------------------
                1.31    0.00       1/1           MafiaSolver<double>::find_clusters() [1]
[3]     51.8    1.31    0.00       1         MafiaSolver<double>::build_histos() [3]
                0.00    0.00       5/1818        void write_clusters<double>(char const*, double*, int, int, std::vector<std::vector<int, std::allocator<int> >, std::allocator<std::vector<int, std::allocator<int> > > > const&) [22]
-----------------------------------------------
                                                 <spontaneous>
[4]     21.3    0.54    0.00                 void read_points<double>(char const*, double**, int*, int*) [4]
                0.00    0.00      28/6586        std::vector<dimpair_t, std::allocator<dimpair_t> >::_M_insert_aux(__gnu_cxx::__normal_iterator<dimpair_t*, std::vector<dimpair_t, std::allocator<dimpair_t> > >, dimpair_t const&) [18]
-----------------------------------------------
                0.48    0.00       1/1           MafiaSolver<double>::find_clusters() [1]
[5]     19.0    0.48    0.00       1         MafiaSolver<double>::build_bitmaps() [5]
                0.00    0.00      34/34          Window::is_dense() [31]
                0.00    0.00       8/8           bitmap::bitmap(unsigned long, bool) [40]
-----------------------------------------------
                0.02    0.11       1/1           MafiaSolver<double>::find_clusters() [1]
[6]      5.1    0.02    0.11       1         MafiaSolver<double>::build_clusters() [6]
                0.11    0.00 10000000/10000000     bool Cdu::contains_point<double>(double const*, std::vector<std::vector<Window, std::allocator<Window> >, std::allocator<std::vector<Window, std::allocator<Window> > > > const&) const [7]
                0.00    0.00      25/25          std::vector<int, std::allocator<int> >::_M_insert_aux(__gnu_cxx::__normal_iterator<int*, std::vector<int, std::allocator<int> > >, int const&) [32]
                0.00    0.00       1/1818        void write_clusters<double>(char const*, double*, int, int, std::vector<std::vector<int, std::allocator<int> >, std::allocator<std::vector<int, std::allocator<int> > > > const&) [22]
-----------------------------------------------
                0.11    0.00 10000000/10000000     MafiaSolver<double>::build_clusters() [6]
[7]      4.3    0.11    0.00 10000000         bool Cdu::contains_point<double>(double const*, std::vector<std::vector<Window, std::allocator<Window> >, std::allocator<std::vector<Window, std::allocator<Window> > > > const&) const [7]
-----------------------------------------------
                0.00    0.07     281/281         MafiaSolver<double>::find_dense_cdus() [9]
[8]      2.8    0.00    0.07     281         Cdu::count_points_bitmaps(int, std::vector<std::vector<Window, std::allocator<Window> >, std::allocator<std::vector<Window, std::allocator<Window> > > > const&) [8]
                0.06    0.00     769/769         bitmap::operator&=(bitmap const&) [10]
                0.01    0.00     247/247         bitmap::count() const [11]
-----------------------------------------------
                0.00    0.07       9/9           MafiaSolver<double>::find_clusters() [1]
[9]      2.8    0.00    0.07       9         MafiaSolver<double>::find_dense_cdus() [9]
                0.00    0.07     281/281         Cdu::count_points_bitmaps(int, std::vector<std::vector<Window, std::allocator<Window> >, std::allocator<std::vector<Window, std::allocator<Window> > > > const&) [8]
                0.00    0.00     281/281         Cdu::is_dense(std::vector<std::vector<Window, std::allocator<Window> >, std::allocator<std::vector<Window, std::allocator<Window> > > > const&) const [25]
                0.00    0.00       8/18          std::vector<ref<Cdu>, std::allocator<ref<Cdu> > >::_M_insert_aux(__gnu_cxx::__normal_iterator<ref<Cdu>*, std::vector<ref<Cdu>, std::allocator<ref<Cdu> > > >, ref<Cdu> const&) [33]
-----------------------------------------------
                0.06    0.00     769/769         Cdu::count_points_bitmaps(int, std::vector<std::vector<Window, std::allocator<Window> >, std::allocator<std::vector<Window, std::allocator<Window> > > > const&) [8]
[10]     2.4    0.06    0.00     769         bitmap::operator&=(bitmap const&) [10]
-----------------------------------------------
                0.01    0.00     247/247         Cdu::count_points_bitmaps(int, std::vector<std::vector<Window, std::allocator<Window> >, std::allocator<std::vector<Window, std::allocator<Window> > > > const&) [8]
[11]     0.4    0.01    0.00     247         bitmap::count() const [11]
-----------------------------------------------
                0.00    0.00   12755/12755       void write_clusters<double>(char const*, double*, int, int, std::vector<std::vector<int, std::allocator<int> >, std::allocator<std::vector<int, std::allocator<int> > > > const&) [22]
[17]     0.0    0.00    0.00   12755         Cdu::operator<(Cdu const&) const [17]
-----------------------------------------------
                0.00    0.00      28/6586        void read_points<double>(char const*, double**, int*, int*) [4]
                0.00    0.00      34/6586        MafiaSolver<double>::find_cdus() [35]
                0.00    0.00    6524/6586        Cdu::merge_with(Cdu const&) [23]
[18]     0.0    0.00    0.00    6586         std::vector<dimpair_t, std::allocator<dimpair_t> >::_M_insert_aux(__gnu_cxx::__normal_iterator<dimpair_t*, std::vector<dimpair_t, std::allocator<dimpair_t> > >, dimpair_t const&) [18]
-----------------------------------------------
                0.00    0.00    6307/6307        MafiaSolver<double>::find_cdus() [35]
[19]     0.0    0.00    0.00    6307         Cdu::can_merge_with(Cdu const&) [19]
-----------------------------------------------
                0.00    0.00    2480/2480        MafiaSolver<double>::find_unjoined_dus() [39]
[20]     0.0    0.00    0.00    2480         Cdu::is_assimilated_into(Cdu const&) const [20]
-----------------------------------------------
                0.00    0.00       1/1826        MafiaSolver<double>::~MafiaSolver() [45]
                0.00    0.00     254/1826        std::vector<ref<Cdu>, std::allocator<ref<Cdu> > >::operator=(std::vector<ref<Cdu>, std::allocator<ref<Cdu> > > const&) [36]
                0.00    0.00    1571/1826        MafiaSolver<double>::find_cdus() [35]
[21]     0.0    0.00    0.00    1826         Cdu::~Cdu() [21]
-----------------------------------------------
                                 250             void write_clusters<double>(char const*, double*, int, int, std::vector<std::vector<int, std::allocator<int> >, std::allocator<std::vector<int, std::allocator<int> > > > const&) [22]
                0.00    0.00       1/1818        MafiaSolver<double>::build_clusters() [6]
                0.00    0.00       3/1818        MafiaSolver<double>::build_du_clusters() [43]
                0.00    0.00       4/1818        MafiaSolver<double>::find_unjoined_dus() [39]
                0.00    0.00       5/1818        MafiaSolver<double>::build_histos() [3]
                0.00    0.00       5/1818        MafiaSolver<double>::build_windows() [41]
                0.00    0.00    1800/1818        MafiaSolver<double>::find_cdus() [35]
[22]     0.0    0.00    0.00    1818+250     void write_clusters<double>(char const*, double*, int, int, std::vector<std::vector<int, std::allocator<int> >, std::allocator<std::vector<int, std::allocator<int> > > > const&) [22]
                0.00    0.00   12755/12755       Cdu::operator<(Cdu const&) const [17]
                                 250             void write_clusters<double>(char const*, double*, int, int, std::vector<std::vector<int, std::allocator<int> >, std::allocator<std::vector<int, std::allocator<int> > > > const&) [22]
-----------------------------------------------
                0.00    0.00    1792/1792        MafiaSolver<double>::find_cdus() [35]
[23]     0.0    0.00    0.00    1792         Cdu::merge_with(Cdu const&) [23]
                0.00    0.00    6524/6586        std::vector<dimpair_t, std::allocator<dimpair_t> >::_M_insert_aux(__gnu_cxx::__normal_iterator<dimpair_t*, std::vector<dimpair_t, std::allocator<dimpair_t> > >, dimpair_t const&) [18]
-----------------------------------------------
                0.00    0.00     174/384         Window::merge_with(Window const&) const [28]
