		     Call graph (explanation follows)


granularity: each sample hit covers 4 byte(s) for 0.35% of 2.84 seconds

index % time    self  children    called     name
                0.00    2.20       1/1           std::vector<std::vector<int, std::allocator<int> >, std::allocator<std::vector<int, std::allocator<int> > > > mafia_solve<double>(double const*, int, int, Options const&) [2]
[1]     77.5    0.00    2.20       1         MafiaSolver<double>::find_clusters() [1]
                1.24    0.00       1/1           MafiaSolver<double>::build_histos() [3]
                0.54    0.00       1/1           MafiaSolver<double>::build_bitmaps() [5]
                0.00    0.22      10/10          MafiaSolver<double>::find_dense_cdus() [7]
                0.03    0.16       1/1           MafiaSolver<double>::build_clusters() [8]
                0.00    0.01      10/10          MafiaSolver<double>::find_cdus() [13]
                0.00    0.00       9/9           MafiaSolver<double>::find_unjoined_dus() [14]
                0.00    0.00       1/1           MafiaSolver<double>::build_windows() [15]
                0.00    0.00       1/1           MafiaSolver<double>::build_du_clusters() [16]
                0.00    0.00      10/10          std::vector<ref<Cdu>, std::allocator<ref<Cdu> > >::operator=(std::vector<ref<Cdu>, std::allocator<ref<Cdu> > > const&) [39]
                0.00    0.00       9/9           MafiaSolver<double>::dedup_cdus() [41]
                0.00    0.00       1/1           MafiaSolver<double>::build_du_graph() [43]
-----------------------------------------------
                                                 <spontaneous>
[2]     77.5    0.00    2.20                 std::vector<std::vector<int, std::allocator<int> >, std::allocator<std::vector<int, std::allocator<int> > > > mafia_solve<double>(double const*, int, int, Options const&) [2]
                0.00    2.20       1/1           MafiaSolver<double>::find_clusters() [1]
                0.00    0.00       1/1           MafiaSolver<double>::MafiaSolver(double const*, int, int, Options const&) [44]
                0.00    0.00       1/1           MafiaSolver<double>::~MafiaSolver() [45]
-----------------------------------------------
                1.24    0.00       1/1           MafiaSolver<double>::find_clusters() [1]
[3]     43.7    1.24    0.00       1         MafiaSolver<double>::build_histos() [3]
                0.00    0.00       5/4636        void write_clusters<double>(char const*, double*, int, int, std::vector<std::vector<int, std::allocator<int> >, std::allocator<std::vector<int, std::allocator<int> > > > const&) [12]
-----------------------------------------------
                                                 <spontaneous>
[4]     22.5    0.64    0.00                 void read_points<double>(char const*, double**, int*, int*) [4]
                0.00    0.00      28/17448       std::vector<dimpair_t, std::allocator<dimpair_t> >::_M_insert_aux(__gnu_cxx::__normal_iterator<dimpair_t*, std::vector<dimpair_t, std::allocator<dimpair_t> > >, dimpair_t const&) [24]
-----------------------------------------------
                0.54    0.00       1/1           MafiaSolver<double>::find_clusters() [1]
[5]     19.0    0.54    0.00       1         MafiaSolver<double>::build_bitmaps() [5]
                0.00    0.00      32/32          Window::is_dense() [35]
                0.00    0.00       9/9           bitmap::bitmap(unsigned long, bool) [42]
-----------------------------------------------
                0.00    0.22     534/534         MafiaSolver<double>::find_dense_cdus() [7]
[6]      7.7    0.00    0.22     534         Cdu::count_points_bitmaps(int, std::vector<std::vector<Window, std::allocator<Window> >, std::allocator<std::vector<Window, std::allocator<Window> > > > const&) [6]
                0.19    0.00    1793/1793        bitmap::operator&=(bitmap const&) [9]
                0.03    0.00     502/502         bitmap::count() const [11]
-----------------------------------------------
                0.00    0.22      10/10          MafiaSolver<double>::find_clusters() [1]
[7]      7.7    0.00    0.22      10         MafiaSolver<double>::find_dense_cdus() [7]
                0.00    0.22     534/534         Cdu::count_points_bitmaps(int, std::vector<std::vector<Window, std::allocator<Window> >, std::allocator<std::vector<Window, std::allocator<Window> > > > const&) [6]
                0.00    0.00     534/534         Cdu::is_dense(std::vector<std::vector<Window, std::allocator<Window> >, std::allocator<std::vector<Window, std::allocator<Window> > > > const&) const [28]
                0.00    0.00       8/18          std::vector<ref<Cdu>, std::allocator<ref<Cdu> > >::_M_insert_aux(__gnu_cxx::__normal_iterator<ref<Cdu>*, std::vector<ref<Cdu>, std::allocator<ref<Cdu> > > >, ref<Cdu> const&) [37]
-----------------------------------------------
                0.03    0.16       1/1           MafiaSolver<double>::find_clusters() [1]
[8]      6.7    0.03    0.16       1         MafiaSolver<double>::build_clusters() [8]
                0.16    0.00 10000000/10000000     bool Cdu::contains_point<double>(double const*, std::vector<std::vector<Window, std::allocator<Window> >, std::allocator<std::vector<Window, std::allocator<Window> > > > const&) const [10]
                0.00    0.00       1/4636        void write_clusters<double>(char const*, double*, int, int, std::vector<std::vector<int, std::allocator<int> >, std::allocator<std::vector<int, std::allocator<int> > > > const&) [12]
                0.00    0.00      25/25          std::vector<int, std::allocator<int> >::_M_insert_aux(__gnu_cxx::__normal_iterator<int*, std::vector<int, std::allocator<int> > >, int const&) [36]
-----------------------------------------------
                0.19    0.00    1793/1793        Cdu::count_points_bitmaps(int, std::vector<std::vector<Window, std::allocator<Window> >, std::allocator<std::vector<Window, std::allocator<Window> > > > const&) [6]
[9]      6.7    0.19    0.00    1793         bitmap::operator&=(bitmap const&) [9]
-----------------------------------------------
                0.16    0.00 10000000/10000000     MafiaSolver<double>::build_clusters() [8]
[10]     5.6    0.16    0.00 10000000         bool Cdu::contains_point<double>(double const*, std::vector<std::vector<Window, std::allocator<Window> >, std::allocator<std::vector<Window, std::allocator<Window> > > > const&) const [10]
-----------------------------------------------
                0.03    0.00     502/502         Cdu::count_points_bitmaps(int, std::vector<std::vector<Window, std::allocator<Window> >, std::allocator<std::vector<Window, std::allocator<Window> > > > const&) [6]
[11]     1.1    0.03    0.00     502         bitmap::count() const [11]
-----------------------------------------------
                                 510             void write_clusters<double>(char const*, double*, int, int, std::vector<std::vector<int, std::allocator<int> >, std::allocator<std::vector<int, std::allocator<int> > > > const&) [12]
                0.00    0.00       1/4636        MafiaSolver<double>::build_clusters() [8]
                0.00    0.00       3/4636        MafiaSolver<double>::build_du_clusters() [16]
                0.00    0.00       5/4636        MafiaSolver<double>::find_unjoined_dus() [14]
                0.00    0.00       5/4636        MafiaSolver<double>::build_histos() [3]
                0.00    0.00       5/4636        MafiaSolver<double>::build_windows() [15]
                0.01    0.00    4617/4636        MafiaSolver<double>::find_cdus() [13]
[12]     0.4    0.01    0.00    4636+510     void write_clusters<double>(char const*, double*, int, int, std::vector<std::vector<int, std::allocator<int> >, std::allocator<std::vector<int, std::allocator<int> > > > const&) [12]
                0.00    0.00   39046/39046       Cdu::operator<(Cdu const&) const [22]
                                 510             void write_clusters<double>(char const*, double*, int, int, std::vector<std::vector<int, std::allocator<int> >, std::allocator<std::vector<int, std::allocator<int> > > > const&) [12]
-----------------------------------------------
                0.00    0.01      10/10          MafiaSolver<double>::find_clusters() [1]
[13]     0.4    0.00    0.01      10         MafiaSolver<double>::find_cdus() [13]
                0.01    0.00    4617/4636        void write_clusters<double>(char const*, double*, int, int, std::vector<std::vector<int, std::allocator<int> >, std::allocator<std::vector<int, std::allocator<int> > > > const&) [12]
                0.00    0.00   24054/24054       Cdu::can_merge_with(Cdu const&) [23]
                0.00    0.00    4608/4608        Cdu::merge_with(Cdu const&) [27]
                0.00    0.00    4129/4640        Cdu::~Cdu() [26]
                0.00    0.00      32/17448       std::vector<dimpair_t, std::allocator<dimpair_t> >::_M_insert_aux(__gnu_cxx::__normal_iterator<dimpair_t*, std::vector<dimpair_t, std::allocator<dimpair_t> > >, dimpair_t const&) [24]
                0.00    0.00       8/18          std::vector<ref<Cdu>, std::allocator<ref<Cdu> > >::_M_insert_aux(__gnu_cxx::__normal_iterator<ref<Cdu>*, std::vector<ref<Cdu>, std::allocator<ref<Cdu> > > >, ref<Cdu> const&) [37]
-----------------------------------------------
                0.00    0.00       9/9           MafiaSolver<double>::find_clusters() [1]
[14]     0.0    0.00    0.00       9         MafiaSolver<double>::find_unjoined_dus() [14]
                0.00    0.00       5/4636        void write_clusters<double>(char const*, double*, int, int, std::vector<std::vector<int, std::allocator<int> >, std::allocator<std::vector<int, std::allocator<int> > > > const&) [12]
                0.00    0.00    9043/9043        Cdu::is_assimilated_into(Cdu const&) const [25]
                0.00    0.00       1/18          std::vector<ref<Cdu>, std::allocator<ref<Cdu> > >::_M_insert_aux(__gnu_cxx::__normal_iterator<ref<Cdu>*, std::vector<ref<Cdu>, std::allocator<ref<Cdu> > > >, ref<Cdu> const&) [37]
-----------------------------------------------
                0.00    0.00       1/1           MafiaSolver<double>::find_clusters() [1]
[15]     0.0    0.00    0.00       1         MafiaSolver<double>::build_windows() [15]
                0.00    0.00       5/4636        void write_clusters<double>(char const*, double*, int, int, std::vector<std::vector<int, std::allocator<int> >, std::allocator<std::vector<int, std::allocator<int> > > > const&) [12]
                0.00    0.00     190/190         Window::can_merge_with(Window const&, double) const [31]
                0.00    0.00     172/172         Window::merge_with(Window const&) const [32]
                0.00    0.00      32/32          Window::compute_threshold(double, int, int) [34]
                0.00    0.00      28/91          std::vector<Window, std::allocator<Window> >::_M_insert_aux(__gnu_cxx::__normal_iterator<Window*, std::vector<Window, std::allocator<Window> > >, Window const&) [33]
                0.00    0.00      11/11          MafiaSolver<double>::build_uniform_windows(int, int, std::vector<Window, std::allocator<Window> >&) [38]
-----------------------------------------------
