		     Call graph (explanation follows)


granularity: each sample hit covers 4 byte(s) for 3.70% of 0.27 seconds

index % time    self  children    called     name
                0.00    0.23       1/1           std::vector<std::vector<int, std::allocator<int> >, std::allocator<std::vector<int, std::allocator<int> > > > mafia_solve<double>(double const*, int, int, Options const&) [2]
[1]     85.2    0.00    0.23       1         MafiaSolver<double>::find_clusters() [1]
                0.11    0.00       1/1           MafiaSolver<double>::build_histos() [3]
                0.06    0.00       1/1           MafiaSolver<double>::build_bitmaps() [4]
                0.00    0.03      11/11          MafiaSolver<double>::find_dense_cdus() [8]
                0.00    0.03       1/1           MafiaSolver<double>::build_clusters() [9]
                0.00    0.00      11/11          std::vector<ref<Cdu>, std::allocator<ref<Cdu> > >::operator=(std::vector<ref<Cdu>, std::allocator<ref<Cdu> > > const&) [35]
                0.00    0.00      11/11          MafiaSolver<double>::find_cdus() [34]
                0.00    0.00      10/10          MafiaSolver<double>::dedup_cdus() [37]
                0.00    0.00      10/10          MafiaSolver<double>::find_unjoined_dus() [38]
                0.00    0.00       1/1           MafiaSolver<double>::build_windows() [41]
                0.00    0.00       1/1           MafiaSolver<double>::build_du_graph() [42]
                0.00    0.00       1/1           MafiaSolver<double>::build_du_clusters() [43]
-----------------------------------------------
                                                 <spontaneous>
[2]     85.2    0.00    0.23                 std::vector<std::vector<int, std::allocator<int> >, std::allocator<std::vector<int, std::allocator<int> > > > mafia_solve<double>(double const*, int, int, Options const&) [2]
                0.00    0.23       1/1           MafiaSolver<double>::find_clusters() [1]
                0.00    0.00       1/1           MafiaSolver<double>::MafiaSolver(double const*, int, int, Options const&) [44]
                0.00    0.00       1/1           MafiaSolver<double>::~MafiaSolver() [45]
-----------------------------------------------
                0.11    0.00       1/1           MafiaSolver<double>::find_clusters() [1]
[3]     40.7    0.11    0.00       1         MafiaSolver<double>::build_histos() [3]
                0.00    0.00       5/11549       void write_clusters<double>(char const*, double*, int, int, std::vector<std::vector<int, std::allocator<int> >, std::allocator<std::vector<int, std::allocator<int> > > > const&) [22]
-----------------------------------------------
                0.06    0.00       1/1           MafiaSolver<double>::find_clusters() [1]
[4]     22.2    0.06    0.00       1         MafiaSolver<double>::build_bitmaps() [4]
                0.00    0.00      30/30          Window::is_dense() [31]
                0.00    0.00      10/10          bitmap::bitmap(unsigned long, bool) [40]
-----------------------------------------------
                                                 <spontaneous>
[5]     14.8    0.04    0.00                 void read_points<double>(char const*, double**, int*, int*) [5]
                0.00    0.00      25/44830       std::vector<dimpair_t, std::allocator<dimpair_t> >::_M_insert_aux(__gnu_cxx::__normal_iterator<dimpair_t*, std::vector<dimpair_t, std::allocator<dimpair_t> > >, dimpair_t const&) [19]
-----------------------------------------------
                0.03    0.00 1000000/1000000     MafiaSolver<double>::build_clusters() [9]
[6]     11.1    0.03    0.00 1000000         bool Cdu::contains_point<double>(double const*, std::vector<std::vector<Window, std::allocator<Window> >, std::allocator<std::vector<Window, std::allocator<Window> > > > const&) const [6]
-----------------------------------------------
                0.00    0.03    1043/1043        MafiaSolver<double>::find_dense_cdus() [8]
[7]     11.1    0.00    0.03    1043         Cdu::count_points_bitmaps(int, std::vector<std::vector<Window, std::allocator<Window> >, std::allocator<std::vector<Window, std::allocator<Window> > > > const&) [7]
                0.02    0.00    4097/4097        bitmap::operator&=(bitmap const&) [10]
                0.01    0.00    1013/1013        bitmap::count() const [11]
-----------------------------------------------
                0.00    0.03      11/11          MafiaSolver<double>::find_clusters() [1]
[8]     11.1    0.00    0.03      11         MafiaSolver<double>::find_dense_cdus() [8]
                0.00    0.03    1043/1043        Cdu::count_points_bitmaps(int, std::vector<std::vector<Window, std::allocator<Window> >, std::allocator<std::vector<Window, std::allocator<Window> > > > const&) [7]
                0.00    0.00    1043/1043        Cdu::is_dense(std::vector<std::vector<Window, std::allocator<Window> >, std::allocator<std::vector<Window, std::allocator<Window> > > > const&) const [24]
                0.00    0.00       9/20          std::vector<ref<Cdu>, std::allocator<ref<Cdu> > >::_M_insert_aux(__gnu_cxx::__normal_iterator<ref<Cdu>*, std::vector<ref<Cdu>, std::allocator<ref<Cdu> > > >, ref<Cdu> const&) [33]
-----------------------------------------------
                0.00    0.03       1/1           MafiaSolver<double>::find_clusters() [1]
[9]     11.1    0.00    0.03       1         MafiaSolver<double>::build_clusters() [9]
                0.03    0.00 1000000/1000000     bool Cdu::contains_point<double>(double const*, std::vector<std::vector<Window, std::allocator<Window> >, std::allocator<std::vector<Window, std::allocator<Window> > > > const&) const [6]
                0.00    0.00      21/21          std::vector<int, std::allocator<int> >::_M_insert_aux(__gnu_cxx::__normal_iterator<int*, std::vector<int, std::allocator<int> > >, int const&) [32]
                0.00    0.00       1/11549       void write_clusters<double>(char const*, double*, int, int, std::vector<std::vector<int, std::allocator<int> >, std::allocator<std::vector<int, std::allocator<int> > > > const&) [22]
-----------------------------------------------
                0.02    0.00    4097/4097        Cdu::count_points_bitmaps(int, std::vector<std::vector<Window, std::allocator<Window> >, std::allocator<std::vector<Window, std::allocator<Window> > > > const&) [7]
[10]     7.4    0.02    0.00    4097         bitmap::operator&=(bitmap const&) [10]
-----------------------------------------------
                0.01    0.00    1013/1013        Cdu::count_points_bitmaps(int, std::vector<std::vector<Window, std::allocator<Window> >, std::allocator<std::vector<Window, std::allocator<Window> > > > const&) [7]
[11]     3.7    0.01    0.00    1013         bitmap::count() const [11]
-----------------------------------------------
                0.00    0.00  114097/114097      void write_clusters<double>(char const*, double*, int, int, std::vector<std::vector<int, std::allocator<int> >, std::allocator<std::vector<int, std::allocator<int> > > > const&) [22]
[17]     0.0    0.00    0.00  114097         Cdu::operator<(Cdu const&) const [17]
-----------------------------------------------
                0.00    0.00   91866/91866       MafiaSolver<double>::find_cdus() [34]
[18]     0.0    0.00    0.00   91866         Cdu::can_merge_with(Cdu const&) [18]
-----------------------------------------------
                0.00    0.00      25/44830       void read_points<double>(char const*, double**, int*, int*) [5]
                0.00    0.00      30/44830       MafiaSolver<double>::find_cdus() [34]
                0.00    0.00   44775/44830       Cdu::merge_with(Cdu const&) [23]
[19]     0.0    0.00    0.00   44830         std::vector<dimpair_t, std::allocator<dimpair_t> >::_M_insert_aux(__gnu_cxx::__normal_iterator<dimpair_t*, std::vector<dimpair_t, std::allocator<dimpair_t> > >, dimpair_t const&) [19]
-----------------------------------------------
                0.00    0.00   33609/33609       MafiaSolver<double>::find_unjoined_dus() [38]
[20]     0.0    0.00    0.00   33609         Cdu::is_assimilated_into(Cdu const&) const [20]
-----------------------------------------------
                0.00    0.00       1/11550       MafiaSolver<double>::~MafiaSolver() [45]
                0.00    0.00    1022/11550       std::vector<ref<Cdu>, std::allocator<ref<Cdu> > >::operator=(std::vector<ref<Cdu>, std::allocator<ref<Cdu> > > const&) [35]
                0.00    0.00   10527/11550       MafiaSolver<double>::find_cdus() [34]
[21]     0.0    0.00    0.00   11550         Cdu::~Cdu() [21]
-----------------------------------------------
                                1041             void write_clusters<double>(char const*, double*, int, int, std::vector<std::vector<int, std::allocator<int> >, std::allocator<std::vector<int, std::allocator<int> > > > const&) [22]
                0.00    0.00       1/11549       MafiaSolver<double>::build_clusters() [9]
                0.00    0.00       3/11549       MafiaSolver<double>::build_du_clusters() [43]
                0.00    0.00       5/11549       MafiaSolver<double>::find_unjoined_dus() [38]
                0.00    0.00       5/11549       MafiaSolver<double>::build_histos() [3]
                0.00    0.00       5/11549       MafiaSolver<double>::build_windows() [41]
                0.00    0.00   11530/11549       MafiaSolver<double>::find_cdus() [34]
[22]     0.0    0.00    0.00   11549+1041    void write_clusters<double>(char const*, double*, int, int, std::vector<std::vector<int, std::allocator<int> >, std::allocator<std::vector<int, std::allocator<int> > > > const&) [22]
                0.00    0.00  114097/114097      Cdu::operator<(Cdu const&) const [17]
                                1041             void write_clusters<double>(char const*, double*, int, int, std::vector<std::vector<int, std::allocator<int> >, std::allocator<std::vector<int, std::allocator<int> > > > const&) [22]
-----------------------------------------------
                0.00    0.00   11520/11520       MafiaSolver<double>::find_cdus() [34]
[23]     0.0    0.00    0.00   11520         Cdu::merge_with(Cdu const&) [23]
                0.00    0.00   44775/44830       std::vector<dimpair_t, std::allocator<dimpair_t> >::_M_insert_aux(__gnu_cxx::__normal_iterator<dimpair_t*, std::vector<dimpair_t, std::allocator<dimpair_t> > >, dimpair_t const&) [19]
-----------------------------------------------
                0.00    0.00    1043/1043        MafiaSolver<double>::find_dense_cdus() [8]
