		     Call graph (explanation follows)


granularity: each sample hit covers 4 byte(s) for 0.07% of 13.51 seconds

index % time    self  children    called     name
                0.00   13.46       1/1           std::vector<std::vector<int, std::allocator<int> >, std::allocator<std::vector<int, std::allocator<int> > > > mafia_solve<double>(double const*, int, int, Options const&) [2]
[1]     99.6    0.00   13.46       1         MafiaSolver<double>::find_clusters() [1]
                0.00   13.34      11/11          MafiaSolver<double>::find_dense_cdus() [4]
                0.11    0.00       1/1           MafiaSolver<double>::build_histos() [6]
                0.00    0.01       1/1           MafiaSolver<double>::build_clusters() [8]
                0.00    0.00      11/11          std::vector<ref<Cdu>, std::allocator<ref<Cdu> > >::operator=(std::vector<ref<Cdu>, std::allocator<ref<Cdu> > > const&) [31]
                0.00    0.00      11/11          MafiaSolver<double>::find_cdus() [30]
                0.00    0.00      10/10          MafiaSolver<double>::dedup_cdus() [32]
                0.00    0.00      10/10          MafiaSolver<double>::find_unjoined_dus() [33]
                0.00    0.00       1/1           MafiaSolver<double>::build_windows() [35]
                0.00    0.00       1/1           MafiaSolver<double>::build_du_graph() [36]
                0.00    0.00       1/1           MafiaSolver<double>::build_du_clusters() [37]
-----------------------------------------------
                                                 <spontaneous>
[2]     99.6    0.00   13.46                 std::vector<std::vector<int, std::allocator<int> >, std::allocator<std::vector<int, std::allocator<int> > > > mafia_solve<double>(double const*, int, int, Options const&) [2]
                0.00   13.46       1/1           MafiaSolver<double>::find_clusters() [1]
                0.00    0.00       1/1           MafiaSolver<double>::MafiaSolver(double const*, int, int, Options const&) [38]
                0.00    0.00       1/1           MafiaSolver<double>::~MafiaSolver() [39]
-----------------------------------------------
                0.80   12.54    1043/1043        MafiaSolver<double>::find_dense_cdus() [4]
[3]     98.7    0.80   12.54    1043         int Cdu::count_points_direct<double>(double const*, int, int, std::vector<std::vector<Window, std::allocator<Window> >, std::allocator<std::vector<Window, std::allocator<Window> > > > const&) [3]
               12.54    0.00 1013000000/1014000000     bool Cdu::contains_point<double>(double const*, std::vector<std::vector<Window, std::allocator<Window> >, std::allocator<std::vector<Window, std::allocator<Window> > > > const&) const [5]
-----------------------------------------------
                0.00   13.34      11/11          MafiaSolver<double>::find_clusters() [1]
[4]     98.7    0.00   13.34      11         MafiaSolver<double>::find_dense_cdus() [4]
                0.80   12.54    1043/1043        int Cdu::count_points_direct<double>(double const*, int, int, std::vector<std::vector<Window, std::allocator<Window> >, std::allocator<std::vector<Window, std::allocator<Window> > > > const&) [3]
                0.00    0.00    1043/1043        Cdu::is_dense(std::vector<std::vector<Window, std::allocator<Window> >, std::allocator<std::vector<Window, std::allocator<Window> > > > const&) const [21]
                0.00    0.00       9/20          std::vector<ref<Cdu>, std::allocator<ref<Cdu> > >::_M_insert_aux(__gnu_cxx::__normal_iterator<ref<Cdu>*, std::vector<ref<Cdu>, std::allocator<ref<Cdu> > > >, ref<Cdu> const&) [29]
-----------------------------------------------
                0.01    0.00 1000000/1014000000     MafiaSolver<double>::build_clusters() [8]
               12.54    0.00 1013000000/1014000000     int Cdu::count_points_direct<double>(double const*, int, int, std::vector<std::vector<Window, std::allocator<Window> >, std::allocator<std::vector<Window, std::allocator<Window> > > > const&) [3]
[5]     92.9   12.55    0.00 1014000000         bool Cdu::contains_point<double>(double const*, std::vector<std::vector<Window, std::allocator<Window> >, std::allocator<std::vector<Window, std::allocator<Window> > > > const&) const [5]
-----------------------------------------------
                0.11    0.00       1/1           MafiaSolver<double>::find_clusters() [1]
[6]      0.8    0.11    0.00       1         MafiaSolver<double>::build_histos() [6]
                0.00    0.00       5/11549       void write_clusters<double>(char const*, double*, int, int, std::vector<std::vector<int, std::allocator<int> >, std::allocator<std::vector<int, std::allocator<int> > > > const&) [19]
-----------------------------------------------
                                                 <spontaneous>
[7]      0.4    0.05    0.00                 void read_points<double>(char const*, double**, int*, int*) [7]
                0.00    0.00      25/44830       std::vector<dimpair_t, std::allocator<dimpair_t> >::_M_insert_aux(__gnu_cxx::__normal_iterator<dimpair_t*, std::vector<dimpair_t, std::allocator<dimpair_t> > >, dimpair_t const&) [16]
-----------------------------------------------
                0.00    0.01       1/1           MafiaSolver<double>::find_clusters() [1]
[8]      0.1    0.00    0.01       1         MafiaSolver<double>::build_clusters() [8]
                0.01    0.00 1000000/1014000000     bool Cdu::contains_point<double>(double const*, std::vector<std::vector<Window, std::allocator<Window> >, std::allocator<std::vector<Window, std::allocator<Window> > > > const&) const [5]
                0.00    0.00      21/21          std::vector<int, std::allocator<int> >::_M_insert_aux(__gnu_cxx::__normal_iterator<int*, std::vector<int, std::allocator<int> > >, int const&) [28]
                0.00    0.00       1/11549       void write_clusters<double>(char const*, double*, int, int, std::vector<std::vector<int, std::allocator<int> >, std::allocator<std::vector<int, std::allocator<int> > > > const&) [19]
-----------------------------------------------
                0.00    0.00  114097/114097      void write_clusters<double>(char const*, double*, int, int, std::vector<std::vector<int, std::allocator<int> >, std::allocator<std::vector<int, std::allocator<int> > > > const&) [19]
[14]     0.0    0.00    0.00  114097         Cdu::operator<(Cdu const&) const [14]
-----------------------------------------------
                0.00    0.00   91866/91866       MafiaSolver<double>::find_cdus() [30]
[15]     0.0    0.00    0.00   91866         Cdu::can_merge_with(Cdu const&) [15]
-----------------------------------------------
                0.00    0.00      25/44830       void read_points<double>(char const*, double**, int*, int*) [7]
                0.00    0.00      30/44830       MafiaSolver<double>::find_cdus() [30]
                0.00    0.00   44775/44830       Cdu::merge_with(Cdu const&) [20]
[16]     0.0    0.00    0.00   44830         std::vector<dimpair_t, std::allocator<dimpair_t> >::_M_insert_aux(__gnu_cxx::__normal_iterator<dimpair_t*, std::vector<dimpair_t, std::allocator<dimpair_t> > >, dimpair_t const&) [16]
-----------------------------------------------
                0.00    0.00   33609/33609       MafiaSolver<double>::find_unjoined_dus() [33]
[17]     0.0    0.00    0.00   33609         Cdu::is_assimilated_into(Cdu const&) const [17]
-----------------------------------------------
                0.00    0.00       1/11550       MafiaSolver<double>::~MafiaSolver() [39]
                0.00    0.00    1022/11550       std::vector<ref<Cdu>, std::allocator<ref<Cdu> > >::operator=(std::vector<ref<Cdu>, std::allocator<ref<Cdu> > > const&) [31]
                0.00    0.00   10527/11550       MafiaSolver<double>::find_cdus() [30]
[18]     0.0    0.00    0.00   11550         Cdu::~Cdu() [18]
-----------------------------------------------
                                1041             void write_clusters<double>(char const*, double*, int, int, std::vector<std::vector<int, std::allocator<int> >, std::allocator<std::vector<int, std::allocator<int> > > > const&) [19]
                0.00    0.00       1/11549       MafiaSolver<double>::build_clusters() [8]
                0.00    0.00       3/11549       MafiaSolver<double>::build_du_clusters() [37]
                0.00    0.00       5/11549       MafiaSolver<double>::find_unjoined_dus() [33]
                0.00    0.00       5/11549       MafiaSolver<double>::build_histos() [6]
                0.00    0.00       5/11549       MafiaSolver<double>::build_windows() [35]
                0.00    0.00   11530/11549       MafiaSolver<double>::find_cdus() [30]
[19]     0.0    0.00    0.00   11549+1041    void write_clusters<double>(char const*, double*, int, int, std::vector<std::vector<int, std::allocator<int> >, std::allocator<std::vector<int, std::allocator<int> > > > const&) [19]
                0.00    0.00  114097/114097      Cdu::operator<(Cdu const&) const [14]
                                1041             void write_clusters<double>(char const*, double*, int, int, std::vector<std::vector<int, std::allocator<int> >, std::allocator<std::vector<int, std::allocator<int> > > > const&) [19]
-----------------------------------------------
                0.00    0.00   11520/11520       MafiaSolver<double>::find_cdus() [30]
[20]     0.0    0.00    0.00   11520         Cdu::merge_with(Cdu const&) [20]
                0.00    0.00   44775/44830       std::vector<dimpair_t, std::allocator<dimpair_t> >::_M_insert_aux(__gnu_cxx::__normal_iterator<dimpair_t*, std::vector<dimpair_t, std::allocator<dimpair_t> > >, dimpair_t const&) [16]
-----------------------------------------------
                0.00    0.00    1043/1043        MafiaSolver<double>::find_dense_cdus() [4]
[21]     0.0    0.00    0.00    1043         Cdu::is_dense(std::vector<std::vector<Window, std::allocator<Window> >, std::allocator<std::vector<Window, std::allocator<Window> > > > const&) const [21]
-----------------------------------------------
                0.00    0.00     170/370         Window::merge_with(Window const&) const [25]
                0.00    0.00     200/370         Window::Window(int, int, int) [23]
[22]     0.0    0.00    0.00     370         bitmap::bitmap() [22]
-----------------------------------------------
                0.00    0.00     200/200         MafiaSolver<double>::build_uniform_windows(int, int, std::vector<Window, std::allocator<Window> >&) [34]
[23]     0.0    0.00    0.00     200         Window::Window(int, int, int) [23]
                0.00    0.00     200/370         bitmap::bitmap() [22]
-----------------------------------------------
                0.00    0.00     190/190         MafiaSolver<double>::build_windows() [35]
[24]     0.0    0.00    0.00     190         Window::can_merge_with(Window const&, double) const [24]
