		     Call graph (explanation follows)


granularity: each sample hit covers 4 byte(s) for 3.70% of 0.27 seconds

index % time    self  children    called     name
                0.00    0.23       1/1           std::vector<std::vector<int, std::allocator<int> >, std::allocator<std::vector<int, std::allocator<int> > > > mafia_solve<double>(double const*, int, int, Options const&) [2]
[1]     85.2    0.00    0.23       1         MafiaSolver<double>::find_clusters() [1]
                0.17    0.00       1/1           MafiaSolver<double>::build_histos() [3]
                0.00    0.05       4/4           MafiaSolver<double>::find_dense_cdus() [6]
                0.00    0.01       1/1           MafiaSolver<double>::build_clusters() [8]
                0.00    0.00       4/4           std::vector<ref<Cdu>, std::allocator<ref<Cdu> > >::operator=(std::vector<ref<Cdu>, std::allocator<ref<Cdu> > > const&) [32]
                0.00    0.00       4/4           MafiaSolver<double>::find_cdus() [31]
                0.00    0.00       3/3           MafiaSolver<double>::dedup_cdus() [33]
                0.00    0.00       3/3           MafiaSolver<double>::find_unjoined_dus() [34]
                0.00    0.00       1/1           MafiaSolver<double>::build_windows() [35]
                0.00    0.00       1/1           MafiaSolver<double>::build_du_graph() [36]
                0.00    0.00       1/1           MafiaSolver<double>::build_du_clusters() [37]
-----------------------------------------------
                                                 <spontaneous>
[2]     85.2    0.00    0.23                 std::vector<std::vector<int, std::allocator<int> >, std::allocator<std::vector<int, std::allocator<int> > > > mafia_solve<double>(double const*, int, int, Options const&) [2]
                0.00    0.23       1/1           MafiaSolver<double>::find_clusters() [1]
                0.00    0.00       1/1           MafiaSolver<double>::MafiaSolver(double const*, int, int, Options const&) [38]
                0.00    0.00       1/1           MafiaSolver<double>::~MafiaSolver() [39]
-----------------------------------------------
                0.17    0.00       1/1           MafiaSolver<double>::find_clusters() [1]
[3]     63.0    0.17    0.00       1         MafiaSolver<double>::build_histos() [3]
                0.00    0.00       5/26          void write_clusters<double>(char const*, double*, int, int, std::vector<std::vector<int, std::allocator<int> >, std::allocator<std::vector<int, std::allocator<int> > > > const&) [23]
-----------------------------------------------
                0.01    0.00 1000000/5000000     MafiaSolver<double>::build_clusters() [8]
                0.04    0.00 4000000/5000000     int Cdu::count_points_direct<double>(double const*, int, int, std::vector<std::vector<Window, std::allocator<Window> >, std::allocator<std::vector<Window, std::allocator<Window> > > > const&) [5]
[4]     18.5    0.05    0.00 5000000         bool Cdu::contains_point<double>(double const*, std::vector<std::vector<Window, std::allocator<Window> >, std::allocator<std::vector<Window, std::allocator<Window> > > > const&) const [4]
-----------------------------------------------
                0.01    0.04      48/48          MafiaSolver<double>::find_dense_cdus() [6]
[5]     18.5    0.01    0.04      48         int Cdu::count_points_direct<double>(double const*, int, int, std::vector<std::vector<Window, std::allocator<Window> >, std::allocator<std::vector<Window, std::allocator<Window> > > > const&) [5]
                0.04    0.00 4000000/5000000     bool Cdu::contains_point<double>(double const*, std::vector<std::vector<Window, std::allocator<Window> >, std::allocator<std::vector<Window, std::allocator<Window> > > > const&) const [4]
-----------------------------------------------
                0.00    0.05       4/4           MafiaSolver<double>::find_clusters() [1]
[6]     18.5    0.00    0.05       4         MafiaSolver<double>::find_dense_cdus() [6]
                0.01    0.04      48/48          int Cdu::count_points_direct<double>(double const*, int, int, std::vector<std::vector<Window, std::allocator<Window> >, std::allocator<std::vector<Window, std::allocator<Window> > > > const&) [5]
                0.00    0.00      48/48          Cdu::is_dense(std::vector<std::vector<Window, std::allocator<Window> >, std::allocator<std::vector<Window, std::allocator<Window> > > > const&) const [21]
                0.00    0.00       3/12          std::vector<ref<Cdu>, std::allocator<ref<Cdu> > >::_M_insert_aux(__gnu_cxx::__normal_iterator<ref<Cdu>*, std::vector<ref<Cdu>, std::allocator<ref<Cdu> > > >, ref<Cdu> const&) [26]
-----------------------------------------------
                                                 <spontaneous>
[7]     14.8    0.04    0.00                 void read_points<double>(char const*, double**, int*, int*) [7]
                0.00    0.00      25/84          std::vector<dimpair_t, std::allocator<dimpair_t> >::_M_insert_aux(__gnu_cxx::__normal_iterator<dimpair_t*, std::vector<dimpair_t, std::allocator<dimpair_t> > >, dimpair_t const&) [19]
-----------------------------------------------
                0.00    0.01       1/1           MafiaSolver<double>::find_clusters() [1]
[8]      3.7    0.00    0.01       1         MafiaSolver<double>::build_clusters() [8]
                0.01    0.00 1000000/5000000     bool Cdu::contains_point<double>(double const*, std::vector<std::vector<Window, std::allocator<Window> >, std::allocator<std::vector<Window, std::allocator<Window> > > > const&) const [4]
                0.00    0.00      21/21          std::vector<int, std::allocator<int> >::_M_insert_aux(__gnu_cxx::__normal_iterator<int*, std::vector<int, std::allocator<int> > >, int const&) [24]
                0.00    0.00       1/26          void write_clusters<double>(char const*, double*, int, int, std::vector<std::vector<int, std::allocator<int> >, std::allocator<std::vector<int, std::allocator<int> > > > const&) [23]
-----------------------------------------------
                0.00    0.00     184/419         Window::merge_with(Window const&) const [17]
                0.00    0.00     235/419         Window::Window(int, int, int) [15]
[14]     0.0    0.00    0.00     419         bitmap::bitmap() [14]
-----------------------------------------------
                0.00    0.00     235/235         MafiaSolver<double>::build_uniform_windows(int, int, std::vector<Window, std::allocator<Window> >&) [25]
[15]     0.0    0.00    0.00     235         Window::Window(int, int, int) [15]
                0.00    0.00     235/419         bitmap::bitmap() [14]
-----------------------------------------------
                0.00    0.00     190/190         MafiaSolver<double>::build_windows() [35]
[16]     0.0    0.00    0.00     190         Window::can_merge_with(Window const&, double) const [16]
-----------------------------------------------
                0.00    0.00     184/184         MafiaSolver<double>::build_windows() [35]
[17]     0.0    0.00    0.00     184         Window::merge_with(Window const&) const [17]
                0.00    0.00     184/419         bitmap::bitmap() [14]
-----------------------------------------------
                0.00    0.00      16/97          MafiaSolver<double>::build_windows() [35]
                0.00    0.00      81/97          MafiaSolver<double>::build_uniform_windows(int, int, std::vector<Window, std::allocator<Window> >&) [25]
[18]     0.0    0.00    0.00      97         std::vector<Window, std::allocator<Window> >::_M_insert_aux(__gnu_cxx::__normal_iterator<Window*, std::vector<Window, std::allocator<Window> > >, Window const&) [18]
-----------------------------------------------
                0.00    0.00      15/84          Cdu::merge_with(Cdu const&) [29]
                0.00    0.00      25/84          void read_points<double>(char const*, double**, int*, int*) [7]
                0.00    0.00      44/84          MafiaSolver<double>::find_cdus() [31]
[19]     0.0    0.00    0.00      84         std::vector<dimpair_t, std::allocator<dimpair_t> >::_M_insert_aux(__gnu_cxx::__normal_iterator<dimpair_t*, std::vector<dimpair_t, std::allocator<dimpair_t> > >, dimpair_t const&) [19]
-----------------------------------------------
                0.00    0.00       1/50          MafiaSolver<double>::~MafiaSolver() [39]
                0.00    0.00       6/50          std::vector<ref<Cdu>, std::allocator<ref<Cdu> > >::operator=(std::vector<ref<Cdu>, std::allocator<ref<Cdu> > > const&) [32]
                0.00    0.00      43/50          MafiaSolver<double>::find_cdus() [31]
[20]     0.0    0.00    0.00      50         Cdu::~Cdu() [20]
-----------------------------------------------
                0.00    0.00      48/48          MafiaSolver<double>::find_dense_cdus() [6]
[21]     0.0    0.00    0.00      48         Cdu::is_dense(std::vector<std::vector<Window, std::allocator<Window> >, std::allocator<std::vector<Window, std::allocator<Window> > > > const&) const [21]
-----------------------------------------------
                0.00    0.00      44/44          MafiaSolver<double>::build_windows() [35]
[22]     0.0    0.00    0.00      44         Window::compute_threshold(double, int, int) [22]
-----------------------------------------------
                                   4             void write_clusters<double>(char const*, double*, int, int, std::vector<std::vector<int, std::allocator<int> >, std::allocator<std::vector<int, std::allocator<int> > > > const&) [23]
                0.00    0.00       1/26          MafiaSolver<double>::build_clusters() [8]
                0.00    0.00       3/26          MafiaSolver<double>::find_unjoined_dus() [34]
                0.00    0.00       3/26          MafiaSolver<double>::build_du_clusters() [37]
                0.00    0.00       5/26          MafiaSolver<double>::build_histos() [3]
                0.00    0.00       5/26          MafiaSolver<double>::build_windows() [35]
                0.00    0.00       9/26          MafiaSolver<double>::find_cdus() [31]
[23]     0.0    0.00    0.00      26+4       void write_clusters<double>(char const*, double*, int, int, std::vector<std::vector<int, std::allocator<int> >, std::allocator<std::vector<int, std::allocator<int> > > > const&) [23]
                0.00    0.00      11/11          Cdu::operator<(Cdu const&) const [27]
                                   4             void write_clusters<double>(char const*, double*, int, int, std::vector<std::vector<int, std::allocator<int> >, std::allocator<std::vector<int, std::allocator<int> > > > const&) [23]
-----------------------------------------------
                0.00    0.00      21/21          MafiaSolver<double>::build_clusters() [8]
