		     Call graph (explanation follows)


granularity: each sample hit covers 4 byte(s) for 5.00% of 0.20 seconds

index % time    self  children    called     name
                0.00    0.16       1/1           std::vector<std::vector<int, std::allocator<int> >, std::allocator<std::vector<int, std::allocator<int> > > > mafia_solve<double>(double const*, int, int, Options const&) [2]
[1]     80.0    0.00    0.16       1         MafiaSolver<double>::find_clusters() [1]
                0.12    0.00       1/1           MafiaSolver<double>::build_histos() [3]
                0.00    0.02       1/1           MafiaSolver<double>::build_clusters() [7]
                0.02    0.00       1/1           MafiaSolver<double>::build_bitmaps() [6]
                0.00    0.00       4/4           std::vector<ref<Cdu>, std::allocator<ref<Cdu> > >::operator=(std::vector<ref<Cdu>, std::allocator<ref<Cdu> > > const&) [36]
                0.00    0.00       4/4           MafiaSolver<double>::find_cdus() [34]
                0.00    0.00       4/4           MafiaSolver<double>::find_dense_cdus() [33]
                0.00    0.00       3/3           MafiaSolver<double>::dedup_cdus() [38]
                0.00    0.00       3/3           MafiaSolver<double>::find_unjoined_dus() [39]
                0.00    0.00       1/1           MafiaSolver<double>::build_windows() [41]
                0.00    0.00       1/1           MafiaSolver<double>::build_du_graph() [42]
                0.00    0.00       1/1           MafiaSolver<double>::build_du_clusters() [43]
-----------------------------------------------
                                                 <spontaneous>
[2]     80.0    0.00    0.16                 std::vector<std::vector<int, std::allocator<int> >, std::allocator<std::vector<int, std::allocator<int> > > > mafia_solve<double>(double const*, int, int, Options const&) [2]
                0.00    0.16       1/1           MafiaSolver<double>::find_clusters() [1]
                0.00    0.00       1/1           MafiaSolver<double>::MafiaSolver(double const*, int, int, Options const&) [44]
                0.00    0.00       1/1           MafiaSolver<double>::~MafiaSolver() [45]
-----------------------------------------------
                0.12    0.00       1/1           MafiaSolver<double>::find_clusters() [1]
[3]     60.0    0.12    0.00       1         MafiaSolver<double>::build_histos() [3]
                0.00    0.00       5/26          void write_clusters<double>(char const*, double*, int, int, std::vector<std::vector<int, std::allocator<int> >, std::allocator<std::vector<int, std::allocator<int> > > > const&) [24]
-----------------------------------------------
                                                 <spontaneous>
[4]     20.0    0.04    0.00                 void read_points<double>(char const*, double**, int*, int*) [4]
                0.00    0.00      25/84          std::vector<dimpair_t, std::allocator<dimpair_t> >::_M_insert_aux(__gnu_cxx::__normal_iterator<dimpair_t*, std::vector<dimpair_t, std::allocator<dimpair_t> > >, dimpair_t const&) [18]
-----------------------------------------------
                0.02    0.00 1000000/1000000     MafiaSolver<double>::build_clusters() [7]
[5]     10.0    0.02    0.00 1000000         bool Cdu::contains_point<double>(double const*, std::vector<std::vector<Window, std::allocator<Window> >, std::allocator<std::vector<Window, std::allocator<Window> > > > const&) const [5]
-----------------------------------------------
                0.02    0.00       1/1           MafiaSolver<double>::find_clusters() [1]
[6]     10.0    0.02    0.00       1         MafiaSolver<double>::build_bitmaps() [6]
                0.00    0.00      44/44          Window::is_dense() [23]
                0.00    0.00       3/3           bitmap::bitmap(unsigned long, bool) [40]
-----------------------------------------------
                0.00    0.02       1/1           MafiaSolver<double>::find_clusters() [1]
[7]     10.0    0.00    0.02       1         MafiaSolver<double>::build_clusters() [7]
                0.02    0.00 1000000/1000000     bool Cdu::contains_point<double>(double const*, std::vector<std::vector<Window, std::allocator<Window> >, std::allocator<std::vector<Window, std::allocator<Window> > > > const&) const [5]
                0.00    0.00      21/21          std::vector<int, std::allocator<int> >::_M_insert_aux(__gnu_cxx::__normal_iterator<int*, std::vector<int, std::allocator<int> > >, int const&) [25]
                0.00    0.00       1/26          void write_clusters<double>(char const*, double*, int, int, std::vector<std::vector<int, std::allocator<int> >, std::allocator<std::vector<int, std::allocator<int> > > > const&) [24]
-----------------------------------------------
                0.00    0.00     184/419         Window::merge_with(Window const&) const [16]
                0.00    0.00     235/419         Window::Window(int, int, int) [14]
[13]     0.0    0.00    0.00     419         bitmap::bitmap() [13]
-----------------------------------------------
                0.00    0.00     235/235         MafiaSolver<double>::build_uniform_windows(int, int, std::vector<Window, std::allocator<Window> >&) [26]
[14]     0.0    0.00    0.00     235         Window::Window(int, int, int) [14]
                0.00    0.00     235/419         bitmap::bitmap() [13]
-----------------------------------------------
                0.00    0.00     190/190         MafiaSolver<double>::build_windows() [41]
[15]     0.0    0.00    0.00     190         Window::can_merge_with(Window const&, double) const [15]
-----------------------------------------------
                0.00    0.00     184/184         MafiaSolver<double>::build_windows() [41]
[16]     0.0    0.00    0.00     184         Window::merge_with(Window const&) const [16]
                0.00    0.00     184/419         bitmap::bitmap() [13]
-----------------------------------------------
                0.00    0.00      16/97          MafiaSolver<double>::build_windows() [41]
                0.00    0.00      81/97          MafiaSolver<double>::build_uniform_windows(int, int, std::vector<Window, std::allocator<Window> >&) [26]
[17]     0.0    0.00    0.00      97         std::vector<Window, std::allocator<Window> >::_M_insert_aux(__gnu_cxx::__normal_iterator<Window*, std::vector<Window, std::allocator<Window> > >, Window const&) [17]
-----------------------------------------------
                0.00    0.00      15/84          Cdu::merge_with(Cdu const&) [30]
                0.00    0.00      25/84          void read_points<double>(char const*, double**, int*, int*) [4]
                0.00    0.00      44/84          MafiaSolver<double>::find_cdus() [34]
[18]     0.0    0.00    0.00      84         std::vector<dimpair_t, std::allocator<dimpair_t> >::_M_insert_aux(__gnu_cxx::__normal_iterator<dimpair_t*, std::vector<dimpair_t, std::allocator<dimpair_t> > >, dimpair_t const&) [18]
-----------------------------------------------
                0.00    0.00       1/50          MafiaSolver<double>::~MafiaSolver() [45]
                0.00    0.00       6/50          std::vector<ref<Cdu>, std::allocator<ref<Cdu> > >::operator=(std::vector<ref<Cdu>, std::allocator<ref<Cdu> > > const&) [36]
                0.00    0.00      43/50          MafiaSolver<double>::find_cdus() [34]
[19]     0.0    0.00    0.00      50         Cdu::~Cdu() [19]
-----------------------------------------------
                0.00    0.00      48/48          MafiaSolver<double>::find_dense_cdus() [33]
[20]     0.0    0.00    0.00      48         Cdu::count_points_bitmaps(int, std::vector<std::vector<Window, std::allocator<Window> >, std::allocator<std::vector<Window, std::allocator<Window> > > > const&) [20]
                0.00    0.00       5/5           bitmap::operator&=(bitmap const&) [32]
                0.00    0.00       4/4           bitmap::count() const [35]
-----------------------------------------------
                0.00    0.00      48/48          MafiaSolver<double>::find_dense_cdus() [33]
[21]     0.0    0.00    0.00      48         Cdu::is_dense(std::vector<std::vector<Window, std::allocator<Window> >, std::allocator<std::vector<Window, std::allocator<Window> > > > const&) const [21]
-----------------------------------------------
                0.00    0.00      44/44          MafiaSolver<double>::build_windows() [41]
[22]     0.0    0.00    0.00      44         Window::compute_threshold(double, int, int) [22]
-----------------------------------------------
                0.00    0.00      44/44          MafiaSolver<double>::build_bitmaps() [6]
[23]     0.0    0.00    0.00      44         Window::is_dense() [23]
-----------------------------------------------
                                   4             void write_clusters<double>(char const*, double*, int, int, std::vector<std::vector<int, std::allocator<int> >, std::allocator<std::vector<int, std::allocator<int> > > > const&) [24]
                0.00    0.00       1/26          MafiaSolver<double>::build_clusters() [7]
                0.00    0.00       3/26          MafiaSolver<double>::find_unjoined_dus() [39]
                0.00    0.00       3/26          MafiaSolver<double>::build_du_clusters() [43]
                0.00    0.00       5/26          MafiaSolver<double>::build_histos() [3]
                0.00    0.00       5/26          MafiaSolver<double>::build_windows() [41]
                0.00    0.00       9/26          MafiaSolver<double>::find_cdus() [34]
[24]     0.0    0.00    0.00      26+4       void write_clusters<double>(char const*, double*, int, int, std::vector<std::vector<int, std::allocator<int> >, std::allocator<std::vector<int, std::allocator<int> > > > const&) [24]
                0.00    0.00      11/11          Cdu::operator<(Cdu const&) const [28]
