		     Call graph (explanation follows)


granularity: each sample hit covers 4 byte(s) for 3.57% of 0.28 seconds

index % time    self  children    called     name
                0.00    0.21       1/1           std::vector<std::vector<int, std::allocator<int> >, std::allocator<std::vector<int, std::allocator<int> > > > mafia_solve<double>(double const*, int, int, Options const&) [2]
[1]     75.0    0.00    0.21       1         MafiaSolver<double>::find_clusters() [1]
                0.14    0.00       1/1           MafiaSolver<double>::build_histos() [3]
                0.05    0.00       1/1           MafiaSolver<double>::build_bitmaps() [5]
                0.00    0.02       1/1           MafiaSolver<double>::build_clusters() [7]
                0.00    0.00      10/10          std::vector<ref<Cdu>, std::allocator<ref<Cdu> > >::operator=(std::vector<ref<Cdu>, std::allocator<ref<Cdu> > > const&) [36]
                0.00    0.00      10/10          MafiaSolver<double>::find_cdus() [35]
                0.00    0.00      10/10          MafiaSolver<double>::find_dense_cdus() [34]
                0.00    0.00       9/9           MafiaSolver<double>::dedup_cdus() [38]
                0.00    0.00       9/9           MafiaSolver<double>::find_unjoined_dus() [39]
                0.00    0.00       1/1           MafiaSolver<double>::build_windows() [41]
                0.00    0.00       1/1           MafiaSolver<double>::build_du_graph() [42]
                0.00    0.00       1/1           MafiaSolver<double>::build_du_clusters() [43]
-----------------------------------------------
                                                 <spontaneous>
[2]     75.0    0.00    0.21                 std::vector<std::vector<int, std::allocator<int> >, std::allocator<std::vector<int, std::allocator<int> > > > mafia_solve<double>(double const*, int, int, Options const&) [2]
                0.00    0.21       1/1           MafiaSolver<double>::find_clusters() [1]
                0.00    0.00       1/1           MafiaSolver<double>::MafiaSolver(double const*, int, int, Options const&) [44]
                0.00    0.00       1/1           MafiaSolver<double>::~MafiaSolver() [45]
-----------------------------------------------
                0.14    0.00       1/1           MafiaSolver<double>::find_clusters() [1]
[3]     50.0    0.14    0.00       1         MafiaSolver<double>::build_histos() [3]
                0.00    0.00       5/4636        void write_clusters<double>(char const*, double*, int, int, std::vector<std::vector<int, std::allocator<int> >, std::allocator<std::vector<int, std::allocator<int> > > > const&) [18]
-----------------------------------------------
                                                 <spontaneous>
[4]     25.0    0.07    0.00                 void read_points<double>(char const*, double**, int*, int*) [4]
                0.00    0.00      25/17445       std::vector<dimpair_t, std::allocator<dimpair_t> >::_M_insert_aux(__gnu_cxx::__normal_iterator<dimpair_t*, std::vector<dimpair_t, std::allocator<dimpair_t> > >, dimpair_t const&) [15]
-----------------------------------------------
                0.05    0.00       1/1           MafiaSolver<double>::find_clusters() [1]
[5]     17.9    0.05    0.00       1         MafiaSolver<double>::build_bitmaps() [5]
                0.00    0.00      32/32          Window::is_dense() [30]
                0.00    0.00       9/9           bitmap::bitmap(unsigned long, bool) [40]
-----------------------------------------------
                0.02    0.00 1000000/1000000     MafiaSolver<double>::build_clusters() [7]
[6]      7.1    0.02    0.00 1000000         bool Cdu::contains_point<double>(double const*, std::vector<std::vector<Window, std::allocator<Window> >, std::allocator<std::vector<Window, std::allocator<Window> > > > const&) const [6]
-----------------------------------------------
                0.00    0.02       1/1           MafiaSolver<double>::find_clusters() [1]
[7]      7.1    0.00    0.02       1         MafiaSolver<double>::build_clusters() [7]
                0.02    0.00 1000000/1000000     bool Cdu::contains_point<double>(double const*, std::vector<std::vector<Window, std::allocator<Window> >, std::allocator<std::vector<Window, std::allocator<Window> > > > const&) const [6]
                0.00    0.00      21/21          std::vector<int, std::allocator<int> >::_M_insert_aux(__gnu_cxx::__normal_iterator<int*, std::vector<int, std::allocator<int> > >, int const&) [31]
                0.00    0.00       1/4636        void write_clusters<double>(char const*, double*, int, int, std::vector<std::vector<int, std::allocator<int> >, std::allocator<std::vector<int, std::allocator<int> > > > const&) [18]
-----------------------------------------------
                0.00    0.00   39046/39046       void write_clusters<double>(char const*, double*, int, int, std::vector<std::vector<int, std::allocator<int> >, std::allocator<std::vector<int, std::allocator<int> > > > const&) [18]
[13]     0.0    0.00    0.00   39046         Cdu::operator<(Cdu const&) const [13]
-----------------------------------------------
                0.00    0.00   24054/24054       MafiaSolver<double>::find_cdus() [35]
[14]     0.0    0.00    0.00   24054         Cdu::can_merge_with(Cdu const&) [14]
-----------------------------------------------
                0.00    0.00      25/17445       void read_points<double>(char const*, double**, int*, int*) [4]
                0.00    0.00      32/17445       MafiaSolver<double>::find_cdus() [35]
                0.00    0.00   17388/17445       Cdu::merge_with(Cdu const&) [19]
[15]     0.0    0.00    0.00   17445         std::vector<dimpair_t, std::allocator<dimpair_t> >::_M_insert_aux(__gnu_cxx::__normal_iterator<dimpair_t*, std::vector<dimpair_t, std::allocator<dimpair_t> > >, dimpair_t const&) [15]
-----------------------------------------------
                0.00    0.00    9043/9043        MafiaSolver<double>::find_unjoined_dus() [39]
[16]     0.0    0.00    0.00    9043         Cdu::is_assimilated_into(Cdu const&) const [16]
-----------------------------------------------
                0.00    0.00       1/4640        MafiaSolver<double>::~MafiaSolver() [45]
                0.00    0.00     510/4640        std::vector<ref<Cdu>, std::allocator<ref<Cdu> > >::operator=(std::vector<ref<Cdu>, std::allocator<ref<Cdu> > > const&) [36]
                0.00    0.00    4129/4640        MafiaSolver<double>::find_cdus() [35]
[17]     0.0    0.00    0.00    4640         Cdu::~Cdu() [17]
-----------------------------------------------
                                 510             void write_clusters<double>(char const*, double*, int, int, std::vector<std::vector<int, std::allocator<int> >, std::allocator<std::vector<int, std::allocator<int> > > > const&) [18]
                0.00    0.00       1/4636        MafiaSolver<double>::build_clusters() [7]
                0.00    0.00       3/4636        MafiaSolver<double>::build_du_clusters() [43]
                0.00    0.00       5/4636        MafiaSolver<double>::find_unjoined_dus() [39]
                0.00    0.00       5/4636        MafiaSolver<double>::build_histos() [3]
                0.00    0.00       5/4636        MafiaSolver<double>::build_windows() [41]
                0.00    0.00    4617/4636        MafiaSolver<double>::find_cdus() [35]
[18]     0.0    0.00    0.00    4636+510     void write_clusters<double>(char const*, double*, int, int, std::vector<std::vector<int, std::allocator<int> >, std::allocator<std::vector<int, std::allocator<int> > > > const&) [18]
                0.00    0.00   39046/39046       Cdu::operator<(Cdu const&) const [13]
                                 510             void write_clusters<double>(char const*, double*, int, int, std::vector<std::vector<int, std::allocator<int> >, std::allocator<std::vector<int, std::allocator<int> > > > const&) [18]
-----------------------------------------------
                0.00    0.00    4608/4608        MafiaSolver<double>::find_cdus() [35]
[19]     0.0    0.00    0.00    4608         Cdu::merge_with(Cdu const&) [19]
                0.00    0.00   17388/17445       std::vector<dimpair_t, std::allocator<dimpair_t> >::_M_insert_aux(__gnu_cxx::__normal_iterator<dimpair_t*, std::vector<dimpair_t, std::allocator<dimpair_t> > >, dimpair_t const&) [15]
-----------------------------------------------
                0.00    0.00    1793/1793        Cdu::count_points_bitmaps(int, std::vector<std::vector<Window, std::allocator<Window> >, std::allocator<std::vector<Window, std::allocator<Window> > > > const&) [21]
[20]     0.0    0.00    0.00    1793         bitmap::operator&=(bitmap const&) [20]
-----------------------------------------------
                0.00    0.00     534/534         MafiaSolver<double>::find_dense_cdus() [34]
[21]     0.0    0.00    0.00     534         Cdu::count_points_bitmaps(int, std::vector<std::vector<Window, std::allocator<Window> >, std::allocator<std::vector<Window, std::allocator<Window> > > > const&) [21]
                0.00    0.00    1793/1793        bitmap::operator&=(bitmap const&) [20]
                0.00    0.00     502/502         bitmap::count() const [23]
-----------------------------------------------
                0.00    0.00     534/534         MafiaSolver<double>::find_dense_cdus() [34]
[22]     0.0    0.00    0.00     534         Cdu::is_dense(std::vector<std::vector<Window, std::allocator<Window> >, std::allocator<std::vector<Window, std::allocator<Window> > > > const&) const [22]
-----------------------------------------------
                0.00    0.00     502/502         Cdu::count_points_bitmaps(int, std::vector<std::vector<Window, std::allocator<Window> >, std::allocator<std::vector<Window, std::allocator<Window> > > > const&) [21]
[23]     0.0    0.00    0.00     502         bitmap::count() const [23]
-----------------------------------------------
                0.00    0.00     172/377         Window::merge_with(Window const&) const [27]
                0.00    0.00     205/377         Window::Window(int, int, int) [25]
[24]     0.0    0.00    0.00     377         bitmap::bitmap() [24]
-----------------------------------------------
