		     Call graph (explanation follows)


granularity: each sample hit covers 4 byte(s) for 4.17% of 0.24 seconds

index % time    self  children    called     name
                0.00    0.20       1/1           std::vector<std::vector<int, std::allocator<int> >, std::allocator<std::vector<int, std::allocator<int> > > > mafia_solve<double>(double const*, int, int, Options const&) [2]
[1]     83.3    0.00    0.20       1         MafiaSolver<double>::find_clusters() [1]
                0.13    0.00       1/1           MafiaSolver<double>::build_histos() [3]
                0.04    0.00       1/1           MafiaSolver<double>::build_bitmaps() [4]
                0.00    0.02       8/8           MafiaSolver<double>::find_cdus() [7]
                0.00    0.01       1/1           MafiaSolver<double>::build_clusters() [8]
                0.00    0.00       1/1           MafiaSolver<double>::build_windows() [10]
                0.00    0.00       7/7           MafiaSolver<double>::find_unjoined_dus() [11]
                0.00    0.00       1/1           MafiaSolver<double>::build_du_clusters() [12]
                0.00    0.00       8/8           std::vector<ref<Cdu>, std::allocator<ref<Cdu> > >::operator=(std::vector<ref<Cdu>, std::allocator<ref<Cdu> > > const&) [39]
                0.00    0.00       8/8           MafiaSolver<double>::find_dense_cdus() [38]
                0.00    0.00       7/7           MafiaSolver<double>::dedup_cdus() [41]
                0.00    0.00       1/1           MafiaSolver<double>::build_du_graph() [43]
-----------------------------------------------
                                                 <spontaneous>
[2]     83.3    0.00    0.20                 std::vector<std::vector<int, std::allocator<int> >, std::allocator<std::vector<int, std::allocator<int> > > > mafia_solve<double>(double const*, int, int, Options const&) [2]
                0.00    0.20       1/1           MafiaSolver<double>::find_clusters() [1]
                0.00    0.00       1/1           MafiaSolver<double>::MafiaSolver(double const*, int, int, Options const&) [44]
                0.00    0.00       1/1           MafiaSolver<double>::~MafiaSolver() [45]
-----------------------------------------------
                0.13    0.00       1/1           MafiaSolver<double>::find_clusters() [1]
[3]     54.2    0.13    0.00       1         MafiaSolver<double>::build_histos() [3]
                0.00    0.00       5/697         void write_clusters<double>(char const*, double*, int, int, std::vector<std::vector<int, std::allocator<int> >, std::allocator<std::vector<int, std::allocator<int> > > > const&) [6]
-----------------------------------------------
                0.04    0.00       1/1           MafiaSolver<double>::find_clusters() [1]
[4]     16.7    0.04    0.00       1         MafiaSolver<double>::build_bitmaps() [4]
                0.00    0.00      36/36          Window::is_dense() [34]
                0.00    0.00       7/7           bitmap::bitmap(unsigned long, bool) [42]
-----------------------------------------------
                                                 <spontaneous>
[5]     16.7    0.04    0.00                 void read_points<double>(char const*, double**, int*, int*) [5]
                0.00    0.00      25/2392        std::vector<dimpair_t, std::allocator<dimpair_t> >::_M_insert_aux(__gnu_cxx::__normal_iterator<dimpair_t*, std::vector<dimpair_t, std::allocator<dimpair_t> > >, dimpair_t const&) [19]
-----------------------------------------------
                                 120             void write_clusters<double>(char const*, double*, int, int, std::vector<std::vector<int, std::allocator<int> >, std::allocator<std::vector<int, std::allocator<int> > > > const&) [6]
                0.00    0.00       1/697         MafiaSolver<double>::build_clusters() [8]
                0.00    0.00       3/697         MafiaSolver<double>::build_du_clusters() [12]
                0.00    0.00       4/697         MafiaSolver<double>::find_unjoined_dus() [11]
                0.00    0.00       5/697         MafiaSolver<double>::build_histos() [3]
                0.00    0.00       5/697         MafiaSolver<double>::build_windows() [10]
                0.02    0.00     679/697         MafiaSolver<double>::find_cdus() [7]
[6]      8.3    0.02    0.00     697+120     void write_clusters<double>(char const*, double*, int, int, std::vector<std::vector<int, std::allocator<int> >, std::allocator<std::vector<int, std::allocator<int> > > > const&) [6]
                0.00    0.00    3954/3954        Cdu::operator<(Cdu const&) const [18]
                                 120             void write_clusters<double>(char const*, double*, int, int, std::vector<std::vector<int, std::allocator<int> >, std::allocator<std::vector<int, std::allocator<int> > > > const&) [6]
-----------------------------------------------
                0.00    0.02       8/8           MafiaSolver<double>::find_clusters() [1]
[7]      8.1    0.00    0.02       8         MafiaSolver<double>::find_cdus() [7]
                0.02    0.00     679/697         void write_clusters<double>(char const*, double*, int, int, std::vector<std::vector<int, std::allocator<int> >, std::allocator<std::vector<int, std::allocator<int> > > > const&) [6]
                0.00    0.00    1652/1652        Cdu::can_merge_with(Cdu const&) [20]
                0.00    0.00     672/672         Cdu::merge_with(Cdu const&) [23]
                0.00    0.00     581/708         Cdu::~Cdu() [21]
                0.00    0.00      36/2392        std::vector<dimpair_t, std::allocator<dimpair_t> >::_M_insert_aux(__gnu_cxx::__normal_iterator<dimpair_t*, std::vector<dimpair_t, std::allocator<dimpair_t> > >, dimpair_t const&) [19]
                0.00    0.00       7/16          std::vector<ref<Cdu>, std::allocator<ref<Cdu> > >::_M_insert_aux(__gnu_cxx::__normal_iterator<ref<Cdu>*, std::vector<ref<Cdu>, std::allocator<ref<Cdu> > > >, ref<Cdu> const&) [36]
-----------------------------------------------
                0.00    0.01       1/1           MafiaSolver<double>::find_clusters() [1]
[8]      4.2    0.00    0.01       1         MafiaSolver<double>::build_clusters() [8]
                0.01    0.00 1000000/1000000     bool Cdu::contains_point<double>(double const*, std::vector<std::vector<Window, std::allocator<Window> >, std::allocator<std::vector<Window, std::allocator<Window> > > > const&) const [9]
                0.00    0.00       1/697         void write_clusters<double>(char const*, double*, int, int, std::vector<std::vector<int, std::allocator<int> >, std::allocator<std::vector<int, std::allocator<int> > > > const&) [6]
                0.00    0.00      21/21          std::vector<int, std::allocator<int> >::_M_insert_aux(__gnu_cxx::__normal_iterator<int*, std::vector<int, std::allocator<int> > >, int const&) [35]
-----------------------------------------------
                0.01    0.00 1000000/1000000     MafiaSolver<double>::build_clusters() [8]
[9]      4.2    0.01    0.00 1000000         bool Cdu::contains_point<double>(double const*, std::vector<std::vector<Window, std::allocator<Window> >, std::allocator<std::vector<Window, std::allocator<Window> > > > const&) const [9]
-----------------------------------------------
                0.00    0.00       1/1           MafiaSolver<double>::find_clusters() [1]
[10]     0.1    0.00    0.00       1         MafiaSolver<double>::build_windows() [10]
                0.00    0.00       5/697         void write_clusters<double>(char const*, double*, int, int, std::vector<std::vector<int, std::allocator<int> >, std::allocator<std::vector<int, std::allocator<int> > > > const&) [6]
                0.00    0.00     190/190         Window::can_merge_with(Window const&, double) const [27]
                0.00    0.00     176/176         Window::merge_with(Window const&) const [28]
                0.00    0.00      36/36          Window::compute_threshold(double, int, int) [33]
                0.00    0.00      24/93          std::vector<Window, std::allocator<Window> >::_M_insert_aux(__gnu_cxx::__normal_iterator<Window*, std::vector<Window, std::allocator<Window> > >, Window const&) [32]
                0.00    0.00      13/13          MafiaSolver<double>::build_uniform_windows(int, int, std::vector<Window, std::allocator<Window> >&) [37]
-----------------------------------------------
                0.00    0.00       7/7           MafiaSolver<double>::find_clusters() [1]
[11]     0.0    0.00    0.00       7         MafiaSolver<double>::find_unjoined_dus() [11]
                0.00    0.00       4/697         void write_clusters<double>(char const*, double*, int, int, std::vector<std::vector<int, std::allocator<int> >, std::allocator<std::vector<int, std::allocator<int> > > > const&) [6]
                0.00    0.00     700/700         Cdu::is_assimilated_into(Cdu const&) const [22]
                0.00    0.00       1/16          std::vector<ref<Cdu>, std::allocator<ref<Cdu> > >::_M_insert_aux(__gnu_cxx::__normal_iterator<ref<Cdu>*, std::vector<ref<Cdu>, std::allocator<ref<Cdu> > > >, ref<Cdu> const&) [36]
-----------------------------------------------
                0.00    0.00       1/1           MafiaSolver<double>::find_clusters() [1]
[12]     0.0    0.00    0.00       1         MafiaSolver<double>::build_du_clusters() [12]
                0.00    0.00       3/697         void write_clusters<double>(char const*, double*, int, int, std::vector<std::vector<int, std::allocator<int> >, std::allocator<std::vector<int, std::allocator<int> > > > const&) [6]
                0.00    0.00       1/16          std::vector<ref<Cdu>, std::allocator<ref<Cdu> > >::_M_insert_aux(__gnu_cxx::__normal_iterator<ref<Cdu>*, std::vector<ref<Cdu>, std::allocator<ref<Cdu> > > >, ref<Cdu> const&) [36]
-----------------------------------------------
                0.00    0.00    3954/3954        void write_clusters<double>(char const*, double*, int, int, std::vector<std::vector<int, std::allocator<int> >, std::allocator<std::vector<int, std::allocator<int> > > > const&) [6]
[18]     0.0    0.00    0.00    3954         Cdu::operator<(Cdu const&) const [18]
-----------------------------------------------
                0.00    0.00      25/2392        void read_points<double>(char const*, double**, int*, int*) [5]
                0.00    0.00      36/2392        MafiaSolver<double>::find_cdus() [7]
                0.00    0.00    2331/2392        Cdu::merge_with(Cdu const&) [23]
[19]     0.0    0.00    0.00    2392         std::vector<dimpair_t, std::allocator<dimpair_t> >::_M_insert_aux(__gnu_cxx::__normal_iterator<dimpair_t*, std::vector<dimpair_t, std::allocator<dimpair_t> > >, dimpair_t const&) [19]
-----------------------------------------------
                0.00    0.00    1652/1652        MafiaSolver<double>::find_cdus() [7]
[20]     0.0    0.00    0.00    1652         Cdu::can_merge_with(Cdu const&) [20]
-----------------------------------------------
                0.00    0.00       1/708         MafiaSolver<double>::~MafiaSolver() [45]
