		     Call graph (explanation follows)


granularity: each sample hit covers 4 byte(s) for 4.35% of 0.23 seconds

index % time    self  children    called     name
                0.00    0.17       1/1           std::vector<std::vector<int, std::allocator<int> >, std::allocator<std::vector<int, std::allocator<int> > > > mafia_solve<double>(double const*, int, int, Options const&) [2]
[1]     73.9    0.00    0.17       1         MafiaSolver<double>::find_clusters() [1]
                0.11    0.00       1/1           MafiaSolver<double>::build_histos() [3]
                0.01    0.02       1/1           MafiaSolver<double>::build_clusters() [6]
                0.03    0.00       1/1           MafiaSolver<double>::build_bitmaps() [5]
                0.00    0.00       6/6           std::vector<ref<Cdu>, std::allocator<ref<Cdu> > >::operator=(std::vector<ref<Cdu>, std::allocator<ref<Cdu> > > const&) [36]
                0.00    0.00       6/6           MafiaSolver<double>::find_cdus() [35]
                0.00    0.00       6/6           MafiaSolver<double>::find_dense_cdus() [34]
                0.00    0.00       5/5           MafiaSolver<double>::dedup_cdus() [38]
                0.00    0.00       5/5           MafiaSolver<double>::find_unjoined_dus() [39]
                0.00    0.00       1/1           MafiaSolver<double>::build_windows() [41]
                0.00    0.00       1/1           MafiaSolver<double>::build_du_graph() [42]
                0.00    0.00       1/1           MafiaSolver<double>::build_du_clusters() [43]
-----------------------------------------------
                                                 <spontaneous>
[2]     73.9    0.00    0.17                 std::vector<std::vector<int, std::allocator<int> >, std::allocator<std::vector<int, std::allocator<int> > > > mafia_solve<double>(double const*, int, int, Options const&) [2]
                0.00    0.17       1/1           MafiaSolver<double>::find_clusters() [1]
                0.00    0.00       1/1           MafiaSolver<double>::MafiaSolver(double const*, int, int, Options const&) [44]
                0.00    0.00       1/1           MafiaSolver<double>::~MafiaSolver() [45]
-----------------------------------------------
                0.11    0.00       1/1           MafiaSolver<double>::find_clusters() [1]
[3]     47.8    0.11    0.00       1         MafiaSolver<double>::build_histos() [3]
                0.00    0.00       5/103         void write_clusters<double>(char const*, double*, int, int, std::vector<std::vector<int, std::allocator<int> >, std::allocator<std::vector<int, std::allocator<int> > > > const&) [21]
-----------------------------------------------
                                                 <spontaneous>
[4]     26.1    0.06    0.00                 void read_points<double>(char const*, double**, int*, int*) [4]
                0.00    0.00      25/305         std::vector<dimpair_t, std::allocator<dimpair_t> >::_M_insert_aux(__gnu_cxx::__normal_iterator<dimpair_t*, std::vector<dimpair_t, std::allocator<dimpair_t> > >, dimpair_t const&) [14]
-----------------------------------------------
                0.03    0.00       1/1           MafiaSolver<double>::find_clusters() [1]
[5]     13.0    0.03    0.00       1         MafiaSolver<double>::build_bitmaps() [5]
                0.00    0.00      40/40          Window::is_dense() [29]
                0.00    0.00       5/5           bitmap::bitmap(unsigned long, bool) [40]
-----------------------------------------------
                0.01    0.02       1/1           MafiaSolver<double>::find_clusters() [1]
[6]     13.0    0.01    0.02       1         MafiaSolver<double>::build_clusters() [6]
                0.02    0.00 1000000/1000000     bool Cdu::contains_point<double>(double const*, std::vector<std::vector<Window, std::allocator<Window> >, std::allocator<std::vector<Window, std::allocator<Window> > > > const&) const [7]
                0.00    0.00      21/21          std::vector<int, std::allocator<int> >::_M_insert_aux(__gnu_cxx::__normal_iterator<int*, std::vector<int, std::allocator<int> > >, int const&) [31]
                0.00    0.00       1/103         void write_clusters<double>(char const*, double*, int, int, std::vector<std::vector<int, std::allocator<int> >, std::allocator<std::vector<int, std::allocator<int> > > > const&) [21]
-----------------------------------------------
                0.02    0.00 1000000/1000000     MafiaSolver<double>::build_clusters() [6]
[7]      8.7    0.02    0.00 1000000         bool Cdu::contains_point<double>(double const*, std::vector<std::vector<Window, std::allocator<Window> >, std::allocator<std::vector<Window, std::allocator<Window> > > > const&) const [7]
-----------------------------------------------
                0.00    0.00     180/405         Window::merge_with(Window const&) const [18]
                0.00    0.00     225/405         Window::Window(int, int, int) [16]
[13]     0.0    0.00    0.00     405         bitmap::bitmap() [13]
-----------------------------------------------
                0.00    0.00      25/305         void read_points<double>(char const*, double**, int*, int*) [4]
                0.00    0.00      40/305         MafiaSolver<double>::find_cdus() [35]
                0.00    0.00     240/305         Cdu::merge_with(Cdu const&) [23]
[14]     0.0    0.00    0.00     305         std::vector<dimpair_t, std::allocator<dimpair_t> >::_M_insert_aux(__gnu_cxx::__normal_iterator<dimpair_t*, std::vector<dimpair_t, std::allocator<dimpair_t> > >, dimpair_t const&) [14]
-----------------------------------------------
                0.00    0.00     299/299         void write_clusters<double>(char const*, double*, int, int, std::vector<std::vector<int, std::allocator<int> >, std::allocator<std::vector<int, std::allocator<int> > > > const&) [21]
[15]     0.0    0.00    0.00     299         Cdu::operator<(Cdu const&) const [15]
-----------------------------------------------
                0.00    0.00     225/225         MafiaSolver<double>::build_uniform_windows(int, int, std::vector<Window, std::allocator<Window> >&) [32]
[16]     0.0    0.00    0.00     225         Window::Window(int, int, int) [16]
                0.00    0.00     225/405         bitmap::bitmap() [13]
-----------------------------------------------
                0.00    0.00     190/190         MafiaSolver<double>::build_windows() [41]
[17]     0.0    0.00    0.00     190         Window::can_merge_with(Window const&, double) const [17]
-----------------------------------------------
                0.00    0.00     180/180         MafiaSolver<double>::build_windows() [41]
[18]     0.0    0.00    0.00     180         Window::merge_with(Window const&) const [18]
                0.00    0.00     180/405         bitmap::bitmap() [13]
-----------------------------------------------
                0.00    0.00       1/120         MafiaSolver<double>::~MafiaSolver() [45]
                0.00    0.00      30/120         std::vector<ref<Cdu>, std::allocator<ref<Cdu> > >::operator=(std::vector<ref<Cdu>, std::allocator<ref<Cdu> > > const&) [36]
                0.00    0.00      89/120         MafiaSolver<double>::find_cdus() [35]
[19]     0.0    0.00    0.00     120         Cdu::~Cdu() [19]
-----------------------------------------------
                0.00    0.00     110/110         MafiaSolver<double>::find_cdus() [35]
[20]     0.0    0.00    0.00     110         Cdu::can_merge_with(Cdu const&) [20]
-----------------------------------------------
                                  26             void write_clusters<double>(char const*, double*, int, int, std::vector<std::vector<int, std::allocator<int> >, std::allocator<std::vector<int, std::allocator<int> > > > const&) [21]
                0.00    0.00       1/103         MafiaSolver<double>::build_clusters() [6]
                0.00    0.00       3/103         MafiaSolver<double>::build_du_clusters() [43]
                0.00    0.00       4/103         MafiaSolver<double>::find_unjoined_dus() [39]
                0.00    0.00       5/103         MafiaSolver<double>::build_histos() [3]
                0.00    0.00       5/103         MafiaSolver<double>::build_windows() [41]
                0.00    0.00      85/103         MafiaSolver<double>::find_cdus() [35]
[21]     0.0    0.00    0.00     103+26      void write_clusters<double>(char const*, double*, int, int, std::vector<std::vector<int, std::allocator<int> >, std::allocator<std::vector<int, std::allocator<int> > > > const&) [21]
                0.00    0.00     299/299         Cdu::operator<(Cdu const&) const [15]
                                  26             void write_clusters<double>(char const*, double*, int, int, std::vector<std::vector<int, std::allocator<int> >, std::allocator<std::vector<int, std::allocator<int> > > > const&) [21]
-----------------------------------------------
                0.00    0.00      20/95          MafiaSolver<double>::build_windows() [41]
                0.00    0.00      75/95          MafiaSolver<double>::build_uniform_windows(int, int, std::vector<Window, std::allocator<Window> >&) [32]
[22]     0.0    0.00    0.00      95         std::vector<Window, std::allocator<Window> >::_M_insert_aux(__gnu_cxx::__normal_iterator<Window*, std::vector<Window, std::allocator<Window> > >, Window const&) [22]
-----------------------------------------------
                0.00    0.00      80/80          MafiaSolver<double>::find_cdus() [35]
[23]     0.0    0.00    0.00      80         Cdu::merge_with(Cdu const&) [23]
                0.00    0.00     240/305         std::vector<dimpair_t, std::allocator<dimpair_t> >::_M_insert_aux(__gnu_cxx::__normal_iterator<dimpair_t*, std::vector<dimpair_t, std::allocator<dimpair_t> > >, dimpair_t const&) [14]
-----------------------------------------------
                0.00    0.00      66/66          MafiaSolver<double>::find_dense_cdus() [34]
[24]     0.0    0.00    0.00      66         Cdu::count_points_bitmaps(int, std::vector<std::vector<Window, std::allocator<Window> >, std::allocator<std::vector<Window, std::allocator<Window> > > > const&) [24]
