		     Call graph (explanation follows)


granularity: each sample hit covers 4 byte(s) for 4.00% of 0.25 seconds

index % time    self  children    called     name
                0.00    0.21       1/1           std::vector<std::vector<int, std::allocator<int> >, std::allocator<std::vector<int, std::allocator<int> > > > mafia_solve<double>(double const*, int, int, Options const&) [2]
[1]     84.0    0.00    0.21       1         MafiaSolver<double>::find_clusters() [1]
                0.14    0.00       1/1           MafiaSolver<double>::build_histos() [3]
                0.04    0.00       1/1           MafiaSolver<double>::build_bitmaps() [4]
                0.00    0.03       1/1           MafiaSolver<double>::build_clusters() [7]
                0.00    0.00       7/7           std::vector<ref<Cdu>, std::allocator<ref<Cdu> > >::operator=(std::vector<ref<Cdu>, std::allocator<ref<Cdu> > > const&) [36]
                0.00    0.00       7/7           MafiaSolver<double>::find_cdus() [35]
                0.00    0.00       7/7           MafiaSolver<double>::find_dense_cdus() [34]
                0.00    0.00       6/6           MafiaSolver<double>::dedup_cdus() [38]
                0.00    0.00       6/6           MafiaSolver<double>::find_unjoined_dus() [39]
                0.00    0.00       1/1           MafiaSolver<double>::build_windows() [41]
                0.00    0.00       1/1           MafiaSolver<double>::build_du_graph() [42]
                0.00    0.00       1/1           MafiaSolver<double>::build_du_clusters() [43]
-----------------------------------------------
                                                 <spontaneous>
[2]     84.0    0.00    0.21                 std::vector<std::vector<int, std::allocator<int> >, std::allocator<std::vector<int, std::allocator<int> > > > mafia_solve<double>(double const*, int, int, Options const&) [2]
                0.00    0.21       1/1           MafiaSolver<double>::find_clusters() [1]
                0.00    0.00       1/1           MafiaSolver<double>::MafiaSolver(double const*, int, int, Options const&) [44]
                0.00    0.00       1/1           MafiaSolver<double>::~MafiaSolver() [45]
-----------------------------------------------
                0.14    0.00       1/1           MafiaSolver<double>::find_clusters() [1]
[3]     56.0    0.14    0.00       1         MafiaSolver<double>::build_histos() [3]
                0.00    0.00       5/264         void write_clusters<double>(char const*, double*, int, int, std::vector<std::vector<int, std::allocator<int> >, std::allocator<std::vector<int, std::allocator<int> > > > const&) [18]
-----------------------------------------------
                0.04    0.00       1/1           MafiaSolver<double>::find_clusters() [1]
[4]     16.0    0.04    0.00       1         MafiaSolver<double>::build_bitmaps() [4]
                0.00    0.00      38/38          Window::is_dense() [30]
                0.00    0.00       6/6           bitmap::bitmap(unsigned long, bool) [40]
-----------------------------------------------
                                                 <spontaneous>
[5]     16.0    0.04    0.00                 void read_points<double>(char const*, double**, int*, int*) [5]
                0.00    0.00      25/843         std::vector<dimpair_t, std::allocator<dimpair_t> >::_M_insert_aux(__gnu_cxx::__normal_iterator<dimpair_t*, std::vector<dimpair_t, std::allocator<dimpair_t> > >, dimpair_t const&) [14]
-----------------------------------------------
                0.03    0.00 1000000/1000000     MafiaSolver<double>::build_clusters() [7]
[6]     12.0    0.03    0.00 1000000         bool Cdu::contains_point<double>(double const*, std::vector<std::vector<Window, std::allocator<Window> >, std::allocator<std::vector<Window, std::allocator<Window> > > > const&) const [6]
-----------------------------------------------
                0.00    0.03       1/1           MafiaSolver<double>::find_clusters() [1]
[7]     12.0    0.00    0.03       1         MafiaSolver<double>::build_clusters() [7]
                0.03    0.00 1000000/1000000     bool Cdu::contains_point<double>(double const*, std::vector<std::vector<Window, std::allocator<Window> >, std::allocator<std::vector<Window, std::allocator<Window> > > > const&) const [6]
                0.00    0.00      21/21          std::vector<int, std::allocator<int> >::_M_insert_aux(__gnu_cxx::__normal_iterator<int*, std::vector<int, std::allocator<int> > >, int const&) [31]
                0.00    0.00       1/264         void write_clusters<double>(char const*, double*, int, int, std::vector<std::vector<int, std::allocator<int> >, std::allocator<std::vector<int, std::allocator<int> > > > const&) [18]
-----------------------------------------------
                0.00    0.00    1144/1144        void write_clusters<double>(char const*, double*, int, int, std::vector<std::vector<int, std::allocator<int> >, std::allocator<std::vector<int, std::allocator<int> > > > const&) [18]
[13]     0.0    0.00    0.00    1144         Cdu::operator<(Cdu const&) const [13]
-----------------------------------------------
                0.00    0.00      25/843         void read_points<double>(char const*, double**, int*, int*) [5]
                0.00    0.00      38/843         MafiaSolver<double>::find_cdus() [35]
                0.00    0.00     780/843         Cdu::merge_with(Cdu const&) [19]
[14]     0.0    0.00    0.00     843         std::vector<dimpair_t, std::allocator<dimpair_t> >::_M_insert_aux(__gnu_cxx::__normal_iterator<dimpair_t*, std::vector<dimpair_t, std::allocator<dimpair_t> > >, dimpair_t const&) [14]
-----------------------------------------------
                0.00    0.00     430/430         MafiaSolver<double>::find_cdus() [35]
[15]     0.0    0.00    0.00     430         Cdu::can_merge_with(Cdu const&) [15]
-----------------------------------------------
                0.00    0.00     178/398         Window::merge_with(Window const&) const [23]
                0.00    0.00     220/398         Window::Window(int, int, int) [20]
[16]     0.0    0.00    0.00     398         bitmap::bitmap() [16]
-----------------------------------------------
                0.00    0.00       1/278         MafiaSolver<double>::~MafiaSolver() [45]
                0.00    0.00      62/278         std::vector<ref<Cdu>, std::allocator<ref<Cdu> > >::operator=(std::vector<ref<Cdu>, std::allocator<ref<Cdu> > > const&) [36]
                0.00    0.00     215/278         MafiaSolver<double>::find_cdus() [35]
[17]     0.0    0.00    0.00     278         Cdu::~Cdu() [17]
-----------------------------------------------
                                  57             void write_clusters<double>(char const*, double*, int, int, std::vector<std::vector<int, std::allocator<int> >, std::allocator<std::vector<int, std::allocator<int> > > > const&) [18]
                0.00    0.00       1/264         MafiaSolver<double>::build_clusters() [7]
                0.00    0.00       3/264         MafiaSolver<double>::build_du_clusters() [43]
                0.00    0.00       4/264         MafiaSolver<double>::find_unjoined_dus() [39]
                0.00    0.00       5/264         MafiaSolver<double>::build_histos() [3]
                0.00    0.00       5/264         MafiaSolver<double>::build_windows() [41]
                0.00    0.00     246/264         MafiaSolver<double>::find_cdus() [35]
[18]     0.0    0.00    0.00     264+57      void write_clusters<double>(char const*, double*, int, int, std::vector<std::vector<int, std::allocator<int> >, std::allocator<std::vector<int, std::allocator<int> > > > const&) [18]
                0.00    0.00    1144/1144        Cdu::operator<(Cdu const&) const [13]
                                  57             void write_clusters<double>(char const*, double*, int, int, std::vector<std::vector<int, std::allocator<int> >, std::allocator<std::vector<int, std::allocator<int> > > > const&) [18]
-----------------------------------------------
                0.00    0.00     240/240         MafiaSolver<double>::find_cdus() [35]
[19]     0.0    0.00    0.00     240         Cdu::merge_with(Cdu const&) [19]
                0.00    0.00     780/843         std::vector<dimpair_t, std::allocator<dimpair_t> >::_M_insert_aux(__gnu_cxx::__normal_iterator<dimpair_t*, std::vector<dimpair_t, std::allocator<dimpair_t> > >, dimpair_t const&) [14]
-----------------------------------------------
                0.00    0.00     220/220         MafiaSolver<double>::build_uniform_windows(int, int, std::vector<Window, std::allocator<Window> >&) [33]
[20]     0.0    0.00    0.00     220         Window::Window(int, int, int) [20]
                0.00    0.00     220/398         bitmap::bitmap() [16]
-----------------------------------------------
                0.00    0.00     206/206         MafiaSolver<double>::find_unjoined_dus() [39]
[21]     0.0    0.00    0.00     206         Cdu::is_assimilated_into(Cdu const&) const [21]
-----------------------------------------------
                0.00    0.00     190/190         MafiaSolver<double>::build_windows() [41]
[22]     0.0    0.00    0.00     190         Window::can_merge_with(Window const&, double) const [22]
-----------------------------------------------
                0.00    0.00     178/178         MafiaSolver<double>::build_windows() [41]
[23]     0.0    0.00    0.00     178         Window::merge_with(Window const&) const [23]
                0.00    0.00     178/398         bitmap::bitmap() [16]
-----------------------------------------------
                0.00    0.00     129/129         Cdu::count_points_bitmaps(int, std::vector<std::vector<Window, std::allocator<Window> >, std::allocator<std::vector<Window, std::allocator<Window> > > > const&) [25]
[24]     0.0    0.00    0.00     129         bitmap::operator&=(bitmap const&) [24]
-----------------------------------------------
