		     Call graph (explanation follows)


granularity: each sample hit covers 4 byte(s) for 0.61% of 1.64 seconds

index % time    self  children    called     name
                0.00    1.59       1/1           std::vector<std::vector<int, std::allocator<int> >, std::allocator<std::vector<int, std::allocator<int> > > > mafia_solve<double>(double const*, int, int, Options const&) [2]
[1]     97.0    0.00    1.59       1         MafiaSolver<double>::find_clusters() [1]
                0.00    1.45       8/8           MafiaSolver<double>::find_dense_cdus() [4]
                0.13    0.00       1/1           MafiaSolver<double>::build_histos() [6]
                0.00    0.01       1/1           MafiaSolver<double>::build_clusters() [8]
                0.00    0.00       8/8           std::vector<ref<Cdu>, std::allocator<ref<Cdu> > >::operator=(std::vector<ref<Cdu>, std::allocator<ref<Cdu> > > const&) [32]
                0.00    0.00       8/8           MafiaSolver<double>::find_cdus() [31]
                0.00    0.00       7/7           MafiaSolver<double>::dedup_cdus() [33]
                0.00    0.00       7/7           MafiaSolver<double>::find_unjoined_dus() [34]
                0.00    0.00       1/1           MafiaSolver<double>::build_windows() [35]
                0.00    0.00       1/1           MafiaSolver<double>::build_du_graph() [36]
                0.00    0.00       1/1           MafiaSolver<double>::build_du_clusters() [37]
-----------------------------------------------
                                                 <spontaneous>
[2]     97.0    0.00    1.59                 std::vector<std::vector<int, std::allocator<int> >, std::allocator<std::vector<int, std::allocator<int> > > > mafia_solve<double>(double const*, int, int, Options const&) [2]
                0.00    1.59       1/1           MafiaSolver<double>::find_clusters() [1]
                0.00    0.00       1/1           MafiaSolver<double>::MafiaSolver(double const*, int, int, Options const&) [38]
                0.00    0.00       1/1           MafiaSolver<double>::~MafiaSolver() [39]
-----------------------------------------------
                0.16    1.29     156/156         MafiaSolver<double>::find_dense_cdus() [4]
[3]     88.4    0.16    1.29     156         int Cdu::count_points_direct<double>(double const*, int, int, std::vector<std::vector<Window, std::allocator<Window> >, std::allocator<std::vector<Window, std::allocator<Window> > > > const&) [3]
                1.29    0.00 120000000/121000000     bool Cdu::contains_point<double>(double const*, std::vector<std::vector<Window, std::allocator<Window> >, std::allocator<std::vector<Window, std::allocator<Window> > > > const&) const [5]
-----------------------------------------------
                0.00    1.45       8/8           MafiaSolver<double>::find_clusters() [1]
[4]     88.4    0.00    1.45       8         MafiaSolver<double>::find_dense_cdus() [4]
                0.16    1.29     156/156         int Cdu::count_points_direct<double>(double const*, int, int, std::vector<std::vector<Window, std::allocator<Window> >, std::allocator<std::vector<Window, std::allocator<Window> > > > const&) [3]
                0.00    0.00     156/156         Cdu::is_dense(std::vector<std::vector<Window, std::allocator<Window> >, std::allocator<std::vector<Window, std::allocator<Window> > > > const&) const [25]
                0.00    0.00       7/16          std::vector<ref<Cdu>, std::allocator<ref<Cdu> > >::_M_insert_aux(__gnu_cxx::__normal_iterator<ref<Cdu>*, std::vector<ref<Cdu>, std::allocator<ref<Cdu> > > >, ref<Cdu> const&) [29]
-----------------------------------------------
                0.01    0.00 1000000/121000000     MafiaSolver<double>::build_clusters() [8]
                1.29    0.00 120000000/121000000     int Cdu::count_points_direct<double>(double const*, int, int, std::vector<std::vector<Window, std::allocator<Window> >, std::allocator<std::vector<Window, std::allocator<Window> > > > const&) [3]
[5]     79.3    1.30    0.00 121000000         bool Cdu::contains_point<double>(double const*, std::vector<std::vector<Window, std::allocator<Window> >, std::allocator<std::vector<Window, std::allocator<Window> > > > const&) const [5]
-----------------------------------------------
                0.13    0.00       1/1           MafiaSolver<double>::find_clusters() [1]
[6]      7.9    0.13    0.00       1         MafiaSolver<double>::build_histos() [6]
                0.00    0.00       5/697         void write_clusters<double>(char const*, double*, int, int, std::vector<std::vector<int, std::allocator<int> >, std::allocator<std::vector<int, std::allocator<int> > > > const&) [19]
-----------------------------------------------
                                                 <spontaneous>
[7]      3.0    0.05    0.00                 void read_points<double>(char const*, double**, int*, int*) [7]
                0.00    0.00      25/2392        std::vector<dimpair_t, std::allocator<dimpair_t> >::_M_insert_aux(__gnu_cxx::__normal_iterator<dimpair_t*, std::vector<dimpair_t, std::allocator<dimpair_t> > >, dimpair_t const&) [15]
-----------------------------------------------
                0.00    0.01       1/1           MafiaSolver<double>::find_clusters() [1]
[8]      0.7    0.00    0.01       1         MafiaSolver<double>::build_clusters() [8]
                0.01    0.00 1000000/121000000     bool Cdu::contains_point<double>(double const*, std::vector<std::vector<Window, std::allocator<Window> >, std::allocator<std::vector<Window, std::allocator<Window> > > > const&) const [5]
                0.00    0.00      21/21          std::vector<int, std::allocator<int> >::_M_insert_aux(__gnu_cxx::__normal_iterator<int*, std::vector<int, std::allocator<int> > >, int const&) [28]
                0.00    0.00       1/697         void write_clusters<double>(char const*, double*, int, int, std::vector<std::vector<int, std::allocator<int> >, std::allocator<std::vector<int, std::allocator<int> > > > const&) [19]
-----------------------------------------------
                0.00    0.00    3954/3954        void write_clusters<double>(char const*, double*, int, int, std::vector<std::vector<int, std::allocator<int> >, std::allocator<std::vector<int, std::allocator<int> > > > const&) [19]
[14]     0.0    0.00    0.00    3954         Cdu::operator<(Cdu const&) const [14]
-----------------------------------------------
                0.00    0.00      25/2392        void read_points<double>(char const*, double**, int*, int*) [7]
                0.00    0.00      36/2392        MafiaSolver<double>::find_cdus() [31]
                0.00    0.00    2331/2392        Cdu::merge_with(Cdu const&) [20]
[15]     0.0    0.00    0.00    2392         std::vector<dimpair_t, std::allocator<dimpair_t> >::_M_insert_aux(__gnu_cxx::__normal_iterator<dimpair_t*, std::vector<dimpair_t, std::allocator<dimpair_t> > >, dimpair_t const&) [15]
-----------------------------------------------
                0.00    0.00    1652/1652        MafiaSolver<double>::find_cdus() [31]
[16]     0.0    0.00    0.00    1652         Cdu::can_merge_with(Cdu const&) [16]
-----------------------------------------------
                0.00    0.00       1/708         MafiaSolver<double>::~MafiaSolver() [39]
                0.00    0.00     126/708         std::vector<ref<Cdu>, std::allocator<ref<Cdu> > >::operator=(std::vector<ref<Cdu>, std::allocator<ref<Cdu> > > const&) [32]
                0.00    0.00     581/708         MafiaSolver<double>::find_cdus() [31]
[17]     0.0    0.00    0.00     708         Cdu::~Cdu() [17]
-----------------------------------------------
                0.00    0.00     700/700         MafiaSolver<double>::find_unjoined_dus() [34]
[18]     0.0    0.00    0.00     700         Cdu::is_assimilated_into(Cdu const&) const [18]
-----------------------------------------------
                                 120             void write_clusters<double>(char const*, double*, int, int, std::vector<std::vector<int, std::allocator<int> >, std::allocator<std::vector<int, std::allocator<int> > > > const&) [19]
                0.00    0.00       1/697         MafiaSolver<double>::build_clusters() [8]
                0.00    0.00       3/697         MafiaSolver<double>::build_du_clusters() [37]
                0.00    0.00       4/697         MafiaSolver<double>::find_unjoined_dus() [34]
                0.00    0.00       5/697         MafiaSolver<double>::build_histos() [6]
                0.00    0.00       5/697         MafiaSolver<double>::build_windows() [35]
                0.00    0.00     679/697         MafiaSolver<double>::find_cdus() [31]
[19]     0.0    0.00    0.00     697+120     void write_clusters<double>(char const*, double*, int, int, std::vector<std::vector<int, std::allocator<int> >, std::allocator<std::vector<int, std::allocator<int> > > > const&) [19]
                0.00    0.00    3954/3954        Cdu::operator<(Cdu const&) const [14]
                                 120             void write_clusters<double>(char const*, double*, int, int, std::vector<std::vector<int, std::allocator<int> >, std::allocator<std::vector<int, std::allocator<int> > > > const&) [19]
-----------------------------------------------
                0.00    0.00     672/672         MafiaSolver<double>::find_cdus() [31]
[20]     0.0    0.00    0.00     672         Cdu::merge_with(Cdu const&) [20]
                0.00    0.00    2331/2392        std::vector<dimpair_t, std::allocator<dimpair_t> >::_M_insert_aux(__gnu_cxx::__normal_iterator<dimpair_t*, std::vector<dimpair_t, std::allocator<dimpair_t> > >, dimpair_t const&) [15]
-----------------------------------------------
                0.00    0.00     176/391         Window::merge_with(Window const&) const [24]
                0.00    0.00     215/391         Window::Window(int, int, int) [22]
[21]     0.0    0.00    0.00     391         bitmap::bitmap() [21]
-----------------------------------------------
                0.00    0.00     215/215         MafiaSolver<double>::build_uniform_windows(int, int, std::vector<Window, std::allocator<Window> >&) [30]
[22]     0.0    0.00    0.00     215         Window::Window(int, int, int) [22]
                0.00    0.00     215/391         bitmap::bitmap() [21]
-----------------------------------------------
                0.00    0.00     190/190         MafiaSolver<double>::build_windows() [35]
[23]     0.0    0.00    0.00     190         Window::can_merge_with(Window const&, double) const [23]
-----------------------------------------------
                0.00    0.00     176/176         MafiaSolver<double>::build_windows() [35]
[24]     0.0    0.00    0.00     176         Window::merge_with(Window const&) const [24]
