		     Call graph (explanation follows)


granularity: each sample hit covers 4 byte(s) for 1.23% of 0.81 seconds

index % time    self  children    called     name
                0.00    0.76       1/1           std::vector<std::vector<int, std::allocator<int> >, std::allocator<std::vector<int, std::allocator<int> > > > mafia_solve<double>(double const*, int, int, Options const&) [2]
[1]     93.8    0.00    0.76       1         MafiaSolver<double>::find_clusters() [1]
                0.00    0.60       7/7           MafiaSolver<double>::find_dense_cdus() [4]
                0.14    0.00       1/1           MafiaSolver<double>::build_histos() [6]
                0.01    0.01       1/1           MafiaSolver<double>::build_clusters() [8]
                0.00    0.00       7/7           std::vector<ref<Cdu>, std::allocator<ref<Cdu> > >::operator=(std::vector<ref<Cdu>, std::allocator<ref<Cdu> > > const&) [32]
                0.00    0.00       7/7           MafiaSolver<double>::find_cdus() [31]
                0.00    0.00       6/6           MafiaSolver<double>::dedup_cdus() [33]
                0.00    0.00       6/6           MafiaSolver<double>::find_unjoined_dus() [34]
                0.00    0.00       1/1           MafiaSolver<double>::build_windows() [35]
                0.00    0.00       1/1           MafiaSolver<double>::build_du_graph() [36]
                0.00    0.00       1/1           MafiaSolver<double>::build_du_clusters() [37]
-----------------------------------------------
                                                 <spontaneous>
[2]     93.8    0.00    0.76                 std::vector<std::vector<int, std::allocator<int> >, std::allocator<std::vector<int, std::allocator<int> > > > mafia_solve<double>(double const*, int, int, Options const&) [2]
                0.00    0.76       1/1           MafiaSolver<double>::find_clusters() [1]
                0.00    0.00       1/1           MafiaSolver<double>::MafiaSolver(double const*, int, int, Options const&) [38]
                0.00    0.00       1/1           MafiaSolver<double>::~MafiaSolver() [39]
-----------------------------------------------
                0.10    0.50      95/95          MafiaSolver<double>::find_dense_cdus() [4]
[3]     74.2    0.10    0.50      95         int Cdu::count_points_direct<double>(double const*, int, int, std::vector<std::vector<Window, std::allocator<Window> >, std::allocator<std::vector<Window, std::allocator<Window> > > > const&) [3]
                0.50    0.00 57000000/58000000     bool Cdu::contains_point<double>(double const*, std::vector<std::vector<Window, std::allocator<Window> >, std::allocator<std::vector<Window, std::allocator<Window> > > > const&) const [5]
-----------------------------------------------
                0.00    0.60       7/7           MafiaSolver<double>::find_clusters() [1]
[4]     74.2    0.00    0.60       7         MafiaSolver<double>::find_dense_cdus() [4]
                0.10    0.50      95/95          int Cdu::count_points_direct<double>(double const*, int, int, std::vector<std::vector<Window, std::allocator<Window> >, std::allocator<std::vector<Window, std::allocator<Window> > > > const&) [3]
                0.00    0.00      95/95          Cdu::is_dense(std::vector<std::vector<Window, std::allocator<Window> >, std::allocator<std::vector<Window, std::allocator<Window> > > > const&) const [25]
                0.00    0.00       6/15          std::vector<ref<Cdu>, std::allocator<ref<Cdu> > >::_M_insert_aux(__gnu_cxx::__normal_iterator<ref<Cdu>*, std::vector<ref<Cdu>, std::allocator<ref<Cdu> > > >, ref<Cdu> const&) [29]
-----------------------------------------------
                0.01    0.00 1000000/58000000     MafiaSolver<double>::build_clusters() [8]
                0.50    0.00 57000000/58000000     int Cdu::count_points_direct<double>(double const*, int, int, std::vector<std::vector<Window, std::allocator<Window> >, std::allocator<std::vector<Window, std::allocator<Window> > > > const&) [3]
[5]     63.0    0.51    0.00 58000000         bool Cdu::contains_point<double>(double const*, std::vector<std::vector<Window, std::allocator<Window> >, std::allocator<std::vector<Window, std::allocator<Window> > > > const&) const [5]
-----------------------------------------------
                0.14    0.00       1/1           MafiaSolver<double>::find_clusters() [1]
[6]     17.3    0.14    0.00       1         MafiaSolver<double>::build_histos() [6]
                0.00    0.00       5/264         void write_clusters<double>(char const*, double*, int, int, std::vector<std::vector<int, std::allocator<int> >, std::allocator<std::vector<int, std::allocator<int> > > > const&) [19]
-----------------------------------------------
                                                 <spontaneous>
[7]      6.2    0.05    0.00                 void read_points<double>(char const*, double**, int*, int*) [7]
                0.00    0.00      25/843         std::vector<dimpair_t, std::allocator<dimpair_t> >::_M_insert_aux(__gnu_cxx::__normal_iterator<dimpair_t*, std::vector<dimpair_t, std::allocator<dimpair_t> > >, dimpair_t const&) [15]
-----------------------------------------------
                0.01    0.01       1/1           MafiaSolver<double>::find_clusters() [1]
[8]      2.3    0.01    0.01       1         MafiaSolver<double>::build_clusters() [8]
                0.01    0.00 1000000/58000000     bool Cdu::contains_point<double>(double const*, std::vector<std::vector<Window, std::allocator<Window> >, std::allocator<std::vector<Window, std::allocator<Window> > > > const&) const [5]
                0.00    0.00      21/21          std::vector<int, std::allocator<int> >::_M_insert_aux(__gnu_cxx::__normal_iterator<int*, std::vector<int, std::allocator<int> > >, int const&) [28]
                0.00    0.00       1/264         void write_clusters<double>(char const*, double*, int, int, std::vector<std::vector<int, std::allocator<int> >, std::allocator<std::vector<int, std::allocator<int> > > > const&) [19]
-----------------------------------------------
                0.00    0.00    1144/1144        void write_clusters<double>(char const*, double*, int, int, std::vector<std::vector<int, std::allocator<int> >, std::allocator<std::vector<int, std::allocator<int> > > > const&) [19]
[14]     0.0    0.00    0.00    1144         Cdu::operator<(Cdu const&) const [14]
-----------------------------------------------
                0.00    0.00      25/843         void read_points<double>(char const*, double**, int*, int*) [7]
                0.00    0.00      38/843         MafiaSolver<double>::find_cdus() [31]
                0.00    0.00     780/843         Cdu::merge_with(Cdu const&) [20]
[15]     0.0    0.00    0.00     843         std::vector<dimpair_t, std::allocator<dimpair_t> >::_M_insert_aux(__gnu_cxx::__normal_iterator<dimpair_t*, std::vector<dimpair_t, std::allocator<dimpair_t> > >, dimpair_t const&) [15]
-----------------------------------------------
                0.00    0.00     430/430         MafiaSolver<double>::find_cdus() [31]
[16]     0.0    0.00    0.00     430         Cdu::can_merge_with(Cdu const&) [16]
-----------------------------------------------
                0.00    0.00     178/398         Window::merge_with(Window const&) const [24]
                0.00    0.00     220/398         Window::Window(int, int, int) [21]
[17]     0.0    0.00    0.00     398         bitmap::bitmap() [17]
-----------------------------------------------
                0.00    0.00       1/278         MafiaSolver<double>::~MafiaSolver() [39]
                0.00    0.00      62/278         std::vector<ref<Cdu>, std::allocator<ref<Cdu> > >::operator=(std::vector<ref<Cdu>, std::allocator<ref<Cdu> > > const&) [32]
                0.00    0.00     215/278         MafiaSolver<double>::find_cdus() [31]
[18]     0.0    0.00    0.00     278         Cdu::~Cdu() [18]
-----------------------------------------------
                                  57             void write_clusters<double>(char const*, double*, int, int, std::vector<std::vector<int, std::allocator<int> >, std::allocator<std::vector<int, std::allocator<int> > > > const&) [19]
                0.00    0.00       1/264         MafiaSolver<double>::build_clusters() [8]
                0.00    0.00       3/264         MafiaSolver<double>::build_du_clusters() [37]
                0.00    0.00       4/264         MafiaSolver<double>::find_unjoined_dus() [34]
                0.00    0.00       5/264         MafiaSolver<double>::build_histos() [6]
                0.00    0.00       5/264         MafiaSolver<double>::build_windows() [35]
                0.00    0.00     246/264         MafiaSolver<double>::find_cdus() [31]
[19]     0.0    0.00    0.00     264+57      void write_clusters<double>(char const*, double*, int, int, std::vector<std::vector<int, std::allocator<int> >, std::allocator<std::vector<int, std::allocator<int> > > > const&) [19]
                0.00    0.00    1144/1144        Cdu::operator<(Cdu const&) const [14]
                                  57             void write_clusters<double>(char const*, double*, int, int, std::vector<std::vector<int, std::allocator<int> >, std::allocator<std::vector<int, std::allocator<int> > > > const&) [19]
-----------------------------------------------
                0.00    0.00     240/240         MafiaSolver<double>::find_cdus() [31]
[20]     0.0    0.00    0.00     240         Cdu::merge_with(Cdu const&) [20]
                0.00    0.00     780/843         std::vector<dimpair_t, std::allocator<dimpair_t> >::_M_insert_aux(__gnu_cxx::__normal_iterator<dimpair_t*, std::vector<dimpair_t, std::allocator<dimpair_t> > >, dimpair_t const&) [15]
-----------------------------------------------
                0.00    0.00     220/220         MafiaSolver<double>::build_uniform_windows(int, int, std::vector<Window, std::allocator<Window> >&) [30]
[21]     0.0    0.00    0.00     220         Window::Window(int, int, int) [21]
                0.00    0.00     220/398         bitmap::bitmap() [17]
-----------------------------------------------
                0.00    0.00     206/206         MafiaSolver<double>::find_unjoined_dus() [34]
[22]     0.0    0.00    0.00     206         Cdu::is_assimilated_into(Cdu const&) const [22]
-----------------------------------------------
                0.00    0.00     190/190         MafiaSolver<double>::build_windows() [35]
[23]     0.0    0.00    0.00     190         Window::can_merge_with(Window const&, double) const [23]
-----------------------------------------------
                0.00    0.00     178/178         MafiaSolver<double>::build_windows() [35]
[24]     0.0    0.00    0.00     178         Window::merge_with(Window const&) const [24]
