		     Call graph (explanation follows)


granularity: each sample hit covers 4 byte(s) for 3.57% of 0.28 seconds

index % time    self  children    called     name
                0.00    0.23       1/1           std::vector<std::vector<int, std::allocator<int> >, std::allocator<std::vector<int, std::allocator<int> > > > mafia_solve<double>(double const*, int, int, Options const&) [2]
[1]     82.1    0.00    0.23       1         MafiaSolver<double>::find_clusters() [1]
                0.13    0.00       1/1           MafiaSolver<double>::build_histos() [3]
                0.00    0.09       5/5           MafiaSolver<double>::find_dense_cdus() [6]
                0.00    0.01       1/1           MafiaSolver<double>::build_clusters() [8]
                0.00    0.00       5/5           std::vector<ref<Cdu>, std::allocator<ref<Cdu> > >::operator=(std::vector<ref<Cdu>, std::allocator<ref<Cdu> > > const&) [32]
                0.00    0.00       5/5           MafiaSolver<double>::find_cdus() [31]
                0.00    0.00       4/4           MafiaSolver<double>::dedup_cdus() [33]
                0.00    0.00       4/4           MafiaSolver<double>::find_unjoined_dus() [34]
                0.00    0.00       1/1           MafiaSolver<double>::build_windows() [35]
                0.00    0.00       1/1           MafiaSolver<double>::build_du_graph() [36]
                0.00    0.00       1/1           MafiaSolver<double>::build_du_clusters() [37]
-----------------------------------------------
                                                 <spontaneous>
[2]     82.1    0.00    0.23                 std::vector<std::vector<int, std::allocator<int> >, std::allocator<std::vector<int, std::allocator<int> > > > mafia_solve<double>(double const*, int, int, Options const&) [2]
                0.00    0.23       1/1           MafiaSolver<double>::find_clusters() [1]
                0.00    0.00       1/1           MafiaSolver<double>::MafiaSolver(double const*, int, int, Options const&) [38]
                0.00    0.00       1/1           MafiaSolver<double>::~MafiaSolver() [39]
-----------------------------------------------
                0.13    0.00       1/1           MafiaSolver<double>::find_clusters() [1]
[3]     46.4    0.13    0.00       1         MafiaSolver<double>::build_histos() [3]
                0.00    0.00       5/45          void write_clusters<double>(char const*, double*, int, int, std::vector<std::vector<int, std::allocator<int> >, std::allocator<std::vector<int, std::allocator<int> > > > const&) [23]
-----------------------------------------------
                0.01    0.00 1000000/12000000     MafiaSolver<double>::build_clusters() [8]
                0.09    0.00 11000000/12000000     int Cdu::count_points_direct<double>(double const*, int, int, std::vector<std::vector<Window, std::allocator<Window> >, std::allocator<std::vector<Window, std::allocator<Window> > > > const&) [5]
[4]     35.7    0.10    0.00 12000000         bool Cdu::contains_point<double>(double const*, std::vector<std::vector<Window, std::allocator<Window> >, std::allocator<std::vector<Window, std::allocator<Window> > > > const&) const [4]
-----------------------------------------------
                0.00    0.09      53/53          MafiaSolver<double>::find_dense_cdus() [6]
[5]     32.7    0.00    0.09      53         int Cdu::count_points_direct<double>(double const*, int, int, std::vector<std::vector<Window, std::allocator<Window> >, std::allocator<std::vector<Window, std::allocator<Window> > > > const&) [5]
                0.09    0.00 11000000/12000000     bool Cdu::contains_point<double>(double const*, std::vector<std::vector<Window, std::allocator<Window> >, std::allocator<std::vector<Window, std::allocator<Window> > > > const&) const [4]
-----------------------------------------------
                0.00    0.09       5/5           MafiaSolver<double>::find_clusters() [1]
[6]     32.7    0.00    0.09       5         MafiaSolver<double>::find_dense_cdus() [6]
                0.00    0.09      53/53          int Cdu::count_points_direct<double>(double const*, int, int, std::vector<std::vector<Window, std::allocator<Window> >, std::allocator<std::vector<Window, std::allocator<Window> > > > const&) [5]
                0.00    0.00      53/53          Cdu::is_dense(std::vector<std::vector<Window, std::allocator<Window> >, std::allocator<std::vector<Window, std::allocator<Window> > > > const&) const [22]
                0.00    0.00       4/13          std::vector<ref<Cdu>, std::allocator<ref<Cdu> > >::_M_insert_aux(__gnu_cxx::__normal_iterator<ref<Cdu>*, std::vector<ref<Cdu>, std::allocator<ref<Cdu> > > >, ref<Cdu> const&) [30]
-----------------------------------------------
                                                 <spontaneous>
[7]     17.9    0.05    0.00                 void read_points<double>(char const*, double**, int*, int*) [7]
                0.00    0.00      25/133         std::vector<dimpair_t, std::allocator<dimpair_t> >::_M_insert_aux(__gnu_cxx::__normal_iterator<dimpair_t*, std::vector<dimpair_t, std::allocator<dimpair_t> > >, dimpair_t const&) [18]
-----------------------------------------------
                0.00    0.01       1/1           MafiaSolver<double>::find_clusters() [1]
[8]      3.0    0.00    0.01       1         MafiaSolver<double>::build_clusters() [8]
                0.01    0.00 1000000/12000000     bool Cdu::contains_point<double>(double const*, std::vector<std::vector<Window, std::allocator<Window> >, std::allocator<std::vector<Window, std::allocator<Window> > > > const&) const [4]
                0.00    0.00      21/21          std::vector<int, std::allocator<int> >::_M_insert_aux(__gnu_cxx::__normal_iterator<int*, std::vector<int, std::allocator<int> > >, int const&) [28]
                0.00    0.00       1/45          void write_clusters<double>(char const*, double*, int, int, std::vector<std::vector<int, std::allocator<int> >, std::allocator<std::vector<int, std::allocator<int> > > > const&) [23]
-----------------------------------------------
                0.00    0.00     182/412         Window::merge_with(Window const&) const [17]
                0.00    0.00     230/412         Window::Window(int, int, int) [15]
[14]     0.0    0.00    0.00     412         bitmap::bitmap() [14]
-----------------------------------------------
                0.00    0.00     230/230         MafiaSolver<double>::build_uniform_windows(int, int, std::vector<Window, std::allocator<Window> >&) [29]
[15]     0.0    0.00    0.00     230         Window::Window(int, int, int) [15]
                0.00    0.00     230/412         bitmap::bitmap() [14]
-----------------------------------------------
                0.00    0.00     190/190         MafiaSolver<double>::build_windows() [35]
[16]     0.0    0.00    0.00     190         Window::can_merge_with(Window const&, double) const [16]
-----------------------------------------------
                0.00    0.00     182/182         MafiaSolver<double>::build_windows() [35]
[17]     0.0    0.00    0.00     182         Window::merge_with(Window const&) const [17]
                0.00    0.00     182/412         bitmap::bitmap() [14]
-----------------------------------------------
                0.00    0.00      25/133         void read_points<double>(char const*, double**, int*, int*) [7]
                0.00    0.00      42/133         MafiaSolver<double>::find_cdus() [31]
                0.00    0.00      66/133         Cdu::merge_with(Cdu const&) [26]
[18]     0.0    0.00    0.00     133         std::vector<dimpair_t, std::allocator<dimpair_t> >::_M_insert_aux(__gnu_cxx::__normal_iterator<dimpair_t*, std::vector<dimpair_t, std::allocator<dimpair_t> > >, dimpair_t const&) [18]
-----------------------------------------------
                0.00    0.00      18/96          MafiaSolver<double>::build_windows() [35]
                0.00    0.00      78/96          MafiaSolver<double>::build_uniform_windows(int, int, std::vector<Window, std::allocator<Window> >&) [29]
[19]     0.0    0.00    0.00      96         std::vector<Window, std::allocator<Window> >::_M_insert_aux(__gnu_cxx::__normal_iterator<Window*, std::vector<Window, std::allocator<Window> > >, Window const&) [19]
-----------------------------------------------
                0.00    0.00      68/68          void write_clusters<double>(char const*, double*, int, int, std::vector<std::vector<int, std::allocator<int> >, std::allocator<std::vector<int, std::allocator<int> > > > const&) [23]
[20]     0.0    0.00    0.00      68         Cdu::operator<(Cdu const&) const [20]
-----------------------------------------------
                0.00    0.00       1/66          MafiaSolver<double>::~MafiaSolver() [39]
                0.00    0.00      14/66          std::vector<ref<Cdu>, std::allocator<ref<Cdu> > >::operator=(std::vector<ref<Cdu>, std::allocator<ref<Cdu> > > const&) [32]
                0.00    0.00      51/66          MafiaSolver<double>::find_cdus() [31]
[21]     0.0    0.00    0.00      66         Cdu::~Cdu() [21]
-----------------------------------------------
                0.00    0.00      53/53          MafiaSolver<double>::find_dense_cdus() [6]
[22]     0.0    0.00    0.00      53         Cdu::is_dense(std::vector<std::vector<Window, std::allocator<Window> >, std::allocator<std::vector<Window, std::allocator<Window> > > > const&) const [22]
-----------------------------------------------
                                  11             void write_clusters<double>(char const*, double*, int, int, std::vector<std::vector<int, std::allocator<int> >, std::allocator<std::vector<int, std::allocator<int> > > > const&) [23]
                0.00    0.00       1/45          MafiaSolver<double>::build_clusters() [8]
                0.00    0.00       3/45          MafiaSolver<double>::find_unjoined_dus() [34]
                0.00    0.00       3/45          MafiaSolver<double>::build_du_clusters() [37]
                0.00    0.00       5/45          MafiaSolver<double>::build_histos() [3]
                0.00    0.00       5/45          MafiaSolver<double>::build_windows() [35]
                0.00    0.00      28/45          MafiaSolver<double>::find_cdus() [31]
[23]     0.0    0.00    0.00      45+11      void write_clusters<double>(char const*, double*, int, int, std::vector<std::vector<int, std::allocator<int> >, std::allocator<std::vector<int, std::allocator<int> > > > const&) [23]
                0.00    0.00      68/68          Cdu::operator<(Cdu const&) const [20]
                                  11             void write_clusters<double>(char const*, double*, int, int, std::vector<std::vector<int, std::allocator<int> >, std::allocator<std::vector<int, std::allocator<int> > > > const&) [23]
-----------------------------------------------
                0.00    0.00      42/42          MafiaSolver<double>::build_windows() [35]
