		     Call graph (explanation follows)


granularity: each sample hit covers 4 byte(s) for 4.55% of 0.22 seconds

index % time    self  children    called     name
                0.00    0.16       1/1           std::vector<std::vector<int, std::allocator<int> >, std::allocator<std::vector<int, std::allocator<int> > > > mafia_solve<double>(double const*, int, int, Options const&) [2]
[1]     72.7    0.00    0.16       1         MafiaSolver<double>::find_clusters() [1]
                0.14    0.00       1/1           MafiaSolver<double>::build_histos() [3]
                0.00    0.01       3/3           MafiaSolver<double>::find_dense_cdus() [7]
                0.00    0.01       1/1           MafiaSolver<double>::build_clusters() [8]
                0.00    0.00       3/3           std::vector<ref<Cdu>, std::allocator<ref<Cdu> > >::operator=(std::vector<ref<Cdu>, std::allocator<ref<Cdu> > > const&) [28]
                0.00    0.00       3/3           MafiaSolver<double>::find_cdus() [27]
                0.00    0.00       2/2           MafiaSolver<double>::dedup_cdus() [29]
                0.00    0.00       2/2           MafiaSolver<double>::find_unjoined_dus() [30]
                0.00    0.00       1/1           MafiaSolver<double>::build_windows() [32]
                0.00    0.00       1/1           MafiaSolver<double>::build_du_graph() [33]
                0.00    0.00       1/1           MafiaSolver<double>::build_du_clusters() [34]
-----------------------------------------------
                                                 <spontaneous>
[2]     72.7    0.00    0.16                 std::vector<std::vector<int, std::allocator<int> >, std::allocator<std::vector<int, std::allocator<int> > > > mafia_solve<double>(double const*, int, int, Options const&) [2]
                0.00    0.16       1/1           MafiaSolver<double>::find_clusters() [1]
                0.00    0.00       1/1           MafiaSolver<double>::MafiaSolver(double const*, int, int, Options const&) [35]
                0.00    0.00       1/1           MafiaSolver<double>::~MafiaSolver() [36]
-----------------------------------------------
                0.14    0.00       1/1           MafiaSolver<double>::find_clusters() [1]
[3]     63.6    0.14    0.00       1         MafiaSolver<double>::build_histos() [3]
                0.00    0.00       5/19          void write_clusters<double>(char const*, double*, int, int, std::vector<std::vector<int, std::allocator<int> >, std::allocator<std::vector<int, std::allocator<int> > > > const&) [24]
-----------------------------------------------
                                                 <spontaneous>
[4]     27.3    0.06    0.00                 void read_points<double>(char const*, double**, int*, int*) [4]
                0.00    0.00      25/73          std::vector<dimpair_t, std::allocator<dimpair_t> >::_M_insert_aux(__gnu_cxx::__normal_iterator<dimpair_t*, std::vector<dimpair_t, std::allocator<dimpair_t> > >, dimpair_t const&) [19]
-----------------------------------------------
                0.01    0.00 1000000/2000000     int Cdu::count_points_direct<double>(double const*, int, int, std::vector<std::vector<Window, std::allocator<Window> >, std::allocator<std::vector<Window, std::allocator<Window> > > > const&) [6]
                0.01    0.00 1000000/2000000     MafiaSolver<double>::build_clusters() [8]
[5]      9.1    0.02    0.00 2000000         bool Cdu::contains_point<double>(double const*, std::vector<std::vector<Window, std::allocator<Window> >, std::allocator<std::vector<Window, std::allocator<Window> > > > const&) const [5]
-----------------------------------------------
                0.00    0.01      47/47          MafiaSolver<double>::find_dense_cdus() [7]
[6]      4.5    0.00    0.01      47         int Cdu::count_points_direct<double>(double const*, int, int, std::vector<std::vector<Window, std::allocator<Window> >, std::allocator<std::vector<Window, std::allocator<Window> > > > const&) [6]
                0.01    0.00 1000000/2000000     bool Cdu::contains_point<double>(double const*, std::vector<std::vector<Window, std::allocator<Window> >, std::allocator<std::vector<Window, std::allocator<Window> > > > const&) const [5]
-----------------------------------------------
                0.00    0.01       3/3           MafiaSolver<double>::find_clusters() [1]
[7]      4.5    0.00    0.01       3         MafiaSolver<double>::find_dense_cdus() [7]
                0.00    0.01      47/47          int Cdu::count_points_direct<double>(double const*, int, int, std::vector<std::vector<Window, std::allocator<Window> >, std::allocator<std::vector<Window, std::allocator<Window> > > > const&) [6]
                0.00    0.00      47/47          Cdu::is_dense(std::vector<std::vector<Window, std::allocator<Window> >, std::allocator<std::vector<Window, std::allocator<Window> > > > const&) const [21]
                0.00    0.00       2/11          std::vector<ref<Cdu>, std::allocator<ref<Cdu> > >::_M_insert_aux(__gnu_cxx::__normal_iterator<ref<Cdu>*, std::vector<ref<Cdu>, std::allocator<ref<Cdu> > > >, ref<Cdu> const&) [26]
-----------------------------------------------
                0.00    0.01       1/1           MafiaSolver<double>::find_clusters() [1]
[8]      4.5    0.00    0.01       1         MafiaSolver<double>::build_clusters() [8]
                0.01    0.00 1000000/2000000     bool Cdu::contains_point<double>(double const*, std::vector<std::vector<Window, std::allocator<Window> >, std::allocator<std::vector<Window, std::allocator<Window> > > > const&) const [5]
                0.00    0.00      21/21          std::vector<int, std::allocator<int> >::_M_insert_aux(__gnu_cxx::__normal_iterator<int*, std::vector<int, std::allocator<int> > >, int const&) [23]
                0.00    0.00       1/19          void write_clusters<double>(char const*, double*, int, int, std::vector<std::vector<int, std::allocator<int> >, std::allocator<std::vector<int, std::allocator<int> > > > const&) [24]
-----------------------------------------------
                0.00    0.00     186/426         Window::merge_with(Window const&) const [17]
                0.00    0.00     240/426         Window::Window(int, int, int) [15]
[14]     0.0    0.00    0.00     426         bitmap::bitmap() [14]
-----------------------------------------------
                0.00    0.00     240/240         MafiaSolver<double>::build_uniform_windows(int, int, std::vector<Window, std::allocator<Window> >&) [25]
[15]     0.0    0.00    0.00     240         Window::Window(int, int, int) [15]
                0.00    0.00     240/426         bitmap::bitmap() [14]
-----------------------------------------------
                0.00    0.00     190/190         MafiaSolver<double>::build_windows() [32]
[16]     0.0    0.00    0.00     190         Window::can_merge_with(Window const&, double) const [16]
-----------------------------------------------
                0.00    0.00     186/186         MafiaSolver<double>::build_windows() [32]
[17]     0.0    0.00    0.00     186         Window::merge_with(Window const&) const [17]
                0.00    0.00     186/426         bitmap::bitmap() [14]
-----------------------------------------------
                0.00    0.00      14/98          MafiaSolver<double>::build_windows() [32]
                0.00    0.00      84/98          MafiaSolver<double>::build_uniform_windows(int, int, std::vector<Window, std::allocator<Window> >&) [25]
[18]     0.0    0.00    0.00      98         std::vector<Window, std::allocator<Window> >::_M_insert_aux(__gnu_cxx::__normal_iterator<Window*, std::vector<Window, std::allocator<Window> > >, Window const&) [18]
-----------------------------------------------
                0.00    0.00       2/73          Cdu::merge_with(Cdu const&) [37]
                0.00    0.00      25/73          void read_points<double>(char const*, double**, int*, int*) [4]
                0.00    0.00      46/73          MafiaSolver<double>::find_cdus() [27]
[19]     0.0    0.00    0.00      73         std::vector<dimpair_t, std::allocator<dimpair_t> >::_M_insert_aux(__gnu_cxx::__normal_iterator<dimpair_t*, std::vector<dimpair_t, std::allocator<dimpair_t> > >, dimpair_t const&) [19]
-----------------------------------------------
                0.00    0.00       1/47          MafiaSolver<double>::~MafiaSolver() [36]
                0.00    0.00       2/47          std::vector<ref<Cdu>, std::allocator<ref<Cdu> > >::operator=(std::vector<ref<Cdu>, std::allocator<ref<Cdu> > > const&) [28]
                0.00    0.00      44/47          MafiaSolver<double>::find_cdus() [27]
[20]     0.0    0.00    0.00      47         Cdu::~Cdu() [20]
-----------------------------------------------
                0.00    0.00      47/47          MafiaSolver<double>::find_dense_cdus() [7]
[21]     0.0    0.00    0.00      47         Cdu::is_dense(std::vector<std::vector<Window, std::allocator<Window> >, std::allocator<std::vector<Window, std::allocator<Window> > > > const&) const [21]
-----------------------------------------------
                0.00    0.00      46/46          MafiaSolver<double>::build_windows() [32]
[22]     0.0    0.00    0.00      46         Window::compute_threshold(double, int, int) [22]
-----------------------------------------------
                0.00    0.00      21/21          MafiaSolver<double>::build_clusters() [8]
[23]     0.0    0.00    0.00      21         std::vector<int, std::allocator<int> >::_M_insert_aux(__gnu_cxx::__normal_iterator<int*, std::vector<int, std::allocator<int> > >, int const&) [23]
-----------------------------------------------
                                   1             void write_clusters<double>(char const*, double*, int, int, std::vector<std::vector<int, std::allocator<int> >, std::allocator<std::vector<int, std::allocator<int> > > > const&) [24]
                0.00    0.00       1/19          MafiaSolver<double>::build_clusters() [8]
                0.00    0.00       2/19          MafiaSolver<double>::find_unjoined_dus() [30]
                0.00    0.00       3/19          MafiaSolver<double>::find_cdus() [27]
                0.00    0.00       3/19          MafiaSolver<double>::build_du_clusters() [34]
                0.00    0.00       5/19          MafiaSolver<double>::build_histos() [3]
                0.00    0.00       5/19          MafiaSolver<double>::build_windows() [32]
[24]     0.0    0.00    0.00      19+1       void write_clusters<double>(char const*, double*, int, int, std::vector<std::vector<int, std::allocator<int> >, std::allocator<std::vector<int, std::allocator<int> > > > const&) [24]
                                   1             void write_clusters<double>(char const*, double*, int, int, std::vector<std::vector<int, std::allocator<int> >, std::allocator<std::vector<int, std::allocator<int> > > > const&) [24]
